[2024-08-26T05:36:15.971+0000] {local_task_job_runner.py:123} INFO - ::group::Pre task execution logs
[2024-08-26T05:36:15.992+0000] {taskinstance.py:2603} INFO - Dependencies all met for dep_context=non-requeueable deps ti=<TaskInstance: extract_and_transform_dag.run_python_script manual__2024-08-26T05:36:14.663377+00:00 [queued]>
[2024-08-26T05:36:16.002+0000] {taskinstance.py:2603} INFO - Dependencies all met for dep_context=requeueable deps ti=<TaskInstance: extract_and_transform_dag.run_python_script manual__2024-08-26T05:36:14.663377+00:00 [queued]>
[2024-08-26T05:36:16.003+0000] {taskinstance.py:2856} INFO - Starting attempt 1 of 2
[2024-08-26T05:36:16.019+0000] {taskinstance.py:2879} INFO - Executing <Task(BashOperator): run_python_script> on 2024-08-26 05:36:14.663377+00:00
[2024-08-26T05:36:16.027+0000] {logging_mixin.py:190} WARNING - /home/***/.local/lib/python3.12/site-packages/***/task/task_runner/standard_task_runner.py:70 DeprecationWarning: This process (pid=292) is multi-threaded, use of fork() may lead to deadlocks in the child.
[2024-08-26T05:36:16.028+0000] {standard_task_runner.py:72} INFO - Started process 293 to run task
[2024-08-26T05:36:16.027+0000] {standard_task_runner.py:104} INFO - Running: ['***', 'tasks', 'run', 'extract_and_transform_dag', 'run_python_script', 'manual__2024-08-26T05:36:14.663377+00:00', '--job-id', '185', '--raw', '--subdir', 'DAGS_FOLDER/ETL_Dags.py', '--cfg-path', '/tmp/tmpxwi3norb']
[2024-08-26T05:36:16.029+0000] {standard_task_runner.py:105} INFO - Job 185: Subtask run_python_script
[2024-08-26T05:36:16.102+0000] {task_command.py:467} INFO - Running <TaskInstance: extract_and_transform_dag.run_python_script manual__2024-08-26T05:36:14.663377+00:00 [running]> on host 7531b98fc8d7
[2024-08-26T05:36:16.206+0000] {taskinstance.py:3122} INFO - Exporting env vars: AIRFLOW_CTX_DAG_OWNER='***' AIRFLOW_CTX_DAG_ID='extract_and_transform_dag' AIRFLOW_CTX_TASK_ID='run_python_script' AIRFLOW_CTX_EXECUTION_DATE='2024-08-26T05:36:14.663377+00:00' AIRFLOW_CTX_TRY_NUMBER='1' AIRFLOW_CTX_DAG_RUN_ID='manual__2024-08-26T05:36:14.663377+00:00'
[2024-08-26T05:36:16.207+0000] {taskinstance.py:731} INFO - ::endgroup::
[2024-08-26T05:36:16.232+0000] {subprocess.py:63} INFO - Tmp dir root location: /tmp
[2024-08-26T05:36:16.234+0000] {subprocess.py:75} INFO - Running command: ['/usr/bin/bash', '-c', 'python3 /spark/app/extract.py']
[2024-08-26T05:36:16.251+0000] {subprocess.py:86} INFO - Output:
[2024-08-26T05:36:18.452+0000] {subprocess.py:93} INFO - Dữ liệu đã được lưu vào /data/customers.csv
[2024-08-26T05:36:18.453+0000] {subprocess.py:93} INFO - Dữ liệu đã được lưu vào /data/accounts.csv
[2024-08-26T05:36:18.454+0000] {subprocess.py:93} INFO - Dữ liệu đã được lưu vào /data/transactions.csv
[2024-08-26T05:36:18.455+0000] {subprocess.py:93} INFO - Dữ liệu đã được lưu vào /data/branches.csv
[2024-08-26T05:36:18.456+0000] {subprocess.py:93} INFO - Dữ liệu đã được lưu vào /data/loans.csv
[2024-08-26T05:36:18.457+0000] {subprocess.py:93} INFO - Dữ liệu đã được lưu vào /data/credit_cards.csv
[2024-08-26T05:36:18.458+0000] {subprocess.py:93} INFO - Dữ liệu đã được lưu vào /data/transaction_history.csv
[2024-08-26T05:36:18.459+0000] {subprocess.py:93} INFO - Dữ liệu đã được lưu vào /data/payment.csv
[2024-08-26T05:36:18.460+0000] {subprocess.py:93} INFO - Dữ liệu đã được lưu vào /data/investments.csv
[2024-08-26T05:36:18.601+0000] {subprocess.py:97} INFO - Command exited with return code 0
[2024-08-26T05:36:18.653+0000] {taskinstance.py:340} INFO - ::group::Post task execution logs
[2024-08-26T05:36:18.653+0000] {taskinstance.py:352} INFO - Marking task as SUCCESS. dag_id=extract_and_transform_dag, task_id=run_python_script, run_id=manual__2024-08-26T05:36:14.663377+00:00, execution_date=20240826T053614, start_date=20240826T053615, end_date=20240826T053618
[2024-08-26T05:36:18.710+0000] {local_task_job_runner.py:261} INFO - Task exited with return code 0
[2024-08-26T05:36:18.742+0000] {taskinstance.py:3891} INFO - 0 downstream tasks scheduled from follow-on schedule check
[2024-08-26T05:36:18.745+0000] {local_task_job_runner.py:240} INFO - ::endgroup::
