[2024-08-25T13:31:32.495+0000] {local_task_job_runner.py:123} INFO - ::group::Pre task execution logs
[2024-08-25T13:31:32.525+0000] {taskinstance.py:2603} INFO - Dependencies all met for dep_context=non-requeueable deps ti=<TaskInstance: extract_and_transform_dag.run_python_script manual__2024-08-25T13:31:32.079251+00:00 [queued]>
[2024-08-25T13:31:32.539+0000] {taskinstance.py:2603} INFO - Dependencies all met for dep_context=requeueable deps ti=<TaskInstance: extract_and_transform_dag.run_python_script manual__2024-08-25T13:31:32.079251+00:00 [queued]>
[2024-08-25T13:31:32.540+0000] {taskinstance.py:2856} INFO - Starting attempt 1 of 2
[2024-08-25T13:31:32.566+0000] {taskinstance.py:2879} INFO - Executing <Task(BashOperator): run_python_script> on 2024-08-25 13:31:32.079251+00:00
[2024-08-25T13:31:32.582+0000] {standard_task_runner.py:104} INFO - Running: ['***', 'tasks', 'run', 'extract_and_transform_dag', 'run_python_script', 'manual__2024-08-25T13:31:32.079251+00:00', '--job-id', '97', '--raw', '--subdir', 'DAGS_FOLDER/test.py', '--cfg-path', '/tmp/tmpgsfe7cia']
[2024-08-25T13:31:32.585+0000] {logging_mixin.py:190} WARNING - /home/***/.local/lib/python3.12/site-packages/***/task/task_runner/standard_task_runner.py:70 DeprecationWarning: This process (pid=2306) is multi-threaded, use of fork() may lead to deadlocks in the child.
[2024-08-25T13:31:32.587+0000] {standard_task_runner.py:105} INFO - Job 97: Subtask run_python_script
[2024-08-25T13:31:32.588+0000] {standard_task_runner.py:72} INFO - Started process 2307 to run task
[2024-08-25T13:31:32.652+0000] {task_command.py:467} INFO - Running <TaskInstance: extract_and_transform_dag.run_python_script manual__2024-08-25T13:31:32.079251+00:00 [running]> on host dcedb42d949a
[2024-08-25T13:31:32.791+0000] {taskinstance.py:3122} INFO - Exporting env vars: AIRFLOW_CTX_DAG_OWNER='***' AIRFLOW_CTX_DAG_ID='extract_and_transform_dag' AIRFLOW_CTX_TASK_ID='run_python_script' AIRFLOW_CTX_EXECUTION_DATE='2024-08-25T13:31:32.079251+00:00' AIRFLOW_CTX_TRY_NUMBER='1' AIRFLOW_CTX_DAG_RUN_ID='manual__2024-08-25T13:31:32.079251+00:00'
[2024-08-25T13:31:32.792+0000] {taskinstance.py:731} INFO - ::endgroup::
[2024-08-25T13:31:32.810+0000] {subprocess.py:63} INFO - Tmp dir root location: /tmp
[2024-08-25T13:31:32.811+0000] {subprocess.py:75} INFO - Running command: ['/usr/bin/bash', '-c', 'python3 /spark/app/extract.py']
[2024-08-25T13:31:32.831+0000] {subprocess.py:86} INFO - Output:
[2024-08-25T13:31:34.570+0000] {subprocess.py:93} INFO - Dữ liệu đã được lưu vào /opt/***/data/customers.csv
[2024-08-25T13:31:34.571+0000] {subprocess.py:93} INFO - Dữ liệu đã được lưu vào /opt/***/data/accounts.csv
[2024-08-25T13:31:34.572+0000] {subprocess.py:93} INFO - Dữ liệu đã được lưu vào /opt/***/data/transactions.csv
[2024-08-25T13:31:34.573+0000] {subprocess.py:93} INFO - Dữ liệu đã được lưu vào /opt/***/data/branches.csv
[2024-08-25T13:31:34.574+0000] {subprocess.py:93} INFO - Dữ liệu đã được lưu vào /opt/***/data/loans.csv
[2024-08-25T13:31:34.574+0000] {subprocess.py:93} INFO - Dữ liệu đã được lưu vào /opt/***/data/credit_cards.csv
[2024-08-25T13:31:34.575+0000] {subprocess.py:93} INFO - Dữ liệu đã được lưu vào /opt/***/data/transaction_history.csv
[2024-08-25T13:31:34.576+0000] {subprocess.py:93} INFO - Dữ liệu đã được lưu vào /opt/***/data/payment.csv
[2024-08-25T13:31:34.577+0000] {subprocess.py:93} INFO - Dữ liệu đã được lưu vào /opt/***/data/investments.csv
[2024-08-25T13:31:34.715+0000] {subprocess.py:97} INFO - Command exited with return code 0
[2024-08-25T13:31:34.756+0000] {taskinstance.py:340} INFO - ::group::Post task execution logs
[2024-08-25T13:31:34.757+0000] {taskinstance.py:352} INFO - Marking task as SUCCESS. dag_id=extract_and_transform_dag, task_id=run_python_script, run_id=manual__2024-08-25T13:31:32.079251+00:00, execution_date=20240825T133132, start_date=20240825T133132, end_date=20240825T133134
[2024-08-25T13:31:34.779+0000] {local_task_job_runner.py:261} INFO - Task exited with return code 0
[2024-08-25T13:31:34.812+0000] {taskinstance.py:3891} INFO - 1 downstream tasks scheduled from follow-on schedule check
[2024-08-25T13:31:34.816+0000] {local_task_job_runner.py:240} INFO - ::endgroup::
