[2024-08-26T05:08:03.290+0000] {local_task_job_runner.py:123} INFO - ::group::Pre task execution logs
[2024-08-26T05:08:03.330+0000] {taskinstance.py:2603} INFO - Dependencies all met for dep_context=non-requeueable deps ti=<TaskInstance: extract_and_transform_dag.run_spark_job manual__2024-08-26T05:07:57.911004+00:00 [queued]>
[2024-08-26T05:08:03.347+0000] {taskinstance.py:2603} INFO - Dependencies all met for dep_context=requeueable deps ti=<TaskInstance: extract_and_transform_dag.run_spark_job manual__2024-08-26T05:07:57.911004+00:00 [queued]>
[2024-08-26T05:08:03.348+0000] {taskinstance.py:2856} INFO - Starting attempt 1 of 2
[2024-08-26T05:08:03.367+0000] {taskinstance.py:2879} INFO - Executing <Task(SparkSubmitOperator): run_spark_job> on 2024-08-26 05:07:57.911004+00:00
[2024-08-26T05:08:03.377+0000] {logging_mixin.py:190} WARNING - /home/***/.local/lib/python3.12/site-packages/***/task/task_runner/standard_task_runner.py:70 DeprecationWarning: This process (pid=1580) is multi-threaded, use of fork() may lead to deadlocks in the child.
[2024-08-26T05:08:03.378+0000] {standard_task_runner.py:72} INFO - Started process 1581 to run task
[2024-08-26T05:08:03.376+0000] {standard_task_runner.py:104} INFO - Running: ['***', 'tasks', 'run', 'extract_and_transform_dag', 'run_spark_job', 'manual__2024-08-26T05:07:57.911004+00:00', '--job-id', '178', '--raw', '--subdir', 'DAGS_FOLDER/ETL_Dags.py', '--cfg-path', '/tmp/tmpwywjtj1x']
[2024-08-26T05:08:03.379+0000] {standard_task_runner.py:105} INFO - Job 178: Subtask run_spark_job
[2024-08-26T05:08:03.468+0000] {task_command.py:467} INFO - Running <TaskInstance: extract_and_transform_dag.run_spark_job manual__2024-08-26T05:07:57.911004+00:00 [running]> on host f00445136288
[2024-08-26T05:08:03.637+0000] {taskinstance.py:3122} INFO - Exporting env vars: AIRFLOW_CTX_DAG_OWNER='***' AIRFLOW_CTX_DAG_ID='extract_and_transform_dag' AIRFLOW_CTX_TASK_ID='run_spark_job' AIRFLOW_CTX_EXECUTION_DATE='2024-08-26T05:07:57.911004+00:00' AIRFLOW_CTX_TRY_NUMBER='1' AIRFLOW_CTX_DAG_RUN_ID='manual__2024-08-26T05:07:57.911004+00:00'
[2024-08-26T05:08:03.639+0000] {taskinstance.py:731} INFO - ::endgroup::
[2024-08-26T05:08:03.682+0000] {base.py:84} INFO - Retrieving connection 'SPARK-PROJECT'
[2024-08-26T05:08:03.685+0000] {spark_submit.py:403} INFO - Spark-Submit cmd: spark-submit --master spark://172.18.0.3:7077 --conf spark.driver.extraClassPath=/opt/bitnami/spark/jars/spark-snowflake_2.12-2.16.0-spark_3.2.jar --conf spark.executor.extraClassPath=/opt/bitnami/spark/jars/spark-snowflake_2.12-2.16.0-spark_3.2.jar --name spark_transform_job --deploy-mode client /spark/app/transform.py
[2024-08-26T05:08:06.856+0000] {spark_submit.py:579} INFO - 24/08/26 05:08:06 INFO SparkContext: Running Spark version 3.5.2
[2024-08-26T05:08:06.859+0000] {spark_submit.py:579} INFO - 24/08/26 05:08:06 INFO SparkContext: OS info Linux, 6.6.26-linuxkit, amd64
[2024-08-26T05:08:06.861+0000] {spark_submit.py:579} INFO - 24/08/26 05:08:06 INFO SparkContext: Java version 17.0.12
[2024-08-26T05:08:06.960+0000] {spark_submit.py:579} INFO - 24/08/26 05:08:06 WARN NativeCodeLoader: Unable to load native-hadoop library for your platform... using builtin-java classes where applicable
[2024-08-26T05:08:07.059+0000] {spark_submit.py:579} INFO - 24/08/26 05:08:07 INFO ResourceUtils: ==============================================================
[2024-08-26T05:08:07.060+0000] {spark_submit.py:579} INFO - 24/08/26 05:08:07 INFO ResourceUtils: No custom resources configured for spark.driver.
[2024-08-26T05:08:07.061+0000] {spark_submit.py:579} INFO - 24/08/26 05:08:07 INFO ResourceUtils: ==============================================================
[2024-08-26T05:08:07.061+0000] {spark_submit.py:579} INFO - 24/08/26 05:08:07 INFO SparkContext: Submitted application: DataCleaning
[2024-08-26T05:08:07.087+0000] {spark_submit.py:579} INFO - 24/08/26 05:08:07 INFO ResourceProfile: Default ResourceProfile created, executor resources: Map(memory -> name: memory, amount: 1024, script: , vendor: , offHeap -> name: offHeap, amount: 0, script: , vendor: ), task resources: Map(cpus -> name: cpus, amount: 1.0)
[2024-08-26T05:08:07.097+0000] {spark_submit.py:579} INFO - 24/08/26 05:08:07 INFO ResourceProfile: Limiting resource is cpu
[2024-08-26T05:08:07.097+0000] {spark_submit.py:579} INFO - 24/08/26 05:08:07 INFO ResourceProfileManager: Added ResourceProfile id: 0
[2024-08-26T05:08:07.159+0000] {spark_submit.py:579} INFO - 24/08/26 05:08:07 INFO SecurityManager: Changing view acls to: ***
[2024-08-26T05:08:07.160+0000] {spark_submit.py:579} INFO - 24/08/26 05:08:07 INFO SecurityManager: Changing modify acls to: ***
[2024-08-26T05:08:07.161+0000] {spark_submit.py:579} INFO - 24/08/26 05:08:07 INFO SecurityManager: Changing view acls groups to:
[2024-08-26T05:08:07.163+0000] {spark_submit.py:579} INFO - 24/08/26 05:08:07 INFO SecurityManager: Changing modify acls groups to:
[2024-08-26T05:08:07.164+0000] {spark_submit.py:579} INFO - 24/08/26 05:08:07 INFO SecurityManager: SecurityManager: authentication disabled; ui acls disabled; users with view permissions: ***; groups with view permissions: EMPTY; users with modify permissions: ***; groups with modify permissions: EMPTY
[2024-08-26T05:08:07.441+0000] {spark_submit.py:579} INFO - 24/08/26 05:08:07 INFO Utils: Successfully started service 'sparkDriver' on port 38263.
[2024-08-26T05:08:07.491+0000] {spark_submit.py:579} INFO - 24/08/26 05:08:07 INFO SparkEnv: Registering MapOutputTracker
[2024-08-26T05:08:07.547+0000] {spark_submit.py:579} INFO - 24/08/26 05:08:07 INFO SparkEnv: Registering BlockManagerMaster
[2024-08-26T05:08:07.573+0000] {spark_submit.py:579} INFO - 24/08/26 05:08:07 INFO BlockManagerMasterEndpoint: Using org.apache.spark.storage.DefaultTopologyMapper for getting topology information
[2024-08-26T05:08:07.575+0000] {spark_submit.py:579} INFO - 24/08/26 05:08:07 INFO BlockManagerMasterEndpoint: BlockManagerMasterEndpoint up
[2024-08-26T05:08:07.583+0000] {spark_submit.py:579} INFO - 24/08/26 05:08:07 INFO SparkEnv: Registering BlockManagerMasterHeartbeat
[2024-08-26T05:08:07.603+0000] {spark_submit.py:579} INFO - 24/08/26 05:08:07 INFO DiskBlockManager: Created local directory at /tmp/blockmgr-6e999ff6-c73c-4311-a3a6-0563792f19ef
[2024-08-26T05:08:07.624+0000] {spark_submit.py:579} INFO - 24/08/26 05:08:07 INFO MemoryStore: MemoryStore started with capacity 434.4 MiB
[2024-08-26T05:08:07.642+0000] {spark_submit.py:579} INFO - 24/08/26 05:08:07 INFO SparkEnv: Registering OutputCommitCoordinator
[2024-08-26T05:08:07.803+0000] {spark_submit.py:579} INFO - 24/08/26 05:08:07 INFO JettyUtils: Start Jetty 0.0.0.0:4040 for SparkUI
[2024-08-26T05:08:07.886+0000] {spark_submit.py:579} INFO - 24/08/26 05:08:07 INFO Utils: Successfully started service 'SparkUI' on port 4040.
[2024-08-26T05:08:08.043+0000] {spark_submit.py:579} INFO - 24/08/26 05:08:08 INFO StandaloneAppClient$ClientEndpoint: Connecting to master spark://172.18.0.3:7077...
[2024-08-26T05:08:08.104+0000] {spark_submit.py:579} INFO - 24/08/26 05:08:08 INFO TransportClientFactory: Successfully created connection to /172.18.0.3:7077 after 34 ms (0 ms spent in bootstraps)
[2024-08-26T05:08:28.045+0000] {spark_submit.py:579} INFO - 24/08/26 05:08:28 INFO StandaloneAppClient$ClientEndpoint: Connecting to master spark://172.18.0.3:7077...
[2024-08-26T05:08:48.047+0000] {spark_submit.py:579} INFO - 24/08/26 05:08:48 INFO StandaloneAppClient$ClientEndpoint: Connecting to master spark://172.18.0.3:7077...
[2024-08-26T05:09:08.048+0000] {spark_submit.py:579} INFO - 24/08/26 05:09:08 ERROR StandaloneSchedulerBackend: Application has been killed. Reason: All masters are unresponsive! Giving up.
[2024-08-26T05:09:08.050+0000] {spark_submit.py:579} INFO - 24/08/26 05:09:08 WARN StandaloneSchedulerBackend: Application ID is not initialized yet.
[2024-08-26T05:09:08.064+0000] {spark_submit.py:579} INFO - 24/08/26 05:09:08 INFO Utils: Successfully started service 'org.apache.spark.network.netty.NettyBlockTransferService' on port 46323.
[2024-08-26T05:09:08.065+0000] {spark_submit.py:579} INFO - 24/08/26 05:09:08 INFO NettyBlockTransferService: Server created on f00445136288:46323
[2024-08-26T05:09:08.076+0000] {spark_submit.py:579} INFO - 24/08/26 05:09:08 INFO BlockManager: Using org.apache.spark.storage.RandomBlockReplicationPolicy for block replication policy
[2024-08-26T05:09:08.088+0000] {spark_submit.py:579} INFO - 24/08/26 05:09:08 INFO BlockManagerMaster: Registering BlockManager BlockManagerId(driver, f00445136288, 46323, None)
[2024-08-26T05:09:08.095+0000] {spark_submit.py:579} INFO - 24/08/26 05:09:08 INFO BlockManagerMasterEndpoint: Registering block manager f00445136288:46323 with 434.4 MiB RAM, BlockManagerId(driver, f00445136288, 46323, None)
[2024-08-26T05:09:08.099+0000] {spark_submit.py:579} INFO - 24/08/26 05:09:08 INFO BlockManagerMaster: Registered BlockManager BlockManagerId(driver, f00445136288, 46323, None)
[2024-08-26T05:09:08.101+0000] {spark_submit.py:579} INFO - 24/08/26 05:09:08 INFO BlockManager: Initialized BlockManager: BlockManagerId(driver, f00445136288, 46323, None)
[2024-08-26T05:09:08.316+0000] {spark_submit.py:579} INFO - 24/08/26 05:09:08 INFO StandaloneSchedulerBackend: SchedulerBackend is ready for scheduling beginning after reached minRegisteredResourcesRatio: 0.0
[2024-08-26T05:09:08.604+0000] {spark_submit.py:579} INFO - 24/08/26 05:09:08 INFO SparkContext: SparkContext is stopping with exitCode 0.
[2024-08-26T05:09:08.622+0000] {spark_submit.py:579} INFO - 24/08/26 05:09:08 INFO SparkUI: Stopped Spark web UI at http://f00445136288:4040
[2024-08-26T05:09:08.630+0000] {spark_submit.py:579} INFO - 24/08/26 05:09:08 INFO StandaloneSchedulerBackend: Shutting down all executors
[2024-08-26T05:09:08.639+0000] {spark_submit.py:579} INFO - 24/08/26 05:09:08 INFO StandaloneSchedulerBackend$StandaloneDriverEndpoint: Asking each executor to shut down
[2024-08-26T05:09:08.646+0000] {spark_submit.py:579} INFO - 24/08/26 05:09:08 WARN StandaloneAppClient$ClientEndpoint: Drop UnregisterApplication(null) because has not yet connected to master
[2024-08-26T05:09:08.651+0000] {spark_submit.py:579} INFO - 24/08/26 05:09:08 INFO SharedState: Setting hive.metastore.warehouse.dir ('null') to the value of spark.sql.warehouse.dir.
[2024-08-26T05:09:08.659+0000] {spark_submit.py:579} INFO - 24/08/26 05:09:08 INFO MapOutputTrackerMasterEndpoint: MapOutputTrackerMasterEndpoint stopped!
[2024-08-26T05:09:08.663+0000] {spark_submit.py:579} INFO - 24/08/26 05:09:08 INFO SharedState: Warehouse path is 'file:/opt/***/spark-warehouse'.
[2024-08-26T05:09:08.673+0000] {spark_submit.py:579} INFO - 24/08/26 05:09:08 INFO MemoryStore: MemoryStore cleared
[2024-08-26T05:09:08.675+0000] {spark_submit.py:579} INFO - 24/08/26 05:09:08 INFO BlockManager: BlockManager stopped
[2024-08-26T05:09:08.683+0000] {spark_submit.py:579} INFO - 24/08/26 05:09:08 INFO BlockManagerMaster: BlockManagerMaster stopped
[2024-08-26T05:09:08.686+0000] {spark_submit.py:579} INFO - 24/08/26 05:09:08 INFO OutputCommitCoordinator$OutputCommitCoordinatorEndpoint: OutputCommitCoordinator stopped!
[2024-08-26T05:09:08.698+0000] {spark_submit.py:579} INFO - 24/08/26 05:09:08 INFO SparkContext: Successfully stopped SparkContext
[2024-08-26T05:09:08.712+0000] {spark_submit.py:579} INFO - Lỗi khi đọc file customers.csv: An error occurred while calling o25.read.
[2024-08-26T05:09:08.713+0000] {spark_submit.py:579} INFO - : java.lang.IllegalStateException: LiveListenerBus is stopped.
[2024-08-26T05:09:08.714+0000] {spark_submit.py:579} INFO - at org.apache.spark.scheduler.LiveListenerBus.addToQueue(LiveListenerBus.scala:92)
[2024-08-26T05:09:08.716+0000] {spark_submit.py:579} INFO - at org.apache.spark.scheduler.LiveListenerBus.addToStatusQueue(LiveListenerBus.scala:75)
[2024-08-26T05:09:08.717+0000] {spark_submit.py:579} INFO - at org.apache.spark.sql.internal.SharedState.<init>(SharedState.scala:115)
[2024-08-26T05:09:08.717+0000] {spark_submit.py:579} INFO - at org.apache.spark.sql.SparkSession.$anonfun$sharedState$1(SparkSession.scala:143)
[2024-08-26T05:09:08.718+0000] {spark_submit.py:579} INFO - at scala.Option.getOrElse(Option.scala:189)
[2024-08-26T05:09:08.719+0000] {spark_submit.py:579} INFO - at org.apache.spark.sql.SparkSession.sharedState$lzycompute(SparkSession.scala:143)
[2024-08-26T05:09:08.720+0000] {spark_submit.py:579} INFO - at org.apache.spark.sql.SparkSession.sharedState(SparkSession.scala:142)
[2024-08-26T05:09:08.721+0000] {spark_submit.py:579} INFO - at org.apache.spark.sql.SparkSession.$anonfun$sessionState$2(SparkSession.scala:162)
[2024-08-26T05:09:08.721+0000] {spark_submit.py:579} INFO - at scala.Option.getOrElse(Option.scala:189)
[2024-08-26T05:09:08.722+0000] {spark_submit.py:579} INFO - at org.apache.spark.sql.SparkSession.sessionState$lzycompute(SparkSession.scala:160)
[2024-08-26T05:09:08.722+0000] {spark_submit.py:579} INFO - at org.apache.spark.sql.SparkSession.sessionState(SparkSession.scala:157)
[2024-08-26T05:09:08.723+0000] {spark_submit.py:579} INFO - at org.apache.spark.sql.DataFrameReader.<init>(DataFrameReader.scala:699)
[2024-08-26T05:09:08.724+0000] {spark_submit.py:579} INFO - at org.apache.spark.sql.SparkSession.read(SparkSession.scala:783)
[2024-08-26T05:09:08.725+0000] {spark_submit.py:579} INFO - at java.base/jdk.internal.reflect.NativeMethodAccessorImpl.invoke0(Native Method)
[2024-08-26T05:09:08.725+0000] {spark_submit.py:579} INFO - at java.base/jdk.internal.reflect.NativeMethodAccessorImpl.invoke(NativeMethodAccessorImpl.java:77)
[2024-08-26T05:09:08.726+0000] {spark_submit.py:579} INFO - at java.base/jdk.internal.reflect.DelegatingMethodAccessorImpl.invoke(DelegatingMethodAccessorImpl.java:43)
[2024-08-26T05:09:08.726+0000] {spark_submit.py:579} INFO - at java.base/java.lang.reflect.Method.invoke(Method.java:569)
[2024-08-26T05:09:08.727+0000] {spark_submit.py:579} INFO - at py4j.reflection.MethodInvoker.invoke(MethodInvoker.java:244)
[2024-08-26T05:09:08.727+0000] {spark_submit.py:579} INFO - at py4j.reflection.ReflectionEngine.invoke(ReflectionEngine.java:374)
[2024-08-26T05:09:08.728+0000] {spark_submit.py:579} INFO - at py4j.Gateway.invoke(Gateway.java:282)
[2024-08-26T05:09:08.728+0000] {spark_submit.py:579} INFO - at py4j.commands.AbstractCommand.invokeMethod(AbstractCommand.java:132)
[2024-08-26T05:09:08.729+0000] {spark_submit.py:579} INFO - at py4j.commands.CallCommand.execute(CallCommand.java:79)
[2024-08-26T05:09:08.729+0000] {spark_submit.py:579} INFO - at py4j.ClientServerConnection.waitForCommands(ClientServerConnection.java:182)
[2024-08-26T05:09:08.730+0000] {spark_submit.py:579} INFO - at py4j.ClientServerConnection.run(ClientServerConnection.java:106)
[2024-08-26T05:09:08.730+0000] {spark_submit.py:579} INFO - at java.base/java.lang.Thread.run(Thread.java:840)
[2024-08-26T05:09:08.731+0000] {spark_submit.py:579} INFO - 
[2024-08-26T05:09:08.731+0000] {spark_submit.py:579} INFO - 24/08/26 05:09:08 INFO SharedState: Setting hive.metastore.warehouse.dir ('file:/opt/***/spark-warehouse') to the value of spark.sql.warehouse.dir.
[2024-08-26T05:09:08.731+0000] {spark_submit.py:579} INFO - 24/08/26 05:09:08 INFO SharedState: Warehouse path is 'file:/opt/***/spark-warehouse'.
[2024-08-26T05:09:08.748+0000] {spark_submit.py:579} INFO - Lỗi khi đọc file accounts.csv: An error occurred while calling o25.read.
[2024-08-26T05:09:08.749+0000] {spark_submit.py:579} INFO - : java.lang.IllegalStateException: LiveListenerBus is stopped.
[2024-08-26T05:09:08.749+0000] {spark_submit.py:579} INFO - at org.apache.spark.scheduler.LiveListenerBus.addToQueue(LiveListenerBus.scala:92)
[2024-08-26T05:09:08.750+0000] {spark_submit.py:579} INFO - at org.apache.spark.scheduler.LiveListenerBus.addToStatusQueue(LiveListenerBus.scala:75)
[2024-08-26T05:09:08.750+0000] {spark_submit.py:579} INFO - at org.apache.spark.sql.internal.SharedState.<init>(SharedState.scala:115)
[2024-08-26T05:09:08.752+0000] {spark_submit.py:579} INFO - at org.apache.spark.sql.SparkSession.$anonfun$sharedState$1(SparkSession.scala:143)
[2024-08-26T05:09:08.752+0000] {spark_submit.py:579} INFO - at scala.Option.getOrElse(Option.scala:189)
[2024-08-26T05:09:08.753+0000] {spark_submit.py:579} INFO - at org.apache.spark.sql.SparkSession.sharedState$lzycompute(SparkSession.scala:143)
[2024-08-26T05:09:08.753+0000] {spark_submit.py:579} INFO - at org.apache.spark.sql.SparkSession.sharedState(SparkSession.scala:142)
[2024-08-26T05:09:08.754+0000] {spark_submit.py:579} INFO - at org.apache.spark.sql.SparkSession.$anonfun$sessionState$2(SparkSession.scala:162)
[2024-08-26T05:09:08.754+0000] {spark_submit.py:579} INFO - at scala.Option.getOrElse(Option.scala:189)
[2024-08-26T05:09:08.755+0000] {spark_submit.py:579} INFO - at org.apache.spark.sql.SparkSession.sessionState$lzycompute(SparkSession.scala:160)
[2024-08-26T05:09:08.755+0000] {spark_submit.py:579} INFO - at org.apache.spark.sql.SparkSession.sessionState(SparkSession.scala:157)
[2024-08-26T05:09:08.756+0000] {spark_submit.py:579} INFO - at org.apache.spark.sql.DataFrameReader.<init>(DataFrameReader.scala:699)
[2024-08-26T05:09:08.757+0000] {spark_submit.py:579} INFO - at org.apache.spark.sql.SparkSession.read(SparkSession.scala:783)
[2024-08-26T05:09:08.757+0000] {spark_submit.py:579} INFO - at java.base/jdk.internal.reflect.NativeMethodAccessorImpl.invoke0(Native Method)
[2024-08-26T05:09:08.758+0000] {spark_submit.py:579} INFO - at java.base/jdk.internal.reflect.NativeMethodAccessorImpl.invoke(NativeMethodAccessorImpl.java:77)
[2024-08-26T05:09:08.759+0000] {spark_submit.py:579} INFO - at java.base/jdk.internal.reflect.DelegatingMethodAccessorImpl.invoke(DelegatingMethodAccessorImpl.java:43)
[2024-08-26T05:09:08.759+0000] {spark_submit.py:579} INFO - at java.base/java.lang.reflect.Method.invoke(Method.java:569)
[2024-08-26T05:09:08.760+0000] {spark_submit.py:579} INFO - at py4j.reflection.MethodInvoker.invoke(MethodInvoker.java:244)
[2024-08-26T05:09:08.761+0000] {spark_submit.py:579} INFO - at py4j.reflection.ReflectionEngine.invoke(ReflectionEngine.java:374)
[2024-08-26T05:09:08.761+0000] {spark_submit.py:579} INFO - at py4j.Gateway.invoke(Gateway.java:282)
[2024-08-26T05:09:08.762+0000] {spark_submit.py:579} INFO - at py4j.commands.AbstractCommand.invokeMethod(AbstractCommand.java:132)
[2024-08-26T05:09:08.763+0000] {spark_submit.py:579} INFO - at py4j.commands.CallCommand.execute(CallCommand.java:79)
[2024-08-26T05:09:08.764+0000] {spark_submit.py:579} INFO - at py4j.ClientServerConnection.waitForCommands(ClientServerConnection.java:182)
[2024-08-26T05:09:08.764+0000] {spark_submit.py:579} INFO - at py4j.ClientServerConnection.run(ClientServerConnection.java:106)
[2024-08-26T05:09:08.765+0000] {spark_submit.py:579} INFO - at java.base/java.lang.Thread.run(Thread.java:840)
[2024-08-26T05:09:08.766+0000] {spark_submit.py:579} INFO - 
[2024-08-26T05:09:08.767+0000] {spark_submit.py:579} INFO - 24/08/26 05:09:08 INFO SharedState: Setting hive.metastore.warehouse.dir ('file:/opt/***/spark-warehouse') to the value of spark.sql.warehouse.dir.
[2024-08-26T05:09:08.767+0000] {spark_submit.py:579} INFO - 24/08/26 05:09:08 INFO SharedState: Warehouse path is 'file:/opt/***/spark-warehouse'.
[2024-08-26T05:09:08.785+0000] {spark_submit.py:579} INFO - Lỗi khi đọc file transactions.csv: An error occurred while calling o25.read.
[2024-08-26T05:09:08.786+0000] {spark_submit.py:579} INFO - : java.lang.IllegalStateException: LiveListenerBus is stopped.
[2024-08-26T05:09:08.787+0000] {spark_submit.py:579} INFO - at org.apache.spark.scheduler.LiveListenerBus.addToQueue(LiveListenerBus.scala:92)
[2024-08-26T05:09:08.788+0000] {spark_submit.py:579} INFO - at org.apache.spark.scheduler.LiveListenerBus.addToStatusQueue(LiveListenerBus.scala:75)
[2024-08-26T05:09:08.789+0000] {spark_submit.py:579} INFO - at org.apache.spark.sql.internal.SharedState.<init>(SharedState.scala:115)
[2024-08-26T05:09:08.790+0000] {spark_submit.py:579} INFO - at org.apache.spark.sql.SparkSession.$anonfun$sharedState$1(SparkSession.scala:143)
[2024-08-26T05:09:08.790+0000] {spark_submit.py:579} INFO - at scala.Option.getOrElse(Option.scala:189)
[2024-08-26T05:09:08.791+0000] {spark_submit.py:579} INFO - at org.apache.spark.sql.SparkSession.sharedState$lzycompute(SparkSession.scala:143)
[2024-08-26T05:09:08.792+0000] {spark_submit.py:579} INFO - at org.apache.spark.sql.SparkSession.sharedState(SparkSession.scala:142)
[2024-08-26T05:09:08.793+0000] {spark_submit.py:579} INFO - at org.apache.spark.sql.SparkSession.$anonfun$sessionState$2(SparkSession.scala:162)
[2024-08-26T05:09:08.794+0000] {spark_submit.py:579} INFO - at scala.Option.getOrElse(Option.scala:189)
[2024-08-26T05:09:08.794+0000] {spark_submit.py:579} INFO - at org.apache.spark.sql.SparkSession.sessionState$lzycompute(SparkSession.scala:160)
[2024-08-26T05:09:08.795+0000] {spark_submit.py:579} INFO - at org.apache.spark.sql.SparkSession.sessionState(SparkSession.scala:157)
[2024-08-26T05:09:08.796+0000] {spark_submit.py:579} INFO - at org.apache.spark.sql.DataFrameReader.<init>(DataFrameReader.scala:699)
[2024-08-26T05:09:08.796+0000] {spark_submit.py:579} INFO - at org.apache.spark.sql.SparkSession.read(SparkSession.scala:783)
[2024-08-26T05:09:08.797+0000] {spark_submit.py:579} INFO - at java.base/jdk.internal.reflect.NativeMethodAccessorImpl.invoke0(Native Method)
[2024-08-26T05:09:08.798+0000] {spark_submit.py:579} INFO - at java.base/jdk.internal.reflect.NativeMethodAccessorImpl.invoke(NativeMethodAccessorImpl.java:77)
[2024-08-26T05:09:08.799+0000] {spark_submit.py:579} INFO - at java.base/jdk.internal.reflect.DelegatingMethodAccessorImpl.invoke(DelegatingMethodAccessorImpl.java:43)
[2024-08-26T05:09:08.799+0000] {spark_submit.py:579} INFO - at java.base/java.lang.reflect.Method.invoke(Method.java:569)
[2024-08-26T05:09:08.800+0000] {spark_submit.py:579} INFO - at py4j.reflection.MethodInvoker.invoke(MethodInvoker.java:244)
[2024-08-26T05:09:08.801+0000] {spark_submit.py:579} INFO - at py4j.reflection.ReflectionEngine.invoke(ReflectionEngine.java:374)
[2024-08-26T05:09:08.802+0000] {spark_submit.py:579} INFO - at py4j.Gateway.invoke(Gateway.java:282)
[2024-08-26T05:09:08.802+0000] {spark_submit.py:579} INFO - at py4j.commands.AbstractCommand.invokeMethod(AbstractCommand.java:132)
[2024-08-26T05:09:08.803+0000] {spark_submit.py:579} INFO - at py4j.commands.CallCommand.execute(CallCommand.java:79)
[2024-08-26T05:09:08.804+0000] {spark_submit.py:579} INFO - at py4j.ClientServerConnection.waitForCommands(ClientServerConnection.java:182)
[2024-08-26T05:09:08.805+0000] {spark_submit.py:579} INFO - at py4j.ClientServerConnection.run(ClientServerConnection.java:106)
[2024-08-26T05:09:08.805+0000] {spark_submit.py:579} INFO - at java.base/java.lang.Thread.run(Thread.java:840)
[2024-08-26T05:09:08.806+0000] {spark_submit.py:579} INFO - 
[2024-08-26T05:09:08.807+0000] {spark_submit.py:579} INFO - 24/08/26 05:09:08 INFO SharedState: Setting hive.metastore.warehouse.dir ('file:/opt/***/spark-warehouse') to the value of spark.sql.warehouse.dir.
[2024-08-26T05:09:08.807+0000] {spark_submit.py:579} INFO - 24/08/26 05:09:08 INFO SharedState: Warehouse path is 'file:/opt/***/spark-warehouse'.
[2024-08-26T05:09:08.829+0000] {spark_submit.py:579} INFO - Lỗi khi đọc file branches.csv: An error occurred while calling o25.read.
[2024-08-26T05:09:08.830+0000] {spark_submit.py:579} INFO - : java.lang.IllegalStateException: LiveListenerBus is stopped.
[2024-08-26T05:09:08.830+0000] {spark_submit.py:579} INFO - at org.apache.spark.scheduler.LiveListenerBus.addToQueue(LiveListenerBus.scala:92)
[2024-08-26T05:09:08.831+0000] {spark_submit.py:579} INFO - at org.apache.spark.scheduler.LiveListenerBus.addToStatusQueue(LiveListenerBus.scala:75)
[2024-08-26T05:09:08.831+0000] {spark_submit.py:579} INFO - at org.apache.spark.sql.internal.SharedState.<init>(SharedState.scala:115)
[2024-08-26T05:09:08.832+0000] {spark_submit.py:579} INFO - at org.apache.spark.sql.SparkSession.$anonfun$sharedState$1(SparkSession.scala:143)
[2024-08-26T05:09:08.833+0000] {spark_submit.py:579} INFO - at scala.Option.getOrElse(Option.scala:189)
[2024-08-26T05:09:08.833+0000] {spark_submit.py:579} INFO - at org.apache.spark.sql.SparkSession.sharedState$lzycompute(SparkSession.scala:143)
[2024-08-26T05:09:08.834+0000] {spark_submit.py:579} INFO - at org.apache.spark.sql.SparkSession.sharedState(SparkSession.scala:142)
[2024-08-26T05:09:08.835+0000] {spark_submit.py:579} INFO - at org.apache.spark.sql.SparkSession.$anonfun$sessionState$2(SparkSession.scala:162)
[2024-08-26T05:09:08.836+0000] {spark_submit.py:579} INFO - at scala.Option.getOrElse(Option.scala:189)
[2024-08-26T05:09:08.836+0000] {spark_submit.py:579} INFO - at org.apache.spark.sql.SparkSession.sessionState$lzycompute(SparkSession.scala:160)
[2024-08-26T05:09:08.837+0000] {spark_submit.py:579} INFO - at org.apache.spark.sql.SparkSession.sessionState(SparkSession.scala:157)
[2024-08-26T05:09:08.838+0000] {spark_submit.py:579} INFO - at org.apache.spark.sql.DataFrameReader.<init>(DataFrameReader.scala:699)
[2024-08-26T05:09:08.838+0000] {spark_submit.py:579} INFO - at org.apache.spark.sql.SparkSession.read(SparkSession.scala:783)
[2024-08-26T05:09:08.839+0000] {spark_submit.py:579} INFO - at java.base/jdk.internal.reflect.NativeMethodAccessorImpl.invoke0(Native Method)
[2024-08-26T05:09:08.839+0000] {spark_submit.py:579} INFO - at java.base/jdk.internal.reflect.NativeMethodAccessorImpl.invoke(NativeMethodAccessorImpl.java:77)
[2024-08-26T05:09:08.840+0000] {spark_submit.py:579} INFO - at java.base/jdk.internal.reflect.DelegatingMethodAccessorImpl.invoke(DelegatingMethodAccessorImpl.java:43)
[2024-08-26T05:09:08.841+0000] {spark_submit.py:579} INFO - at java.base/java.lang.reflect.Method.invoke(Method.java:569)
[2024-08-26T05:09:08.842+0000] {spark_submit.py:579} INFO - at py4j.reflection.MethodInvoker.invoke(MethodInvoker.java:244)
[2024-08-26T05:09:08.842+0000] {spark_submit.py:579} INFO - at py4j.reflection.ReflectionEngine.invoke(ReflectionEngine.java:374)
[2024-08-26T05:09:08.843+0000] {spark_submit.py:579} INFO - at py4j.Gateway.invoke(Gateway.java:282)
[2024-08-26T05:09:08.843+0000] {spark_submit.py:579} INFO - at py4j.commands.AbstractCommand.invokeMethod(AbstractCommand.java:132)
[2024-08-26T05:09:08.844+0000] {spark_submit.py:579} INFO - at py4j.commands.CallCommand.execute(CallCommand.java:79)
[2024-08-26T05:09:08.845+0000] {spark_submit.py:579} INFO - at py4j.ClientServerConnection.waitForCommands(ClientServerConnection.java:182)
[2024-08-26T05:09:08.846+0000] {spark_submit.py:579} INFO - at py4j.ClientServerConnection.run(ClientServerConnection.java:106)
[2024-08-26T05:09:08.846+0000] {spark_submit.py:579} INFO - at java.base/java.lang.Thread.run(Thread.java:840)
[2024-08-26T05:09:08.847+0000] {spark_submit.py:579} INFO - 
[2024-08-26T05:09:08.847+0000] {spark_submit.py:579} INFO - 24/08/26 05:09:08 INFO SharedState: Setting hive.metastore.warehouse.dir ('file:/opt/***/spark-warehouse') to the value of spark.sql.warehouse.dir.
[2024-08-26T05:09:08.848+0000] {spark_submit.py:579} INFO - 24/08/26 05:09:08 INFO SharedState: Warehouse path is 'file:/opt/***/spark-warehouse'.
[2024-08-26T05:09:08.871+0000] {spark_submit.py:579} INFO - Lỗi khi đọc file loans.csv: An error occurred while calling o25.read.
[2024-08-26T05:09:08.871+0000] {spark_submit.py:579} INFO - : java.lang.IllegalStateException: LiveListenerBus is stopped.
[2024-08-26T05:09:08.872+0000] {spark_submit.py:579} INFO - at org.apache.spark.scheduler.LiveListenerBus.addToQueue(LiveListenerBus.scala:92)
[2024-08-26T05:09:08.872+0000] {spark_submit.py:579} INFO - at org.apache.spark.scheduler.LiveListenerBus.addToStatusQueue(LiveListenerBus.scala:75)
[2024-08-26T05:09:08.873+0000] {spark_submit.py:579} INFO - at org.apache.spark.sql.internal.SharedState.<init>(SharedState.scala:115)
[2024-08-26T05:09:08.874+0000] {spark_submit.py:579} INFO - at org.apache.spark.sql.SparkSession.$anonfun$sharedState$1(SparkSession.scala:143)
[2024-08-26T05:09:08.875+0000] {spark_submit.py:579} INFO - at scala.Option.getOrElse(Option.scala:189)
[2024-08-26T05:09:08.875+0000] {spark_submit.py:579} INFO - at org.apache.spark.sql.SparkSession.sharedState$lzycompute(SparkSession.scala:143)
[2024-08-26T05:09:08.876+0000] {spark_submit.py:579} INFO - at org.apache.spark.sql.SparkSession.sharedState(SparkSession.scala:142)
[2024-08-26T05:09:08.877+0000] {spark_submit.py:579} INFO - at org.apache.spark.sql.SparkSession.$anonfun$sessionState$2(SparkSession.scala:162)
[2024-08-26T05:09:08.878+0000] {spark_submit.py:579} INFO - at scala.Option.getOrElse(Option.scala:189)
[2024-08-26T05:09:08.878+0000] {spark_submit.py:579} INFO - at org.apache.spark.sql.SparkSession.sessionState$lzycompute(SparkSession.scala:160)
[2024-08-26T05:09:08.879+0000] {spark_submit.py:579} INFO - at org.apache.spark.sql.SparkSession.sessionState(SparkSession.scala:157)
[2024-08-26T05:09:08.880+0000] {spark_submit.py:579} INFO - at org.apache.spark.sql.DataFrameReader.<init>(DataFrameReader.scala:699)
[2024-08-26T05:09:08.880+0000] {spark_submit.py:579} INFO - at org.apache.spark.sql.SparkSession.read(SparkSession.scala:783)
[2024-08-26T05:09:08.881+0000] {spark_submit.py:579} INFO - at java.base/jdk.internal.reflect.NativeMethodAccessorImpl.invoke0(Native Method)
[2024-08-26T05:09:08.881+0000] {spark_submit.py:579} INFO - at java.base/jdk.internal.reflect.NativeMethodAccessorImpl.invoke(NativeMethodAccessorImpl.java:77)
[2024-08-26T05:09:08.882+0000] {spark_submit.py:579} INFO - at java.base/jdk.internal.reflect.DelegatingMethodAccessorImpl.invoke(DelegatingMethodAccessorImpl.java:43)
[2024-08-26T05:09:08.882+0000] {spark_submit.py:579} INFO - at java.base/java.lang.reflect.Method.invoke(Method.java:569)
[2024-08-26T05:09:08.883+0000] {spark_submit.py:579} INFO - at py4j.reflection.MethodInvoker.invoke(MethodInvoker.java:244)
[2024-08-26T05:09:08.884+0000] {spark_submit.py:579} INFO - at py4j.reflection.ReflectionEngine.invoke(ReflectionEngine.java:374)
[2024-08-26T05:09:08.884+0000] {spark_submit.py:579} INFO - at py4j.Gateway.invoke(Gateway.java:282)
[2024-08-26T05:09:08.885+0000] {spark_submit.py:579} INFO - at py4j.commands.AbstractCommand.invokeMethod(AbstractCommand.java:132)
[2024-08-26T05:09:08.886+0000] {spark_submit.py:579} INFO - at py4j.commands.CallCommand.execute(CallCommand.java:79)
[2024-08-26T05:09:08.888+0000] {spark_submit.py:579} INFO - at py4j.ClientServerConnection.waitForCommands(ClientServerConnection.java:182)
[2024-08-26T05:09:08.888+0000] {spark_submit.py:579} INFO - at py4j.ClientServerConnection.run(ClientServerConnection.java:106)
[2024-08-26T05:09:08.889+0000] {spark_submit.py:579} INFO - at java.base/java.lang.Thread.run(Thread.java:840)
[2024-08-26T05:09:08.891+0000] {spark_submit.py:579} INFO - 
[2024-08-26T05:09:08.892+0000] {spark_submit.py:579} INFO - 24/08/26 05:09:08 INFO SharedState: Setting hive.metastore.warehouse.dir ('file:/opt/***/spark-warehouse') to the value of spark.sql.warehouse.dir.
[2024-08-26T05:09:08.894+0000] {spark_submit.py:579} INFO - 24/08/26 05:09:08 INFO SharedState: Warehouse path is 'file:/opt/***/spark-warehouse'.
[2024-08-26T05:09:08.909+0000] {spark_submit.py:579} INFO - Lỗi khi đọc file credit_cards.csv: An error occurred while calling o25.read.
[2024-08-26T05:09:08.910+0000] {spark_submit.py:579} INFO - : java.lang.IllegalStateException: LiveListenerBus is stopped.
[2024-08-26T05:09:08.910+0000] {spark_submit.py:579} INFO - at org.apache.spark.scheduler.LiveListenerBus.addToQueue(LiveListenerBus.scala:92)
[2024-08-26T05:09:08.911+0000] {spark_submit.py:579} INFO - at org.apache.spark.scheduler.LiveListenerBus.addToStatusQueue(LiveListenerBus.scala:75)
[2024-08-26T05:09:08.912+0000] {spark_submit.py:579} INFO - at org.apache.spark.sql.internal.SharedState.<init>(SharedState.scala:115)
[2024-08-26T05:09:08.912+0000] {spark_submit.py:579} INFO - at org.apache.spark.sql.SparkSession.$anonfun$sharedState$1(SparkSession.scala:143)
[2024-08-26T05:09:08.913+0000] {spark_submit.py:579} INFO - at scala.Option.getOrElse(Option.scala:189)
[2024-08-26T05:09:08.913+0000] {spark_submit.py:579} INFO - at org.apache.spark.sql.SparkSession.sharedState$lzycompute(SparkSession.scala:143)
[2024-08-26T05:09:08.914+0000] {spark_submit.py:579} INFO - at org.apache.spark.sql.SparkSession.sharedState(SparkSession.scala:142)
[2024-08-26T05:09:08.914+0000] {spark_submit.py:579} INFO - at org.apache.spark.sql.SparkSession.$anonfun$sessionState$2(SparkSession.scala:162)
[2024-08-26T05:09:08.914+0000] {spark_submit.py:579} INFO - at scala.Option.getOrElse(Option.scala:189)
[2024-08-26T05:09:08.915+0000] {spark_submit.py:579} INFO - at org.apache.spark.sql.SparkSession.sessionState$lzycompute(SparkSession.scala:160)
[2024-08-26T05:09:08.915+0000] {spark_submit.py:579} INFO - at org.apache.spark.sql.SparkSession.sessionState(SparkSession.scala:157)
[2024-08-26T05:09:08.916+0000] {spark_submit.py:579} INFO - at org.apache.spark.sql.DataFrameReader.<init>(DataFrameReader.scala:699)
[2024-08-26T05:09:08.916+0000] {spark_submit.py:579} INFO - at org.apache.spark.sql.SparkSession.read(SparkSession.scala:783)
[2024-08-26T05:09:08.916+0000] {spark_submit.py:579} INFO - at java.base/jdk.internal.reflect.NativeMethodAccessorImpl.invoke0(Native Method)
[2024-08-26T05:09:08.917+0000] {spark_submit.py:579} INFO - at java.base/jdk.internal.reflect.NativeMethodAccessorImpl.invoke(NativeMethodAccessorImpl.java:77)
[2024-08-26T05:09:08.917+0000] {spark_submit.py:579} INFO - at java.base/jdk.internal.reflect.DelegatingMethodAccessorImpl.invoke(DelegatingMethodAccessorImpl.java:43)
[2024-08-26T05:09:08.918+0000] {spark_submit.py:579} INFO - at java.base/java.lang.reflect.Method.invoke(Method.java:569)
[2024-08-26T05:09:08.918+0000] {spark_submit.py:579} INFO - at py4j.reflection.MethodInvoker.invoke(MethodInvoker.java:244)
[2024-08-26T05:09:08.919+0000] {spark_submit.py:579} INFO - at py4j.reflection.ReflectionEngine.invoke(ReflectionEngine.java:374)
[2024-08-26T05:09:08.920+0000] {spark_submit.py:579} INFO - at py4j.Gateway.invoke(Gateway.java:282)
[2024-08-26T05:09:08.920+0000] {spark_submit.py:579} INFO - at py4j.commands.AbstractCommand.invokeMethod(AbstractCommand.java:132)
[2024-08-26T05:09:08.921+0000] {spark_submit.py:579} INFO - at py4j.commands.CallCommand.execute(CallCommand.java:79)
[2024-08-26T05:09:08.921+0000] {spark_submit.py:579} INFO - at py4j.ClientServerConnection.waitForCommands(ClientServerConnection.java:182)
[2024-08-26T05:09:08.921+0000] {spark_submit.py:579} INFO - at py4j.ClientServerConnection.run(ClientServerConnection.java:106)
[2024-08-26T05:09:08.922+0000] {spark_submit.py:579} INFO - at java.base/java.lang.Thread.run(Thread.java:840)
[2024-08-26T05:09:08.922+0000] {spark_submit.py:579} INFO - 
[2024-08-26T05:09:08.923+0000] {spark_submit.py:579} INFO - 24/08/26 05:09:08 INFO SharedState: Setting hive.metastore.warehouse.dir ('file:/opt/***/spark-warehouse') to the value of spark.sql.warehouse.dir.
[2024-08-26T05:09:08.923+0000] {spark_submit.py:579} INFO - 24/08/26 05:09:08 INFO SharedState: Warehouse path is 'file:/opt/***/spark-warehouse'.
[2024-08-26T05:09:08.944+0000] {spark_submit.py:579} INFO - Lỗi khi đọc file investments.csv: An error occurred while calling o25.read.
[2024-08-26T05:09:08.945+0000] {spark_submit.py:579} INFO - : java.lang.IllegalStateException: LiveListenerBus is stopped.
[2024-08-26T05:09:08.945+0000] {spark_submit.py:579} INFO - at org.apache.spark.scheduler.LiveListenerBus.addToQueue(LiveListenerBus.scala:92)
[2024-08-26T05:09:08.946+0000] {spark_submit.py:579} INFO - at org.apache.spark.scheduler.LiveListenerBus.addToStatusQueue(LiveListenerBus.scala:75)
[2024-08-26T05:09:08.947+0000] {spark_submit.py:579} INFO - at org.apache.spark.sql.internal.SharedState.<init>(SharedState.scala:115)
[2024-08-26T05:09:08.948+0000] {spark_submit.py:579} INFO - at org.apache.spark.sql.SparkSession.$anonfun$sharedState$1(SparkSession.scala:143)
[2024-08-26T05:09:08.948+0000] {spark_submit.py:579} INFO - at scala.Option.getOrElse(Option.scala:189)
[2024-08-26T05:09:08.949+0000] {spark_submit.py:579} INFO - at org.apache.spark.sql.SparkSession.sharedState$lzycompute(SparkSession.scala:143)
[2024-08-26T05:09:08.949+0000] {spark_submit.py:579} INFO - at org.apache.spark.sql.SparkSession.sharedState(SparkSession.scala:142)
[2024-08-26T05:09:08.950+0000] {spark_submit.py:579} INFO - at org.apache.spark.sql.SparkSession.$anonfun$sessionState$2(SparkSession.scala:162)
[2024-08-26T05:09:08.950+0000] {spark_submit.py:579} INFO - at scala.Option.getOrElse(Option.scala:189)
[2024-08-26T05:09:08.951+0000] {spark_submit.py:579} INFO - at org.apache.spark.sql.SparkSession.sessionState$lzycompute(SparkSession.scala:160)
[2024-08-26T05:09:08.951+0000] {spark_submit.py:579} INFO - at org.apache.spark.sql.SparkSession.sessionState(SparkSession.scala:157)
[2024-08-26T05:09:08.952+0000] {spark_submit.py:579} INFO - at org.apache.spark.sql.DataFrameReader.<init>(DataFrameReader.scala:699)
[2024-08-26T05:09:08.953+0000] {spark_submit.py:579} INFO - at org.apache.spark.sql.SparkSession.read(SparkSession.scala:783)
[2024-08-26T05:09:08.954+0000] {spark_submit.py:579} INFO - at java.base/jdk.internal.reflect.NativeMethodAccessorImpl.invoke0(Native Method)
[2024-08-26T05:09:08.954+0000] {spark_submit.py:579} INFO - at java.base/jdk.internal.reflect.NativeMethodAccessorImpl.invoke(NativeMethodAccessorImpl.java:77)
[2024-08-26T05:09:08.954+0000] {spark_submit.py:579} INFO - at java.base/jdk.internal.reflect.DelegatingMethodAccessorImpl.invoke(DelegatingMethodAccessorImpl.java:43)
[2024-08-26T05:09:08.955+0000] {spark_submit.py:579} INFO - at java.base/java.lang.reflect.Method.invoke(Method.java:569)
[2024-08-26T05:09:08.955+0000] {spark_submit.py:579} INFO - at py4j.reflection.MethodInvoker.invoke(MethodInvoker.java:244)
[2024-08-26T05:09:08.955+0000] {spark_submit.py:579} INFO - at py4j.reflection.ReflectionEngine.invoke(ReflectionEngine.java:374)
[2024-08-26T05:09:08.956+0000] {spark_submit.py:579} INFO - at py4j.Gateway.invoke(Gateway.java:282)
[2024-08-26T05:09:08.956+0000] {spark_submit.py:579} INFO - at py4j.commands.AbstractCommand.invokeMethod(AbstractCommand.java:132)
[2024-08-26T05:09:08.957+0000] {spark_submit.py:579} INFO - at py4j.commands.CallCommand.execute(CallCommand.java:79)
[2024-08-26T05:09:08.958+0000] {spark_submit.py:579} INFO - at py4j.ClientServerConnection.waitForCommands(ClientServerConnection.java:182)
[2024-08-26T05:09:08.958+0000] {spark_submit.py:579} INFO - at py4j.ClientServerConnection.run(ClientServerConnection.java:106)
[2024-08-26T05:09:08.959+0000] {spark_submit.py:579} INFO - at java.base/java.lang.Thread.run(Thread.java:840)
[2024-08-26T05:09:08.959+0000] {spark_submit.py:579} INFO - 
[2024-08-26T05:09:08.960+0000] {spark_submit.py:579} INFO - 24/08/26 05:09:08 INFO SparkContext: SparkContext is stopping with exitCode 0.
[2024-08-26T05:09:08.960+0000] {spark_submit.py:579} INFO - 24/08/26 05:09:08 INFO SparkContext: SparkContext already stopped.
[2024-08-26T05:09:09.434+0000] {spark_submit.py:579} INFO - 24/08/26 05:09:09 INFO ShutdownHookManager: Shutdown hook called
[2024-08-26T05:09:09.438+0000] {spark_submit.py:579} INFO - 24/08/26 05:09:09 INFO ShutdownHookManager: Deleting directory /tmp/spark-61e62d42-0945-4eac-9451-44cb2be82b39
[2024-08-26T05:09:09.445+0000] {spark_submit.py:579} INFO - 24/08/26 05:09:09 INFO ShutdownHookManager: Deleting directory /tmp/spark-55b05f82-0ba3-44e0-b05b-6b374cae781a
[2024-08-26T05:09:09.451+0000] {spark_submit.py:579} INFO - 24/08/26 05:09:09 INFO ShutdownHookManager: Deleting directory /tmp/spark-55b05f82-0ba3-44e0-b05b-6b374cae781a/pyspark-905b1594-d7ed-4159-b20c-7f470abd94be
[2024-08-26T05:09:09.552+0000] {taskinstance.py:340} INFO - ::group::Post task execution logs
[2024-08-26T05:09:09.553+0000] {taskinstance.py:352} INFO - Marking task as SUCCESS. dag_id=extract_and_transform_dag, task_id=run_spark_job, run_id=manual__2024-08-26T05:07:57.911004+00:00, execution_date=20240826T050757, start_date=20240826T050803, end_date=20240826T050909
[2024-08-26T05:09:09.588+0000] {local_task_job_runner.py:261} INFO - Task exited with return code 0
[2024-08-26T05:09:09.613+0000] {taskinstance.py:3891} INFO - 0 downstream tasks scheduled from follow-on schedule check
[2024-08-26T05:09:09.616+0000] {local_task_job_runner.py:240} INFO - ::endgroup::
