[2024-08-27T08:33:00.407+0000] {local_task_job_runner.py:123} INFO - ::group::Pre task execution logs
[2024-08-27T08:33:00.450+0000] {taskinstance.py:2603} INFO - Dependencies all met for dep_context=non-requeueable deps ti=<TaskInstance: extract_and_transform_dag.run_python_script manual__2024-08-27T08:32:59.360585+00:00 [queued]>
[2024-08-27T08:33:00.471+0000] {taskinstance.py:2603} INFO - Dependencies all met for dep_context=requeueable deps ti=<TaskInstance: extract_and_transform_dag.run_python_script manual__2024-08-27T08:32:59.360585+00:00 [queued]>
[2024-08-27T08:33:00.472+0000] {taskinstance.py:2856} INFO - Starting attempt 1 of 2
[2024-08-27T08:33:00.498+0000] {taskinstance.py:2879} INFO - Executing <Task(BashOperator): run_python_script> on 2024-08-27 08:32:59.360585+00:00
[2024-08-27T08:33:00.509+0000] {logging_mixin.py:190} WARNING - /home/***/.local/lib/python3.12/site-packages/***/task/task_runner/standard_task_runner.py:70 DeprecationWarning: This process (pid=8619) is multi-threaded, use of fork() may lead to deadlocks in the child.
[2024-08-27T08:33:00.511+0000] {standard_task_runner.py:72} INFO - Started process 8620 to run task
[2024-08-27T08:33:00.511+0000] {standard_task_runner.py:104} INFO - Running: ['***', 'tasks', 'run', 'extract_and_transform_dag', 'run_python_script', 'manual__2024-08-27T08:32:59.360585+00:00', '--job-id', '197', '--raw', '--subdir', 'DAGS_FOLDER/ETL_Dags.py', '--cfg-path', '/tmp/tmpc3eg50bx']
[2024-08-27T08:33:00.517+0000] {standard_task_runner.py:105} INFO - Job 197: Subtask run_python_script
[2024-08-27T08:33:00.602+0000] {task_command.py:467} INFO - Running <TaskInstance: extract_and_transform_dag.run_python_script manual__2024-08-27T08:32:59.360585+00:00 [running]> on host 6ac8cf047f5e
[2024-08-27T08:33:00.813+0000] {taskinstance.py:3122} INFO - Exporting env vars: AIRFLOW_CTX_DAG_OWNER='***' AIRFLOW_CTX_DAG_ID='extract_and_transform_dag' AIRFLOW_CTX_TASK_ID='run_python_script' AIRFLOW_CTX_EXECUTION_DATE='2024-08-27T08:32:59.360585+00:00' AIRFLOW_CTX_TRY_NUMBER='1' AIRFLOW_CTX_DAG_RUN_ID='manual__2024-08-27T08:32:59.360585+00:00'
[2024-08-27T08:33:00.816+0000] {taskinstance.py:731} INFO - ::endgroup::
[2024-08-27T08:33:00.891+0000] {subprocess.py:63} INFO - Tmp dir root location: /tmp
[2024-08-27T08:33:00.893+0000] {subprocess.py:75} INFO - Running command: ['/usr/bin/bash', '-c', 'python3 /spark/app/extract.py']
[2024-08-27T08:33:00.909+0000] {subprocess.py:86} INFO - Output:
[2024-08-27T08:33:03.049+0000] {subprocess.py:93} INFO - Dữ liệu đã được lưu vào /data/customers.csv
[2024-08-27T08:33:03.052+0000] {subprocess.py:93} INFO - Dữ liệu đã được lưu vào /data/accounts.csv
[2024-08-27T08:33:03.053+0000] {subprocess.py:93} INFO - Dữ liệu đã được lưu vào /data/transactions.csv
[2024-08-27T08:33:03.055+0000] {subprocess.py:93} INFO - Dữ liệu đã được lưu vào /data/branches.csv
[2024-08-27T08:33:03.056+0000] {subprocess.py:93} INFO - Dữ liệu đã được lưu vào /data/loans.csv
[2024-08-27T08:33:03.057+0000] {subprocess.py:93} INFO - Dữ liệu đã được lưu vào /data/credit_cards.csv
[2024-08-27T08:33:03.058+0000] {subprocess.py:93} INFO - Dữ liệu đã được lưu vào /data/transaction_history.csv
[2024-08-27T08:33:03.059+0000] {subprocess.py:93} INFO - Dữ liệu đã được lưu vào /data/payment.csv
[2024-08-27T08:33:03.060+0000] {subprocess.py:93} INFO - Dữ liệu đã được lưu vào /data/investments.csv
[2024-08-27T08:33:03.205+0000] {subprocess.py:97} INFO - Command exited with return code 0
[2024-08-27T08:33:03.264+0000] {taskinstance.py:340} INFO - ::group::Post task execution logs
[2024-08-27T08:33:03.265+0000] {taskinstance.py:352} INFO - Marking task as SUCCESS. dag_id=extract_and_transform_dag, task_id=run_python_script, run_id=manual__2024-08-27T08:32:59.360585+00:00, execution_date=20240827T083259, start_date=20240827T083300, end_date=20240827T083303
[2024-08-27T08:33:03.331+0000] {local_task_job_runner.py:261} INFO - Task exited with return code 0
[2024-08-27T08:33:03.381+0000] {taskinstance.py:3891} INFO - 1 downstream tasks scheduled from follow-on schedule check
[2024-08-27T08:33:03.384+0000] {local_task_job_runner.py:240} INFO - ::endgroup::
