[2024-08-26T05:16:09.874+0000] {local_task_job_runner.py:123} INFO - ::group::Pre task execution logs
[2024-08-26T05:16:09.907+0000] {taskinstance.py:2603} INFO - Dependencies all met for dep_context=non-requeueable deps ti=<TaskInstance: extract_and_transform_dag.run_spark_job manual__2024-08-26T05:16:04.799587+00:00 [queued]>
[2024-08-26T05:16:09.925+0000] {taskinstance.py:2603} INFO - Dependencies all met for dep_context=requeueable deps ti=<TaskInstance: extract_and_transform_dag.run_spark_job manual__2024-08-26T05:16:04.799587+00:00 [queued]>
[2024-08-26T05:16:09.925+0000] {taskinstance.py:2856} INFO - Starting attempt 1 of 2
[2024-08-26T05:16:09.945+0000] {taskinstance.py:2879} INFO - Executing <Task(SparkSubmitOperator): run_spark_job> on 2024-08-26 05:16:04.799587+00:00
[2024-08-26T05:16:09.954+0000] {logging_mixin.py:190} WARNING - /home/***/.local/lib/python3.12/site-packages/***/task/task_runner/standard_task_runner.py:70 DeprecationWarning: This process (pid=209) is multi-threaded, use of fork() may lead to deadlocks in the child.
[2024-08-26T05:16:09.955+0000] {standard_task_runner.py:72} INFO - Started process 210 to run task
[2024-08-26T05:16:09.954+0000] {standard_task_runner.py:104} INFO - Running: ['***', 'tasks', 'run', 'extract_and_transform_dag', 'run_spark_job', 'manual__2024-08-26T05:16:04.799587+00:00', '--job-id', '182', '--raw', '--subdir', 'DAGS_FOLDER/ETL_Dags.py', '--cfg-path', '/tmp/tmpt67d3lyl']
[2024-08-26T05:16:09.957+0000] {standard_task_runner.py:105} INFO - Job 182: Subtask run_spark_job
[2024-08-26T05:16:10.064+0000] {task_command.py:467} INFO - Running <TaskInstance: extract_and_transform_dag.run_spark_job manual__2024-08-26T05:16:04.799587+00:00 [running]> on host f00445136288
[2024-08-26T05:16:10.266+0000] {taskinstance.py:3122} INFO - Exporting env vars: AIRFLOW_CTX_DAG_OWNER='***' AIRFLOW_CTX_DAG_ID='extract_and_transform_dag' AIRFLOW_CTX_TASK_ID='run_spark_job' AIRFLOW_CTX_EXECUTION_DATE='2024-08-26T05:16:04.799587+00:00' AIRFLOW_CTX_TRY_NUMBER='1' AIRFLOW_CTX_DAG_RUN_ID='manual__2024-08-26T05:16:04.799587+00:00'
[2024-08-26T05:16:10.267+0000] {taskinstance.py:731} INFO - ::endgroup::
[2024-08-26T05:16:10.301+0000] {base.py:84} INFO - Retrieving connection 'SPARK-PROJECT'
[2024-08-26T05:16:10.302+0000] {spark_submit.py:403} INFO - Spark-Submit cmd: spark-submit --master spark://172.18.0.3:7077 --conf spark.driver.extraClassPath=/opt/bitnami/spark/jars/spark-snowflake_2.12-2.16.0-spark_3.2.jar --conf spark.executor.extraClassPath=/opt/bitnami/spark/jars/spark-snowflake_2.12-2.16.0-spark_3.2.jar --name spark_transform_job --deploy-mode client /spark/app/transform.py
[2024-08-26T05:16:13.715+0000] {spark_submit.py:579} INFO - 24/08/26 05:16:13 INFO SparkContext: Running Spark version 3.5.2
[2024-08-26T05:16:13.719+0000] {spark_submit.py:579} INFO - 24/08/26 05:16:13 INFO SparkContext: OS info Linux, 6.6.26-linuxkit, amd64
[2024-08-26T05:16:13.721+0000] {spark_submit.py:579} INFO - 24/08/26 05:16:13 INFO SparkContext: Java version 17.0.12
[2024-08-26T05:16:13.784+0000] {spark_submit.py:579} INFO - 24/08/26 05:16:13 WARN NativeCodeLoader: Unable to load native-hadoop library for your platform... using builtin-java classes where applicable
[2024-08-26T05:16:13.882+0000] {spark_submit.py:579} INFO - 24/08/26 05:16:13 INFO ResourceUtils: ==============================================================
[2024-08-26T05:16:13.883+0000] {spark_submit.py:579} INFO - 24/08/26 05:16:13 INFO ResourceUtils: No custom resources configured for spark.driver.
[2024-08-26T05:16:13.884+0000] {spark_submit.py:579} INFO - 24/08/26 05:16:13 INFO ResourceUtils: ==============================================================
[2024-08-26T05:16:13.885+0000] {spark_submit.py:579} INFO - 24/08/26 05:16:13 INFO SparkContext: Submitted application: DataCleaning
[2024-08-26T05:16:13.924+0000] {spark_submit.py:579} INFO - 24/08/26 05:16:13 INFO ResourceProfile: Default ResourceProfile created, executor resources: Map(memory -> name: memory, amount: 1024, script: , vendor: , offHeap -> name: offHeap, amount: 0, script: , vendor: ), task resources: Map(cpus -> name: cpus, amount: 1.0)
[2024-08-26T05:16:13.938+0000] {spark_submit.py:579} INFO - 24/08/26 05:16:13 INFO ResourceProfile: Limiting resource is cpu
[2024-08-26T05:16:13.941+0000] {spark_submit.py:579} INFO - 24/08/26 05:16:13 INFO ResourceProfileManager: Added ResourceProfile id: 0
[2024-08-26T05:16:14.023+0000] {spark_submit.py:579} INFO - 24/08/26 05:16:14 INFO SecurityManager: Changing view acls to: ***
[2024-08-26T05:16:14.024+0000] {spark_submit.py:579} INFO - 24/08/26 05:16:14 INFO SecurityManager: Changing modify acls to: ***
[2024-08-26T05:16:14.025+0000] {spark_submit.py:579} INFO - 24/08/26 05:16:14 INFO SecurityManager: Changing view acls groups to:
[2024-08-26T05:16:14.027+0000] {spark_submit.py:579} INFO - 24/08/26 05:16:14 INFO SecurityManager: Changing modify acls groups to:
[2024-08-26T05:16:14.028+0000] {spark_submit.py:579} INFO - 24/08/26 05:16:14 INFO SecurityManager: SecurityManager: authentication disabled; ui acls disabled; users with view permissions: ***; groups with view permissions: EMPTY; users with modify permissions: ***; groups with modify permissions: EMPTY
[2024-08-26T05:16:14.348+0000] {spark_submit.py:579} INFO - 24/08/26 05:16:14 INFO Utils: Successfully started service 'sparkDriver' on port 43153.
[2024-08-26T05:16:14.382+0000] {spark_submit.py:579} INFO - 24/08/26 05:16:14 INFO SparkEnv: Registering MapOutputTracker
[2024-08-26T05:16:14.429+0000] {spark_submit.py:579} INFO - 24/08/26 05:16:14 INFO SparkEnv: Registering BlockManagerMaster
[2024-08-26T05:16:14.450+0000] {spark_submit.py:579} INFO - 24/08/26 05:16:14 INFO BlockManagerMasterEndpoint: Using org.apache.spark.storage.DefaultTopologyMapper for getting topology information
[2024-08-26T05:16:14.451+0000] {spark_submit.py:579} INFO - 24/08/26 05:16:14 INFO BlockManagerMasterEndpoint: BlockManagerMasterEndpoint up
[2024-08-26T05:16:14.457+0000] {spark_submit.py:579} INFO - 24/08/26 05:16:14 INFO SparkEnv: Registering BlockManagerMasterHeartbeat
[2024-08-26T05:16:14.482+0000] {spark_submit.py:579} INFO - 24/08/26 05:16:14 INFO DiskBlockManager: Created local directory at /tmp/blockmgr-7702f363-47fb-49b0-ba01-002cbaa29eca
[2024-08-26T05:16:14.505+0000] {spark_submit.py:579} INFO - 24/08/26 05:16:14 INFO MemoryStore: MemoryStore started with capacity 434.4 MiB
[2024-08-26T05:16:14.529+0000] {spark_submit.py:579} INFO - 24/08/26 05:16:14 INFO SparkEnv: Registering OutputCommitCoordinator
[2024-08-26T05:16:14.693+0000] {spark_submit.py:579} INFO - 24/08/26 05:16:14 INFO JettyUtils: Start Jetty 0.0.0.0:4040 for SparkUI
[2024-08-26T05:16:14.790+0000] {spark_submit.py:579} INFO - 24/08/26 05:16:14 INFO Utils: Successfully started service 'SparkUI' on port 4040.
[2024-08-26T05:16:14.974+0000] {spark_submit.py:579} INFO - 24/08/26 05:16:14 INFO StandaloneAppClient$ClientEndpoint: Connecting to master spark://172.18.0.3:7077...
[2024-08-26T05:16:15.061+0000] {spark_submit.py:579} INFO - 24/08/26 05:16:15 INFO TransportClientFactory: Successfully created connection to /172.18.0.3:7077 after 49 ms (0 ms spent in bootstraps)
[2024-08-26T05:16:34.975+0000] {spark_submit.py:579} INFO - 24/08/26 05:16:34 INFO StandaloneAppClient$ClientEndpoint: Connecting to master spark://172.18.0.3:7077...
[2024-08-26T05:16:54.978+0000] {spark_submit.py:579} INFO - 24/08/26 05:16:54 INFO StandaloneAppClient$ClientEndpoint: Connecting to master spark://172.18.0.3:7077...
[2024-08-26T05:17:14.980+0000] {spark_submit.py:579} INFO - 24/08/26 05:17:14 WARN StandaloneSchedulerBackend: Application ID is not initialized yet.
[2024-08-26T05:17:14.984+0000] {spark_submit.py:579} INFO - 24/08/26 05:17:14 ERROR StandaloneSchedulerBackend: Application has been killed. Reason: All masters are unresponsive! Giving up.
[2024-08-26T05:17:14.999+0000] {spark_submit.py:579} INFO - 24/08/26 05:17:14 INFO Utils: Successfully started service 'org.apache.spark.network.netty.NettyBlockTransferService' on port 40659.
[2024-08-26T05:17:15.000+0000] {spark_submit.py:579} INFO - 24/08/26 05:17:14 INFO NettyBlockTransferService: Server created on f00445136288:40659
[2024-08-26T05:17:15.005+0000] {spark_submit.py:579} INFO - 24/08/26 05:17:15 INFO BlockManager: Using org.apache.spark.storage.RandomBlockReplicationPolicy for block replication policy
[2024-08-26T05:17:15.016+0000] {spark_submit.py:579} INFO - 24/08/26 05:17:15 INFO BlockManagerMaster: Registering BlockManager BlockManagerId(driver, f00445136288, 40659, None)
[2024-08-26T05:17:15.024+0000] {spark_submit.py:579} INFO - 24/08/26 05:17:15 INFO BlockManagerMasterEndpoint: Registering block manager f00445136288:40659 with 434.4 MiB RAM, BlockManagerId(driver, f00445136288, 40659, None)
[2024-08-26T05:17:15.028+0000] {spark_submit.py:579} INFO - 24/08/26 05:17:15 INFO BlockManagerMaster: Registered BlockManager BlockManagerId(driver, f00445136288, 40659, None)
[2024-08-26T05:17:15.030+0000] {spark_submit.py:579} INFO - 24/08/26 05:17:15 INFO BlockManager: Initialized BlockManager: BlockManagerId(driver, f00445136288, 40659, None)
[2024-08-26T05:17:15.247+0000] {spark_submit.py:579} INFO - 24/08/26 05:17:15 INFO StandaloneSchedulerBackend: SchedulerBackend is ready for scheduling beginning after reached minRegisteredResourcesRatio: 0.0
[2024-08-26T05:17:15.558+0000] {spark_submit.py:579} INFO - 24/08/26 05:17:15 INFO SparkContext: SparkContext is stopping with exitCode 0.
[2024-08-26T05:17:15.571+0000] {spark_submit.py:579} INFO - 24/08/26 05:17:15 INFO SparkUI: Stopped Spark web UI at http://f00445136288:4040
[2024-08-26T05:17:15.584+0000] {spark_submit.py:579} INFO - 24/08/26 05:17:15 INFO StandaloneSchedulerBackend: Shutting down all executors
[2024-08-26T05:17:15.595+0000] {spark_submit.py:579} INFO - 24/08/26 05:17:15 INFO StandaloneSchedulerBackend$StandaloneDriverEndpoint: Asking each executor to shut down
[2024-08-26T05:17:15.605+0000] {spark_submit.py:579} INFO - 24/08/26 05:17:15 WARN StandaloneAppClient$ClientEndpoint: Drop UnregisterApplication(null) because has not yet connected to master
[2024-08-26T05:17:15.610+0000] {spark_submit.py:579} INFO - 24/08/26 05:17:15 INFO SharedState: Setting hive.metastore.warehouse.dir ('null') to the value of spark.sql.warehouse.dir.
[2024-08-26T05:17:15.623+0000] {spark_submit.py:579} INFO - 24/08/26 05:17:15 INFO MapOutputTrackerMasterEndpoint: MapOutputTrackerMasterEndpoint stopped!
[2024-08-26T05:17:15.629+0000] {spark_submit.py:579} INFO - 24/08/26 05:17:15 INFO SharedState: Warehouse path is 'file:/opt/***/spark-warehouse'.
[2024-08-26T05:17:15.640+0000] {spark_submit.py:579} INFO - 24/08/26 05:17:15 INFO MemoryStore: MemoryStore cleared
[2024-08-26T05:17:15.641+0000] {spark_submit.py:579} INFO - 24/08/26 05:17:15 INFO BlockManager: BlockManager stopped
[2024-08-26T05:17:15.654+0000] {spark_submit.py:579} INFO - 24/08/26 05:17:15 INFO BlockManagerMaster: BlockManagerMaster stopped
[2024-08-26T05:17:15.658+0000] {spark_submit.py:579} INFO - 24/08/26 05:17:15 INFO OutputCommitCoordinator$OutputCommitCoordinatorEndpoint: OutputCommitCoordinator stopped!
[2024-08-26T05:17:15.676+0000] {spark_submit.py:579} INFO - 24/08/26 05:17:15 INFO SparkContext: Successfully stopped SparkContext
[2024-08-26T05:17:15.701+0000] {spark_submit.py:579} INFO - Lỗi khi đọc file customers.csv: An error occurred while calling o25.read.
[2024-08-26T05:17:15.702+0000] {spark_submit.py:579} INFO - : java.lang.IllegalStateException: LiveListenerBus is stopped.
[2024-08-26T05:17:15.702+0000] {spark_submit.py:579} INFO - at org.apache.spark.scheduler.LiveListenerBus.addToQueue(LiveListenerBus.scala:92)
[2024-08-26T05:17:15.706+0000] {spark_submit.py:579} INFO - at org.apache.spark.scheduler.LiveListenerBus.addToStatusQueue(LiveListenerBus.scala:75)
[2024-08-26T05:17:15.707+0000] {spark_submit.py:579} INFO - at org.apache.spark.sql.internal.SharedState.<init>(SharedState.scala:115)
[2024-08-26T05:17:15.708+0000] {spark_submit.py:579} INFO - at org.apache.spark.sql.SparkSession.$anonfun$sharedState$1(SparkSession.scala:143)
[2024-08-26T05:17:15.709+0000] {spark_submit.py:579} INFO - at scala.Option.getOrElse(Option.scala:189)
[2024-08-26T05:17:15.709+0000] {spark_submit.py:579} INFO - at org.apache.spark.sql.SparkSession.sharedState$lzycompute(SparkSession.scala:143)
[2024-08-26T05:17:15.710+0000] {spark_submit.py:579} INFO - at org.apache.spark.sql.SparkSession.sharedState(SparkSession.scala:142)
[2024-08-26T05:17:15.711+0000] {spark_submit.py:579} INFO - at org.apache.spark.sql.SparkSession.$anonfun$sessionState$2(SparkSession.scala:162)
[2024-08-26T05:17:15.712+0000] {spark_submit.py:579} INFO - at scala.Option.getOrElse(Option.scala:189)
[2024-08-26T05:17:15.713+0000] {spark_submit.py:579} INFO - at org.apache.spark.sql.SparkSession.sessionState$lzycompute(SparkSession.scala:160)
[2024-08-26T05:17:15.713+0000] {spark_submit.py:579} INFO - at org.apache.spark.sql.SparkSession.sessionState(SparkSession.scala:157)
[2024-08-26T05:17:15.714+0000] {spark_submit.py:579} INFO - at org.apache.spark.sql.DataFrameReader.<init>(DataFrameReader.scala:699)
[2024-08-26T05:17:15.714+0000] {spark_submit.py:579} INFO - at org.apache.spark.sql.SparkSession.read(SparkSession.scala:783)
[2024-08-26T05:17:15.715+0000] {spark_submit.py:579} INFO - at java.base/jdk.internal.reflect.NativeMethodAccessorImpl.invoke0(Native Method)
[2024-08-26T05:17:15.715+0000] {spark_submit.py:579} INFO - at java.base/jdk.internal.reflect.NativeMethodAccessorImpl.invoke(NativeMethodAccessorImpl.java:77)
[2024-08-26T05:17:15.715+0000] {spark_submit.py:579} INFO - at java.base/jdk.internal.reflect.DelegatingMethodAccessorImpl.invoke(DelegatingMethodAccessorImpl.java:43)
[2024-08-26T05:17:15.716+0000] {spark_submit.py:579} INFO - at java.base/java.lang.reflect.Method.invoke(Method.java:569)
[2024-08-26T05:17:15.716+0000] {spark_submit.py:579} INFO - at py4j.reflection.MethodInvoker.invoke(MethodInvoker.java:244)
[2024-08-26T05:17:15.716+0000] {spark_submit.py:579} INFO - at py4j.reflection.ReflectionEngine.invoke(ReflectionEngine.java:374)
[2024-08-26T05:17:15.716+0000] {spark_submit.py:579} INFO - at py4j.Gateway.invoke(Gateway.java:282)
[2024-08-26T05:17:15.717+0000] {spark_submit.py:579} INFO - at py4j.commands.AbstractCommand.invokeMethod(AbstractCommand.java:132)
[2024-08-26T05:17:15.717+0000] {spark_submit.py:579} INFO - at py4j.commands.CallCommand.execute(CallCommand.java:79)
[2024-08-26T05:17:15.717+0000] {spark_submit.py:579} INFO - at py4j.ClientServerConnection.waitForCommands(ClientServerConnection.java:182)
[2024-08-26T05:17:15.719+0000] {spark_submit.py:579} INFO - at py4j.ClientServerConnection.run(ClientServerConnection.java:106)
[2024-08-26T05:17:15.720+0000] {spark_submit.py:579} INFO - at java.base/java.lang.Thread.run(Thread.java:840)
[2024-08-26T05:17:15.723+0000] {spark_submit.py:579} INFO - 
[2024-08-26T05:17:15.725+0000] {spark_submit.py:579} INFO - 24/08/26 05:17:15 INFO SharedState: Setting hive.metastore.warehouse.dir ('file:/opt/***/spark-warehouse') to the value of spark.sql.warehouse.dir.
[2024-08-26T05:17:15.726+0000] {spark_submit.py:579} INFO - 24/08/26 05:17:15 INFO SharedState: Warehouse path is 'file:/opt/***/spark-warehouse'.
[2024-08-26T05:17:15.752+0000] {spark_submit.py:579} INFO - Lỗi khi đọc file accounts.csv: An error occurred while calling o25.read.
[2024-08-26T05:17:15.753+0000] {spark_submit.py:579} INFO - : java.lang.IllegalStateException: LiveListenerBus is stopped.
[2024-08-26T05:17:15.755+0000] {spark_submit.py:579} INFO - at org.apache.spark.scheduler.LiveListenerBus.addToQueue(LiveListenerBus.scala:92)
[2024-08-26T05:17:15.755+0000] {spark_submit.py:579} INFO - at org.apache.spark.scheduler.LiveListenerBus.addToStatusQueue(LiveListenerBus.scala:75)
[2024-08-26T05:17:15.756+0000] {spark_submit.py:579} INFO - at org.apache.spark.sql.internal.SharedState.<init>(SharedState.scala:115)
[2024-08-26T05:17:15.757+0000] {spark_submit.py:579} INFO - at org.apache.spark.sql.SparkSession.$anonfun$sharedState$1(SparkSession.scala:143)
[2024-08-26T05:17:15.757+0000] {spark_submit.py:579} INFO - at scala.Option.getOrElse(Option.scala:189)
[2024-08-26T05:17:15.758+0000] {spark_submit.py:579} INFO - at org.apache.spark.sql.SparkSession.sharedState$lzycompute(SparkSession.scala:143)
[2024-08-26T05:17:15.759+0000] {spark_submit.py:579} INFO - at org.apache.spark.sql.SparkSession.sharedState(SparkSession.scala:142)
[2024-08-26T05:17:15.760+0000] {spark_submit.py:579} INFO - at org.apache.spark.sql.SparkSession.$anonfun$sessionState$2(SparkSession.scala:162)
[2024-08-26T05:17:15.760+0000] {spark_submit.py:579} INFO - at scala.Option.getOrElse(Option.scala:189)
[2024-08-26T05:17:15.761+0000] {spark_submit.py:579} INFO - at org.apache.spark.sql.SparkSession.sessionState$lzycompute(SparkSession.scala:160)
[2024-08-26T05:17:15.762+0000] {spark_submit.py:579} INFO - at org.apache.spark.sql.SparkSession.sessionState(SparkSession.scala:157)
[2024-08-26T05:17:15.762+0000] {spark_submit.py:579} INFO - at org.apache.spark.sql.DataFrameReader.<init>(DataFrameReader.scala:699)
[2024-08-26T05:17:15.763+0000] {spark_submit.py:579} INFO - at org.apache.spark.sql.SparkSession.read(SparkSession.scala:783)
[2024-08-26T05:17:15.763+0000] {spark_submit.py:579} INFO - at java.base/jdk.internal.reflect.NativeMethodAccessorImpl.invoke0(Native Method)
[2024-08-26T05:17:15.763+0000] {spark_submit.py:579} INFO - at java.base/jdk.internal.reflect.NativeMethodAccessorImpl.invoke(NativeMethodAccessorImpl.java:77)
[2024-08-26T05:17:15.764+0000] {spark_submit.py:579} INFO - at java.base/jdk.internal.reflect.DelegatingMethodAccessorImpl.invoke(DelegatingMethodAccessorImpl.java:43)
[2024-08-26T05:17:15.765+0000] {spark_submit.py:579} INFO - at java.base/java.lang.reflect.Method.invoke(Method.java:569)
[2024-08-26T05:17:15.766+0000] {spark_submit.py:579} INFO - at py4j.reflection.MethodInvoker.invoke(MethodInvoker.java:244)
[2024-08-26T05:17:15.766+0000] {spark_submit.py:579} INFO - at py4j.reflection.ReflectionEngine.invoke(ReflectionEngine.java:374)
[2024-08-26T05:17:15.767+0000] {spark_submit.py:579} INFO - at py4j.Gateway.invoke(Gateway.java:282)
[2024-08-26T05:17:15.768+0000] {spark_submit.py:579} INFO - at py4j.commands.AbstractCommand.invokeMethod(AbstractCommand.java:132)
[2024-08-26T05:17:15.769+0000] {spark_submit.py:579} INFO - at py4j.commands.CallCommand.execute(CallCommand.java:79)
[2024-08-26T05:17:15.769+0000] {spark_submit.py:579} INFO - at py4j.ClientServerConnection.waitForCommands(ClientServerConnection.java:182)
[2024-08-26T05:17:15.770+0000] {spark_submit.py:579} INFO - at py4j.ClientServerConnection.run(ClientServerConnection.java:106)
[2024-08-26T05:17:15.773+0000] {spark_submit.py:579} INFO - at java.base/java.lang.Thread.run(Thread.java:840)
[2024-08-26T05:17:15.774+0000] {spark_submit.py:579} INFO - 
[2024-08-26T05:17:15.778+0000] {spark_submit.py:579} INFO - 24/08/26 05:17:15 INFO SharedState: Setting hive.metastore.warehouse.dir ('file:/opt/***/spark-warehouse') to the value of spark.sql.warehouse.dir.
[2024-08-26T05:17:15.781+0000] {spark_submit.py:579} INFO - 24/08/26 05:17:15 INFO SharedState: Warehouse path is 'file:/opt/***/spark-warehouse'.
[2024-08-26T05:17:15.814+0000] {spark_submit.py:579} INFO - Lỗi khi đọc file transactions.csv: An error occurred while calling o25.read.
[2024-08-26T05:17:15.815+0000] {spark_submit.py:579} INFO - : java.lang.IllegalStateException: LiveListenerBus is stopped.
[2024-08-26T05:17:15.815+0000] {spark_submit.py:579} INFO - at org.apache.spark.scheduler.LiveListenerBus.addToQueue(LiveListenerBus.scala:92)
[2024-08-26T05:17:15.816+0000] {spark_submit.py:579} INFO - at org.apache.spark.scheduler.LiveListenerBus.addToStatusQueue(LiveListenerBus.scala:75)
[2024-08-26T05:17:15.817+0000] {spark_submit.py:579} INFO - at org.apache.spark.sql.internal.SharedState.<init>(SharedState.scala:115)
[2024-08-26T05:17:15.818+0000] {spark_submit.py:579} INFO - at org.apache.spark.sql.SparkSession.$anonfun$sharedState$1(SparkSession.scala:143)
[2024-08-26T05:17:15.818+0000] {spark_submit.py:579} INFO - at scala.Option.getOrElse(Option.scala:189)
[2024-08-26T05:17:15.820+0000] {spark_submit.py:579} INFO - at org.apache.spark.sql.SparkSession.sharedState$lzycompute(SparkSession.scala:143)
[2024-08-26T05:17:15.821+0000] {spark_submit.py:579} INFO - at org.apache.spark.sql.SparkSession.sharedState(SparkSession.scala:142)
[2024-08-26T05:17:15.822+0000] {spark_submit.py:579} INFO - at org.apache.spark.sql.SparkSession.$anonfun$sessionState$2(SparkSession.scala:162)
[2024-08-26T05:17:15.822+0000] {spark_submit.py:579} INFO - at scala.Option.getOrElse(Option.scala:189)
[2024-08-26T05:17:15.823+0000] {spark_submit.py:579} INFO - at org.apache.spark.sql.SparkSession.sessionState$lzycompute(SparkSession.scala:160)
[2024-08-26T05:17:15.824+0000] {spark_submit.py:579} INFO - at org.apache.spark.sql.SparkSession.sessionState(SparkSession.scala:157)
[2024-08-26T05:17:15.825+0000] {spark_submit.py:579} INFO - at org.apache.spark.sql.DataFrameReader.<init>(DataFrameReader.scala:699)
[2024-08-26T05:17:15.826+0000] {spark_submit.py:579} INFO - at org.apache.spark.sql.SparkSession.read(SparkSession.scala:783)
[2024-08-26T05:17:15.829+0000] {spark_submit.py:579} INFO - at java.base/jdk.internal.reflect.NativeMethodAccessorImpl.invoke0(Native Method)
[2024-08-26T05:17:15.830+0000] {spark_submit.py:579} INFO - at java.base/jdk.internal.reflect.NativeMethodAccessorImpl.invoke(NativeMethodAccessorImpl.java:77)
[2024-08-26T05:17:15.831+0000] {spark_submit.py:579} INFO - at java.base/jdk.internal.reflect.DelegatingMethodAccessorImpl.invoke(DelegatingMethodAccessorImpl.java:43)
[2024-08-26T05:17:15.832+0000] {spark_submit.py:579} INFO - at java.base/java.lang.reflect.Method.invoke(Method.java:569)
[2024-08-26T05:17:15.832+0000] {spark_submit.py:579} INFO - at py4j.reflection.MethodInvoker.invoke(MethodInvoker.java:244)
[2024-08-26T05:17:15.833+0000] {spark_submit.py:579} INFO - at py4j.reflection.ReflectionEngine.invoke(ReflectionEngine.java:374)
[2024-08-26T05:17:15.833+0000] {spark_submit.py:579} INFO - at py4j.Gateway.invoke(Gateway.java:282)
[2024-08-26T05:17:15.834+0000] {spark_submit.py:579} INFO - at py4j.commands.AbstractCommand.invokeMethod(AbstractCommand.java:132)
[2024-08-26T05:17:15.834+0000] {spark_submit.py:579} INFO - at py4j.commands.CallCommand.execute(CallCommand.java:79)
[2024-08-26T05:17:15.835+0000] {spark_submit.py:579} INFO - at py4j.ClientServerConnection.waitForCommands(ClientServerConnection.java:182)
[2024-08-26T05:17:15.836+0000] {spark_submit.py:579} INFO - at py4j.ClientServerConnection.run(ClientServerConnection.java:106)
[2024-08-26T05:17:15.836+0000] {spark_submit.py:579} INFO - at java.base/java.lang.Thread.run(Thread.java:840)
[2024-08-26T05:17:15.837+0000] {spark_submit.py:579} INFO - 
[2024-08-26T05:17:15.838+0000] {spark_submit.py:579} INFO - 24/08/26 05:17:15 INFO SharedState: Setting hive.metastore.warehouse.dir ('file:/opt/***/spark-warehouse') to the value of spark.sql.warehouse.dir.
[2024-08-26T05:17:15.839+0000] {spark_submit.py:579} INFO - 24/08/26 05:17:15 INFO SharedState: Warehouse path is 'file:/opt/***/spark-warehouse'.
[2024-08-26T05:17:15.866+0000] {spark_submit.py:579} INFO - Lỗi khi đọc file branches.csv: An error occurred while calling o25.read.
[2024-08-26T05:17:15.867+0000] {spark_submit.py:579} INFO - : java.lang.IllegalStateException: LiveListenerBus is stopped.
[2024-08-26T05:17:15.867+0000] {spark_submit.py:579} INFO - at org.apache.spark.scheduler.LiveListenerBus.addToQueue(LiveListenerBus.scala:92)
[2024-08-26T05:17:15.868+0000] {spark_submit.py:579} INFO - at org.apache.spark.scheduler.LiveListenerBus.addToStatusQueue(LiveListenerBus.scala:75)
[2024-08-26T05:17:15.869+0000] {spark_submit.py:579} INFO - at org.apache.spark.sql.internal.SharedState.<init>(SharedState.scala:115)
[2024-08-26T05:17:15.869+0000] {spark_submit.py:579} INFO - at org.apache.spark.sql.SparkSession.$anonfun$sharedState$1(SparkSession.scala:143)
[2024-08-26T05:17:15.870+0000] {spark_submit.py:579} INFO - at scala.Option.getOrElse(Option.scala:189)
[2024-08-26T05:17:15.871+0000] {spark_submit.py:579} INFO - at org.apache.spark.sql.SparkSession.sharedState$lzycompute(SparkSession.scala:143)
[2024-08-26T05:17:15.872+0000] {spark_submit.py:579} INFO - at org.apache.spark.sql.SparkSession.sharedState(SparkSession.scala:142)
[2024-08-26T05:17:15.872+0000] {spark_submit.py:579} INFO - at org.apache.spark.sql.SparkSession.$anonfun$sessionState$2(SparkSession.scala:162)
[2024-08-26T05:17:15.873+0000] {spark_submit.py:579} INFO - at scala.Option.getOrElse(Option.scala:189)
[2024-08-26T05:17:15.873+0000] {spark_submit.py:579} INFO - at org.apache.spark.sql.SparkSession.sessionState$lzycompute(SparkSession.scala:160)
[2024-08-26T05:17:15.875+0000] {spark_submit.py:579} INFO - at org.apache.spark.sql.SparkSession.sessionState(SparkSession.scala:157)
[2024-08-26T05:17:15.876+0000] {spark_submit.py:579} INFO - at org.apache.spark.sql.DataFrameReader.<init>(DataFrameReader.scala:699)
[2024-08-26T05:17:15.877+0000] {spark_submit.py:579} INFO - at org.apache.spark.sql.SparkSession.read(SparkSession.scala:783)
[2024-08-26T05:17:15.877+0000] {spark_submit.py:579} INFO - at java.base/jdk.internal.reflect.NativeMethodAccessorImpl.invoke0(Native Method)
[2024-08-26T05:17:15.878+0000] {spark_submit.py:579} INFO - at java.base/jdk.internal.reflect.NativeMethodAccessorImpl.invoke(NativeMethodAccessorImpl.java:77)
[2024-08-26T05:17:15.880+0000] {spark_submit.py:579} INFO - at java.base/jdk.internal.reflect.DelegatingMethodAccessorImpl.invoke(DelegatingMethodAccessorImpl.java:43)
[2024-08-26T05:17:15.881+0000] {spark_submit.py:579} INFO - at java.base/java.lang.reflect.Method.invoke(Method.java:569)
[2024-08-26T05:17:15.881+0000] {spark_submit.py:579} INFO - at py4j.reflection.MethodInvoker.invoke(MethodInvoker.java:244)
[2024-08-26T05:17:15.882+0000] {spark_submit.py:579} INFO - at py4j.reflection.ReflectionEngine.invoke(ReflectionEngine.java:374)
[2024-08-26T05:17:15.882+0000] {spark_submit.py:579} INFO - at py4j.Gateway.invoke(Gateway.java:282)
[2024-08-26T05:17:15.883+0000] {spark_submit.py:579} INFO - at py4j.commands.AbstractCommand.invokeMethod(AbstractCommand.java:132)
[2024-08-26T05:17:15.884+0000] {spark_submit.py:579} INFO - at py4j.commands.CallCommand.execute(CallCommand.java:79)
[2024-08-26T05:17:15.885+0000] {spark_submit.py:579} INFO - at py4j.ClientServerConnection.waitForCommands(ClientServerConnection.java:182)
[2024-08-26T05:17:15.885+0000] {spark_submit.py:579} INFO - at py4j.ClientServerConnection.run(ClientServerConnection.java:106)
[2024-08-26T05:17:15.886+0000] {spark_submit.py:579} INFO - at java.base/java.lang.Thread.run(Thread.java:840)
[2024-08-26T05:17:15.887+0000] {spark_submit.py:579} INFO - 
[2024-08-26T05:17:15.887+0000] {spark_submit.py:579} INFO - 24/08/26 05:17:15 INFO SharedState: Setting hive.metastore.warehouse.dir ('file:/opt/***/spark-warehouse') to the value of spark.sql.warehouse.dir.
[2024-08-26T05:17:15.888+0000] {spark_submit.py:579} INFO - 24/08/26 05:17:15 INFO SharedState: Warehouse path is 'file:/opt/***/spark-warehouse'.
[2024-08-26T05:17:15.903+0000] {spark_submit.py:579} INFO - Lỗi khi đọc file loans.csv: An error occurred while calling o25.read.
[2024-08-26T05:17:15.904+0000] {spark_submit.py:579} INFO - : java.lang.IllegalStateException: LiveListenerBus is stopped.
[2024-08-26T05:17:15.905+0000] {spark_submit.py:579} INFO - at org.apache.spark.scheduler.LiveListenerBus.addToQueue(LiveListenerBus.scala:92)
[2024-08-26T05:17:15.906+0000] {spark_submit.py:579} INFO - at org.apache.spark.scheduler.LiveListenerBus.addToStatusQueue(LiveListenerBus.scala:75)
[2024-08-26T05:17:15.908+0000] {spark_submit.py:579} INFO - at org.apache.spark.sql.internal.SharedState.<init>(SharedState.scala:115)
[2024-08-26T05:17:15.908+0000] {spark_submit.py:579} INFO - at org.apache.spark.sql.SparkSession.$anonfun$sharedState$1(SparkSession.scala:143)
[2024-08-26T05:17:15.909+0000] {spark_submit.py:579} INFO - at scala.Option.getOrElse(Option.scala:189)
[2024-08-26T05:17:15.910+0000] {spark_submit.py:579} INFO - at org.apache.spark.sql.SparkSession.sharedState$lzycompute(SparkSession.scala:143)
[2024-08-26T05:17:15.910+0000] {spark_submit.py:579} INFO - at org.apache.spark.sql.SparkSession.sharedState(SparkSession.scala:142)
[2024-08-26T05:17:15.911+0000] {spark_submit.py:579} INFO - at org.apache.spark.sql.SparkSession.$anonfun$sessionState$2(SparkSession.scala:162)
[2024-08-26T05:17:15.911+0000] {spark_submit.py:579} INFO - at scala.Option.getOrElse(Option.scala:189)
[2024-08-26T05:17:15.912+0000] {spark_submit.py:579} INFO - at org.apache.spark.sql.SparkSession.sessionState$lzycompute(SparkSession.scala:160)
[2024-08-26T05:17:15.913+0000] {spark_submit.py:579} INFO - at org.apache.spark.sql.SparkSession.sessionState(SparkSession.scala:157)
[2024-08-26T05:17:15.913+0000] {spark_submit.py:579} INFO - at org.apache.spark.sql.DataFrameReader.<init>(DataFrameReader.scala:699)
[2024-08-26T05:17:15.914+0000] {spark_submit.py:579} INFO - at org.apache.spark.sql.SparkSession.read(SparkSession.scala:783)
[2024-08-26T05:17:15.915+0000] {spark_submit.py:579} INFO - at java.base/jdk.internal.reflect.NativeMethodAccessorImpl.invoke0(Native Method)
[2024-08-26T05:17:15.915+0000] {spark_submit.py:579} INFO - at java.base/jdk.internal.reflect.NativeMethodAccessorImpl.invoke(NativeMethodAccessorImpl.java:77)
[2024-08-26T05:17:15.915+0000] {spark_submit.py:579} INFO - at java.base/jdk.internal.reflect.DelegatingMethodAccessorImpl.invoke(DelegatingMethodAccessorImpl.java:43)
[2024-08-26T05:17:15.916+0000] {spark_submit.py:579} INFO - at java.base/java.lang.reflect.Method.invoke(Method.java:569)
[2024-08-26T05:17:15.917+0000] {spark_submit.py:579} INFO - at py4j.reflection.MethodInvoker.invoke(MethodInvoker.java:244)
[2024-08-26T05:17:15.917+0000] {spark_submit.py:579} INFO - at py4j.reflection.ReflectionEngine.invoke(ReflectionEngine.java:374)
[2024-08-26T05:17:15.920+0000] {spark_submit.py:579} INFO - at py4j.Gateway.invoke(Gateway.java:282)
[2024-08-26T05:17:15.920+0000] {spark_submit.py:579} INFO - at py4j.commands.AbstractCommand.invokeMethod(AbstractCommand.java:132)
[2024-08-26T05:17:15.921+0000] {spark_submit.py:579} INFO - at py4j.commands.CallCommand.execute(CallCommand.java:79)
[2024-08-26T05:17:15.921+0000] {spark_submit.py:579} INFO - at py4j.ClientServerConnection.waitForCommands(ClientServerConnection.java:182)
[2024-08-26T05:17:15.922+0000] {spark_submit.py:579} INFO - at py4j.ClientServerConnection.run(ClientServerConnection.java:106)
[2024-08-26T05:17:15.923+0000] {spark_submit.py:579} INFO - at java.base/java.lang.Thread.run(Thread.java:840)
[2024-08-26T05:17:15.924+0000] {spark_submit.py:579} INFO - 
[2024-08-26T05:17:15.925+0000] {spark_submit.py:579} INFO - 24/08/26 05:17:15 INFO SharedState: Setting hive.metastore.warehouse.dir ('file:/opt/***/spark-warehouse') to the value of spark.sql.warehouse.dir.
[2024-08-26T05:17:15.925+0000] {spark_submit.py:579} INFO - 24/08/26 05:17:15 INFO SharedState: Warehouse path is 'file:/opt/***/spark-warehouse'.
[2024-08-26T05:17:15.946+0000] {spark_submit.py:579} INFO - Lỗi khi đọc file credit_cards.csv: An error occurred while calling o25.read.
[2024-08-26T05:17:15.947+0000] {spark_submit.py:579} INFO - : java.lang.IllegalStateException: LiveListenerBus is stopped.
[2024-08-26T05:17:15.947+0000] {spark_submit.py:579} INFO - at org.apache.spark.scheduler.LiveListenerBus.addToQueue(LiveListenerBus.scala:92)
[2024-08-26T05:17:15.948+0000] {spark_submit.py:579} INFO - at org.apache.spark.scheduler.LiveListenerBus.addToStatusQueue(LiveListenerBus.scala:75)
[2024-08-26T05:17:15.949+0000] {spark_submit.py:579} INFO - at org.apache.spark.sql.internal.SharedState.<init>(SharedState.scala:115)
[2024-08-26T05:17:15.950+0000] {spark_submit.py:579} INFO - at org.apache.spark.sql.SparkSession.$anonfun$sharedState$1(SparkSession.scala:143)
[2024-08-26T05:17:15.950+0000] {spark_submit.py:579} INFO - at scala.Option.getOrElse(Option.scala:189)
[2024-08-26T05:17:15.951+0000] {spark_submit.py:579} INFO - at org.apache.spark.sql.SparkSession.sharedState$lzycompute(SparkSession.scala:143)
[2024-08-26T05:17:15.952+0000] {spark_submit.py:579} INFO - at org.apache.spark.sql.SparkSession.sharedState(SparkSession.scala:142)
[2024-08-26T05:17:15.952+0000] {spark_submit.py:579} INFO - at org.apache.spark.sql.SparkSession.$anonfun$sessionState$2(SparkSession.scala:162)
[2024-08-26T05:17:15.953+0000] {spark_submit.py:579} INFO - at scala.Option.getOrElse(Option.scala:189)
[2024-08-26T05:17:15.953+0000] {spark_submit.py:579} INFO - at org.apache.spark.sql.SparkSession.sessionState$lzycompute(SparkSession.scala:160)
[2024-08-26T05:17:15.954+0000] {spark_submit.py:579} INFO - at org.apache.spark.sql.SparkSession.sessionState(SparkSession.scala:157)
[2024-08-26T05:17:15.954+0000] {spark_submit.py:579} INFO - at org.apache.spark.sql.DataFrameReader.<init>(DataFrameReader.scala:699)
[2024-08-26T05:17:15.955+0000] {spark_submit.py:579} INFO - at org.apache.spark.sql.SparkSession.read(SparkSession.scala:783)
[2024-08-26T05:17:15.955+0000] {spark_submit.py:579} INFO - at java.base/jdk.internal.reflect.NativeMethodAccessorImpl.invoke0(Native Method)
[2024-08-26T05:17:15.955+0000] {spark_submit.py:579} INFO - at java.base/jdk.internal.reflect.NativeMethodAccessorImpl.invoke(NativeMethodAccessorImpl.java:77)
[2024-08-26T05:17:15.956+0000] {spark_submit.py:579} INFO - at java.base/jdk.internal.reflect.DelegatingMethodAccessorImpl.invoke(DelegatingMethodAccessorImpl.java:43)
[2024-08-26T05:17:15.956+0000] {spark_submit.py:579} INFO - at java.base/java.lang.reflect.Method.invoke(Method.java:569)
[2024-08-26T05:17:15.956+0000] {spark_submit.py:579} INFO - at py4j.reflection.MethodInvoker.invoke(MethodInvoker.java:244)
[2024-08-26T05:17:15.956+0000] {spark_submit.py:579} INFO - at py4j.reflection.ReflectionEngine.invoke(ReflectionEngine.java:374)
[2024-08-26T05:17:15.957+0000] {spark_submit.py:579} INFO - at py4j.Gateway.invoke(Gateway.java:282)
[2024-08-26T05:17:15.957+0000] {spark_submit.py:579} INFO - at py4j.commands.AbstractCommand.invokeMethod(AbstractCommand.java:132)
[2024-08-26T05:17:15.957+0000] {spark_submit.py:579} INFO - at py4j.commands.CallCommand.execute(CallCommand.java:79)
[2024-08-26T05:17:15.958+0000] {spark_submit.py:579} INFO - at py4j.ClientServerConnection.waitForCommands(ClientServerConnection.java:182)
[2024-08-26T05:17:15.958+0000] {spark_submit.py:579} INFO - at py4j.ClientServerConnection.run(ClientServerConnection.java:106)
[2024-08-26T05:17:15.959+0000] {spark_submit.py:579} INFO - at java.base/java.lang.Thread.run(Thread.java:840)
[2024-08-26T05:17:15.959+0000] {spark_submit.py:579} INFO - 
[2024-08-26T05:17:15.960+0000] {spark_submit.py:579} INFO - 24/08/26 05:17:15 INFO SharedState: Setting hive.metastore.warehouse.dir ('file:/opt/***/spark-warehouse') to the value of spark.sql.warehouse.dir.
[2024-08-26T05:17:15.960+0000] {spark_submit.py:579} INFO - 24/08/26 05:17:15 INFO SharedState: Warehouse path is 'file:/opt/***/spark-warehouse'.
[2024-08-26T05:17:15.981+0000] {spark_submit.py:579} INFO - Lỗi khi đọc file investments.csv: An error occurred while calling o25.read.
[2024-08-26T05:17:15.982+0000] {spark_submit.py:579} INFO - : java.lang.IllegalStateException: LiveListenerBus is stopped.
[2024-08-26T05:17:15.983+0000] {spark_submit.py:579} INFO - at org.apache.spark.scheduler.LiveListenerBus.addToQueue(LiveListenerBus.scala:92)
[2024-08-26T05:17:15.983+0000] {spark_submit.py:579} INFO - at org.apache.spark.scheduler.LiveListenerBus.addToStatusQueue(LiveListenerBus.scala:75)
[2024-08-26T05:17:15.984+0000] {spark_submit.py:579} INFO - at org.apache.spark.sql.internal.SharedState.<init>(SharedState.scala:115)
[2024-08-26T05:17:15.984+0000] {spark_submit.py:579} INFO - at org.apache.spark.sql.SparkSession.$anonfun$sharedState$1(SparkSession.scala:143)
[2024-08-26T05:17:15.984+0000] {spark_submit.py:579} INFO - at scala.Option.getOrElse(Option.scala:189)
[2024-08-26T05:17:15.985+0000] {spark_submit.py:579} INFO - at org.apache.spark.sql.SparkSession.sharedState$lzycompute(SparkSession.scala:143)
[2024-08-26T05:17:15.985+0000] {spark_submit.py:579} INFO - at org.apache.spark.sql.SparkSession.sharedState(SparkSession.scala:142)
[2024-08-26T05:17:15.985+0000] {spark_submit.py:579} INFO - at org.apache.spark.sql.SparkSession.$anonfun$sessionState$2(SparkSession.scala:162)
[2024-08-26T05:17:15.986+0000] {spark_submit.py:579} INFO - at scala.Option.getOrElse(Option.scala:189)
[2024-08-26T05:17:15.986+0000] {spark_submit.py:579} INFO - at org.apache.spark.sql.SparkSession.sessionState$lzycompute(SparkSession.scala:160)
[2024-08-26T05:17:15.986+0000] {spark_submit.py:579} INFO - at org.apache.spark.sql.SparkSession.sessionState(SparkSession.scala:157)
[2024-08-26T05:17:15.987+0000] {spark_submit.py:579} INFO - at org.apache.spark.sql.DataFrameReader.<init>(DataFrameReader.scala:699)
[2024-08-26T05:17:15.987+0000] {spark_submit.py:579} INFO - at org.apache.spark.sql.SparkSession.read(SparkSession.scala:783)
[2024-08-26T05:17:15.988+0000] {spark_submit.py:579} INFO - at java.base/jdk.internal.reflect.NativeMethodAccessorImpl.invoke0(Native Method)
[2024-08-26T05:17:15.988+0000] {spark_submit.py:579} INFO - at java.base/jdk.internal.reflect.NativeMethodAccessorImpl.invoke(NativeMethodAccessorImpl.java:77)
[2024-08-26T05:17:15.988+0000] {spark_submit.py:579} INFO - at java.base/jdk.internal.reflect.DelegatingMethodAccessorImpl.invoke(DelegatingMethodAccessorImpl.java:43)
[2024-08-26T05:17:15.989+0000] {spark_submit.py:579} INFO - at java.base/java.lang.reflect.Method.invoke(Method.java:569)
[2024-08-26T05:17:15.989+0000] {spark_submit.py:579} INFO - at py4j.reflection.MethodInvoker.invoke(MethodInvoker.java:244)
[2024-08-26T05:17:15.989+0000] {spark_submit.py:579} INFO - at py4j.reflection.ReflectionEngine.invoke(ReflectionEngine.java:374)
[2024-08-26T05:17:15.990+0000] {spark_submit.py:579} INFO - at py4j.Gateway.invoke(Gateway.java:282)
[2024-08-26T05:17:15.991+0000] {spark_submit.py:579} INFO - at py4j.commands.AbstractCommand.invokeMethod(AbstractCommand.java:132)
[2024-08-26T05:17:15.991+0000] {spark_submit.py:579} INFO - at py4j.commands.CallCommand.execute(CallCommand.java:79)
[2024-08-26T05:17:15.992+0000] {spark_submit.py:579} INFO - at py4j.ClientServerConnection.waitForCommands(ClientServerConnection.java:182)
[2024-08-26T05:17:15.992+0000] {spark_submit.py:579} INFO - at py4j.ClientServerConnection.run(ClientServerConnection.java:106)
[2024-08-26T05:17:15.992+0000] {spark_submit.py:579} INFO - at java.base/java.lang.Thread.run(Thread.java:840)
[2024-08-26T05:17:15.992+0000] {spark_submit.py:579} INFO - 
[2024-08-26T05:17:15.993+0000] {spark_submit.py:579} INFO - 24/08/26 05:17:15 INFO SparkContext: SparkContext is stopping with exitCode 0.
[2024-08-26T05:17:15.993+0000] {spark_submit.py:579} INFO - 24/08/26 05:17:15 INFO SparkContext: SparkContext already stopped.
[2024-08-26T05:17:16.351+0000] {spark_submit.py:579} INFO - 24/08/26 05:17:16 INFO ShutdownHookManager: Shutdown hook called
[2024-08-26T05:17:16.352+0000] {spark_submit.py:579} INFO - 24/08/26 05:17:16 INFO ShutdownHookManager: Deleting directory /tmp/spark-185db40e-f856-4354-96ae-6d4db0f6dddd
[2024-08-26T05:17:16.359+0000] {spark_submit.py:579} INFO - 24/08/26 05:17:16 INFO ShutdownHookManager: Deleting directory /tmp/spark-d1aaddd3-6f59-4dcd-ac6c-2197156f1e43
[2024-08-26T05:17:16.366+0000] {spark_submit.py:579} INFO - 24/08/26 05:17:16 INFO ShutdownHookManager: Deleting directory /tmp/spark-185db40e-f856-4354-96ae-6d4db0f6dddd/pyspark-56a09264-15ba-49cf-aeb9-78b9aefc23a4
[2024-08-26T05:17:16.418+0000] {taskinstance.py:340} INFO - ::group::Post task execution logs
[2024-08-26T05:17:16.419+0000] {taskinstance.py:352} INFO - Marking task as SUCCESS. dag_id=extract_and_transform_dag, task_id=run_spark_job, run_id=manual__2024-08-26T05:16:04.799587+00:00, execution_date=20240826T051604, start_date=20240826T051609, end_date=20240826T051716
[2024-08-26T05:17:16.487+0000] {local_task_job_runner.py:261} INFO - Task exited with return code 0
[2024-08-26T05:17:16.511+0000] {taskinstance.py:3891} INFO - 0 downstream tasks scheduled from follow-on schedule check
[2024-08-26T05:17:16.514+0000] {local_task_job_runner.py:240} INFO - ::endgroup::
