[2024-08-26T08:30:42.485+0000] {local_task_job_runner.py:123} INFO - ::group::Pre task execution logs
[2024-08-26T08:30:42.514+0000] {taskinstance.py:2603} INFO - Dependencies all met for dep_context=non-requeueable deps ti=<TaskInstance: extract_and_transform_dag.run_python_script manual__2024-08-26T08:30:41.513326+00:00 [queued]>
[2024-08-26T08:30:42.533+0000] {taskinstance.py:2603} INFO - Dependencies all met for dep_context=requeueable deps ti=<TaskInstance: extract_and_transform_dag.run_python_script manual__2024-08-26T08:30:41.513326+00:00 [queued]>
[2024-08-26T08:30:42.534+0000] {taskinstance.py:2856} INFO - Starting attempt 1 of 2
[2024-08-26T08:30:42.555+0000] {taskinstance.py:2879} INFO - Executing <Task(BashOperator): run_python_script> on 2024-08-26 08:30:41.513326+00:00
[2024-08-26T08:30:42.563+0000] {logging_mixin.py:190} WARNING - /home/***/.local/lib/python3.12/site-packages/***/task/task_runner/standard_task_runner.py:70 DeprecationWarning: This process (pid=188) is multi-threaded, use of fork() may lead to deadlocks in the child.
[2024-08-26T08:30:42.564+0000] {standard_task_runner.py:72} INFO - Started process 189 to run task
[2024-08-26T08:30:42.563+0000] {standard_task_runner.py:104} INFO - Running: ['***', 'tasks', 'run', 'extract_and_transform_dag', 'run_python_script', 'manual__2024-08-26T08:30:41.513326+00:00', '--job-id', '193', '--raw', '--subdir', 'DAGS_FOLDER/ETL_Dags.py', '--cfg-path', '/tmp/tmpox291rqo']
[2024-08-26T08:30:42.566+0000] {standard_task_runner.py:105} INFO - Job 193: Subtask run_python_script
[2024-08-26T08:30:42.623+0000] {task_command.py:467} INFO - Running <TaskInstance: extract_and_transform_dag.run_python_script manual__2024-08-26T08:30:41.513326+00:00 [running]> on host 6ac8cf047f5e
[2024-08-26T08:30:42.775+0000] {taskinstance.py:3122} INFO - Exporting env vars: AIRFLOW_CTX_DAG_OWNER='***' AIRFLOW_CTX_DAG_ID='extract_and_transform_dag' AIRFLOW_CTX_TASK_ID='run_python_script' AIRFLOW_CTX_EXECUTION_DATE='2024-08-26T08:30:41.513326+00:00' AIRFLOW_CTX_TRY_NUMBER='1' AIRFLOW_CTX_DAG_RUN_ID='manual__2024-08-26T08:30:41.513326+00:00'
[2024-08-26T08:30:42.776+0000] {taskinstance.py:731} INFO - ::endgroup::
[2024-08-26T08:30:42.801+0000] {subprocess.py:63} INFO - Tmp dir root location: /tmp
[2024-08-26T08:30:42.803+0000] {subprocess.py:75} INFO - Running command: ['/usr/bin/bash', '-c', 'python3 /spark/app/extract.py']
[2024-08-26T08:30:42.819+0000] {subprocess.py:86} INFO - Output:
[2024-08-26T08:30:44.538+0000] {subprocess.py:93} INFO - Dữ liệu đã được lưu vào /data/customers.csv
[2024-08-26T08:30:44.539+0000] {subprocess.py:93} INFO - Dữ liệu đã được lưu vào /data/accounts.csv
[2024-08-26T08:30:44.539+0000] {subprocess.py:93} INFO - Dữ liệu đã được lưu vào /data/transactions.csv
[2024-08-26T08:30:44.541+0000] {subprocess.py:93} INFO - Dữ liệu đã được lưu vào /data/branches.csv
[2024-08-26T08:30:44.542+0000] {subprocess.py:93} INFO - Dữ liệu đã được lưu vào /data/loans.csv
[2024-08-26T08:30:44.542+0000] {subprocess.py:93} INFO - Dữ liệu đã được lưu vào /data/credit_cards.csv
[2024-08-26T08:30:44.543+0000] {subprocess.py:93} INFO - Dữ liệu đã được lưu vào /data/transaction_history.csv
[2024-08-26T08:30:44.543+0000] {subprocess.py:93} INFO - Dữ liệu đã được lưu vào /data/payment.csv
[2024-08-26T08:30:44.544+0000] {subprocess.py:93} INFO - Dữ liệu đã được lưu vào /data/investments.csv
[2024-08-26T08:30:44.714+0000] {subprocess.py:97} INFO - Command exited with return code 0
[2024-08-26T08:30:44.753+0000] {taskinstance.py:340} INFO - ::group::Post task execution logs
[2024-08-26T08:30:44.754+0000] {taskinstance.py:352} INFO - Marking task as SUCCESS. dag_id=extract_and_transform_dag, task_id=run_python_script, run_id=manual__2024-08-26T08:30:41.513326+00:00, execution_date=20240826T083041, start_date=20240826T083042, end_date=20240826T083044
[2024-08-26T08:30:44.796+0000] {local_task_job_runner.py:261} INFO - Task exited with return code 0
[2024-08-26T08:30:44.830+0000] {taskinstance.py:3891} INFO - 0 downstream tasks scheduled from follow-on schedule check
[2024-08-26T08:30:44.833+0000] {local_task_job_runner.py:240} INFO - ::endgroup::
