[2024-08-26T01:54:52.176+0000] {local_task_job_runner.py:123} INFO - ::group::Pre task execution logs
[2024-08-26T01:54:52.201+0000] {taskinstance.py:2603} INFO - Dependencies all met for dep_context=non-requeueable deps ti=<TaskInstance: extract_and_transform_dag.run_spark_job manual__2024-08-26T01:54:48.657026+00:00 [queued]>
[2024-08-26T01:54:52.217+0000] {taskinstance.py:2603} INFO - Dependencies all met for dep_context=requeueable deps ti=<TaskInstance: extract_and_transform_dag.run_spark_job manual__2024-08-26T01:54:48.657026+00:00 [queued]>
[2024-08-26T01:54:52.218+0000] {taskinstance.py:2856} INFO - Starting attempt 1 of 2
[2024-08-26T01:54:52.231+0000] {taskinstance.py:2879} INFO - Executing <Task(SparkSubmitOperator): run_spark_job> on 2024-08-26 01:54:48.657026+00:00
[2024-08-26T01:54:52.239+0000] {logging_mixin.py:190} WARNING - /home/***/.local/lib/python3.12/site-packages/***/task/task_runner/standard_task_runner.py:70 DeprecationWarning: This process (pid=599) is multi-threaded, use of fork() may lead to deadlocks in the child.
[2024-08-26T01:54:52.240+0000] {standard_task_runner.py:72} INFO - Started process 600 to run task
[2024-08-26T01:54:52.241+0000] {standard_task_runner.py:104} INFO - Running: ['***', 'tasks', 'run', 'extract_and_transform_dag', 'run_spark_job', 'manual__2024-08-26T01:54:48.657026+00:00', '--job-id', '157', '--raw', '--subdir', 'DAGS_FOLDER/test.py', '--cfg-path', '/tmp/tmpj247ylpf']
[2024-08-26T01:54:52.245+0000] {standard_task_runner.py:105} INFO - Job 157: Subtask run_spark_job
[2024-08-26T01:54:52.332+0000] {task_command.py:467} INFO - Running <TaskInstance: extract_and_transform_dag.run_spark_job manual__2024-08-26T01:54:48.657026+00:00 [running]> on host 1b531588a971
[2024-08-26T01:54:52.480+0000] {taskinstance.py:3122} INFO - Exporting env vars: AIRFLOW_CTX_DAG_OWNER='***' AIRFLOW_CTX_DAG_ID='extract_and_transform_dag' AIRFLOW_CTX_TASK_ID='run_spark_job' AIRFLOW_CTX_EXECUTION_DATE='2024-08-26T01:54:48.657026+00:00' AIRFLOW_CTX_TRY_NUMBER='1' AIRFLOW_CTX_DAG_RUN_ID='manual__2024-08-26T01:54:48.657026+00:00'
[2024-08-26T01:54:52.482+0000] {taskinstance.py:731} INFO - ::endgroup::
[2024-08-26T01:54:52.518+0000] {base.py:84} INFO - Retrieving connection 'SPARK-PROJECT'
[2024-08-26T01:54:52.522+0000] {spark_submit.py:403} INFO - Spark-Submit cmd: spark-submit --master spark://spark:7077 --conf spark.driver.extraClassPath=/opt/bitnami/spark/jars/spark-snowflake_2.12-2.16.0-spark_3.2.jar --conf spark.executor.extraClassPath=/opt/bitnami/spark/jars/spark-snowflake_2.12-2.16.0-spark_3.2.jar --name spark_transform_job --deploy-mode client /spark/app/transform.py
[2024-08-26T01:54:55.431+0000] {spark_submit.py:579} INFO - 24/08/26 01:54:55 INFO SparkContext: Running Spark version 3.5.2
[2024-08-26T01:54:55.438+0000] {spark_submit.py:579} INFO - 24/08/26 01:54:55 INFO SparkContext: OS info Linux, 6.6.26-linuxkit, amd64
[2024-08-26T01:54:55.440+0000] {spark_submit.py:579} INFO - 24/08/26 01:54:55 INFO SparkContext: Java version 17.0.12
[2024-08-26T01:54:55.568+0000] {spark_submit.py:579} INFO - 24/08/26 01:54:55 WARN NativeCodeLoader: Unable to load native-hadoop library for your platform... using builtin-java classes where applicable
[2024-08-26T01:54:55.680+0000] {spark_submit.py:579} INFO - 24/08/26 01:54:55 INFO ResourceUtils: ==============================================================
[2024-08-26T01:54:55.681+0000] {spark_submit.py:579} INFO - 24/08/26 01:54:55 INFO ResourceUtils: No custom resources configured for spark.driver.
[2024-08-26T01:54:55.682+0000] {spark_submit.py:579} INFO - 24/08/26 01:54:55 INFO ResourceUtils: ==============================================================
[2024-08-26T01:54:55.683+0000] {spark_submit.py:579} INFO - 24/08/26 01:54:55 INFO SparkContext: Submitted application: DataCleaning
[2024-08-26T01:54:55.706+0000] {spark_submit.py:579} INFO - 24/08/26 01:54:55 INFO ResourceProfile: Default ResourceProfile created, executor resources: Map(memory -> name: memory, amount: 1024, script: , vendor: , offHeap -> name: offHeap, amount: 0, script: , vendor: ), task resources: Map(cpus -> name: cpus, amount: 1.0)
[2024-08-26T01:54:55.714+0000] {spark_submit.py:579} INFO - 24/08/26 01:54:55 INFO ResourceProfile: Limiting resource is cpu
[2024-08-26T01:54:55.717+0000] {spark_submit.py:579} INFO - 24/08/26 01:54:55 INFO ResourceProfileManager: Added ResourceProfile id: 0
[2024-08-26T01:54:55.777+0000] {spark_submit.py:579} INFO - 24/08/26 01:54:55 INFO SecurityManager: Changing view acls to: ***
[2024-08-26T01:54:55.779+0000] {spark_submit.py:579} INFO - 24/08/26 01:54:55 INFO SecurityManager: Changing modify acls to: ***
[2024-08-26T01:54:55.780+0000] {spark_submit.py:579} INFO - 24/08/26 01:54:55 INFO SecurityManager: Changing view acls groups to:
[2024-08-26T01:54:55.781+0000] {spark_submit.py:579} INFO - 24/08/26 01:54:55 INFO SecurityManager: Changing modify acls groups to:
[2024-08-26T01:54:55.782+0000] {spark_submit.py:579} INFO - 24/08/26 01:54:55 INFO SecurityManager: SecurityManager: authentication disabled; ui acls disabled; users with view permissions: ***; groups with view permissions: EMPTY; users with modify permissions: ***; groups with modify permissions: EMPTY
[2024-08-26T01:54:56.064+0000] {spark_submit.py:579} INFO - 24/08/26 01:54:56 INFO Utils: Successfully started service 'sparkDriver' on port 40907.
[2024-08-26T01:54:56.099+0000] {spark_submit.py:579} INFO - 24/08/26 01:54:56 INFO SparkEnv: Registering MapOutputTracker
[2024-08-26T01:54:56.143+0000] {spark_submit.py:579} INFO - 24/08/26 01:54:56 INFO SparkEnv: Registering BlockManagerMaster
[2024-08-26T01:54:56.161+0000] {spark_submit.py:579} INFO - 24/08/26 01:54:56 INFO BlockManagerMasterEndpoint: Using org.apache.spark.storage.DefaultTopologyMapper for getting topology information
[2024-08-26T01:54:56.163+0000] {spark_submit.py:579} INFO - 24/08/26 01:54:56 INFO BlockManagerMasterEndpoint: BlockManagerMasterEndpoint up
[2024-08-26T01:54:56.169+0000] {spark_submit.py:579} INFO - 24/08/26 01:54:56 INFO SparkEnv: Registering BlockManagerMasterHeartbeat
[2024-08-26T01:54:56.190+0000] {spark_submit.py:579} INFO - 24/08/26 01:54:56 INFO DiskBlockManager: Created local directory at /tmp/blockmgr-ed8541e2-4d90-46a9-8f90-d72bf2c769ea
[2024-08-26T01:54:56.214+0000] {spark_submit.py:579} INFO - 24/08/26 01:54:56 INFO MemoryStore: MemoryStore started with capacity 434.4 MiB
[2024-08-26T01:54:56.235+0000] {spark_submit.py:579} INFO - 24/08/26 01:54:56 INFO SparkEnv: Registering OutputCommitCoordinator
[2024-08-26T01:54:56.387+0000] {spark_submit.py:579} INFO - 24/08/26 01:54:56 INFO JettyUtils: Start Jetty 0.0.0.0:4040 for SparkUI
[2024-08-26T01:54:56.481+0000] {spark_submit.py:579} INFO - 24/08/26 01:54:56 INFO Utils: Successfully started service 'SparkUI' on port 4040.
[2024-08-26T01:54:56.632+0000] {spark_submit.py:579} INFO - 24/08/26 01:54:56 INFO StandaloneAppClient$ClientEndpoint: Connecting to master spark://spark:7077...
[2024-08-26T01:54:56.680+0000] {spark_submit.py:579} INFO - 24/08/26 01:54:56 INFO TransportClientFactory: Successfully created connection to spark/172.18.0.4:7077 after 24 ms (0 ms spent in bootstraps)
[2024-08-26T01:55:16.639+0000] {spark_submit.py:579} INFO - 24/08/26 01:55:16 INFO StandaloneAppClient$ClientEndpoint: Connecting to master spark://spark:7077...
[2024-08-26T01:55:36.645+0000] {spark_submit.py:579} INFO - 24/08/26 01:55:36 INFO StandaloneAppClient$ClientEndpoint: Connecting to master spark://spark:7077...
[2024-08-26T01:55:56.646+0000] {spark_submit.py:579} INFO - 24/08/26 01:55:56 ERROR StandaloneSchedulerBackend: Application has been killed. Reason: All masters are unresponsive! Giving up.
[2024-08-26T01:55:56.648+0000] {spark_submit.py:579} INFO - 24/08/26 01:55:56 WARN StandaloneSchedulerBackend: Application ID is not initialized yet.
[2024-08-26T01:55:56.662+0000] {spark_submit.py:579} INFO - 24/08/26 01:55:56 INFO Utils: Successfully started service 'org.apache.spark.network.netty.NettyBlockTransferService' on port 36793.
[2024-08-26T01:55:56.663+0000] {spark_submit.py:579} INFO - 24/08/26 01:55:56 INFO NettyBlockTransferService: Server created on 1b531588a971:36793
[2024-08-26T01:55:56.667+0000] {spark_submit.py:579} INFO - 24/08/26 01:55:56 INFO BlockManager: Using org.apache.spark.storage.RandomBlockReplicationPolicy for block replication policy
[2024-08-26T01:55:56.678+0000] {spark_submit.py:579} INFO - 24/08/26 01:55:56 INFO BlockManagerMaster: Registering BlockManager BlockManagerId(driver, 1b531588a971, 36793, None)
[2024-08-26T01:55:56.685+0000] {spark_submit.py:579} INFO - 24/08/26 01:55:56 INFO BlockManagerMasterEndpoint: Registering block manager 1b531588a971:36793 with 434.4 MiB RAM, BlockManagerId(driver, 1b531588a971, 36793, None)
[2024-08-26T01:55:56.690+0000] {spark_submit.py:579} INFO - 24/08/26 01:55:56 INFO BlockManagerMaster: Registered BlockManager BlockManagerId(driver, 1b531588a971, 36793, None)
[2024-08-26T01:55:56.692+0000] {spark_submit.py:579} INFO - 24/08/26 01:55:56 INFO BlockManager: Initialized BlockManager: BlockManagerId(driver, 1b531588a971, 36793, None)
[2024-08-26T01:55:56.894+0000] {spark_submit.py:579} INFO - 24/08/26 01:55:56 INFO StandaloneSchedulerBackend: SchedulerBackend is ready for scheduling beginning after reached minRegisteredResourcesRatio: 0.0
[2024-08-26T01:55:57.117+0000] {spark_submit.py:579} INFO - 24/08/26 01:55:57 INFO SparkContext: SparkContext is stopping with exitCode 0.
[2024-08-26T01:55:57.129+0000] {spark_submit.py:579} INFO - 24/08/26 01:55:57 INFO SparkUI: Stopped Spark web UI at http://1b531588a971:4040
[2024-08-26T01:55:57.134+0000] {spark_submit.py:579} INFO - 24/08/26 01:55:57 INFO StandaloneSchedulerBackend: Shutting down all executors
[2024-08-26T01:55:57.138+0000] {spark_submit.py:579} INFO - 24/08/26 01:55:57 INFO StandaloneSchedulerBackend$StandaloneDriverEndpoint: Asking each executor to shut down
[2024-08-26T01:55:57.143+0000] {spark_submit.py:579} INFO - 24/08/26 01:55:57 WARN StandaloneAppClient$ClientEndpoint: Drop UnregisterApplication(null) because has not yet connected to master
[2024-08-26T01:55:57.153+0000] {spark_submit.py:579} INFO - 24/08/26 01:55:57 INFO MapOutputTrackerMasterEndpoint: MapOutputTrackerMasterEndpoint stopped!
[2024-08-26T01:55:57.167+0000] {spark_submit.py:579} INFO - 24/08/26 01:55:57 INFO MemoryStore: MemoryStore cleared
[2024-08-26T01:55:57.168+0000] {spark_submit.py:579} INFO - 24/08/26 01:55:57 INFO BlockManager: BlockManager stopped
[2024-08-26T01:55:57.176+0000] {spark_submit.py:579} INFO - 24/08/26 01:55:57 INFO BlockManagerMaster: BlockManagerMaster stopped
[2024-08-26T01:55:57.180+0000] {spark_submit.py:579} INFO - 24/08/26 01:55:57 INFO OutputCommitCoordinator$OutputCommitCoordinatorEndpoint: OutputCommitCoordinator stopped!
[2024-08-26T01:55:57.193+0000] {spark_submit.py:579} INFO - 24/08/26 01:55:57 INFO SparkContext: Successfully stopped SparkContext
[2024-08-26T01:55:57.200+0000] {spark_submit.py:579} INFO - 24/08/26 01:55:57 INFO SharedState: Setting hive.metastore.warehouse.dir ('null') to the value of spark.sql.warehouse.dir.
[2024-08-26T01:55:57.211+0000] {spark_submit.py:579} INFO - 24/08/26 01:55:57 INFO SharedState: Warehouse path is 'file:/opt/***/spark-warehouse'.
[2024-08-26T01:55:57.252+0000] {spark_submit.py:579} INFO - Lỗi khi đọc file customers.csv: An error occurred while calling o25.read.
[2024-08-26T01:55:57.253+0000] {spark_submit.py:579} INFO - : java.lang.IllegalStateException: LiveListenerBus is stopped.
[2024-08-26T01:55:57.253+0000] {spark_submit.py:579} INFO - at org.apache.spark.scheduler.LiveListenerBus.addToQueue(LiveListenerBus.scala:92)
[2024-08-26T01:55:57.253+0000] {spark_submit.py:579} INFO - at org.apache.spark.scheduler.LiveListenerBus.addToStatusQueue(LiveListenerBus.scala:75)
[2024-08-26T01:55:57.254+0000] {spark_submit.py:579} INFO - at org.apache.spark.sql.internal.SharedState.<init>(SharedState.scala:115)
[2024-08-26T01:55:57.254+0000] {spark_submit.py:579} INFO - at org.apache.spark.sql.SparkSession.$anonfun$sharedState$1(SparkSession.scala:143)
[2024-08-26T01:55:57.255+0000] {spark_submit.py:579} INFO - at scala.Option.getOrElse(Option.scala:189)
[2024-08-26T01:55:57.256+0000] {spark_submit.py:579} INFO - at org.apache.spark.sql.SparkSession.sharedState$lzycompute(SparkSession.scala:143)
[2024-08-26T01:55:57.256+0000] {spark_submit.py:579} INFO - at org.apache.spark.sql.SparkSession.sharedState(SparkSession.scala:142)
[2024-08-26T01:55:57.257+0000] {spark_submit.py:579} INFO - at org.apache.spark.sql.SparkSession.$anonfun$sessionState$2(SparkSession.scala:162)
[2024-08-26T01:55:57.258+0000] {spark_submit.py:579} INFO - at scala.Option.getOrElse(Option.scala:189)
[2024-08-26T01:55:57.259+0000] {spark_submit.py:579} INFO - at org.apache.spark.sql.SparkSession.sessionState$lzycompute(SparkSession.scala:160)
[2024-08-26T01:55:57.260+0000] {spark_submit.py:579} INFO - at org.apache.spark.sql.SparkSession.sessionState(SparkSession.scala:157)
[2024-08-26T01:55:57.262+0000] {spark_submit.py:579} INFO - at org.apache.spark.sql.DataFrameReader.<init>(DataFrameReader.scala:699)
[2024-08-26T01:55:57.262+0000] {spark_submit.py:579} INFO - at org.apache.spark.sql.SparkSession.read(SparkSession.scala:783)
[2024-08-26T01:55:57.263+0000] {spark_submit.py:579} INFO - at java.base/jdk.internal.reflect.NativeMethodAccessorImpl.invoke0(Native Method)
[2024-08-26T01:55:57.264+0000] {spark_submit.py:579} INFO - at java.base/jdk.internal.reflect.NativeMethodAccessorImpl.invoke(NativeMethodAccessorImpl.java:77)
[2024-08-26T01:55:57.265+0000] {spark_submit.py:579} INFO - at java.base/jdk.internal.reflect.DelegatingMethodAccessorImpl.invoke(DelegatingMethodAccessorImpl.java:43)
[2024-08-26T01:55:57.266+0000] {spark_submit.py:579} INFO - at java.base/java.lang.reflect.Method.invoke(Method.java:569)
[2024-08-26T01:55:57.266+0000] {spark_submit.py:579} INFO - at py4j.reflection.MethodInvoker.invoke(MethodInvoker.java:244)
[2024-08-26T01:55:57.267+0000] {spark_submit.py:579} INFO - at py4j.reflection.ReflectionEngine.invoke(ReflectionEngine.java:374)
[2024-08-26T01:55:57.268+0000] {spark_submit.py:579} INFO - at py4j.Gateway.invoke(Gateway.java:282)
[2024-08-26T01:55:57.268+0000] {spark_submit.py:579} INFO - at py4j.commands.AbstractCommand.invokeMethod(AbstractCommand.java:132)
[2024-08-26T01:55:57.269+0000] {spark_submit.py:579} INFO - at py4j.commands.CallCommand.execute(CallCommand.java:79)
[2024-08-26T01:55:57.269+0000] {spark_submit.py:579} INFO - at py4j.ClientServerConnection.waitForCommands(ClientServerConnection.java:182)
[2024-08-26T01:55:57.270+0000] {spark_submit.py:579} INFO - at py4j.ClientServerConnection.run(ClientServerConnection.java:106)
[2024-08-26T01:55:57.270+0000] {spark_submit.py:579} INFO - at java.base/java.lang.Thread.run(Thread.java:840)
[2024-08-26T01:55:57.271+0000] {spark_submit.py:579} INFO - 
[2024-08-26T01:55:57.272+0000] {spark_submit.py:579} INFO - 24/08/26 01:55:57 INFO SharedState: Setting hive.metastore.warehouse.dir ('file:/opt/***/spark-warehouse') to the value of spark.sql.warehouse.dir.
[2024-08-26T01:55:57.272+0000] {spark_submit.py:579} INFO - 24/08/26 01:55:57 INFO SharedState: Warehouse path is 'file:/opt/***/spark-warehouse'.
[2024-08-26T01:55:57.289+0000] {spark_submit.py:579} INFO - Lỗi khi đọc file accounts.csv: An error occurred while calling o25.read.
[2024-08-26T01:55:57.293+0000] {spark_submit.py:579} INFO - : java.lang.IllegalStateException: LiveListenerBus is stopped.
[2024-08-26T01:55:57.293+0000] {spark_submit.py:579} INFO - at org.apache.spark.scheduler.LiveListenerBus.addToQueue(LiveListenerBus.scala:92)
[2024-08-26T01:55:57.293+0000] {spark_submit.py:579} INFO - at org.apache.spark.scheduler.LiveListenerBus.addToStatusQueue(LiveListenerBus.scala:75)
[2024-08-26T01:55:57.294+0000] {spark_submit.py:579} INFO - at org.apache.spark.sql.internal.SharedState.<init>(SharedState.scala:115)
[2024-08-26T01:55:57.295+0000] {spark_submit.py:579} INFO - at org.apache.spark.sql.SparkSession.$anonfun$sharedState$1(SparkSession.scala:143)
[2024-08-26T01:55:57.295+0000] {spark_submit.py:579} INFO - at scala.Option.getOrElse(Option.scala:189)
[2024-08-26T01:55:57.296+0000] {spark_submit.py:579} INFO - at org.apache.spark.sql.SparkSession.sharedState$lzycompute(SparkSession.scala:143)
[2024-08-26T01:55:57.296+0000] {spark_submit.py:579} INFO - at org.apache.spark.sql.SparkSession.sharedState(SparkSession.scala:142)
[2024-08-26T01:55:57.297+0000] {spark_submit.py:579} INFO - at org.apache.spark.sql.SparkSession.$anonfun$sessionState$2(SparkSession.scala:162)
[2024-08-26T01:55:57.297+0000] {spark_submit.py:579} INFO - at scala.Option.getOrElse(Option.scala:189)
[2024-08-26T01:55:57.298+0000] {spark_submit.py:579} INFO - at org.apache.spark.sql.SparkSession.sessionState$lzycompute(SparkSession.scala:160)
[2024-08-26T01:55:57.298+0000] {spark_submit.py:579} INFO - at org.apache.spark.sql.SparkSession.sessionState(SparkSession.scala:157)
[2024-08-26T01:55:57.299+0000] {spark_submit.py:579} INFO - at org.apache.spark.sql.DataFrameReader.<init>(DataFrameReader.scala:699)
[2024-08-26T01:55:57.300+0000] {spark_submit.py:579} INFO - at org.apache.spark.sql.SparkSession.read(SparkSession.scala:783)
[2024-08-26T01:55:57.301+0000] {spark_submit.py:579} INFO - at java.base/jdk.internal.reflect.NativeMethodAccessorImpl.invoke0(Native Method)
[2024-08-26T01:55:57.302+0000] {spark_submit.py:579} INFO - at java.base/jdk.internal.reflect.NativeMethodAccessorImpl.invoke(NativeMethodAccessorImpl.java:77)
[2024-08-26T01:55:57.302+0000] {spark_submit.py:579} INFO - at java.base/jdk.internal.reflect.DelegatingMethodAccessorImpl.invoke(DelegatingMethodAccessorImpl.java:43)
[2024-08-26T01:55:57.303+0000] {spark_submit.py:579} INFO - at java.base/java.lang.reflect.Method.invoke(Method.java:569)
[2024-08-26T01:55:57.304+0000] {spark_submit.py:579} INFO - at py4j.reflection.MethodInvoker.invoke(MethodInvoker.java:244)
[2024-08-26T01:55:57.305+0000] {spark_submit.py:579} INFO - at py4j.reflection.ReflectionEngine.invoke(ReflectionEngine.java:374)
[2024-08-26T01:55:57.306+0000] {spark_submit.py:579} INFO - at py4j.Gateway.invoke(Gateway.java:282)
[2024-08-26T01:55:57.308+0000] {spark_submit.py:579} INFO - at py4j.commands.AbstractCommand.invokeMethod(AbstractCommand.java:132)
[2024-08-26T01:55:57.308+0000] {spark_submit.py:579} INFO - at py4j.commands.CallCommand.execute(CallCommand.java:79)
[2024-08-26T01:55:57.309+0000] {spark_submit.py:579} INFO - at py4j.ClientServerConnection.waitForCommands(ClientServerConnection.java:182)
[2024-08-26T01:55:57.309+0000] {spark_submit.py:579} INFO - at py4j.ClientServerConnection.run(ClientServerConnection.java:106)
[2024-08-26T01:55:57.310+0000] {spark_submit.py:579} INFO - at java.base/java.lang.Thread.run(Thread.java:840)
[2024-08-26T01:55:57.310+0000] {spark_submit.py:579} INFO - 
[2024-08-26T01:55:57.311+0000] {spark_submit.py:579} INFO - 24/08/26 01:55:57 INFO SharedState: Setting hive.metastore.warehouse.dir ('file:/opt/***/spark-warehouse') to the value of spark.sql.warehouse.dir.
[2024-08-26T01:55:57.311+0000] {spark_submit.py:579} INFO - 24/08/26 01:55:57 INFO SharedState: Warehouse path is 'file:/opt/***/spark-warehouse'.
[2024-08-26T01:55:57.340+0000] {spark_submit.py:579} INFO - Lỗi khi đọc file transactions.csv: An error occurred while calling o25.read.
[2024-08-26T01:55:57.341+0000] {spark_submit.py:579} INFO - : java.lang.IllegalStateException: LiveListenerBus is stopped.
[2024-08-26T01:55:57.342+0000] {spark_submit.py:579} INFO - at org.apache.spark.scheduler.LiveListenerBus.addToQueue(LiveListenerBus.scala:92)
[2024-08-26T01:55:57.342+0000] {spark_submit.py:579} INFO - at org.apache.spark.scheduler.LiveListenerBus.addToStatusQueue(LiveListenerBus.scala:75)
[2024-08-26T01:55:57.344+0000] {spark_submit.py:579} INFO - at org.apache.spark.sql.internal.SharedState.<init>(SharedState.scala:115)
[2024-08-26T01:55:57.345+0000] {spark_submit.py:579} INFO - at org.apache.spark.sql.SparkSession.$anonfun$sharedState$1(SparkSession.scala:143)
[2024-08-26T01:55:57.346+0000] {spark_submit.py:579} INFO - at scala.Option.getOrElse(Option.scala:189)
[2024-08-26T01:55:57.346+0000] {spark_submit.py:579} INFO - at org.apache.spark.sql.SparkSession.sharedState$lzycompute(SparkSession.scala:143)
[2024-08-26T01:55:57.347+0000] {spark_submit.py:579} INFO - at org.apache.spark.sql.SparkSession.sharedState(SparkSession.scala:142)
[2024-08-26T01:55:57.349+0000] {spark_submit.py:579} INFO - at org.apache.spark.sql.SparkSession.$anonfun$sessionState$2(SparkSession.scala:162)
[2024-08-26T01:55:57.350+0000] {spark_submit.py:579} INFO - at scala.Option.getOrElse(Option.scala:189)
[2024-08-26T01:55:57.351+0000] {spark_submit.py:579} INFO - at org.apache.spark.sql.SparkSession.sessionState$lzycompute(SparkSession.scala:160)
[2024-08-26T01:55:57.352+0000] {spark_submit.py:579} INFO - at org.apache.spark.sql.SparkSession.sessionState(SparkSession.scala:157)
[2024-08-26T01:55:57.353+0000] {spark_submit.py:579} INFO - at org.apache.spark.sql.DataFrameReader.<init>(DataFrameReader.scala:699)
[2024-08-26T01:55:57.353+0000] {spark_submit.py:579} INFO - at org.apache.spark.sql.SparkSession.read(SparkSession.scala:783)
[2024-08-26T01:55:57.354+0000] {spark_submit.py:579} INFO - at java.base/jdk.internal.reflect.NativeMethodAccessorImpl.invoke0(Native Method)
[2024-08-26T01:55:57.354+0000] {spark_submit.py:579} INFO - at java.base/jdk.internal.reflect.NativeMethodAccessorImpl.invoke(NativeMethodAccessorImpl.java:77)
[2024-08-26T01:55:57.355+0000] {spark_submit.py:579} INFO - at java.base/jdk.internal.reflect.DelegatingMethodAccessorImpl.invoke(DelegatingMethodAccessorImpl.java:43)
[2024-08-26T01:55:57.355+0000] {spark_submit.py:579} INFO - at java.base/java.lang.reflect.Method.invoke(Method.java:569)
[2024-08-26T01:55:57.356+0000] {spark_submit.py:579} INFO - at py4j.reflection.MethodInvoker.invoke(MethodInvoker.java:244)
[2024-08-26T01:55:57.357+0000] {spark_submit.py:579} INFO - at py4j.reflection.ReflectionEngine.invoke(ReflectionEngine.java:374)
[2024-08-26T01:55:57.357+0000] {spark_submit.py:579} INFO - at py4j.Gateway.invoke(Gateway.java:282)
[2024-08-26T01:55:57.359+0000] {spark_submit.py:579} INFO - at py4j.commands.AbstractCommand.invokeMethod(AbstractCommand.java:132)
[2024-08-26T01:55:57.360+0000] {spark_submit.py:579} INFO - at py4j.commands.CallCommand.execute(CallCommand.java:79)
[2024-08-26T01:55:57.360+0000] {spark_submit.py:579} INFO - at py4j.ClientServerConnection.waitForCommands(ClientServerConnection.java:182)
[2024-08-26T01:55:57.361+0000] {spark_submit.py:579} INFO - at py4j.ClientServerConnection.run(ClientServerConnection.java:106)
[2024-08-26T01:55:57.361+0000] {spark_submit.py:579} INFO - at java.base/java.lang.Thread.run(Thread.java:840)
[2024-08-26T01:55:57.362+0000] {spark_submit.py:579} INFO - 
[2024-08-26T01:55:57.363+0000] {spark_submit.py:579} INFO - 24/08/26 01:55:57 INFO SharedState: Setting hive.metastore.warehouse.dir ('file:/opt/***/spark-warehouse') to the value of spark.sql.warehouse.dir.
[2024-08-26T01:55:57.363+0000] {spark_submit.py:579} INFO - 24/08/26 01:55:57 INFO SharedState: Warehouse path is 'file:/opt/***/spark-warehouse'.
[2024-08-26T01:55:57.380+0000] {spark_submit.py:579} INFO - Lỗi khi đọc file branches.csv: An error occurred while calling o25.read.
[2024-08-26T01:55:57.380+0000] {spark_submit.py:579} INFO - : java.lang.IllegalStateException: LiveListenerBus is stopped.
[2024-08-26T01:55:57.381+0000] {spark_submit.py:579} INFO - at org.apache.spark.scheduler.LiveListenerBus.addToQueue(LiveListenerBus.scala:92)
[2024-08-26T01:55:57.382+0000] {spark_submit.py:579} INFO - at org.apache.spark.scheduler.LiveListenerBus.addToStatusQueue(LiveListenerBus.scala:75)
[2024-08-26T01:55:57.384+0000] {spark_submit.py:579} INFO - at org.apache.spark.sql.internal.SharedState.<init>(SharedState.scala:115)
[2024-08-26T01:55:57.384+0000] {spark_submit.py:579} INFO - at org.apache.spark.sql.SparkSession.$anonfun$sharedState$1(SparkSession.scala:143)
[2024-08-26T01:55:57.385+0000] {spark_submit.py:579} INFO - at scala.Option.getOrElse(Option.scala:189)
[2024-08-26T01:55:57.386+0000] {spark_submit.py:579} INFO - at org.apache.spark.sql.SparkSession.sharedState$lzycompute(SparkSession.scala:143)
[2024-08-26T01:55:57.386+0000] {spark_submit.py:579} INFO - at org.apache.spark.sql.SparkSession.sharedState(SparkSession.scala:142)
[2024-08-26T01:55:57.387+0000] {spark_submit.py:579} INFO - at org.apache.spark.sql.SparkSession.$anonfun$sessionState$2(SparkSession.scala:162)
[2024-08-26T01:55:57.388+0000] {spark_submit.py:579} INFO - at scala.Option.getOrElse(Option.scala:189)
[2024-08-26T01:55:57.389+0000] {spark_submit.py:579} INFO - at org.apache.spark.sql.SparkSession.sessionState$lzycompute(SparkSession.scala:160)
[2024-08-26T01:55:57.389+0000] {spark_submit.py:579} INFO - at org.apache.spark.sql.SparkSession.sessionState(SparkSession.scala:157)
[2024-08-26T01:55:57.390+0000] {spark_submit.py:579} INFO - at org.apache.spark.sql.DataFrameReader.<init>(DataFrameReader.scala:699)
[2024-08-26T01:55:57.391+0000] {spark_submit.py:579} INFO - at org.apache.spark.sql.SparkSession.read(SparkSession.scala:783)
[2024-08-26T01:55:57.391+0000] {spark_submit.py:579} INFO - at java.base/jdk.internal.reflect.NativeMethodAccessorImpl.invoke0(Native Method)
[2024-08-26T01:55:57.392+0000] {spark_submit.py:579} INFO - at java.base/jdk.internal.reflect.NativeMethodAccessorImpl.invoke(NativeMethodAccessorImpl.java:77)
[2024-08-26T01:55:57.393+0000] {spark_submit.py:579} INFO - at java.base/jdk.internal.reflect.DelegatingMethodAccessorImpl.invoke(DelegatingMethodAccessorImpl.java:43)
[2024-08-26T01:55:57.393+0000] {spark_submit.py:579} INFO - at java.base/java.lang.reflect.Method.invoke(Method.java:569)
[2024-08-26T01:55:57.394+0000] {spark_submit.py:579} INFO - at py4j.reflection.MethodInvoker.invoke(MethodInvoker.java:244)
[2024-08-26T01:55:57.395+0000] {spark_submit.py:579} INFO - at py4j.reflection.ReflectionEngine.invoke(ReflectionEngine.java:374)
[2024-08-26T01:55:57.395+0000] {spark_submit.py:579} INFO - at py4j.Gateway.invoke(Gateway.java:282)
[2024-08-26T01:55:57.396+0000] {spark_submit.py:579} INFO - at py4j.commands.AbstractCommand.invokeMethod(AbstractCommand.java:132)
[2024-08-26T01:55:57.397+0000] {spark_submit.py:579} INFO - at py4j.commands.CallCommand.execute(CallCommand.java:79)
[2024-08-26T01:55:57.398+0000] {spark_submit.py:579} INFO - at py4j.ClientServerConnection.waitForCommands(ClientServerConnection.java:182)
[2024-08-26T01:55:57.398+0000] {spark_submit.py:579} INFO - at py4j.ClientServerConnection.run(ClientServerConnection.java:106)
[2024-08-26T01:55:57.399+0000] {spark_submit.py:579} INFO - at java.base/java.lang.Thread.run(Thread.java:840)
[2024-08-26T01:55:57.400+0000] {spark_submit.py:579} INFO - 
[2024-08-26T01:55:57.401+0000] {spark_submit.py:579} INFO - 24/08/26 01:55:57 INFO SharedState: Setting hive.metastore.warehouse.dir ('file:/opt/***/spark-warehouse') to the value of spark.sql.warehouse.dir.
[2024-08-26T01:55:57.402+0000] {spark_submit.py:579} INFO - 24/08/26 01:55:57 INFO SharedState: Warehouse path is 'file:/opt/***/spark-warehouse'.
[2024-08-26T01:55:57.419+0000] {spark_submit.py:579} INFO - Lỗi khi đọc file loans.csv: An error occurred while calling o25.read.
[2024-08-26T01:55:57.420+0000] {spark_submit.py:579} INFO - : java.lang.IllegalStateException: LiveListenerBus is stopped.
[2024-08-26T01:55:57.421+0000] {spark_submit.py:579} INFO - at org.apache.spark.scheduler.LiveListenerBus.addToQueue(LiveListenerBus.scala:92)
[2024-08-26T01:55:57.421+0000] {spark_submit.py:579} INFO - at org.apache.spark.scheduler.LiveListenerBus.addToStatusQueue(LiveListenerBus.scala:75)
[2024-08-26T01:55:57.422+0000] {spark_submit.py:579} INFO - at org.apache.spark.sql.internal.SharedState.<init>(SharedState.scala:115)
[2024-08-26T01:55:57.423+0000] {spark_submit.py:579} INFO - at org.apache.spark.sql.SparkSession.$anonfun$sharedState$1(SparkSession.scala:143)
[2024-08-26T01:55:57.423+0000] {spark_submit.py:579} INFO - at scala.Option.getOrElse(Option.scala:189)
[2024-08-26T01:55:57.424+0000] {spark_submit.py:579} INFO - at org.apache.spark.sql.SparkSession.sharedState$lzycompute(SparkSession.scala:143)
[2024-08-26T01:55:57.424+0000] {spark_submit.py:579} INFO - at org.apache.spark.sql.SparkSession.sharedState(SparkSession.scala:142)
[2024-08-26T01:55:57.425+0000] {spark_submit.py:579} INFO - at org.apache.spark.sql.SparkSession.$anonfun$sessionState$2(SparkSession.scala:162)
[2024-08-26T01:55:57.425+0000] {spark_submit.py:579} INFO - at scala.Option.getOrElse(Option.scala:189)
[2024-08-26T01:55:57.425+0000] {spark_submit.py:579} INFO - at org.apache.spark.sql.SparkSession.sessionState$lzycompute(SparkSession.scala:160)
[2024-08-26T01:55:57.426+0000] {spark_submit.py:579} INFO - at org.apache.spark.sql.SparkSession.sessionState(SparkSession.scala:157)
[2024-08-26T01:55:57.426+0000] {spark_submit.py:579} INFO - at org.apache.spark.sql.DataFrameReader.<init>(DataFrameReader.scala:699)
[2024-08-26T01:55:57.427+0000] {spark_submit.py:579} INFO - at org.apache.spark.sql.SparkSession.read(SparkSession.scala:783)
[2024-08-26T01:55:57.427+0000] {spark_submit.py:579} INFO - at java.base/jdk.internal.reflect.NativeMethodAccessorImpl.invoke0(Native Method)
[2024-08-26T01:55:57.428+0000] {spark_submit.py:579} INFO - at java.base/jdk.internal.reflect.NativeMethodAccessorImpl.invoke(NativeMethodAccessorImpl.java:77)
[2024-08-26T01:55:57.428+0000] {spark_submit.py:579} INFO - at java.base/jdk.internal.reflect.DelegatingMethodAccessorImpl.invoke(DelegatingMethodAccessorImpl.java:43)
[2024-08-26T01:55:57.429+0000] {spark_submit.py:579} INFO - at java.base/java.lang.reflect.Method.invoke(Method.java:569)
[2024-08-26T01:55:57.430+0000] {spark_submit.py:579} INFO - at py4j.reflection.MethodInvoker.invoke(MethodInvoker.java:244)
[2024-08-26T01:55:57.431+0000] {spark_submit.py:579} INFO - at py4j.reflection.ReflectionEngine.invoke(ReflectionEngine.java:374)
[2024-08-26T01:55:57.432+0000] {spark_submit.py:579} INFO - at py4j.Gateway.invoke(Gateway.java:282)
[2024-08-26T01:55:57.432+0000] {spark_submit.py:579} INFO - at py4j.commands.AbstractCommand.invokeMethod(AbstractCommand.java:132)
[2024-08-26T01:55:57.433+0000] {spark_submit.py:579} INFO - at py4j.commands.CallCommand.execute(CallCommand.java:79)
[2024-08-26T01:55:57.433+0000] {spark_submit.py:579} INFO - at py4j.ClientServerConnection.waitForCommands(ClientServerConnection.java:182)
[2024-08-26T01:55:57.434+0000] {spark_submit.py:579} INFO - at py4j.ClientServerConnection.run(ClientServerConnection.java:106)
[2024-08-26T01:55:57.434+0000] {spark_submit.py:579} INFO - at java.base/java.lang.Thread.run(Thread.java:840)
[2024-08-26T01:55:57.435+0000] {spark_submit.py:579} INFO - 
[2024-08-26T01:55:57.436+0000] {spark_submit.py:579} INFO - 24/08/26 01:55:57 INFO SharedState: Setting hive.metastore.warehouse.dir ('file:/opt/***/spark-warehouse') to the value of spark.sql.warehouse.dir.
[2024-08-26T01:55:57.437+0000] {spark_submit.py:579} INFO - 24/08/26 01:55:57 INFO SharedState: Warehouse path is 'file:/opt/***/spark-warehouse'.
[2024-08-26T01:55:57.459+0000] {spark_submit.py:579} INFO - Lỗi khi đọc file credit_cards.csv: An error occurred while calling o25.read.
[2024-08-26T01:55:57.460+0000] {spark_submit.py:579} INFO - : java.lang.IllegalStateException: LiveListenerBus is stopped.
[2024-08-26T01:55:57.460+0000] {spark_submit.py:579} INFO - at org.apache.spark.scheduler.LiveListenerBus.addToQueue(LiveListenerBus.scala:92)
[2024-08-26T01:55:57.462+0000] {spark_submit.py:579} INFO - at org.apache.spark.scheduler.LiveListenerBus.addToStatusQueue(LiveListenerBus.scala:75)
[2024-08-26T01:55:57.462+0000] {spark_submit.py:579} INFO - at org.apache.spark.sql.internal.SharedState.<init>(SharedState.scala:115)
[2024-08-26T01:55:57.463+0000] {spark_submit.py:579} INFO - at org.apache.spark.sql.SparkSession.$anonfun$sharedState$1(SparkSession.scala:143)
[2024-08-26T01:55:57.464+0000] {spark_submit.py:579} INFO - at scala.Option.getOrElse(Option.scala:189)
[2024-08-26T01:55:57.466+0000] {spark_submit.py:579} INFO - at org.apache.spark.sql.SparkSession.sharedState$lzycompute(SparkSession.scala:143)
[2024-08-26T01:55:57.466+0000] {spark_submit.py:579} INFO - at org.apache.spark.sql.SparkSession.sharedState(SparkSession.scala:142)
[2024-08-26T01:55:57.467+0000] {spark_submit.py:579} INFO - at org.apache.spark.sql.SparkSession.$anonfun$sessionState$2(SparkSession.scala:162)
[2024-08-26T01:55:57.467+0000] {spark_submit.py:579} INFO - at scala.Option.getOrElse(Option.scala:189)
[2024-08-26T01:55:57.468+0000] {spark_submit.py:579} INFO - at org.apache.spark.sql.SparkSession.sessionState$lzycompute(SparkSession.scala:160)
[2024-08-26T01:55:57.469+0000] {spark_submit.py:579} INFO - at org.apache.spark.sql.SparkSession.sessionState(SparkSession.scala:157)
[2024-08-26T01:55:57.469+0000] {spark_submit.py:579} INFO - at org.apache.spark.sql.DataFrameReader.<init>(DataFrameReader.scala:699)
[2024-08-26T01:55:57.470+0000] {spark_submit.py:579} INFO - at org.apache.spark.sql.SparkSession.read(SparkSession.scala:783)
[2024-08-26T01:55:57.471+0000] {spark_submit.py:579} INFO - at java.base/jdk.internal.reflect.NativeMethodAccessorImpl.invoke0(Native Method)
[2024-08-26T01:55:57.471+0000] {spark_submit.py:579} INFO - at java.base/jdk.internal.reflect.NativeMethodAccessorImpl.invoke(NativeMethodAccessorImpl.java:77)
[2024-08-26T01:55:57.472+0000] {spark_submit.py:579} INFO - at java.base/jdk.internal.reflect.DelegatingMethodAccessorImpl.invoke(DelegatingMethodAccessorImpl.java:43)
[2024-08-26T01:55:57.473+0000] {spark_submit.py:579} INFO - at java.base/java.lang.reflect.Method.invoke(Method.java:569)
[2024-08-26T01:55:57.474+0000] {spark_submit.py:579} INFO - at py4j.reflection.MethodInvoker.invoke(MethodInvoker.java:244)
[2024-08-26T01:55:57.475+0000] {spark_submit.py:579} INFO - at py4j.reflection.ReflectionEngine.invoke(ReflectionEngine.java:374)
[2024-08-26T01:55:57.476+0000] {spark_submit.py:579} INFO - at py4j.Gateway.invoke(Gateway.java:282)
[2024-08-26T01:55:57.476+0000] {spark_submit.py:579} INFO - at py4j.commands.AbstractCommand.invokeMethod(AbstractCommand.java:132)
[2024-08-26T01:55:57.477+0000] {spark_submit.py:579} INFO - at py4j.commands.CallCommand.execute(CallCommand.java:79)
[2024-08-26T01:55:57.477+0000] {spark_submit.py:579} INFO - at py4j.ClientServerConnection.waitForCommands(ClientServerConnection.java:182)
[2024-08-26T01:55:57.478+0000] {spark_submit.py:579} INFO - at py4j.ClientServerConnection.run(ClientServerConnection.java:106)
[2024-08-26T01:55:57.479+0000] {spark_submit.py:579} INFO - at java.base/java.lang.Thread.run(Thread.java:840)
[2024-08-26T01:55:57.479+0000] {spark_submit.py:579} INFO - 
[2024-08-26T01:55:57.480+0000] {spark_submit.py:579} INFO - 24/08/26 01:55:57 INFO SharedState: Setting hive.metastore.warehouse.dir ('file:/opt/***/spark-warehouse') to the value of spark.sql.warehouse.dir.
[2024-08-26T01:55:57.480+0000] {spark_submit.py:579} INFO - 24/08/26 01:55:57 INFO SharedState: Warehouse path is 'file:/opt/***/spark-warehouse'.
[2024-08-26T01:55:57.497+0000] {spark_submit.py:579} INFO - Lỗi khi đọc file investments.csv: An error occurred while calling o25.read.
[2024-08-26T01:55:57.498+0000] {spark_submit.py:579} INFO - : java.lang.IllegalStateException: LiveListenerBus is stopped.
[2024-08-26T01:55:57.499+0000] {spark_submit.py:579} INFO - at org.apache.spark.scheduler.LiveListenerBus.addToQueue(LiveListenerBus.scala:92)
[2024-08-26T01:55:57.499+0000] {spark_submit.py:579} INFO - at org.apache.spark.scheduler.LiveListenerBus.addToStatusQueue(LiveListenerBus.scala:75)
[2024-08-26T01:55:57.500+0000] {spark_submit.py:579} INFO - at org.apache.spark.sql.internal.SharedState.<init>(SharedState.scala:115)
[2024-08-26T01:55:57.501+0000] {spark_submit.py:579} INFO - at org.apache.spark.sql.SparkSession.$anonfun$sharedState$1(SparkSession.scala:143)
[2024-08-26T01:55:57.501+0000] {spark_submit.py:579} INFO - at scala.Option.getOrElse(Option.scala:189)
[2024-08-26T01:55:57.501+0000] {spark_submit.py:579} INFO - at org.apache.spark.sql.SparkSession.sharedState$lzycompute(SparkSession.scala:143)
[2024-08-26T01:55:57.502+0000] {spark_submit.py:579} INFO - at org.apache.spark.sql.SparkSession.sharedState(SparkSession.scala:142)
[2024-08-26T01:55:57.502+0000] {spark_submit.py:579} INFO - at org.apache.spark.sql.SparkSession.$anonfun$sessionState$2(SparkSession.scala:162)
[2024-08-26T01:55:57.502+0000] {spark_submit.py:579} INFO - at scala.Option.getOrElse(Option.scala:189)
[2024-08-26T01:55:57.502+0000] {spark_submit.py:579} INFO - at org.apache.spark.sql.SparkSession.sessionState$lzycompute(SparkSession.scala:160)
[2024-08-26T01:55:57.503+0000] {spark_submit.py:579} INFO - at org.apache.spark.sql.SparkSession.sessionState(SparkSession.scala:157)
[2024-08-26T01:55:57.503+0000] {spark_submit.py:579} INFO - at org.apache.spark.sql.DataFrameReader.<init>(DataFrameReader.scala:699)
[2024-08-26T01:55:57.503+0000] {spark_submit.py:579} INFO - at org.apache.spark.sql.SparkSession.read(SparkSession.scala:783)
[2024-08-26T01:55:57.504+0000] {spark_submit.py:579} INFO - at java.base/jdk.internal.reflect.NativeMethodAccessorImpl.invoke0(Native Method)
[2024-08-26T01:55:57.504+0000] {spark_submit.py:579} INFO - at java.base/jdk.internal.reflect.NativeMethodAccessorImpl.invoke(NativeMethodAccessorImpl.java:77)
[2024-08-26T01:55:57.504+0000] {spark_submit.py:579} INFO - at java.base/jdk.internal.reflect.DelegatingMethodAccessorImpl.invoke(DelegatingMethodAccessorImpl.java:43)
[2024-08-26T01:55:57.505+0000] {spark_submit.py:579} INFO - at java.base/java.lang.reflect.Method.invoke(Method.java:569)
[2024-08-26T01:55:57.505+0000] {spark_submit.py:579} INFO - at py4j.reflection.MethodInvoker.invoke(MethodInvoker.java:244)
[2024-08-26T01:55:57.506+0000] {spark_submit.py:579} INFO - at py4j.reflection.ReflectionEngine.invoke(ReflectionEngine.java:374)
[2024-08-26T01:55:57.506+0000] {spark_submit.py:579} INFO - at py4j.Gateway.invoke(Gateway.java:282)
[2024-08-26T01:55:57.506+0000] {spark_submit.py:579} INFO - at py4j.commands.AbstractCommand.invokeMethod(AbstractCommand.java:132)
[2024-08-26T01:55:57.507+0000] {spark_submit.py:579} INFO - at py4j.commands.CallCommand.execute(CallCommand.java:79)
[2024-08-26T01:55:57.507+0000] {spark_submit.py:579} INFO - at py4j.ClientServerConnection.waitForCommands(ClientServerConnection.java:182)
[2024-08-26T01:55:57.508+0000] {spark_submit.py:579} INFO - at py4j.ClientServerConnection.run(ClientServerConnection.java:106)
[2024-08-26T01:55:57.508+0000] {spark_submit.py:579} INFO - at java.base/java.lang.Thread.run(Thread.java:840)
[2024-08-26T01:55:57.509+0000] {spark_submit.py:579} INFO - 
[2024-08-26T01:55:57.510+0000] {spark_submit.py:579} INFO - 24/08/26 01:55:57 INFO SparkContext: SparkContext is stopping with exitCode 0.
[2024-08-26T01:55:57.510+0000] {spark_submit.py:579} INFO - 24/08/26 01:55:57 INFO SparkContext: SparkContext already stopped.
[2024-08-26T01:55:58.010+0000] {spark_submit.py:579} INFO - 24/08/26 01:55:58 INFO ShutdownHookManager: Shutdown hook called
[2024-08-26T01:55:58.012+0000] {spark_submit.py:579} INFO - 24/08/26 01:55:58 INFO ShutdownHookManager: Deleting directory /tmp/spark-f7e1f95c-bcfa-4558-a3d9-af21a92326f4/pyspark-3fa89413-9881-4e85-bdeb-4180013b317b
[2024-08-26T01:55:58.017+0000] {spark_submit.py:579} INFO - 24/08/26 01:55:58 INFO ShutdownHookManager: Deleting directory /tmp/spark-68bdb809-cbc8-492d-9a04-6c4ee6dfeed0
[2024-08-26T01:55:58.026+0000] {spark_submit.py:579} INFO - 24/08/26 01:55:58 INFO ShutdownHookManager: Deleting directory /tmp/spark-f7e1f95c-bcfa-4558-a3d9-af21a92326f4
[2024-08-26T01:55:58.107+0000] {taskinstance.py:340} INFO - ::group::Post task execution logs
[2024-08-26T01:55:58.108+0000] {taskinstance.py:352} INFO - Marking task as SUCCESS. dag_id=extract_and_transform_dag, task_id=run_spark_job, run_id=manual__2024-08-26T01:54:48.657026+00:00, execution_date=20240826T015448, start_date=20240826T015452, end_date=20240826T015558
[2024-08-26T01:55:58.163+0000] {local_task_job_runner.py:261} INFO - Task exited with return code 0
[2024-08-26T01:55:58.195+0000] {taskinstance.py:3891} INFO - 0 downstream tasks scheduled from follow-on schedule check
[2024-08-26T01:55:58.197+0000] {local_task_job_runner.py:240} INFO - ::endgroup::
