[2024-08-25T16:26:48.347+0000] {local_task_job_runner.py:123} INFO - ::group::Pre task execution logs
[2024-08-25T16:26:48.379+0000] {taskinstance.py:2603} INFO - Dependencies all met for dep_context=non-requeueable deps ti=<TaskInstance: extract_and_transform_dag.run_python_script manual__2024-08-25T16:26:47.908697+00:00 [queued]>
[2024-08-25T16:26:48.401+0000] {taskinstance.py:2603} INFO - Dependencies all met for dep_context=requeueable deps ti=<TaskInstance: extract_and_transform_dag.run_python_script manual__2024-08-25T16:26:47.908697+00:00 [queued]>
[2024-08-25T16:26:48.403+0000] {taskinstance.py:2856} INFO - Starting attempt 1 of 2
[2024-08-25T16:26:48.441+0000] {taskinstance.py:2879} INFO - Executing <Task(BashOperator): run_python_script> on 2024-08-25 16:26:47.908697+00:00
[2024-08-25T16:26:48.453+0000] {logging_mixin.py:190} WARNING - /home/***/.local/lib/python3.12/site-packages/***/task/task_runner/standard_task_runner.py:70 DeprecationWarning: This process (pid=230) is multi-threaded, use of fork() may lead to deadlocks in the child.
[2024-08-25T16:26:48.454+0000] {standard_task_runner.py:72} INFO - Started process 231 to run task
[2024-08-25T16:26:48.454+0000] {standard_task_runner.py:104} INFO - Running: ['***', 'tasks', 'run', 'extract_and_transform_dag', 'run_python_script', 'manual__2024-08-25T16:26:47.908697+00:00', '--job-id', '105', '--raw', '--subdir', 'DAGS_FOLDER/test.py', '--cfg-path', '/tmp/tmp5fw0glec']
[2024-08-25T16:26:48.458+0000] {standard_task_runner.py:105} INFO - Job 105: Subtask run_python_script
[2024-08-25T16:26:48.533+0000] {task_command.py:467} INFO - Running <TaskInstance: extract_and_transform_dag.run_python_script manual__2024-08-25T16:26:47.908697+00:00 [running]> on host c3acd633df49
[2024-08-25T16:26:48.687+0000] {taskinstance.py:3122} INFO - Exporting env vars: AIRFLOW_CTX_DAG_OWNER='***' AIRFLOW_CTX_DAG_ID='extract_and_transform_dag' AIRFLOW_CTX_TASK_ID='run_python_script' AIRFLOW_CTX_EXECUTION_DATE='2024-08-25T16:26:47.908697+00:00' AIRFLOW_CTX_TRY_NUMBER='1' AIRFLOW_CTX_DAG_RUN_ID='manual__2024-08-25T16:26:47.908697+00:00'
[2024-08-25T16:26:48.690+0000] {taskinstance.py:731} INFO - ::endgroup::
[2024-08-25T16:26:48.841+0000] {subprocess.py:63} INFO - Tmp dir root location: /tmp
[2024-08-25T16:26:48.843+0000] {subprocess.py:75} INFO - Running command: ['/usr/bin/bash', '-c', 'python3 /spark/app/extract.py']
[2024-08-25T16:26:48.866+0000] {subprocess.py:86} INFO - Output:
[2024-08-25T16:26:52.622+0000] {subprocess.py:93} INFO - Dữ liệu đã được lưu vào /opt/***/data/customers.csv
[2024-08-25T16:26:52.623+0000] {subprocess.py:93} INFO - Dữ liệu đã được lưu vào /opt/***/data/accounts.csv
[2024-08-25T16:26:52.624+0000] {subprocess.py:93} INFO - Dữ liệu đã được lưu vào /opt/***/data/transactions.csv
[2024-08-25T16:26:52.625+0000] {subprocess.py:93} INFO - Dữ liệu đã được lưu vào /opt/***/data/branches.csv
[2024-08-25T16:26:52.626+0000] {subprocess.py:93} INFO - Dữ liệu đã được lưu vào /opt/***/data/loans.csv
[2024-08-25T16:26:52.627+0000] {subprocess.py:93} INFO - Dữ liệu đã được lưu vào /opt/***/data/credit_cards.csv
[2024-08-25T16:26:52.628+0000] {subprocess.py:93} INFO - Dữ liệu đã được lưu vào /opt/***/data/transaction_history.csv
[2024-08-25T16:26:52.629+0000] {subprocess.py:93} INFO - Dữ liệu đã được lưu vào /opt/***/data/payment.csv
[2024-08-25T16:26:52.629+0000] {subprocess.py:93} INFO - Dữ liệu đã được lưu vào /opt/***/data/investments.csv
[2024-08-25T16:26:52.898+0000] {subprocess.py:97} INFO - Command exited with return code 0
[2024-08-25T16:26:52.947+0000] {taskinstance.py:340} INFO - ::group::Post task execution logs
[2024-08-25T16:26:52.948+0000] {taskinstance.py:352} INFO - Marking task as SUCCESS. dag_id=extract_and_transform_dag, task_id=run_python_script, run_id=manual__2024-08-25T16:26:47.908697+00:00, execution_date=20240825T162647, start_date=20240825T162648, end_date=20240825T162652
[2024-08-25T16:26:52.987+0000] {local_task_job_runner.py:261} INFO - Task exited with return code 0
[2024-08-25T16:26:53.027+0000] {taskinstance.py:3891} INFO - 1 downstream tasks scheduled from follow-on schedule check
[2024-08-25T16:26:53.030+0000] {local_task_job_runner.py:240} INFO - ::endgroup::
