[2024-08-26T04:37:20.668+0000] {local_task_job_runner.py:123} INFO - ::group::Pre task execution logs
[2024-08-26T04:37:20.708+0000] {taskinstance.py:2603} INFO - Dependencies all met for dep_context=non-requeueable deps ti=<TaskInstance: extract_and_transform_dag.run_spark_job manual__2024-08-26T04:37:13.626082+00:00 [queued]>
[2024-08-26T04:37:20.732+0000] {taskinstance.py:2603} INFO - Dependencies all met for dep_context=requeueable deps ti=<TaskInstance: extract_and_transform_dag.run_spark_job manual__2024-08-26T04:37:13.626082+00:00 [queued]>
[2024-08-26T04:37:20.732+0000] {taskinstance.py:2856} INFO - Starting attempt 1 of 2
[2024-08-26T04:37:20.749+0000] {taskinstance.py:2879} INFO - Executing <Task(SparkSubmitOperator): run_spark_job> on 2024-08-26 04:37:13.626082+00:00
[2024-08-26T04:37:20.756+0000] {logging_mixin.py:190} WARNING - /home/***/.local/lib/python3.12/site-packages/***/task/task_runner/standard_task_runner.py:70 DeprecationWarning: This process (pid=286) is multi-threaded, use of fork() may lead to deadlocks in the child.
[2024-08-26T04:37:20.758+0000] {standard_task_runner.py:72} INFO - Started process 287 to run task
[2024-08-26T04:37:20.756+0000] {standard_task_runner.py:104} INFO - Running: ['***', 'tasks', 'run', 'extract_and_transform_dag', 'run_spark_job', 'manual__2024-08-26T04:37:13.626082+00:00', '--job-id', '168', '--raw', '--subdir', 'DAGS_FOLDER/ETL_Dags.py', '--cfg-path', '/tmp/tmp7jb2u4bw']
[2024-08-26T04:37:20.760+0000] {standard_task_runner.py:105} INFO - Job 168: Subtask run_spark_job
[2024-08-26T04:37:20.830+0000] {task_command.py:467} INFO - Running <TaskInstance: extract_and_transform_dag.run_spark_job manual__2024-08-26T04:37:13.626082+00:00 [running]> on host f00445136288
[2024-08-26T04:37:20.964+0000] {taskinstance.py:3122} INFO - Exporting env vars: AIRFLOW_CTX_DAG_OWNER='***' AIRFLOW_CTX_DAG_ID='extract_and_transform_dag' AIRFLOW_CTX_TASK_ID='run_spark_job' AIRFLOW_CTX_EXECUTION_DATE='2024-08-26T04:37:13.626082+00:00' AIRFLOW_CTX_TRY_NUMBER='1' AIRFLOW_CTX_DAG_RUN_ID='manual__2024-08-26T04:37:13.626082+00:00'
[2024-08-26T04:37:20.965+0000] {taskinstance.py:731} INFO - ::endgroup::
[2024-08-26T04:37:21.015+0000] {base.py:84} INFO - Retrieving connection 'SPARK-PROJECT'
[2024-08-26T04:37:21.017+0000] {spark_submit.py:403} INFO - Spark-Submit cmd: spark-submit --master spark://spark:7077 --conf spark.driver.extraClassPath=/opt/bitnami/spark/jars/spark-snowflake_2.12-2.16.0-spark_3.2.jar --conf spark.executor.extraClassPath=/opt/bitnami/spark/jars/spark-snowflake_2.12-2.16.0-spark_3.2.jar --name spark_transform_job --deploy-mode client /spark/app/transform.py
[2024-08-26T04:37:26.150+0000] {spark_submit.py:579} INFO - 24/08/26 04:37:26 INFO SparkContext: Running Spark version 3.5.2
[2024-08-26T04:37:26.155+0000] {spark_submit.py:579} INFO - 24/08/26 04:37:26 INFO SparkContext: OS info Linux, 6.6.26-linuxkit, amd64
[2024-08-26T04:37:26.159+0000] {spark_submit.py:579} INFO - 24/08/26 04:37:26 INFO SparkContext: Java version 17.0.12
[2024-08-26T04:37:26.365+0000] {spark_submit.py:579} INFO - 24/08/26 04:37:26 WARN NativeCodeLoader: Unable to load native-hadoop library for your platform... using builtin-java classes where applicable
[2024-08-26T04:37:26.622+0000] {spark_submit.py:579} INFO - 24/08/26 04:37:26 INFO ResourceUtils: ==============================================================
[2024-08-26T04:37:26.622+0000] {spark_submit.py:579} INFO - 24/08/26 04:37:26 INFO ResourceUtils: No custom resources configured for spark.driver.
[2024-08-26T04:37:26.624+0000] {spark_submit.py:579} INFO - 24/08/26 04:37:26 INFO ResourceUtils: ==============================================================
[2024-08-26T04:37:26.626+0000] {spark_submit.py:579} INFO - 24/08/26 04:37:26 INFO SparkContext: Submitted application: DataCleaning
[2024-08-26T04:37:26.669+0000] {spark_submit.py:579} INFO - 24/08/26 04:37:26 INFO ResourceProfile: Default ResourceProfile created, executor resources: Map(memory -> name: memory, amount: 1024, script: , vendor: , offHeap -> name: offHeap, amount: 0, script: , vendor: ), task resources: Map(cpus -> name: cpus, amount: 1.0)
[2024-08-26T04:37:26.680+0000] {spark_submit.py:579} INFO - 24/08/26 04:37:26 INFO ResourceProfile: Limiting resource is cpu
[2024-08-26T04:37:26.682+0000] {spark_submit.py:579} INFO - 24/08/26 04:37:26 INFO ResourceProfileManager: Added ResourceProfile id: 0
[2024-08-26T04:37:26.779+0000] {spark_submit.py:579} INFO - 24/08/26 04:37:26 INFO SecurityManager: Changing view acls to: ***
[2024-08-26T04:37:26.780+0000] {spark_submit.py:579} INFO - 24/08/26 04:37:26 INFO SecurityManager: Changing modify acls to: ***
[2024-08-26T04:37:26.782+0000] {spark_submit.py:579} INFO - 24/08/26 04:37:26 INFO SecurityManager: Changing view acls groups to:
[2024-08-26T04:37:26.784+0000] {spark_submit.py:579} INFO - 24/08/26 04:37:26 INFO SecurityManager: Changing modify acls groups to:
[2024-08-26T04:37:26.786+0000] {spark_submit.py:579} INFO - 24/08/26 04:37:26 INFO SecurityManager: SecurityManager: authentication disabled; ui acls disabled; users with view permissions: ***; groups with view permissions: EMPTY; users with modify permissions: ***; groups with modify permissions: EMPTY
[2024-08-26T04:37:27.334+0000] {spark_submit.py:579} INFO - 24/08/26 04:37:27 INFO Utils: Successfully started service 'sparkDriver' on port 42059.
[2024-08-26T04:37:27.399+0000] {spark_submit.py:579} INFO - 24/08/26 04:37:27 INFO SparkEnv: Registering MapOutputTracker
[2024-08-26T04:37:27.471+0000] {spark_submit.py:579} INFO - 24/08/26 04:37:27 INFO SparkEnv: Registering BlockManagerMaster
[2024-08-26T04:37:27.503+0000] {spark_submit.py:579} INFO - 24/08/26 04:37:27 INFO BlockManagerMasterEndpoint: Using org.apache.spark.storage.DefaultTopologyMapper for getting topology information
[2024-08-26T04:37:27.506+0000] {spark_submit.py:579} INFO - 24/08/26 04:37:27 INFO BlockManagerMasterEndpoint: BlockManagerMasterEndpoint up
[2024-08-26T04:37:27.520+0000] {spark_submit.py:579} INFO - 24/08/26 04:37:27 INFO SparkEnv: Registering BlockManagerMasterHeartbeat
[2024-08-26T04:37:27.572+0000] {spark_submit.py:579} INFO - 24/08/26 04:37:27 INFO DiskBlockManager: Created local directory at /tmp/blockmgr-6079af76-8460-42f6-a872-27941861b639
[2024-08-26T04:37:27.598+0000] {spark_submit.py:579} INFO - 24/08/26 04:37:27 INFO MemoryStore: MemoryStore started with capacity 434.4 MiB
[2024-08-26T04:37:27.653+0000] {spark_submit.py:579} INFO - 24/08/26 04:37:27 INFO SparkEnv: Registering OutputCommitCoordinator
[2024-08-26T04:37:27.867+0000] {spark_submit.py:579} INFO - 24/08/26 04:37:27 INFO JettyUtils: Start Jetty 0.0.0.0:4040 for SparkUI
[2024-08-26T04:37:27.991+0000] {spark_submit.py:579} INFO - 24/08/26 04:37:27 INFO Utils: Successfully started service 'SparkUI' on port 4040.
[2024-08-26T04:37:28.222+0000] {spark_submit.py:579} INFO - 24/08/26 04:37:28 INFO StandaloneAppClient$ClientEndpoint: Connecting to master spark://spark:7077...
[2024-08-26T04:37:28.305+0000] {spark_submit.py:579} INFO - 24/08/26 04:37:28 INFO TransportClientFactory: Successfully created connection to spark/172.18.0.3:7077 after 41 ms (0 ms spent in bootstraps)
[2024-08-26T04:37:48.224+0000] {spark_submit.py:579} INFO - 24/08/26 04:37:48 INFO StandaloneAppClient$ClientEndpoint: Connecting to master spark://spark:7077...
[2024-08-26T04:38:08.226+0000] {spark_submit.py:579} INFO - 24/08/26 04:38:08 INFO StandaloneAppClient$ClientEndpoint: Connecting to master spark://spark:7077...
[2024-08-26T04:38:28.231+0000] {spark_submit.py:579} INFO - 24/08/26 04:38:28 ERROR StandaloneSchedulerBackend: Application has been killed. Reason: All masters are unresponsive! Giving up.
[2024-08-26T04:38:28.234+0000] {spark_submit.py:579} INFO - 24/08/26 04:38:28 WARN StandaloneSchedulerBackend: Application ID is not initialized yet.
[2024-08-26T04:38:28.262+0000] {spark_submit.py:579} INFO - 24/08/26 04:38:28 INFO Utils: Successfully started service 'org.apache.spark.network.netty.NettyBlockTransferService' on port 37627.
[2024-08-26T04:38:28.263+0000] {spark_submit.py:579} INFO - 24/08/26 04:38:28 INFO NettyBlockTransferService: Server created on f00445136288:37627
[2024-08-26T04:38:28.268+0000] {spark_submit.py:579} INFO - 24/08/26 04:38:28 INFO BlockManager: Using org.apache.spark.storage.RandomBlockReplicationPolicy for block replication policy
[2024-08-26T04:38:28.286+0000] {spark_submit.py:579} INFO - 24/08/26 04:38:28 INFO BlockManagerMaster: Registering BlockManager BlockManagerId(driver, f00445136288, 37627, None)
[2024-08-26T04:38:28.293+0000] {spark_submit.py:579} INFO - 24/08/26 04:38:28 INFO BlockManagerMasterEndpoint: Registering block manager f00445136288:37627 with 434.4 MiB RAM, BlockManagerId(driver, f00445136288, 37627, None)
[2024-08-26T04:38:28.300+0000] {spark_submit.py:579} INFO - 24/08/26 04:38:28 INFO BlockManagerMaster: Registered BlockManager BlockManagerId(driver, f00445136288, 37627, None)
[2024-08-26T04:38:28.305+0000] {spark_submit.py:579} INFO - 24/08/26 04:38:28 INFO BlockManager: Initialized BlockManager: BlockManagerId(driver, f00445136288, 37627, None)
[2024-08-26T04:38:28.641+0000] {spark_submit.py:579} INFO - 24/08/26 04:38:28 INFO StandaloneSchedulerBackend: SchedulerBackend is ready for scheduling beginning after reached minRegisteredResourcesRatio: 0.0
[2024-08-26T04:38:28.986+0000] {spark_submit.py:579} INFO - 24/08/26 04:38:28 INFO SparkContext: SparkContext is stopping with exitCode 0.
[2024-08-26T04:38:29.006+0000] {spark_submit.py:579} INFO - 24/08/26 04:38:29 INFO SparkUI: Stopped Spark web UI at http://f00445136288:4040
[2024-08-26T04:38:29.014+0000] {spark_submit.py:579} INFO - 24/08/26 04:38:29 INFO StandaloneSchedulerBackend: Shutting down all executors
[2024-08-26T04:38:29.022+0000] {spark_submit.py:579} INFO - 24/08/26 04:38:29 INFO StandaloneSchedulerBackend$StandaloneDriverEndpoint: Asking each executor to shut down
[2024-08-26T04:38:29.032+0000] {spark_submit.py:579} INFO - 24/08/26 04:38:29 WARN StandaloneAppClient$ClientEndpoint: Drop UnregisterApplication(null) because has not yet connected to master
[2024-08-26T04:38:29.044+0000] {spark_submit.py:579} INFO - 24/08/26 04:38:29 INFO MapOutputTrackerMasterEndpoint: MapOutputTrackerMasterEndpoint stopped!
[2024-08-26T04:38:29.050+0000] {spark_submit.py:579} INFO - 24/08/26 04:38:29 INFO SharedState: Setting hive.metastore.warehouse.dir ('null') to the value of spark.sql.warehouse.dir.
[2024-08-26T04:38:29.062+0000] {spark_submit.py:579} INFO - 24/08/26 04:38:29 INFO MemoryStore: MemoryStore cleared
[2024-08-26T04:38:29.063+0000] {spark_submit.py:579} INFO - 24/08/26 04:38:29 INFO BlockManager: BlockManager stopped
[2024-08-26T04:38:29.067+0000] {spark_submit.py:579} INFO - 24/08/26 04:38:29 INFO SharedState: Warehouse path is 'file:/opt/***/spark-warehouse'.
[2024-08-26T04:38:29.075+0000] {spark_submit.py:579} INFO - 24/08/26 04:38:29 INFO BlockManagerMaster: BlockManagerMaster stopped
[2024-08-26T04:38:29.079+0000] {spark_submit.py:579} INFO - 24/08/26 04:38:29 INFO OutputCommitCoordinator$OutputCommitCoordinatorEndpoint: OutputCommitCoordinator stopped!
[2024-08-26T04:38:29.105+0000] {spark_submit.py:579} INFO - 24/08/26 04:38:29 INFO SparkContext: Successfully stopped SparkContext
[2024-08-26T04:38:29.146+0000] {spark_submit.py:579} INFO - Lỗi khi đọc file customers.csv: An error occurred while calling o25.read.
[2024-08-26T04:38:29.146+0000] {spark_submit.py:579} INFO - : java.lang.IllegalStateException: LiveListenerBus is stopped.
[2024-08-26T04:38:29.146+0000] {spark_submit.py:579} INFO - at org.apache.spark.scheduler.LiveListenerBus.addToQueue(LiveListenerBus.scala:92)
[2024-08-26T04:38:29.150+0000] {spark_submit.py:579} INFO - at org.apache.spark.scheduler.LiveListenerBus.addToStatusQueue(LiveListenerBus.scala:75)
[2024-08-26T04:38:29.151+0000] {spark_submit.py:579} INFO - at org.apache.spark.sql.internal.SharedState.<init>(SharedState.scala:115)
[2024-08-26T04:38:29.152+0000] {spark_submit.py:579} INFO - at org.apache.spark.sql.SparkSession.$anonfun$sharedState$1(SparkSession.scala:143)
[2024-08-26T04:38:29.153+0000] {spark_submit.py:579} INFO - at scala.Option.getOrElse(Option.scala:189)
[2024-08-26T04:38:29.154+0000] {spark_submit.py:579} INFO - at org.apache.spark.sql.SparkSession.sharedState$lzycompute(SparkSession.scala:143)
[2024-08-26T04:38:29.156+0000] {spark_submit.py:579} INFO - at org.apache.spark.sql.SparkSession.sharedState(SparkSession.scala:142)
[2024-08-26T04:38:29.159+0000] {spark_submit.py:579} INFO - at org.apache.spark.sql.SparkSession.$anonfun$sessionState$2(SparkSession.scala:162)
[2024-08-26T04:38:29.161+0000] {spark_submit.py:579} INFO - at scala.Option.getOrElse(Option.scala:189)
[2024-08-26T04:38:29.161+0000] {spark_submit.py:579} INFO - at org.apache.spark.sql.SparkSession.sessionState$lzycompute(SparkSession.scala:160)
[2024-08-26T04:38:29.162+0000] {spark_submit.py:579} INFO - at org.apache.spark.sql.SparkSession.sessionState(SparkSession.scala:157)
[2024-08-26T04:38:29.164+0000] {spark_submit.py:579} INFO - at org.apache.spark.sql.DataFrameReader.<init>(DataFrameReader.scala:699)
[2024-08-26T04:38:29.165+0000] {spark_submit.py:579} INFO - at org.apache.spark.sql.SparkSession.read(SparkSession.scala:783)
[2024-08-26T04:38:29.166+0000] {spark_submit.py:579} INFO - at java.base/jdk.internal.reflect.NativeMethodAccessorImpl.invoke0(Native Method)
[2024-08-26T04:38:29.167+0000] {spark_submit.py:579} INFO - at java.base/jdk.internal.reflect.NativeMethodAccessorImpl.invoke(NativeMethodAccessorImpl.java:77)
[2024-08-26T04:38:29.170+0000] {spark_submit.py:579} INFO - at java.base/jdk.internal.reflect.DelegatingMethodAccessorImpl.invoke(DelegatingMethodAccessorImpl.java:43)
[2024-08-26T04:38:29.174+0000] {spark_submit.py:579} INFO - at java.base/java.lang.reflect.Method.invoke(Method.java:569)
[2024-08-26T04:38:29.177+0000] {spark_submit.py:579} INFO - at py4j.reflection.MethodInvoker.invoke(MethodInvoker.java:244)
[2024-08-26T04:38:29.180+0000] {spark_submit.py:579} INFO - at py4j.reflection.ReflectionEngine.invoke(ReflectionEngine.java:374)
[2024-08-26T04:38:29.181+0000] {spark_submit.py:579} INFO - at py4j.Gateway.invoke(Gateway.java:282)
[2024-08-26T04:38:29.185+0000] {spark_submit.py:579} INFO - at py4j.commands.AbstractCommand.invokeMethod(AbstractCommand.java:132)
[2024-08-26T04:38:29.186+0000] {spark_submit.py:579} INFO - at py4j.commands.CallCommand.execute(CallCommand.java:79)
[2024-08-26T04:38:29.187+0000] {spark_submit.py:579} INFO - at py4j.ClientServerConnection.waitForCommands(ClientServerConnection.java:182)
[2024-08-26T04:38:29.188+0000] {spark_submit.py:579} INFO - at py4j.ClientServerConnection.run(ClientServerConnection.java:106)
[2024-08-26T04:38:29.188+0000] {spark_submit.py:579} INFO - at java.base/java.lang.Thread.run(Thread.java:840)
[2024-08-26T04:38:29.189+0000] {spark_submit.py:579} INFO - 
[2024-08-26T04:38:29.189+0000] {spark_submit.py:579} INFO - 24/08/26 04:38:29 INFO SharedState: Setting hive.metastore.warehouse.dir ('file:/opt/***/spark-warehouse') to the value of spark.sql.warehouse.dir.
[2024-08-26T04:38:29.190+0000] {spark_submit.py:579} INFO - 24/08/26 04:38:29 INFO SharedState: Warehouse path is 'file:/opt/***/spark-warehouse'.
[2024-08-26T04:38:29.206+0000] {spark_submit.py:579} INFO - Lỗi khi đọc file accounts.csv: An error occurred while calling o25.read.
[2024-08-26T04:38:29.207+0000] {spark_submit.py:579} INFO - : java.lang.IllegalStateException: LiveListenerBus is stopped.
[2024-08-26T04:38:29.208+0000] {spark_submit.py:579} INFO - at org.apache.spark.scheduler.LiveListenerBus.addToQueue(LiveListenerBus.scala:92)
[2024-08-26T04:38:29.209+0000] {spark_submit.py:579} INFO - at org.apache.spark.scheduler.LiveListenerBus.addToStatusQueue(LiveListenerBus.scala:75)
[2024-08-26T04:38:29.209+0000] {spark_submit.py:579} INFO - at org.apache.spark.sql.internal.SharedState.<init>(SharedState.scala:115)
[2024-08-26T04:38:29.210+0000] {spark_submit.py:579} INFO - at org.apache.spark.sql.SparkSession.$anonfun$sharedState$1(SparkSession.scala:143)
[2024-08-26T04:38:29.211+0000] {spark_submit.py:579} INFO - at scala.Option.getOrElse(Option.scala:189)
[2024-08-26T04:38:29.212+0000] {spark_submit.py:579} INFO - at org.apache.spark.sql.SparkSession.sharedState$lzycompute(SparkSession.scala:143)
[2024-08-26T04:38:29.213+0000] {spark_submit.py:579} INFO - at org.apache.spark.sql.SparkSession.sharedState(SparkSession.scala:142)
[2024-08-26T04:38:29.215+0000] {spark_submit.py:579} INFO - at org.apache.spark.sql.SparkSession.$anonfun$sessionState$2(SparkSession.scala:162)
[2024-08-26T04:38:29.216+0000] {spark_submit.py:579} INFO - at scala.Option.getOrElse(Option.scala:189)
[2024-08-26T04:38:29.216+0000] {spark_submit.py:579} INFO - at org.apache.spark.sql.SparkSession.sessionState$lzycompute(SparkSession.scala:160)
[2024-08-26T04:38:29.218+0000] {spark_submit.py:579} INFO - at org.apache.spark.sql.SparkSession.sessionState(SparkSession.scala:157)
[2024-08-26T04:38:29.222+0000] {spark_submit.py:579} INFO - at org.apache.spark.sql.DataFrameReader.<init>(DataFrameReader.scala:699)
[2024-08-26T04:38:29.224+0000] {spark_submit.py:579} INFO - at org.apache.spark.sql.SparkSession.read(SparkSession.scala:783)
[2024-08-26T04:38:29.230+0000] {spark_submit.py:579} INFO - at java.base/jdk.internal.reflect.NativeMethodAccessorImpl.invoke0(Native Method)
[2024-08-26T04:38:29.232+0000] {spark_submit.py:579} INFO - at java.base/jdk.internal.reflect.NativeMethodAccessorImpl.invoke(NativeMethodAccessorImpl.java:77)
[2024-08-26T04:38:29.232+0000] {spark_submit.py:579} INFO - at java.base/jdk.internal.reflect.DelegatingMethodAccessorImpl.invoke(DelegatingMethodAccessorImpl.java:43)
[2024-08-26T04:38:29.234+0000] {spark_submit.py:579} INFO - at java.base/java.lang.reflect.Method.invoke(Method.java:569)
[2024-08-26T04:38:29.235+0000] {spark_submit.py:579} INFO - at py4j.reflection.MethodInvoker.invoke(MethodInvoker.java:244)
[2024-08-26T04:38:29.236+0000] {spark_submit.py:579} INFO - at py4j.reflection.ReflectionEngine.invoke(ReflectionEngine.java:374)
[2024-08-26T04:38:29.237+0000] {spark_submit.py:579} INFO - at py4j.Gateway.invoke(Gateway.java:282)
[2024-08-26T04:38:29.238+0000] {spark_submit.py:579} INFO - at py4j.commands.AbstractCommand.invokeMethod(AbstractCommand.java:132)
[2024-08-26T04:38:29.239+0000] {spark_submit.py:579} INFO - at py4j.commands.CallCommand.execute(CallCommand.java:79)
[2024-08-26T04:38:29.242+0000] {spark_submit.py:579} INFO - at py4j.ClientServerConnection.waitForCommands(ClientServerConnection.java:182)
[2024-08-26T04:38:29.244+0000] {spark_submit.py:579} INFO - at py4j.ClientServerConnection.run(ClientServerConnection.java:106)
[2024-08-26T04:38:29.245+0000] {spark_submit.py:579} INFO - at java.base/java.lang.Thread.run(Thread.java:840)
[2024-08-26T04:38:29.247+0000] {spark_submit.py:579} INFO - 
[2024-08-26T04:38:29.247+0000] {spark_submit.py:579} INFO - 24/08/26 04:38:29 INFO SharedState: Setting hive.metastore.warehouse.dir ('file:/opt/***/spark-warehouse') to the value of spark.sql.warehouse.dir.
[2024-08-26T04:38:29.248+0000] {spark_submit.py:579} INFO - 24/08/26 04:38:29 INFO SharedState: Warehouse path is 'file:/opt/***/spark-warehouse'.
[2024-08-26T04:38:29.267+0000] {spark_submit.py:579} INFO - Lỗi khi đọc file transactions.csv: An error occurred while calling o25.read.
[2024-08-26T04:38:29.268+0000] {spark_submit.py:579} INFO - : java.lang.IllegalStateException: LiveListenerBus is stopped.
[2024-08-26T04:38:29.269+0000] {spark_submit.py:579} INFO - at org.apache.spark.scheduler.LiveListenerBus.addToQueue(LiveListenerBus.scala:92)
[2024-08-26T04:38:29.270+0000] {spark_submit.py:579} INFO - at org.apache.spark.scheduler.LiveListenerBus.addToStatusQueue(LiveListenerBus.scala:75)
[2024-08-26T04:38:29.270+0000] {spark_submit.py:579} INFO - at org.apache.spark.sql.internal.SharedState.<init>(SharedState.scala:115)
[2024-08-26T04:38:29.271+0000] {spark_submit.py:579} INFO - at org.apache.spark.sql.SparkSession.$anonfun$sharedState$1(SparkSession.scala:143)
[2024-08-26T04:38:29.272+0000] {spark_submit.py:579} INFO - at scala.Option.getOrElse(Option.scala:189)
[2024-08-26T04:38:29.272+0000] {spark_submit.py:579} INFO - at org.apache.spark.sql.SparkSession.sharedState$lzycompute(SparkSession.scala:143)
[2024-08-26T04:38:29.273+0000] {spark_submit.py:579} INFO - at org.apache.spark.sql.SparkSession.sharedState(SparkSession.scala:142)
[2024-08-26T04:38:29.274+0000] {spark_submit.py:579} INFO - at org.apache.spark.sql.SparkSession.$anonfun$sessionState$2(SparkSession.scala:162)
[2024-08-26T04:38:29.275+0000] {spark_submit.py:579} INFO - at scala.Option.getOrElse(Option.scala:189)
[2024-08-26T04:38:29.275+0000] {spark_submit.py:579} INFO - at org.apache.spark.sql.SparkSession.sessionState$lzycompute(SparkSession.scala:160)
[2024-08-26T04:38:29.275+0000] {spark_submit.py:579} INFO - at org.apache.spark.sql.SparkSession.sessionState(SparkSession.scala:157)
[2024-08-26T04:38:29.275+0000] {spark_submit.py:579} INFO - at org.apache.spark.sql.DataFrameReader.<init>(DataFrameReader.scala:699)
[2024-08-26T04:38:29.276+0000] {spark_submit.py:579} INFO - at org.apache.spark.sql.SparkSession.read(SparkSession.scala:783)
[2024-08-26T04:38:29.276+0000] {spark_submit.py:579} INFO - at java.base/jdk.internal.reflect.NativeMethodAccessorImpl.invoke0(Native Method)
[2024-08-26T04:38:29.276+0000] {spark_submit.py:579} INFO - at java.base/jdk.internal.reflect.NativeMethodAccessorImpl.invoke(NativeMethodAccessorImpl.java:77)
[2024-08-26T04:38:29.277+0000] {spark_submit.py:579} INFO - at java.base/jdk.internal.reflect.DelegatingMethodAccessorImpl.invoke(DelegatingMethodAccessorImpl.java:43)
[2024-08-26T04:38:29.277+0000] {spark_submit.py:579} INFO - at java.base/java.lang.reflect.Method.invoke(Method.java:569)
[2024-08-26T04:38:29.277+0000] {spark_submit.py:579} INFO - at py4j.reflection.MethodInvoker.invoke(MethodInvoker.java:244)
[2024-08-26T04:38:29.277+0000] {spark_submit.py:579} INFO - at py4j.reflection.ReflectionEngine.invoke(ReflectionEngine.java:374)
[2024-08-26T04:38:29.278+0000] {spark_submit.py:579} INFO - at py4j.Gateway.invoke(Gateway.java:282)
[2024-08-26T04:38:29.278+0000] {spark_submit.py:579} INFO - at py4j.commands.AbstractCommand.invokeMethod(AbstractCommand.java:132)
[2024-08-26T04:38:29.278+0000] {spark_submit.py:579} INFO - at py4j.commands.CallCommand.execute(CallCommand.java:79)
[2024-08-26T04:38:29.278+0000] {spark_submit.py:579} INFO - at py4j.ClientServerConnection.waitForCommands(ClientServerConnection.java:182)
[2024-08-26T04:38:29.279+0000] {spark_submit.py:579} INFO - at py4j.ClientServerConnection.run(ClientServerConnection.java:106)
[2024-08-26T04:38:29.279+0000] {spark_submit.py:579} INFO - at java.base/java.lang.Thread.run(Thread.java:840)
[2024-08-26T04:38:29.279+0000] {spark_submit.py:579} INFO - 
[2024-08-26T04:38:29.279+0000] {spark_submit.py:579} INFO - 24/08/26 04:38:29 INFO SharedState: Setting hive.metastore.warehouse.dir ('file:/opt/***/spark-warehouse') to the value of spark.sql.warehouse.dir.
[2024-08-26T04:38:29.280+0000] {spark_submit.py:579} INFO - 24/08/26 04:38:29 INFO SharedState: Warehouse path is 'file:/opt/***/spark-warehouse'.
[2024-08-26T04:38:29.304+0000] {spark_submit.py:579} INFO - Lỗi khi đọc file branches.csv: An error occurred while calling o25.read.
[2024-08-26T04:38:29.305+0000] {spark_submit.py:579} INFO - : java.lang.IllegalStateException: LiveListenerBus is stopped.
[2024-08-26T04:38:29.306+0000] {spark_submit.py:579} INFO - at org.apache.spark.scheduler.LiveListenerBus.addToQueue(LiveListenerBus.scala:92)
[2024-08-26T04:38:29.307+0000] {spark_submit.py:579} INFO - at org.apache.spark.scheduler.LiveListenerBus.addToStatusQueue(LiveListenerBus.scala:75)
[2024-08-26T04:38:29.308+0000] {spark_submit.py:579} INFO - at org.apache.spark.sql.internal.SharedState.<init>(SharedState.scala:115)
[2024-08-26T04:38:29.309+0000] {spark_submit.py:579} INFO - at org.apache.spark.sql.SparkSession.$anonfun$sharedState$1(SparkSession.scala:143)
[2024-08-26T04:38:29.310+0000] {spark_submit.py:579} INFO - at scala.Option.getOrElse(Option.scala:189)
[2024-08-26T04:38:29.311+0000] {spark_submit.py:579} INFO - at org.apache.spark.sql.SparkSession.sharedState$lzycompute(SparkSession.scala:143)
[2024-08-26T04:38:29.312+0000] {spark_submit.py:579} INFO - at org.apache.spark.sql.SparkSession.sharedState(SparkSession.scala:142)
[2024-08-26T04:38:29.312+0000] {spark_submit.py:579} INFO - at org.apache.spark.sql.SparkSession.$anonfun$sessionState$2(SparkSession.scala:162)
[2024-08-26T04:38:29.313+0000] {spark_submit.py:579} INFO - at scala.Option.getOrElse(Option.scala:189)
[2024-08-26T04:38:29.313+0000] {spark_submit.py:579} INFO - at org.apache.spark.sql.SparkSession.sessionState$lzycompute(SparkSession.scala:160)
[2024-08-26T04:38:29.313+0000] {spark_submit.py:579} INFO - at org.apache.spark.sql.SparkSession.sessionState(SparkSession.scala:157)
[2024-08-26T04:38:29.314+0000] {spark_submit.py:579} INFO - at org.apache.spark.sql.DataFrameReader.<init>(DataFrameReader.scala:699)
[2024-08-26T04:38:29.314+0000] {spark_submit.py:579} INFO - at org.apache.spark.sql.SparkSession.read(SparkSession.scala:783)
[2024-08-26T04:38:29.314+0000] {spark_submit.py:579} INFO - at java.base/jdk.internal.reflect.NativeMethodAccessorImpl.invoke0(Native Method)
[2024-08-26T04:38:29.314+0000] {spark_submit.py:579} INFO - at java.base/jdk.internal.reflect.NativeMethodAccessorImpl.invoke(NativeMethodAccessorImpl.java:77)
[2024-08-26T04:38:29.315+0000] {spark_submit.py:579} INFO - at java.base/jdk.internal.reflect.DelegatingMethodAccessorImpl.invoke(DelegatingMethodAccessorImpl.java:43)
[2024-08-26T04:38:29.316+0000] {spark_submit.py:579} INFO - at java.base/java.lang.reflect.Method.invoke(Method.java:569)
[2024-08-26T04:38:29.317+0000] {spark_submit.py:579} INFO - at py4j.reflection.MethodInvoker.invoke(MethodInvoker.java:244)
[2024-08-26T04:38:29.317+0000] {spark_submit.py:579} INFO - at py4j.reflection.ReflectionEngine.invoke(ReflectionEngine.java:374)
[2024-08-26T04:38:29.318+0000] {spark_submit.py:579} INFO - at py4j.Gateway.invoke(Gateway.java:282)
[2024-08-26T04:38:29.319+0000] {spark_submit.py:579} INFO - at py4j.commands.AbstractCommand.invokeMethod(AbstractCommand.java:132)
[2024-08-26T04:38:29.320+0000] {spark_submit.py:579} INFO - at py4j.commands.CallCommand.execute(CallCommand.java:79)
[2024-08-26T04:38:29.321+0000] {spark_submit.py:579} INFO - at py4j.ClientServerConnection.waitForCommands(ClientServerConnection.java:182)
[2024-08-26T04:38:29.321+0000] {spark_submit.py:579} INFO - at py4j.ClientServerConnection.run(ClientServerConnection.java:106)
[2024-08-26T04:38:29.322+0000] {spark_submit.py:579} INFO - at java.base/java.lang.Thread.run(Thread.java:840)
[2024-08-26T04:38:29.322+0000] {spark_submit.py:579} INFO - 
[2024-08-26T04:38:29.322+0000] {spark_submit.py:579} INFO - 24/08/26 04:38:29 INFO SharedState: Setting hive.metastore.warehouse.dir ('file:/opt/***/spark-warehouse') to the value of spark.sql.warehouse.dir.
[2024-08-26T04:38:29.323+0000] {spark_submit.py:579} INFO - 24/08/26 04:38:29 INFO SharedState: Warehouse path is 'file:/opt/***/spark-warehouse'.
[2024-08-26T04:38:29.338+0000] {spark_submit.py:579} INFO - Lỗi khi đọc file loans.csv: An error occurred while calling o25.read.
[2024-08-26T04:38:29.339+0000] {spark_submit.py:579} INFO - : java.lang.IllegalStateException: LiveListenerBus is stopped.
[2024-08-26T04:38:29.341+0000] {spark_submit.py:579} INFO - at org.apache.spark.scheduler.LiveListenerBus.addToQueue(LiveListenerBus.scala:92)
[2024-08-26T04:38:29.342+0000] {spark_submit.py:579} INFO - at org.apache.spark.scheduler.LiveListenerBus.addToStatusQueue(LiveListenerBus.scala:75)
[2024-08-26T04:38:29.343+0000] {spark_submit.py:579} INFO - at org.apache.spark.sql.internal.SharedState.<init>(SharedState.scala:115)
[2024-08-26T04:38:29.344+0000] {spark_submit.py:579} INFO - at org.apache.spark.sql.SparkSession.$anonfun$sharedState$1(SparkSession.scala:143)
[2024-08-26T04:38:29.344+0000] {spark_submit.py:579} INFO - at scala.Option.getOrElse(Option.scala:189)
[2024-08-26T04:38:29.346+0000] {spark_submit.py:579} INFO - at org.apache.spark.sql.SparkSession.sharedState$lzycompute(SparkSession.scala:143)
[2024-08-26T04:38:29.348+0000] {spark_submit.py:579} INFO - at org.apache.spark.sql.SparkSession.sharedState(SparkSession.scala:142)
[2024-08-26T04:38:29.348+0000] {spark_submit.py:579} INFO - at org.apache.spark.sql.SparkSession.$anonfun$sessionState$2(SparkSession.scala:162)
[2024-08-26T04:38:29.349+0000] {spark_submit.py:579} INFO - at scala.Option.getOrElse(Option.scala:189)
[2024-08-26T04:38:29.349+0000] {spark_submit.py:579} INFO - at org.apache.spark.sql.SparkSession.sessionState$lzycompute(SparkSession.scala:160)
[2024-08-26T04:38:29.350+0000] {spark_submit.py:579} INFO - at org.apache.spark.sql.SparkSession.sessionState(SparkSession.scala:157)
[2024-08-26T04:38:29.351+0000] {spark_submit.py:579} INFO - at org.apache.spark.sql.DataFrameReader.<init>(DataFrameReader.scala:699)
[2024-08-26T04:38:29.352+0000] {spark_submit.py:579} INFO - at org.apache.spark.sql.SparkSession.read(SparkSession.scala:783)
[2024-08-26T04:38:29.352+0000] {spark_submit.py:579} INFO - at java.base/jdk.internal.reflect.NativeMethodAccessorImpl.invoke0(Native Method)
[2024-08-26T04:38:29.353+0000] {spark_submit.py:579} INFO - at java.base/jdk.internal.reflect.NativeMethodAccessorImpl.invoke(NativeMethodAccessorImpl.java:77)
[2024-08-26T04:38:29.353+0000] {spark_submit.py:579} INFO - at java.base/jdk.internal.reflect.DelegatingMethodAccessorImpl.invoke(DelegatingMethodAccessorImpl.java:43)
[2024-08-26T04:38:29.354+0000] {spark_submit.py:579} INFO - at java.base/java.lang.reflect.Method.invoke(Method.java:569)
[2024-08-26T04:38:29.355+0000] {spark_submit.py:579} INFO - at py4j.reflection.MethodInvoker.invoke(MethodInvoker.java:244)
[2024-08-26T04:38:29.356+0000] {spark_submit.py:579} INFO - at py4j.reflection.ReflectionEngine.invoke(ReflectionEngine.java:374)
[2024-08-26T04:38:29.356+0000] {spark_submit.py:579} INFO - at py4j.Gateway.invoke(Gateway.java:282)
[2024-08-26T04:38:29.357+0000] {spark_submit.py:579} INFO - at py4j.commands.AbstractCommand.invokeMethod(AbstractCommand.java:132)
[2024-08-26T04:38:29.360+0000] {spark_submit.py:579} INFO - at py4j.commands.CallCommand.execute(CallCommand.java:79)
[2024-08-26T04:38:29.361+0000] {spark_submit.py:579} INFO - at py4j.ClientServerConnection.waitForCommands(ClientServerConnection.java:182)
[2024-08-26T04:38:29.362+0000] {spark_submit.py:579} INFO - at py4j.ClientServerConnection.run(ClientServerConnection.java:106)
[2024-08-26T04:38:29.362+0000] {spark_submit.py:579} INFO - at java.base/java.lang.Thread.run(Thread.java:840)
[2024-08-26T04:38:29.363+0000] {spark_submit.py:579} INFO - 
[2024-08-26T04:38:29.363+0000] {spark_submit.py:579} INFO - 24/08/26 04:38:29 INFO SharedState: Setting hive.metastore.warehouse.dir ('file:/opt/***/spark-warehouse') to the value of spark.sql.warehouse.dir.
[2024-08-26T04:38:29.364+0000] {spark_submit.py:579} INFO - 24/08/26 04:38:29 INFO SharedState: Warehouse path is 'file:/opt/***/spark-warehouse'.
[2024-08-26T04:38:29.387+0000] {spark_submit.py:579} INFO - Lỗi khi đọc file credit_cards.csv: An error occurred while calling o25.read.
[2024-08-26T04:38:29.387+0000] {spark_submit.py:579} INFO - : java.lang.IllegalStateException: LiveListenerBus is stopped.
[2024-08-26T04:38:29.388+0000] {spark_submit.py:579} INFO - at org.apache.spark.scheduler.LiveListenerBus.addToQueue(LiveListenerBus.scala:92)
[2024-08-26T04:38:29.389+0000] {spark_submit.py:579} INFO - at org.apache.spark.scheduler.LiveListenerBus.addToStatusQueue(LiveListenerBus.scala:75)
[2024-08-26T04:38:29.390+0000] {spark_submit.py:579} INFO - at org.apache.spark.sql.internal.SharedState.<init>(SharedState.scala:115)
[2024-08-26T04:38:29.390+0000] {spark_submit.py:579} INFO - at org.apache.spark.sql.SparkSession.$anonfun$sharedState$1(SparkSession.scala:143)
[2024-08-26T04:38:29.391+0000] {spark_submit.py:579} INFO - at scala.Option.getOrElse(Option.scala:189)
[2024-08-26T04:38:29.391+0000] {spark_submit.py:579} INFO - at org.apache.spark.sql.SparkSession.sharedState$lzycompute(SparkSession.scala:143)
[2024-08-26T04:38:29.391+0000] {spark_submit.py:579} INFO - at org.apache.spark.sql.SparkSession.sharedState(SparkSession.scala:142)
[2024-08-26T04:38:29.392+0000] {spark_submit.py:579} INFO - at org.apache.spark.sql.SparkSession.$anonfun$sessionState$2(SparkSession.scala:162)
[2024-08-26T04:38:29.392+0000] {spark_submit.py:579} INFO - at scala.Option.getOrElse(Option.scala:189)
[2024-08-26T04:38:29.392+0000] {spark_submit.py:579} INFO - at org.apache.spark.sql.SparkSession.sessionState$lzycompute(SparkSession.scala:160)
[2024-08-26T04:38:29.393+0000] {spark_submit.py:579} INFO - at org.apache.spark.sql.SparkSession.sessionState(SparkSession.scala:157)
[2024-08-26T04:38:29.394+0000] {spark_submit.py:579} INFO - at org.apache.spark.sql.DataFrameReader.<init>(DataFrameReader.scala:699)
[2024-08-26T04:38:29.395+0000] {spark_submit.py:579} INFO - at org.apache.spark.sql.SparkSession.read(SparkSession.scala:783)
[2024-08-26T04:38:29.395+0000] {spark_submit.py:579} INFO - at java.base/jdk.internal.reflect.NativeMethodAccessorImpl.invoke0(Native Method)
[2024-08-26T04:38:29.395+0000] {spark_submit.py:579} INFO - at java.base/jdk.internal.reflect.NativeMethodAccessorImpl.invoke(NativeMethodAccessorImpl.java:77)
[2024-08-26T04:38:29.396+0000] {spark_submit.py:579} INFO - at java.base/jdk.internal.reflect.DelegatingMethodAccessorImpl.invoke(DelegatingMethodAccessorImpl.java:43)
[2024-08-26T04:38:29.396+0000] {spark_submit.py:579} INFO - at java.base/java.lang.reflect.Method.invoke(Method.java:569)
[2024-08-26T04:38:29.397+0000] {spark_submit.py:579} INFO - at py4j.reflection.MethodInvoker.invoke(MethodInvoker.java:244)
[2024-08-26T04:38:29.398+0000] {spark_submit.py:579} INFO - at py4j.reflection.ReflectionEngine.invoke(ReflectionEngine.java:374)
[2024-08-26T04:38:29.398+0000] {spark_submit.py:579} INFO - at py4j.Gateway.invoke(Gateway.java:282)
[2024-08-26T04:38:29.399+0000] {spark_submit.py:579} INFO - at py4j.commands.AbstractCommand.invokeMethod(AbstractCommand.java:132)
[2024-08-26T04:38:29.400+0000] {spark_submit.py:579} INFO - at py4j.commands.CallCommand.execute(CallCommand.java:79)
[2024-08-26T04:38:29.402+0000] {spark_submit.py:579} INFO - at py4j.ClientServerConnection.waitForCommands(ClientServerConnection.java:182)
[2024-08-26T04:38:29.403+0000] {spark_submit.py:579} INFO - at py4j.ClientServerConnection.run(ClientServerConnection.java:106)
[2024-08-26T04:38:29.404+0000] {spark_submit.py:579} INFO - at java.base/java.lang.Thread.run(Thread.java:840)
[2024-08-26T04:38:29.406+0000] {spark_submit.py:579} INFO - 
[2024-08-26T04:38:29.407+0000] {spark_submit.py:579} INFO - 24/08/26 04:38:29 INFO SharedState: Setting hive.metastore.warehouse.dir ('file:/opt/***/spark-warehouse') to the value of spark.sql.warehouse.dir.
[2024-08-26T04:38:29.408+0000] {spark_submit.py:579} INFO - 24/08/26 04:38:29 INFO SharedState: Warehouse path is 'file:/opt/***/spark-warehouse'.
[2024-08-26T04:38:29.423+0000] {spark_submit.py:579} INFO - Lỗi khi đọc file investments.csv: An error occurred while calling o25.read.
[2024-08-26T04:38:29.424+0000] {spark_submit.py:579} INFO - : java.lang.IllegalStateException: LiveListenerBus is stopped.
[2024-08-26T04:38:29.425+0000] {spark_submit.py:579} INFO - at org.apache.spark.scheduler.LiveListenerBus.addToQueue(LiveListenerBus.scala:92)
[2024-08-26T04:38:29.426+0000] {spark_submit.py:579} INFO - at org.apache.spark.scheduler.LiveListenerBus.addToStatusQueue(LiveListenerBus.scala:75)
[2024-08-26T04:38:29.426+0000] {spark_submit.py:579} INFO - at org.apache.spark.sql.internal.SharedState.<init>(SharedState.scala:115)
[2024-08-26T04:38:29.428+0000] {spark_submit.py:579} INFO - at org.apache.spark.sql.SparkSession.$anonfun$sharedState$1(SparkSession.scala:143)
[2024-08-26T04:38:29.429+0000] {spark_submit.py:579} INFO - at scala.Option.getOrElse(Option.scala:189)
[2024-08-26T04:38:29.430+0000] {spark_submit.py:579} INFO - at org.apache.spark.sql.SparkSession.sharedState$lzycompute(SparkSession.scala:143)
[2024-08-26T04:38:29.431+0000] {spark_submit.py:579} INFO - at org.apache.spark.sql.SparkSession.sharedState(SparkSession.scala:142)
[2024-08-26T04:38:29.431+0000] {spark_submit.py:579} INFO - at org.apache.spark.sql.SparkSession.$anonfun$sessionState$2(SparkSession.scala:162)
[2024-08-26T04:38:29.432+0000] {spark_submit.py:579} INFO - at scala.Option.getOrElse(Option.scala:189)
[2024-08-26T04:38:29.432+0000] {spark_submit.py:579} INFO - at org.apache.spark.sql.SparkSession.sessionState$lzycompute(SparkSession.scala:160)
[2024-08-26T04:38:29.433+0000] {spark_submit.py:579} INFO - at org.apache.spark.sql.SparkSession.sessionState(SparkSession.scala:157)
[2024-08-26T04:38:29.433+0000] {spark_submit.py:579} INFO - at org.apache.spark.sql.DataFrameReader.<init>(DataFrameReader.scala:699)
[2024-08-26T04:38:29.434+0000] {spark_submit.py:579} INFO - at org.apache.spark.sql.SparkSession.read(SparkSession.scala:783)
[2024-08-26T04:38:29.435+0000] {spark_submit.py:579} INFO - at java.base/jdk.internal.reflect.NativeMethodAccessorImpl.invoke0(Native Method)
[2024-08-26T04:38:29.435+0000] {spark_submit.py:579} INFO - at java.base/jdk.internal.reflect.NativeMethodAccessorImpl.invoke(NativeMethodAccessorImpl.java:77)
[2024-08-26T04:38:29.436+0000] {spark_submit.py:579} INFO - at java.base/jdk.internal.reflect.DelegatingMethodAccessorImpl.invoke(DelegatingMethodAccessorImpl.java:43)
[2024-08-26T04:38:29.436+0000] {spark_submit.py:579} INFO - at java.base/java.lang.reflect.Method.invoke(Method.java:569)
[2024-08-26T04:38:29.436+0000] {spark_submit.py:579} INFO - at py4j.reflection.MethodInvoker.invoke(MethodInvoker.java:244)
[2024-08-26T04:38:29.437+0000] {spark_submit.py:579} INFO - at py4j.reflection.ReflectionEngine.invoke(ReflectionEngine.java:374)
[2024-08-26T04:38:29.437+0000] {spark_submit.py:579} INFO - at py4j.Gateway.invoke(Gateway.java:282)
[2024-08-26T04:38:29.437+0000] {spark_submit.py:579} INFO - at py4j.commands.AbstractCommand.invokeMethod(AbstractCommand.java:132)
[2024-08-26T04:38:29.437+0000] {spark_submit.py:579} INFO - at py4j.commands.CallCommand.execute(CallCommand.java:79)
[2024-08-26T04:38:29.438+0000] {spark_submit.py:579} INFO - at py4j.ClientServerConnection.waitForCommands(ClientServerConnection.java:182)
[2024-08-26T04:38:29.438+0000] {spark_submit.py:579} INFO - at py4j.ClientServerConnection.run(ClientServerConnection.java:106)
[2024-08-26T04:38:29.439+0000] {spark_submit.py:579} INFO - at java.base/java.lang.Thread.run(Thread.java:840)
[2024-08-26T04:38:29.439+0000] {spark_submit.py:579} INFO - 
[2024-08-26T04:38:29.439+0000] {spark_submit.py:579} INFO - 24/08/26 04:38:29 INFO SparkContext: SparkContext is stopping with exitCode 0.
[2024-08-26T04:38:29.440+0000] {spark_submit.py:579} INFO - 24/08/26 04:38:29 INFO SparkContext: SparkContext already stopped.
[2024-08-26T04:38:29.783+0000] {spark_submit.py:579} INFO - 24/08/26 04:38:29 INFO ShutdownHookManager: Shutdown hook called
[2024-08-26T04:38:29.785+0000] {spark_submit.py:579} INFO - 24/08/26 04:38:29 INFO ShutdownHookManager: Deleting directory /tmp/spark-ad117a32-8865-4387-885a-28675bfb33f0/pyspark-b96be083-a01b-461f-a5a4-62e737dc4f94
[2024-08-26T04:38:29.792+0000] {spark_submit.py:579} INFO - 24/08/26 04:38:29 INFO ShutdownHookManager: Deleting directory /tmp/spark-73c29496-131b-4632-804a-14d5fff43a40
[2024-08-26T04:38:29.797+0000] {spark_submit.py:579} INFO - 24/08/26 04:38:29 INFO ShutdownHookManager: Deleting directory /tmp/spark-ad117a32-8865-4387-885a-28675bfb33f0
[2024-08-26T04:38:29.869+0000] {taskinstance.py:340} INFO - ::group::Post task execution logs
[2024-08-26T04:38:29.870+0000] {taskinstance.py:352} INFO - Marking task as SUCCESS. dag_id=extract_and_transform_dag, task_id=run_spark_job, run_id=manual__2024-08-26T04:37:13.626082+00:00, execution_date=20240826T043713, start_date=20240826T043720, end_date=20240826T043829
[2024-08-26T04:38:29.921+0000] {local_task_job_runner.py:261} INFO - Task exited with return code 0
[2024-08-26T04:38:29.943+0000] {taskinstance.py:3891} INFO - 0 downstream tasks scheduled from follow-on schedule check
[2024-08-26T04:38:29.945+0000] {local_task_job_runner.py:240} INFO - ::endgroup::
