[2024-08-26T01:47:23.685+0000] {local_task_job_runner.py:123} INFO - ::group::Pre task execution logs
[2024-08-26T01:47:23.711+0000] {taskinstance.py:2603} INFO - Dependencies all met for dep_context=non-requeueable deps ti=<TaskInstance: extract_and_transform_dag.run_spark_job manual__2024-08-26T01:42:14.931368+00:00 [queued]>
[2024-08-26T01:47:23.722+0000] {taskinstance.py:2603} INFO - Dependencies all met for dep_context=requeueable deps ti=<TaskInstance: extract_and_transform_dag.run_spark_job manual__2024-08-26T01:42:14.931368+00:00 [queued]>
[2024-08-26T01:47:23.724+0000] {taskinstance.py:2856} INFO - Starting attempt 2 of 2
[2024-08-26T01:47:23.740+0000] {taskinstance.py:2879} INFO - Executing <Task(SparkSubmitOperator): run_spark_job> on 2024-08-26 01:42:14.931368+00:00
[2024-08-26T01:47:23.749+0000] {logging_mixin.py:190} WARNING - /home/***/.local/lib/python3.12/site-packages/***/task/task_runner/standard_task_runner.py:70 DeprecationWarning: This process (pid=203) is multi-threaded, use of fork() may lead to deadlocks in the child.
[2024-08-26T01:47:23.751+0000] {standard_task_runner.py:72} INFO - Started process 204 to run task
[2024-08-26T01:47:23.752+0000] {standard_task_runner.py:104} INFO - Running: ['***', 'tasks', 'run', 'extract_and_transform_dag', 'run_spark_job', 'manual__2024-08-26T01:42:14.931368+00:00', '--job-id', '153', '--raw', '--subdir', 'DAGS_FOLDER/test.py', '--cfg-path', '/tmp/tmpf0r8urlh']
[2024-08-26T01:47:23.756+0000] {standard_task_runner.py:105} INFO - Job 153: Subtask run_spark_job
[2024-08-26T01:47:23.831+0000] {task_command.py:467} INFO - Running <TaskInstance: extract_and_transform_dag.run_spark_job manual__2024-08-26T01:42:14.931368+00:00 [running]> on host 1b531588a971
[2024-08-26T01:47:23.939+0000] {taskinstance.py:3122} INFO - Exporting env vars: AIRFLOW_CTX_DAG_OWNER='***' AIRFLOW_CTX_DAG_ID='extract_and_transform_dag' AIRFLOW_CTX_TASK_ID='run_spark_job' AIRFLOW_CTX_EXECUTION_DATE='2024-08-26T01:42:14.931368+00:00' AIRFLOW_CTX_TRY_NUMBER='2' AIRFLOW_CTX_DAG_RUN_ID='manual__2024-08-26T01:42:14.931368+00:00'
[2024-08-26T01:47:23.940+0000] {taskinstance.py:731} INFO - ::endgroup::
[2024-08-26T01:47:23.968+0000] {base.py:84} INFO - Retrieving connection 'SPARK-PROJECT'
[2024-08-26T01:47:23.969+0000] {spark_submit.py:403} INFO - Spark-Submit cmd: spark-submit --master spark://spark:7077 --conf spark.driver.extraClassPath=/opt/bitnami/spark/jars/spark-snowflake_2.12-2.16.0-spark_3.2.jar --conf spark.executor.extraClassPath=/opt/bitnami/spark/jars/spark-snowflake_2.12-2.16.0-spark_3.2.jar --name spark_transform_job --deploy-mode client /spark/app/transform.py
[2024-08-26T01:47:27.360+0000] {spark_submit.py:579} INFO - 24/08/26 01:47:27 INFO SparkContext: Running Spark version 3.5.2
[2024-08-26T01:47:27.364+0000] {spark_submit.py:579} INFO - 24/08/26 01:47:27 INFO SparkContext: OS info Linux, 6.6.26-linuxkit, amd64
[2024-08-26T01:47:27.365+0000] {spark_submit.py:579} INFO - 24/08/26 01:47:27 INFO SparkContext: Java version 17.0.12
[2024-08-26T01:47:27.468+0000] {spark_submit.py:579} INFO - 24/08/26 01:47:27 WARN NativeCodeLoader: Unable to load native-hadoop library for your platform... using builtin-java classes where applicable
[2024-08-26T01:47:27.612+0000] {spark_submit.py:579} INFO - 24/08/26 01:47:27 INFO ResourceUtils: ==============================================================
[2024-08-26T01:47:27.613+0000] {spark_submit.py:579} INFO - 24/08/26 01:47:27 INFO ResourceUtils: No custom resources configured for spark.driver.
[2024-08-26T01:47:27.615+0000] {spark_submit.py:579} INFO - 24/08/26 01:47:27 INFO ResourceUtils: ==============================================================
[2024-08-26T01:47:27.616+0000] {spark_submit.py:579} INFO - 24/08/26 01:47:27 INFO SparkContext: Submitted application: DataCleaning
[2024-08-26T01:47:27.645+0000] {spark_submit.py:579} INFO - 24/08/26 01:47:27 INFO ResourceProfile: Default ResourceProfile created, executor resources: Map(memory -> name: memory, amount: 1024, script: , vendor: , offHeap -> name: offHeap, amount: 0, script: , vendor: ), task resources: Map(cpus -> name: cpus, amount: 1.0)
[2024-08-26T01:47:27.656+0000] {spark_submit.py:579} INFO - 24/08/26 01:47:27 INFO ResourceProfile: Limiting resource is cpu
[2024-08-26T01:47:27.657+0000] {spark_submit.py:579} INFO - 24/08/26 01:47:27 INFO ResourceProfileManager: Added ResourceProfile id: 0
[2024-08-26T01:47:27.723+0000] {spark_submit.py:579} INFO - 24/08/26 01:47:27 INFO SecurityManager: Changing view acls to: ***
[2024-08-26T01:47:27.725+0000] {spark_submit.py:579} INFO - 24/08/26 01:47:27 INFO SecurityManager: Changing modify acls to: ***
[2024-08-26T01:47:27.726+0000] {spark_submit.py:579} INFO - 24/08/26 01:47:27 INFO SecurityManager: Changing view acls groups to:
[2024-08-26T01:47:27.728+0000] {spark_submit.py:579} INFO - 24/08/26 01:47:27 INFO SecurityManager: Changing modify acls groups to:
[2024-08-26T01:47:27.729+0000] {spark_submit.py:579} INFO - 24/08/26 01:47:27 INFO SecurityManager: SecurityManager: authentication disabled; ui acls disabled; users with view permissions: ***; groups with view permissions: EMPTY; users with modify permissions: ***; groups with modify permissions: EMPTY
[2024-08-26T01:47:28.083+0000] {spark_submit.py:579} INFO - 24/08/26 01:47:28 INFO Utils: Successfully started service 'sparkDriver' on port 35839.
[2024-08-26T01:47:28.125+0000] {spark_submit.py:579} INFO - 24/08/26 01:47:28 INFO SparkEnv: Registering MapOutputTracker
[2024-08-26T01:47:28.176+0000] {spark_submit.py:579} INFO - 24/08/26 01:47:28 INFO SparkEnv: Registering BlockManagerMaster
[2024-08-26T01:47:28.197+0000] {spark_submit.py:579} INFO - 24/08/26 01:47:28 INFO BlockManagerMasterEndpoint: Using org.apache.spark.storage.DefaultTopologyMapper for getting topology information
[2024-08-26T01:47:28.198+0000] {spark_submit.py:579} INFO - 24/08/26 01:47:28 INFO BlockManagerMasterEndpoint: BlockManagerMasterEndpoint up
[2024-08-26T01:47:28.207+0000] {spark_submit.py:579} INFO - 24/08/26 01:47:28 INFO SparkEnv: Registering BlockManagerMasterHeartbeat
[2024-08-26T01:47:28.238+0000] {spark_submit.py:579} INFO - 24/08/26 01:47:28 INFO DiskBlockManager: Created local directory at /tmp/blockmgr-fd72c65e-dc44-418e-b69d-a46608814551
[2024-08-26T01:47:28.256+0000] {spark_submit.py:579} INFO - 24/08/26 01:47:28 INFO MemoryStore: MemoryStore started with capacity 434.4 MiB
[2024-08-26T01:47:28.274+0000] {spark_submit.py:579} INFO - 24/08/26 01:47:28 INFO SparkEnv: Registering OutputCommitCoordinator
[2024-08-26T01:47:28.415+0000] {spark_submit.py:579} INFO - 24/08/26 01:47:28 INFO JettyUtils: Start Jetty 0.0.0.0:4040 for SparkUI
[2024-08-26T01:47:28.521+0000] {spark_submit.py:579} INFO - 24/08/26 01:47:28 INFO Utils: Successfully started service 'SparkUI' on port 4040.
[2024-08-26T01:47:28.684+0000] {spark_submit.py:579} INFO - 24/08/26 01:47:28 INFO StandaloneAppClient$ClientEndpoint: Connecting to master spark://spark:7077...
[2024-08-26T01:47:28.751+0000] {spark_submit.py:579} INFO - 24/08/26 01:47:28 INFO TransportClientFactory: Successfully created connection to spark/172.18.0.4:7077 after 39 ms (0 ms spent in bootstraps)
[2024-08-26T01:47:48.688+0000] {spark_submit.py:579} INFO - 24/08/26 01:47:48 INFO StandaloneAppClient$ClientEndpoint: Connecting to master spark://spark:7077...
[2024-08-26T01:48:08.689+0000] {spark_submit.py:579} INFO - 24/08/26 01:48:08 INFO StandaloneAppClient$ClientEndpoint: Connecting to master spark://spark:7077...
[2024-08-26T01:48:28.692+0000] {spark_submit.py:579} INFO - 24/08/26 01:48:28 ERROR StandaloneSchedulerBackend: Application has been killed. Reason: All masters are unresponsive! Giving up.
[2024-08-26T01:48:28.693+0000] {spark_submit.py:579} INFO - 24/08/26 01:48:28 WARN StandaloneSchedulerBackend: Application ID is not initialized yet.
[2024-08-26T01:48:28.710+0000] {spark_submit.py:579} INFO - 24/08/26 01:48:28 INFO Utils: Successfully started service 'org.apache.spark.network.netty.NettyBlockTransferService' on port 37375.
[2024-08-26T01:48:28.711+0000] {spark_submit.py:579} INFO - 24/08/26 01:48:28 INFO NettyBlockTransferService: Server created on 1b531588a971:37375
[2024-08-26T01:48:28.715+0000] {spark_submit.py:579} INFO - 24/08/26 01:48:28 INFO BlockManager: Using org.apache.spark.storage.RandomBlockReplicationPolicy for block replication policy
[2024-08-26T01:48:28.730+0000] {spark_submit.py:579} INFO - 24/08/26 01:48:28 INFO BlockManagerMaster: Registering BlockManager BlockManagerId(driver, 1b531588a971, 37375, None)
[2024-08-26T01:48:28.738+0000] {spark_submit.py:579} INFO - 24/08/26 01:48:28 INFO BlockManagerMasterEndpoint: Registering block manager 1b531588a971:37375 with 434.4 MiB RAM, BlockManagerId(driver, 1b531588a971, 37375, None)
[2024-08-26T01:48:28.743+0000] {spark_submit.py:579} INFO - 24/08/26 01:48:28 INFO BlockManagerMaster: Registered BlockManager BlockManagerId(driver, 1b531588a971, 37375, None)
[2024-08-26T01:48:28.745+0000] {spark_submit.py:579} INFO - 24/08/26 01:48:28 INFO BlockManager: Initialized BlockManager: BlockManagerId(driver, 1b531588a971, 37375, None)
[2024-08-26T01:48:29.015+0000] {spark_submit.py:579} INFO - 24/08/26 01:48:29 INFO StandaloneSchedulerBackend: SchedulerBackend is ready for scheduling beginning after reached minRegisteredResourcesRatio: 0.0
[2024-08-26T01:48:29.321+0000] {spark_submit.py:579} INFO - 24/08/26 01:48:29 INFO SparkContext: SparkContext is stopping with exitCode 0.
[2024-08-26T01:48:29.347+0000] {spark_submit.py:579} INFO - 24/08/26 01:48:29 INFO SparkUI: Stopped Spark web UI at http://1b531588a971:4040
[2024-08-26T01:48:29.358+0000] {spark_submit.py:579} INFO - 24/08/26 01:48:29 INFO StandaloneSchedulerBackend: Shutting down all executors
[2024-08-26T01:48:29.363+0000] {spark_submit.py:579} INFO - 24/08/26 01:48:29 INFO StandaloneSchedulerBackend$StandaloneDriverEndpoint: Asking each executor to shut down
[2024-08-26T01:48:29.369+0000] {spark_submit.py:579} INFO - 24/08/26 01:48:29 WARN StandaloneAppClient$ClientEndpoint: Drop UnregisterApplication(null) because has not yet connected to master
[2024-08-26T01:48:29.373+0000] {spark_submit.py:579} INFO - 24/08/26 01:48:29 INFO SharedState: Setting hive.metastore.warehouse.dir ('null') to the value of spark.sql.warehouse.dir.
[2024-08-26T01:48:29.381+0000] {spark_submit.py:579} INFO - 24/08/26 01:48:29 INFO MapOutputTrackerMasterEndpoint: MapOutputTrackerMasterEndpoint stopped!
[2024-08-26T01:48:29.389+0000] {spark_submit.py:579} INFO - 24/08/26 01:48:29 INFO SharedState: Warehouse path is 'file:/opt/***/spark-warehouse'.
[2024-08-26T01:48:29.396+0000] {spark_submit.py:579} INFO - 24/08/26 01:48:29 INFO MemoryStore: MemoryStore cleared
[2024-08-26T01:48:29.397+0000] {spark_submit.py:579} INFO - 24/08/26 01:48:29 INFO BlockManager: BlockManager stopped
[2024-08-26T01:48:29.407+0000] {spark_submit.py:579} INFO - 24/08/26 01:48:29 INFO BlockManagerMaster: BlockManagerMaster stopped
[2024-08-26T01:48:29.411+0000] {spark_submit.py:579} INFO - 24/08/26 01:48:29 INFO OutputCommitCoordinator$OutputCommitCoordinatorEndpoint: OutputCommitCoordinator stopped!
[2024-08-26T01:48:29.424+0000] {spark_submit.py:579} INFO - 24/08/26 01:48:29 INFO SparkContext: Successfully stopped SparkContext
[2024-08-26T01:48:29.448+0000] {spark_submit.py:579} INFO - Lỗi khi đọc file customers.csv: An error occurred while calling o25.read.
[2024-08-26T01:48:29.449+0000] {spark_submit.py:579} INFO - : java.lang.IllegalStateException: LiveListenerBus is stopped.
[2024-08-26T01:48:29.449+0000] {spark_submit.py:579} INFO - at org.apache.spark.scheduler.LiveListenerBus.addToQueue(LiveListenerBus.scala:92)
[2024-08-26T01:48:29.449+0000] {spark_submit.py:579} INFO - at org.apache.spark.scheduler.LiveListenerBus.addToStatusQueue(LiveListenerBus.scala:75)
[2024-08-26T01:48:29.451+0000] {spark_submit.py:579} INFO - at org.apache.spark.sql.internal.SharedState.<init>(SharedState.scala:115)
[2024-08-26T01:48:29.453+0000] {spark_submit.py:579} INFO - at org.apache.spark.sql.SparkSession.$anonfun$sharedState$1(SparkSession.scala:143)
[2024-08-26T01:48:29.454+0000] {spark_submit.py:579} INFO - at scala.Option.getOrElse(Option.scala:189)
[2024-08-26T01:48:29.454+0000] {spark_submit.py:579} INFO - at org.apache.spark.sql.SparkSession.sharedState$lzycompute(SparkSession.scala:143)
[2024-08-26T01:48:29.455+0000] {spark_submit.py:579} INFO - at org.apache.spark.sql.SparkSession.sharedState(SparkSession.scala:142)
[2024-08-26T01:48:29.456+0000] {spark_submit.py:579} INFO - at org.apache.spark.sql.SparkSession.$anonfun$sessionState$2(SparkSession.scala:162)
[2024-08-26T01:48:29.456+0000] {spark_submit.py:579} INFO - at scala.Option.getOrElse(Option.scala:189)
[2024-08-26T01:48:29.458+0000] {spark_submit.py:579} INFO - at org.apache.spark.sql.SparkSession.sessionState$lzycompute(SparkSession.scala:160)
[2024-08-26T01:48:29.458+0000] {spark_submit.py:579} INFO - at org.apache.spark.sql.SparkSession.sessionState(SparkSession.scala:157)
[2024-08-26T01:48:29.459+0000] {spark_submit.py:579} INFO - at org.apache.spark.sql.DataFrameReader.<init>(DataFrameReader.scala:699)
[2024-08-26T01:48:29.459+0000] {spark_submit.py:579} INFO - at org.apache.spark.sql.SparkSession.read(SparkSession.scala:783)
[2024-08-26T01:48:29.460+0000] {spark_submit.py:579} INFO - at java.base/jdk.internal.reflect.NativeMethodAccessorImpl.invoke0(Native Method)
[2024-08-26T01:48:29.460+0000] {spark_submit.py:579} INFO - at java.base/jdk.internal.reflect.NativeMethodAccessorImpl.invoke(NativeMethodAccessorImpl.java:77)
[2024-08-26T01:48:29.460+0000] {spark_submit.py:579} INFO - at java.base/jdk.internal.reflect.DelegatingMethodAccessorImpl.invoke(DelegatingMethodAccessorImpl.java:43)
[2024-08-26T01:48:29.461+0000] {spark_submit.py:579} INFO - at java.base/java.lang.reflect.Method.invoke(Method.java:569)
[2024-08-26T01:48:29.461+0000] {spark_submit.py:579} INFO - at py4j.reflection.MethodInvoker.invoke(MethodInvoker.java:244)
[2024-08-26T01:48:29.461+0000] {spark_submit.py:579} INFO - at py4j.reflection.ReflectionEngine.invoke(ReflectionEngine.java:374)
[2024-08-26T01:48:29.462+0000] {spark_submit.py:579} INFO - at py4j.Gateway.invoke(Gateway.java:282)
[2024-08-26T01:48:29.462+0000] {spark_submit.py:579} INFO - at py4j.commands.AbstractCommand.invokeMethod(AbstractCommand.java:132)
[2024-08-26T01:48:29.463+0000] {spark_submit.py:579} INFO - at py4j.commands.CallCommand.execute(CallCommand.java:79)
[2024-08-26T01:48:29.463+0000] {spark_submit.py:579} INFO - at py4j.ClientServerConnection.waitForCommands(ClientServerConnection.java:182)
[2024-08-26T01:48:29.465+0000] {spark_submit.py:579} INFO - at py4j.ClientServerConnection.run(ClientServerConnection.java:106)
[2024-08-26T01:48:29.467+0000] {spark_submit.py:579} INFO - at java.base/java.lang.Thread.run(Thread.java:840)
[2024-08-26T01:48:29.468+0000] {spark_submit.py:579} INFO - 
[2024-08-26T01:48:29.469+0000] {spark_submit.py:579} INFO - 24/08/26 01:48:29 INFO SharedState: Setting hive.metastore.warehouse.dir ('file:/opt/***/spark-warehouse') to the value of spark.sql.warehouse.dir.
[2024-08-26T01:48:29.470+0000] {spark_submit.py:579} INFO - 24/08/26 01:48:29 INFO SharedState: Warehouse path is 'file:/opt/***/spark-warehouse'.
[2024-08-26T01:48:29.490+0000] {spark_submit.py:579} INFO - Lỗi khi đọc file accounts.csv: An error occurred while calling o25.read.
[2024-08-26T01:48:29.492+0000] {spark_submit.py:579} INFO - : java.lang.IllegalStateException: LiveListenerBus is stopped.
[2024-08-26T01:48:29.493+0000] {spark_submit.py:579} INFO - at org.apache.spark.scheduler.LiveListenerBus.addToQueue(LiveListenerBus.scala:92)
[2024-08-26T01:48:29.494+0000] {spark_submit.py:579} INFO - at org.apache.spark.scheduler.LiveListenerBus.addToStatusQueue(LiveListenerBus.scala:75)
[2024-08-26T01:48:29.495+0000] {spark_submit.py:579} INFO - at org.apache.spark.sql.internal.SharedState.<init>(SharedState.scala:115)
[2024-08-26T01:48:29.495+0000] {spark_submit.py:579} INFO - at org.apache.spark.sql.SparkSession.$anonfun$sharedState$1(SparkSession.scala:143)
[2024-08-26T01:48:29.496+0000] {spark_submit.py:579} INFO - at scala.Option.getOrElse(Option.scala:189)
[2024-08-26T01:48:29.496+0000] {spark_submit.py:579} INFO - at org.apache.spark.sql.SparkSession.sharedState$lzycompute(SparkSession.scala:143)
[2024-08-26T01:48:29.497+0000] {spark_submit.py:579} INFO - at org.apache.spark.sql.SparkSession.sharedState(SparkSession.scala:142)
[2024-08-26T01:48:29.499+0000] {spark_submit.py:579} INFO - at org.apache.spark.sql.SparkSession.$anonfun$sessionState$2(SparkSession.scala:162)
[2024-08-26T01:48:29.499+0000] {spark_submit.py:579} INFO - at scala.Option.getOrElse(Option.scala:189)
[2024-08-26T01:48:29.500+0000] {spark_submit.py:579} INFO - at org.apache.spark.sql.SparkSession.sessionState$lzycompute(SparkSession.scala:160)
[2024-08-26T01:48:29.500+0000] {spark_submit.py:579} INFO - at org.apache.spark.sql.SparkSession.sessionState(SparkSession.scala:157)
[2024-08-26T01:48:29.500+0000] {spark_submit.py:579} INFO - at org.apache.spark.sql.DataFrameReader.<init>(DataFrameReader.scala:699)
[2024-08-26T01:48:29.503+0000] {spark_submit.py:579} INFO - at org.apache.spark.sql.SparkSession.read(SparkSession.scala:783)
[2024-08-26T01:48:29.504+0000] {spark_submit.py:579} INFO - at java.base/jdk.internal.reflect.NativeMethodAccessorImpl.invoke0(Native Method)
[2024-08-26T01:48:29.504+0000] {spark_submit.py:579} INFO - at java.base/jdk.internal.reflect.NativeMethodAccessorImpl.invoke(NativeMethodAccessorImpl.java:77)
[2024-08-26T01:48:29.505+0000] {spark_submit.py:579} INFO - at java.base/jdk.internal.reflect.DelegatingMethodAccessorImpl.invoke(DelegatingMethodAccessorImpl.java:43)
[2024-08-26T01:48:29.506+0000] {spark_submit.py:579} INFO - at java.base/java.lang.reflect.Method.invoke(Method.java:569)
[2024-08-26T01:48:29.507+0000] {spark_submit.py:579} INFO - at py4j.reflection.MethodInvoker.invoke(MethodInvoker.java:244)
[2024-08-26T01:48:29.508+0000] {spark_submit.py:579} INFO - at py4j.reflection.ReflectionEngine.invoke(ReflectionEngine.java:374)
[2024-08-26T01:48:29.508+0000] {spark_submit.py:579} INFO - at py4j.Gateway.invoke(Gateway.java:282)
[2024-08-26T01:48:29.509+0000] {spark_submit.py:579} INFO - at py4j.commands.AbstractCommand.invokeMethod(AbstractCommand.java:132)
[2024-08-26T01:48:29.510+0000] {spark_submit.py:579} INFO - at py4j.commands.CallCommand.execute(CallCommand.java:79)
[2024-08-26T01:48:29.510+0000] {spark_submit.py:579} INFO - at py4j.ClientServerConnection.waitForCommands(ClientServerConnection.java:182)
[2024-08-26T01:48:29.510+0000] {spark_submit.py:579} INFO - at py4j.ClientServerConnection.run(ClientServerConnection.java:106)
[2024-08-26T01:48:29.511+0000] {spark_submit.py:579} INFO - at java.base/java.lang.Thread.run(Thread.java:840)
[2024-08-26T01:48:29.511+0000] {spark_submit.py:579} INFO - 
[2024-08-26T01:48:29.511+0000] {spark_submit.py:579} INFO - 24/08/26 01:48:29 INFO SharedState: Setting hive.metastore.warehouse.dir ('file:/opt/***/spark-warehouse') to the value of spark.sql.warehouse.dir.
[2024-08-26T01:48:29.512+0000] {spark_submit.py:579} INFO - 24/08/26 01:48:29 INFO SharedState: Warehouse path is 'file:/opt/***/spark-warehouse'.
[2024-08-26T01:48:29.528+0000] {spark_submit.py:579} INFO - Lỗi khi đọc file transactions.csv: An error occurred while calling o25.read.
[2024-08-26T01:48:29.529+0000] {spark_submit.py:579} INFO - : java.lang.IllegalStateException: LiveListenerBus is stopped.
[2024-08-26T01:48:29.530+0000] {spark_submit.py:579} INFO - at org.apache.spark.scheduler.LiveListenerBus.addToQueue(LiveListenerBus.scala:92)
[2024-08-26T01:48:29.531+0000] {spark_submit.py:579} INFO - at org.apache.spark.scheduler.LiveListenerBus.addToStatusQueue(LiveListenerBus.scala:75)
[2024-08-26T01:48:29.532+0000] {spark_submit.py:579} INFO - at org.apache.spark.sql.internal.SharedState.<init>(SharedState.scala:115)
[2024-08-26T01:48:29.533+0000] {spark_submit.py:579} INFO - at org.apache.spark.sql.SparkSession.$anonfun$sharedState$1(SparkSession.scala:143)
[2024-08-26T01:48:29.536+0000] {spark_submit.py:579} INFO - at scala.Option.getOrElse(Option.scala:189)
[2024-08-26T01:48:29.537+0000] {spark_submit.py:579} INFO - at org.apache.spark.sql.SparkSession.sharedState$lzycompute(SparkSession.scala:143)
[2024-08-26T01:48:29.538+0000] {spark_submit.py:579} INFO - at org.apache.spark.sql.SparkSession.sharedState(SparkSession.scala:142)
[2024-08-26T01:48:29.538+0000] {spark_submit.py:579} INFO - at org.apache.spark.sql.SparkSession.$anonfun$sessionState$2(SparkSession.scala:162)
[2024-08-26T01:48:29.539+0000] {spark_submit.py:579} INFO - at scala.Option.getOrElse(Option.scala:189)
[2024-08-26T01:48:29.540+0000] {spark_submit.py:579} INFO - at org.apache.spark.sql.SparkSession.sessionState$lzycompute(SparkSession.scala:160)
[2024-08-26T01:48:29.541+0000] {spark_submit.py:579} INFO - at org.apache.spark.sql.SparkSession.sessionState(SparkSession.scala:157)
[2024-08-26T01:48:29.542+0000] {spark_submit.py:579} INFO - at org.apache.spark.sql.DataFrameReader.<init>(DataFrameReader.scala:699)
[2024-08-26T01:48:29.542+0000] {spark_submit.py:579} INFO - at org.apache.spark.sql.SparkSession.read(SparkSession.scala:783)
[2024-08-26T01:48:29.543+0000] {spark_submit.py:579} INFO - at java.base/jdk.internal.reflect.NativeMethodAccessorImpl.invoke0(Native Method)
[2024-08-26T01:48:29.543+0000] {spark_submit.py:579} INFO - at java.base/jdk.internal.reflect.NativeMethodAccessorImpl.invoke(NativeMethodAccessorImpl.java:77)
[2024-08-26T01:48:29.543+0000] {spark_submit.py:579} INFO - at java.base/jdk.internal.reflect.DelegatingMethodAccessorImpl.invoke(DelegatingMethodAccessorImpl.java:43)
[2024-08-26T01:48:29.544+0000] {spark_submit.py:579} INFO - at java.base/java.lang.reflect.Method.invoke(Method.java:569)
[2024-08-26T01:48:29.544+0000] {spark_submit.py:579} INFO - at py4j.reflection.MethodInvoker.invoke(MethodInvoker.java:244)
[2024-08-26T01:48:29.544+0000] {spark_submit.py:579} INFO - at py4j.reflection.ReflectionEngine.invoke(ReflectionEngine.java:374)
[2024-08-26T01:48:29.544+0000] {spark_submit.py:579} INFO - at py4j.Gateway.invoke(Gateway.java:282)
[2024-08-26T01:48:29.545+0000] {spark_submit.py:579} INFO - at py4j.commands.AbstractCommand.invokeMethod(AbstractCommand.java:132)
[2024-08-26T01:48:29.545+0000] {spark_submit.py:579} INFO - at py4j.commands.CallCommand.execute(CallCommand.java:79)
[2024-08-26T01:48:29.546+0000] {spark_submit.py:579} INFO - at py4j.ClientServerConnection.waitForCommands(ClientServerConnection.java:182)
[2024-08-26T01:48:29.546+0000] {spark_submit.py:579} INFO - at py4j.ClientServerConnection.run(ClientServerConnection.java:106)
[2024-08-26T01:48:29.547+0000] {spark_submit.py:579} INFO - at java.base/java.lang.Thread.run(Thread.java:840)
[2024-08-26T01:48:29.550+0000] {spark_submit.py:579} INFO - 
[2024-08-26T01:48:29.550+0000] {spark_submit.py:579} INFO - 24/08/26 01:48:29 INFO SharedState: Setting hive.metastore.warehouse.dir ('file:/opt/***/spark-warehouse') to the value of spark.sql.warehouse.dir.
[2024-08-26T01:48:29.551+0000] {spark_submit.py:579} INFO - 24/08/26 01:48:29 INFO SharedState: Warehouse path is 'file:/opt/***/spark-warehouse'.
[2024-08-26T01:48:29.574+0000] {spark_submit.py:579} INFO - Lỗi khi đọc file branches.csv: An error occurred while calling o25.read.
[2024-08-26T01:48:29.575+0000] {spark_submit.py:579} INFO - : java.lang.IllegalStateException: LiveListenerBus is stopped.
[2024-08-26T01:48:29.576+0000] {spark_submit.py:579} INFO - at org.apache.spark.scheduler.LiveListenerBus.addToQueue(LiveListenerBus.scala:92)
[2024-08-26T01:48:29.577+0000] {spark_submit.py:579} INFO - at org.apache.spark.scheduler.LiveListenerBus.addToStatusQueue(LiveListenerBus.scala:75)
[2024-08-26T01:48:29.577+0000] {spark_submit.py:579} INFO - at org.apache.spark.sql.internal.SharedState.<init>(SharedState.scala:115)
[2024-08-26T01:48:29.578+0000] {spark_submit.py:579} INFO - at org.apache.spark.sql.SparkSession.$anonfun$sharedState$1(SparkSession.scala:143)
[2024-08-26T01:48:29.579+0000] {spark_submit.py:579} INFO - at scala.Option.getOrElse(Option.scala:189)
[2024-08-26T01:48:29.579+0000] {spark_submit.py:579} INFO - at org.apache.spark.sql.SparkSession.sharedState$lzycompute(SparkSession.scala:143)
[2024-08-26T01:48:29.579+0000] {spark_submit.py:579} INFO - at org.apache.spark.sql.SparkSession.sharedState(SparkSession.scala:142)
[2024-08-26T01:48:29.580+0000] {spark_submit.py:579} INFO - at org.apache.spark.sql.SparkSession.$anonfun$sessionState$2(SparkSession.scala:162)
[2024-08-26T01:48:29.581+0000] {spark_submit.py:579} INFO - at scala.Option.getOrElse(Option.scala:189)
[2024-08-26T01:48:29.581+0000] {spark_submit.py:579} INFO - at org.apache.spark.sql.SparkSession.sessionState$lzycompute(SparkSession.scala:160)
[2024-08-26T01:48:29.583+0000] {spark_submit.py:579} INFO - at org.apache.spark.sql.SparkSession.sessionState(SparkSession.scala:157)
[2024-08-26T01:48:29.585+0000] {spark_submit.py:579} INFO - at org.apache.spark.sql.DataFrameReader.<init>(DataFrameReader.scala:699)
[2024-08-26T01:48:29.586+0000] {spark_submit.py:579} INFO - at org.apache.spark.sql.SparkSession.read(SparkSession.scala:783)
[2024-08-26T01:48:29.586+0000] {spark_submit.py:579} INFO - at java.base/jdk.internal.reflect.NativeMethodAccessorImpl.invoke0(Native Method)
[2024-08-26T01:48:29.587+0000] {spark_submit.py:579} INFO - at java.base/jdk.internal.reflect.NativeMethodAccessorImpl.invoke(NativeMethodAccessorImpl.java:77)
[2024-08-26T01:48:29.588+0000] {spark_submit.py:579} INFO - at java.base/jdk.internal.reflect.DelegatingMethodAccessorImpl.invoke(DelegatingMethodAccessorImpl.java:43)
[2024-08-26T01:48:29.589+0000] {spark_submit.py:579} INFO - at java.base/java.lang.reflect.Method.invoke(Method.java:569)
[2024-08-26T01:48:29.590+0000] {spark_submit.py:579} INFO - at py4j.reflection.MethodInvoker.invoke(MethodInvoker.java:244)
[2024-08-26T01:48:29.591+0000] {spark_submit.py:579} INFO - at py4j.reflection.ReflectionEngine.invoke(ReflectionEngine.java:374)
[2024-08-26T01:48:29.591+0000] {spark_submit.py:579} INFO - at py4j.Gateway.invoke(Gateway.java:282)
[2024-08-26T01:48:29.592+0000] {spark_submit.py:579} INFO - at py4j.commands.AbstractCommand.invokeMethod(AbstractCommand.java:132)
[2024-08-26T01:48:29.592+0000] {spark_submit.py:579} INFO - at py4j.commands.CallCommand.execute(CallCommand.java:79)
[2024-08-26T01:48:29.593+0000] {spark_submit.py:579} INFO - at py4j.ClientServerConnection.waitForCommands(ClientServerConnection.java:182)
[2024-08-26T01:48:29.593+0000] {spark_submit.py:579} INFO - at py4j.ClientServerConnection.run(ClientServerConnection.java:106)
[2024-08-26T01:48:29.594+0000] {spark_submit.py:579} INFO - at java.base/java.lang.Thread.run(Thread.java:840)
[2024-08-26T01:48:29.595+0000] {spark_submit.py:579} INFO - 
[2024-08-26T01:48:29.595+0000] {spark_submit.py:579} INFO - 24/08/26 01:48:29 INFO SharedState: Setting hive.metastore.warehouse.dir ('file:/opt/***/spark-warehouse') to the value of spark.sql.warehouse.dir.
[2024-08-26T01:48:29.596+0000] {spark_submit.py:579} INFO - 24/08/26 01:48:29 INFO SharedState: Warehouse path is 'file:/opt/***/spark-warehouse'.
[2024-08-26T01:48:29.630+0000] {spark_submit.py:579} INFO - Lỗi khi đọc file loans.csv: An error occurred while calling o25.read.
[2024-08-26T01:48:29.631+0000] {spark_submit.py:579} INFO - : java.lang.IllegalStateException: LiveListenerBus is stopped.
[2024-08-26T01:48:29.632+0000] {spark_submit.py:579} INFO - at org.apache.spark.scheduler.LiveListenerBus.addToQueue(LiveListenerBus.scala:92)
[2024-08-26T01:48:29.632+0000] {spark_submit.py:579} INFO - at org.apache.spark.scheduler.LiveListenerBus.addToStatusQueue(LiveListenerBus.scala:75)
[2024-08-26T01:48:29.633+0000] {spark_submit.py:579} INFO - at org.apache.spark.sql.internal.SharedState.<init>(SharedState.scala:115)
[2024-08-26T01:48:29.636+0000] {spark_submit.py:579} INFO - at org.apache.spark.sql.SparkSession.$anonfun$sharedState$1(SparkSession.scala:143)
[2024-08-26T01:48:29.636+0000] {spark_submit.py:579} INFO - at scala.Option.getOrElse(Option.scala:189)
[2024-08-26T01:48:29.637+0000] {spark_submit.py:579} INFO - at org.apache.spark.sql.SparkSession.sharedState$lzycompute(SparkSession.scala:143)
[2024-08-26T01:48:29.638+0000] {spark_submit.py:579} INFO - at org.apache.spark.sql.SparkSession.sharedState(SparkSession.scala:142)
[2024-08-26T01:48:29.639+0000] {spark_submit.py:579} INFO - at org.apache.spark.sql.SparkSession.$anonfun$sessionState$2(SparkSession.scala:162)
[2024-08-26T01:48:29.639+0000] {spark_submit.py:579} INFO - at scala.Option.getOrElse(Option.scala:189)
[2024-08-26T01:48:29.640+0000] {spark_submit.py:579} INFO - at org.apache.spark.sql.SparkSession.sessionState$lzycompute(SparkSession.scala:160)
[2024-08-26T01:48:29.641+0000] {spark_submit.py:579} INFO - at org.apache.spark.sql.SparkSession.sessionState(SparkSession.scala:157)
[2024-08-26T01:48:29.642+0000] {spark_submit.py:579} INFO - at org.apache.spark.sql.DataFrameReader.<init>(DataFrameReader.scala:699)
[2024-08-26T01:48:29.642+0000] {spark_submit.py:579} INFO - at org.apache.spark.sql.SparkSession.read(SparkSession.scala:783)
[2024-08-26T01:48:29.643+0000] {spark_submit.py:579} INFO - at java.base/jdk.internal.reflect.NativeMethodAccessorImpl.invoke0(Native Method)
[2024-08-26T01:48:29.644+0000] {spark_submit.py:579} INFO - at java.base/jdk.internal.reflect.NativeMethodAccessorImpl.invoke(NativeMethodAccessorImpl.java:77)
[2024-08-26T01:48:29.656+0000] {spark_submit.py:579} INFO - at java.base/jdk.internal.reflect.DelegatingMethodAccessorImpl.invoke(DelegatingMethodAccessorImpl.java:43)
[2024-08-26T01:48:29.657+0000] {spark_submit.py:579} INFO - at java.base/java.lang.reflect.Method.invoke(Method.java:569)
[2024-08-26T01:48:29.658+0000] {spark_submit.py:579} INFO - at py4j.reflection.MethodInvoker.invoke(MethodInvoker.java:244)
[2024-08-26T01:48:29.659+0000] {spark_submit.py:579} INFO - at py4j.reflection.ReflectionEngine.invoke(ReflectionEngine.java:374)
[2024-08-26T01:48:29.660+0000] {spark_submit.py:579} INFO - at py4j.Gateway.invoke(Gateway.java:282)
[2024-08-26T01:48:29.660+0000] {spark_submit.py:579} INFO - at py4j.commands.AbstractCommand.invokeMethod(AbstractCommand.java:132)
[2024-08-26T01:48:29.661+0000] {spark_submit.py:579} INFO - at py4j.commands.CallCommand.execute(CallCommand.java:79)
[2024-08-26T01:48:29.662+0000] {spark_submit.py:579} INFO - at py4j.ClientServerConnection.waitForCommands(ClientServerConnection.java:182)
[2024-08-26T01:48:29.663+0000] {spark_submit.py:579} INFO - at py4j.ClientServerConnection.run(ClientServerConnection.java:106)
[2024-08-26T01:48:29.665+0000] {spark_submit.py:579} INFO - at java.base/java.lang.Thread.run(Thread.java:840)
[2024-08-26T01:48:29.670+0000] {spark_submit.py:579} INFO - 
[2024-08-26T01:48:29.671+0000] {spark_submit.py:579} INFO - 24/08/26 01:48:29 INFO SharedState: Setting hive.metastore.warehouse.dir ('file:/opt/***/spark-warehouse') to the value of spark.sql.warehouse.dir.
[2024-08-26T01:48:29.671+0000] {spark_submit.py:579} INFO - 24/08/26 01:48:29 INFO SharedState: Warehouse path is 'file:/opt/***/spark-warehouse'.
[2024-08-26T01:48:29.684+0000] {spark_submit.py:579} INFO - Lỗi khi đọc file credit_cards.csv: An error occurred while calling o25.read.
[2024-08-26T01:48:29.685+0000] {spark_submit.py:579} INFO - : java.lang.IllegalStateException: LiveListenerBus is stopped.
[2024-08-26T01:48:29.686+0000] {spark_submit.py:579} INFO - at org.apache.spark.scheduler.LiveListenerBus.addToQueue(LiveListenerBus.scala:92)
[2024-08-26T01:48:29.688+0000] {spark_submit.py:579} INFO - at org.apache.spark.scheduler.LiveListenerBus.addToStatusQueue(LiveListenerBus.scala:75)
[2024-08-26T01:48:29.689+0000] {spark_submit.py:579} INFO - at org.apache.spark.sql.internal.SharedState.<init>(SharedState.scala:115)
[2024-08-26T01:48:29.690+0000] {spark_submit.py:579} INFO - at org.apache.spark.sql.SparkSession.$anonfun$sharedState$1(SparkSession.scala:143)
[2024-08-26T01:48:29.690+0000] {spark_submit.py:579} INFO - at scala.Option.getOrElse(Option.scala:189)
[2024-08-26T01:48:29.691+0000] {spark_submit.py:579} INFO - at org.apache.spark.sql.SparkSession.sharedState$lzycompute(SparkSession.scala:143)
[2024-08-26T01:48:29.691+0000] {spark_submit.py:579} INFO - at org.apache.spark.sql.SparkSession.sharedState(SparkSession.scala:142)
[2024-08-26T01:48:29.692+0000] {spark_submit.py:579} INFO - at org.apache.spark.sql.SparkSession.$anonfun$sessionState$2(SparkSession.scala:162)
[2024-08-26T01:48:29.693+0000] {spark_submit.py:579} INFO - at scala.Option.getOrElse(Option.scala:189)
[2024-08-26T01:48:29.695+0000] {spark_submit.py:579} INFO - at org.apache.spark.sql.SparkSession.sessionState$lzycompute(SparkSession.scala:160)
[2024-08-26T01:48:29.696+0000] {spark_submit.py:579} INFO - at org.apache.spark.sql.SparkSession.sessionState(SparkSession.scala:157)
[2024-08-26T01:48:29.697+0000] {spark_submit.py:579} INFO - at org.apache.spark.sql.DataFrameReader.<init>(DataFrameReader.scala:699)
[2024-08-26T01:48:29.698+0000] {spark_submit.py:579} INFO - at org.apache.spark.sql.SparkSession.read(SparkSession.scala:783)
[2024-08-26T01:48:29.699+0000] {spark_submit.py:579} INFO - at java.base/jdk.internal.reflect.NativeMethodAccessorImpl.invoke0(Native Method)
[2024-08-26T01:48:29.699+0000] {spark_submit.py:579} INFO - at java.base/jdk.internal.reflect.NativeMethodAccessorImpl.invoke(NativeMethodAccessorImpl.java:77)
[2024-08-26T01:48:29.700+0000] {spark_submit.py:579} INFO - at java.base/jdk.internal.reflect.DelegatingMethodAccessorImpl.invoke(DelegatingMethodAccessorImpl.java:43)
[2024-08-26T01:48:29.701+0000] {spark_submit.py:579} INFO - at java.base/java.lang.reflect.Method.invoke(Method.java:569)
[2024-08-26T01:48:29.701+0000] {spark_submit.py:579} INFO - at py4j.reflection.MethodInvoker.invoke(MethodInvoker.java:244)
[2024-08-26T01:48:29.702+0000] {spark_submit.py:579} INFO - at py4j.reflection.ReflectionEngine.invoke(ReflectionEngine.java:374)
[2024-08-26T01:48:29.703+0000] {spark_submit.py:579} INFO - at py4j.Gateway.invoke(Gateway.java:282)
[2024-08-26T01:48:29.703+0000] {spark_submit.py:579} INFO - at py4j.commands.AbstractCommand.invokeMethod(AbstractCommand.java:132)
[2024-08-26T01:48:29.704+0000] {spark_submit.py:579} INFO - at py4j.commands.CallCommand.execute(CallCommand.java:79)
[2024-08-26T01:48:29.704+0000] {spark_submit.py:579} INFO - at py4j.ClientServerConnection.waitForCommands(ClientServerConnection.java:182)
[2024-08-26T01:48:29.705+0000] {spark_submit.py:579} INFO - at py4j.ClientServerConnection.run(ClientServerConnection.java:106)
[2024-08-26T01:48:29.705+0000] {spark_submit.py:579} INFO - at java.base/java.lang.Thread.run(Thread.java:840)
[2024-08-26T01:48:29.706+0000] {spark_submit.py:579} INFO - 
[2024-08-26T01:48:29.707+0000] {spark_submit.py:579} INFO - 24/08/26 01:48:29 INFO SharedState: Setting hive.metastore.warehouse.dir ('file:/opt/***/spark-warehouse') to the value of spark.sql.warehouse.dir.
[2024-08-26T01:48:29.708+0000] {spark_submit.py:579} INFO - 24/08/26 01:48:29 INFO SharedState: Warehouse path is 'file:/opt/***/spark-warehouse'.
[2024-08-26T01:48:29.728+0000] {spark_submit.py:579} INFO - Lỗi khi đọc file investments.csv: An error occurred while calling o25.read.
[2024-08-26T01:48:29.728+0000] {spark_submit.py:579} INFO - : java.lang.IllegalStateException: LiveListenerBus is stopped.
[2024-08-26T01:48:29.729+0000] {spark_submit.py:579} INFO - at org.apache.spark.scheduler.LiveListenerBus.addToQueue(LiveListenerBus.scala:92)
[2024-08-26T01:48:29.729+0000] {spark_submit.py:579} INFO - at org.apache.spark.scheduler.LiveListenerBus.addToStatusQueue(LiveListenerBus.scala:75)
[2024-08-26T01:48:29.729+0000] {spark_submit.py:579} INFO - at org.apache.spark.sql.internal.SharedState.<init>(SharedState.scala:115)
[2024-08-26T01:48:29.729+0000] {spark_submit.py:579} INFO - at org.apache.spark.sql.SparkSession.$anonfun$sharedState$1(SparkSession.scala:143)
[2024-08-26T01:48:29.730+0000] {spark_submit.py:579} INFO - at scala.Option.getOrElse(Option.scala:189)
[2024-08-26T01:48:29.730+0000] {spark_submit.py:579} INFO - at org.apache.spark.sql.SparkSession.sharedState$lzycompute(SparkSession.scala:143)
[2024-08-26T01:48:29.731+0000] {spark_submit.py:579} INFO - at org.apache.spark.sql.SparkSession.sharedState(SparkSession.scala:142)
[2024-08-26T01:48:29.732+0000] {spark_submit.py:579} INFO - at org.apache.spark.sql.SparkSession.$anonfun$sessionState$2(SparkSession.scala:162)
[2024-08-26T01:48:29.732+0000] {spark_submit.py:579} INFO - at scala.Option.getOrElse(Option.scala:189)
[2024-08-26T01:48:29.732+0000] {spark_submit.py:579} INFO - at org.apache.spark.sql.SparkSession.sessionState$lzycompute(SparkSession.scala:160)
[2024-08-26T01:48:29.733+0000] {spark_submit.py:579} INFO - at org.apache.spark.sql.SparkSession.sessionState(SparkSession.scala:157)
[2024-08-26T01:48:29.733+0000] {spark_submit.py:579} INFO - at org.apache.spark.sql.DataFrameReader.<init>(DataFrameReader.scala:699)
[2024-08-26T01:48:29.734+0000] {spark_submit.py:579} INFO - at org.apache.spark.sql.SparkSession.read(SparkSession.scala:783)
[2024-08-26T01:48:29.734+0000] {spark_submit.py:579} INFO - at java.base/jdk.internal.reflect.NativeMethodAccessorImpl.invoke0(Native Method)
[2024-08-26T01:48:29.736+0000] {spark_submit.py:579} INFO - at java.base/jdk.internal.reflect.NativeMethodAccessorImpl.invoke(NativeMethodAccessorImpl.java:77)
[2024-08-26T01:48:29.736+0000] {spark_submit.py:579} INFO - at java.base/jdk.internal.reflect.DelegatingMethodAccessorImpl.invoke(DelegatingMethodAccessorImpl.java:43)
[2024-08-26T01:48:29.737+0000] {spark_submit.py:579} INFO - at java.base/java.lang.reflect.Method.invoke(Method.java:569)
[2024-08-26T01:48:29.738+0000] {spark_submit.py:579} INFO - at py4j.reflection.MethodInvoker.invoke(MethodInvoker.java:244)
[2024-08-26T01:48:29.738+0000] {spark_submit.py:579} INFO - at py4j.reflection.ReflectionEngine.invoke(ReflectionEngine.java:374)
[2024-08-26T01:48:29.738+0000] {spark_submit.py:579} INFO - at py4j.Gateway.invoke(Gateway.java:282)
[2024-08-26T01:48:29.738+0000] {spark_submit.py:579} INFO - at py4j.commands.AbstractCommand.invokeMethod(AbstractCommand.java:132)
[2024-08-26T01:48:29.739+0000] {spark_submit.py:579} INFO - at py4j.commands.CallCommand.execute(CallCommand.java:79)
[2024-08-26T01:48:29.739+0000] {spark_submit.py:579} INFO - at py4j.ClientServerConnection.waitForCommands(ClientServerConnection.java:182)
[2024-08-26T01:48:29.740+0000] {spark_submit.py:579} INFO - at py4j.ClientServerConnection.run(ClientServerConnection.java:106)
[2024-08-26T01:48:29.740+0000] {spark_submit.py:579} INFO - at java.base/java.lang.Thread.run(Thread.java:840)
[2024-08-26T01:48:29.741+0000] {spark_submit.py:579} INFO - 
[2024-08-26T01:48:29.741+0000] {spark_submit.py:579} INFO - 24/08/26 01:48:29 INFO SparkContext: SparkContext is stopping with exitCode 0.
[2024-08-26T01:48:29.742+0000] {spark_submit.py:579} INFO - 24/08/26 01:48:29 INFO SparkContext: SparkContext already stopped.
[2024-08-26T01:48:30.138+0000] {spark_submit.py:579} INFO - 24/08/26 01:48:30 INFO ShutdownHookManager: Shutdown hook called
[2024-08-26T01:48:30.140+0000] {spark_submit.py:579} INFO - 24/08/26 01:48:30 INFO ShutdownHookManager: Deleting directory /tmp/spark-c33062d6-1b35-4cfc-a5ad-6b65f12ee2b7/pyspark-2fc5d482-0b13-4a96-ae7e-5486f47840d2
[2024-08-26T01:48:30.147+0000] {spark_submit.py:579} INFO - 24/08/26 01:48:30 INFO ShutdownHookManager: Deleting directory /tmp/spark-c33062d6-1b35-4cfc-a5ad-6b65f12ee2b7
[2024-08-26T01:48:30.154+0000] {spark_submit.py:579} INFO - 24/08/26 01:48:30 INFO ShutdownHookManager: Deleting directory /tmp/spark-d217833d-f12b-499f-9100-005e24b9be3a
[2024-08-26T01:48:30.205+0000] {taskinstance.py:340} INFO - ::group::Post task execution logs
[2024-08-26T01:48:30.206+0000] {taskinstance.py:352} INFO - Marking task as SUCCESS. dag_id=extract_and_transform_dag, task_id=run_spark_job, run_id=manual__2024-08-26T01:42:14.931368+00:00, execution_date=20240826T014214, start_date=20240826T014723, end_date=20240826T014830
[2024-08-26T01:48:30.270+0000] {local_task_job_runner.py:261} INFO - Task exited with return code 0
[2024-08-26T01:48:30.302+0000] {taskinstance.py:3891} INFO - 0 downstream tasks scheduled from follow-on schedule check
[2024-08-26T01:48:30.305+0000] {local_task_job_runner.py:240} INFO - ::endgroup::
