[2024-08-25T13:29:05.107+0000] {local_task_job_runner.py:123} INFO - ::group::Pre task execution logs
[2024-08-25T13:29:05.134+0000] {taskinstance.py:2603} INFO - Dependencies all met for dep_context=non-requeueable deps ti=<TaskInstance: extract_and_transform_dag.run_python_script manual__2024-08-25T13:29:04.733039+00:00 [queued]>
[2024-08-25T13:29:05.147+0000] {taskinstance.py:2603} INFO - Dependencies all met for dep_context=requeueable deps ti=<TaskInstance: extract_and_transform_dag.run_python_script manual__2024-08-25T13:29:04.733039+00:00 [queued]>
[2024-08-25T13:29:05.148+0000] {taskinstance.py:2856} INFO - Starting attempt 1 of 2
[2024-08-25T13:29:05.172+0000] {taskinstance.py:2879} INFO - Executing <Task(BashOperator): run_python_script> on 2024-08-25 13:29:04.733039+00:00
[2024-08-25T13:29:05.184+0000] {logging_mixin.py:190} WARNING - /home/***/.local/lib/python3.12/site-packages/***/task/task_runner/standard_task_runner.py:70 DeprecationWarning: This process (pid=2241) is multi-threaded, use of fork() may lead to deadlocks in the child.
[2024-08-25T13:29:05.185+0000] {standard_task_runner.py:72} INFO - Started process 2242 to run task
[2024-08-25T13:29:05.184+0000] {standard_task_runner.py:104} INFO - Running: ['***', 'tasks', 'run', 'extract_and_transform_dag', 'run_python_script', 'manual__2024-08-25T13:29:04.733039+00:00', '--job-id', '93', '--raw', '--subdir', 'DAGS_FOLDER/test.py', '--cfg-path', '/tmp/tmp0klpe6da']
[2024-08-25T13:29:05.187+0000] {standard_task_runner.py:105} INFO - Job 93: Subtask run_python_script
[2024-08-25T13:29:05.260+0000] {task_command.py:467} INFO - Running <TaskInstance: extract_and_transform_dag.run_python_script manual__2024-08-25T13:29:04.733039+00:00 [running]> on host dcedb42d949a
[2024-08-25T13:29:05.383+0000] {taskinstance.py:3122} INFO - Exporting env vars: AIRFLOW_CTX_DAG_OWNER='***' AIRFLOW_CTX_DAG_ID='extract_and_transform_dag' AIRFLOW_CTX_TASK_ID='run_python_script' AIRFLOW_CTX_EXECUTION_DATE='2024-08-25T13:29:04.733039+00:00' AIRFLOW_CTX_TRY_NUMBER='1' AIRFLOW_CTX_DAG_RUN_ID='manual__2024-08-25T13:29:04.733039+00:00'
[2024-08-25T13:29:05.384+0000] {taskinstance.py:731} INFO - ::endgroup::
[2024-08-25T13:29:05.404+0000] {subprocess.py:63} INFO - Tmp dir root location: /tmp
[2024-08-25T13:29:05.405+0000] {subprocess.py:75} INFO - Running command: ['/usr/bin/bash', '-c', 'python3 /spark/app/extract.py']
[2024-08-25T13:29:05.428+0000] {subprocess.py:86} INFO - Output:
[2024-08-25T13:29:07.050+0000] {subprocess.py:93} INFO - Dữ liệu đã được lưu vào /opt/***/data/customers.csv
[2024-08-25T13:29:07.053+0000] {subprocess.py:93} INFO - Dữ liệu đã được lưu vào /opt/***/data/accounts.csv
[2024-08-25T13:29:07.054+0000] {subprocess.py:93} INFO - Dữ liệu đã được lưu vào /opt/***/data/transactions.csv
[2024-08-25T13:29:07.055+0000] {subprocess.py:93} INFO - Dữ liệu đã được lưu vào /opt/***/data/branches.csv
[2024-08-25T13:29:07.056+0000] {subprocess.py:93} INFO - Dữ liệu đã được lưu vào /opt/***/data/loans.csv
[2024-08-25T13:29:07.057+0000] {subprocess.py:93} INFO - Dữ liệu đã được lưu vào /opt/***/data/credit_cards.csv
[2024-08-25T13:29:07.057+0000] {subprocess.py:93} INFO - Dữ liệu đã được lưu vào /opt/***/data/transaction_history.csv
[2024-08-25T13:29:07.058+0000] {subprocess.py:93} INFO - Dữ liệu đã được lưu vào /opt/***/data/payment.csv
[2024-08-25T13:29:07.059+0000] {subprocess.py:93} INFO - Dữ liệu đã được lưu vào /opt/***/data/investments.csv
[2024-08-25T13:29:07.192+0000] {subprocess.py:97} INFO - Command exited with return code 0
[2024-08-25T13:29:07.252+0000] {taskinstance.py:340} INFO - ::group::Post task execution logs
[2024-08-25T13:29:07.252+0000] {taskinstance.py:352} INFO - Marking task as SUCCESS. dag_id=extract_and_transform_dag, task_id=run_python_script, run_id=manual__2024-08-25T13:29:04.733039+00:00, execution_date=20240825T132904, start_date=20240825T132905, end_date=20240825T132907
[2024-08-25T13:29:07.295+0000] {local_task_job_runner.py:261} INFO - Task exited with return code 0
[2024-08-25T13:29:07.328+0000] {taskinstance.py:3891} INFO - 1 downstream tasks scheduled from follow-on schedule check
[2024-08-25T13:29:07.330+0000] {local_task_job_runner.py:240} INFO - ::endgroup::
