[2024-08-25T13:25:27.085+0000] {local_task_job_runner.py:123} INFO - ::group::Pre task execution logs
[2024-08-25T13:25:27.110+0000] {taskinstance.py:2603} INFO - Dependencies all met for dep_context=non-requeueable deps ti=<TaskInstance: extract_and_transform_dag.run_python_script manual__2024-08-25T13:25:26.161385+00:00 [queued]>
[2024-08-25T13:25:27.120+0000] {taskinstance.py:2603} INFO - Dependencies all met for dep_context=requeueable deps ti=<TaskInstance: extract_and_transform_dag.run_python_script manual__2024-08-25T13:25:26.161385+00:00 [queued]>
[2024-08-25T13:25:27.121+0000] {taskinstance.py:2856} INFO - Starting attempt 1 of 2
[2024-08-25T13:25:27.136+0000] {taskinstance.py:2879} INFO - Executing <Task(BashOperator): run_python_script> on 2024-08-25 13:25:26.161385+00:00
[2024-08-25T13:25:27.144+0000] {logging_mixin.py:190} WARNING - /home/***/.local/lib/python3.12/site-packages/***/task/task_runner/standard_task_runner.py:70 DeprecationWarning: This process (pid=2111) is multi-threaded, use of fork() may lead to deadlocks in the child.
[2024-08-25T13:25:27.145+0000] {standard_task_runner.py:72} INFO - Started process 2112 to run task
[2024-08-25T13:25:27.146+0000] {standard_task_runner.py:104} INFO - Running: ['***', 'tasks', 'run', 'extract_and_transform_dag', 'run_python_script', 'manual__2024-08-25T13:25:26.161385+00:00', '--job-id', '86', '--raw', '--subdir', 'DAGS_FOLDER/test.py', '--cfg-path', '/tmp/tmpyqmz7mz7']
[2024-08-25T13:25:27.150+0000] {standard_task_runner.py:105} INFO - Job 86: Subtask run_python_script
[2024-08-25T13:25:27.234+0000] {task_command.py:467} INFO - Running <TaskInstance: extract_and_transform_dag.run_python_script manual__2024-08-25T13:25:26.161385+00:00 [running]> on host dcedb42d949a
[2024-08-25T13:25:27.419+0000] {taskinstance.py:3122} INFO - Exporting env vars: AIRFLOW_CTX_DAG_OWNER='***' AIRFLOW_CTX_DAG_ID='extract_and_transform_dag' AIRFLOW_CTX_TASK_ID='run_python_script' AIRFLOW_CTX_EXECUTION_DATE='2024-08-25T13:25:26.161385+00:00' AIRFLOW_CTX_TRY_NUMBER='1' AIRFLOW_CTX_DAG_RUN_ID='manual__2024-08-25T13:25:26.161385+00:00'
[2024-08-25T13:25:27.420+0000] {taskinstance.py:731} INFO - ::endgroup::
[2024-08-25T13:25:27.437+0000] {subprocess.py:63} INFO - Tmp dir root location: /tmp
[2024-08-25T13:25:27.438+0000] {subprocess.py:75} INFO - Running command: ['/usr/bin/bash', '-c', 'python3 /spark/app/extract.py']
[2024-08-25T13:25:27.454+0000] {subprocess.py:86} INFO - Output:
[2024-08-25T13:25:29.305+0000] {subprocess.py:93} INFO - Dữ liệu đã được lưu vào /opt/***/data/customers.csv
[2024-08-25T13:25:29.307+0000] {subprocess.py:93} INFO - Dữ liệu đã được lưu vào /opt/***/data/accounts.csv
[2024-08-25T13:25:29.307+0000] {subprocess.py:93} INFO - Dữ liệu đã được lưu vào /opt/***/data/transactions.csv
[2024-08-25T13:25:29.308+0000] {subprocess.py:93} INFO - Dữ liệu đã được lưu vào /opt/***/data/branches.csv
[2024-08-25T13:25:29.308+0000] {subprocess.py:93} INFO - Dữ liệu đã được lưu vào /opt/***/data/loans.csv
[2024-08-25T13:25:29.309+0000] {subprocess.py:93} INFO - Dữ liệu đã được lưu vào /opt/***/data/credit_cards.csv
[2024-08-25T13:25:29.310+0000] {subprocess.py:93} INFO - Dữ liệu đã được lưu vào /opt/***/data/transaction_history.csv
[2024-08-25T13:25:29.311+0000] {subprocess.py:93} INFO - Dữ liệu đã được lưu vào /opt/***/data/payment.csv
[2024-08-25T13:25:29.312+0000] {subprocess.py:93} INFO - Dữ liệu đã được lưu vào /opt/***/data/investments.csv
[2024-08-25T13:25:29.452+0000] {subprocess.py:97} INFO - Command exited with return code 0
[2024-08-25T13:25:29.501+0000] {taskinstance.py:340} INFO - ::group::Post task execution logs
[2024-08-25T13:25:29.503+0000] {taskinstance.py:352} INFO - Marking task as SUCCESS. dag_id=extract_and_transform_dag, task_id=run_python_script, run_id=manual__2024-08-25T13:25:26.161385+00:00, execution_date=20240825T132526, start_date=20240825T132527, end_date=20240825T132529
[2024-08-25T13:25:29.542+0000] {local_task_job_runner.py:261} INFO - Task exited with return code 0
[2024-08-25T13:25:29.569+0000] {taskinstance.py:3891} INFO - 0 downstream tasks scheduled from follow-on schedule check
[2024-08-25T13:25:29.572+0000] {local_task_job_runner.py:240} INFO - ::endgroup::
