[2024-08-26T04:52:13.335+0000] {local_task_job_runner.py:123} INFO - ::group::Pre task execution logs
[2024-08-26T04:52:13.356+0000] {taskinstance.py:2603} INFO - Dependencies all met for dep_context=non-requeueable deps ti=<TaskInstance: extract_and_transform_dag.run_python_script manual__2024-08-26T04:52:11.974855+00:00 [queued]>
[2024-08-26T04:52:13.371+0000] {taskinstance.py:2603} INFO - Dependencies all met for dep_context=requeueable deps ti=<TaskInstance: extract_and_transform_dag.run_python_script manual__2024-08-26T04:52:11.974855+00:00 [queued]>
[2024-08-26T04:52:13.372+0000] {taskinstance.py:2856} INFO - Starting attempt 1 of 2
[2024-08-26T04:52:13.393+0000] {taskinstance.py:2879} INFO - Executing <Task(BashOperator): run_python_script> on 2024-08-26 04:52:11.974855+00:00
[2024-08-26T04:52:13.401+0000] {logging_mixin.py:190} WARNING - /home/***/.local/lib/python3.12/site-packages/***/task/task_runner/standard_task_runner.py:70 DeprecationWarning: This process (pid=865) is multi-threaded, use of fork() may lead to deadlocks in the child.
[2024-08-26T04:52:13.402+0000] {standard_task_runner.py:72} INFO - Started process 866 to run task
[2024-08-26T04:52:13.402+0000] {standard_task_runner.py:104} INFO - Running: ['***', 'tasks', 'run', 'extract_and_transform_dag', 'run_python_script', 'manual__2024-08-26T04:52:11.974855+00:00', '--job-id', '172', '--raw', '--subdir', 'DAGS_FOLDER/ETL_Dags.py', '--cfg-path', '/tmp/tmpma23etjc']
[2024-08-26T04:52:13.404+0000] {standard_task_runner.py:105} INFO - Job 172: Subtask run_python_script
[2024-08-26T04:52:13.460+0000] {task_command.py:467} INFO - Running <TaskInstance: extract_and_transform_dag.run_python_script manual__2024-08-26T04:52:11.974855+00:00 [running]> on host f00445136288
[2024-08-26T04:52:13.629+0000] {taskinstance.py:3122} INFO - Exporting env vars: AIRFLOW_CTX_DAG_OWNER='***' AIRFLOW_CTX_DAG_ID='extract_and_transform_dag' AIRFLOW_CTX_TASK_ID='run_python_script' AIRFLOW_CTX_EXECUTION_DATE='2024-08-26T04:52:11.974855+00:00' AIRFLOW_CTX_TRY_NUMBER='1' AIRFLOW_CTX_DAG_RUN_ID='manual__2024-08-26T04:52:11.974855+00:00'
[2024-08-26T04:52:13.630+0000] {taskinstance.py:731} INFO - ::endgroup::
[2024-08-26T04:52:13.662+0000] {subprocess.py:63} INFO - Tmp dir root location: /tmp
[2024-08-26T04:52:13.664+0000] {subprocess.py:75} INFO - Running command: ['/usr/bin/bash', '-c', 'python3 /spark/app/extract.py']
[2024-08-26T04:52:13.688+0000] {subprocess.py:86} INFO - Output:
[2024-08-26T04:52:15.911+0000] {subprocess.py:93} INFO - Dữ liệu đã được lưu vào /opt/***/data/customers.csv
[2024-08-26T04:52:15.912+0000] {subprocess.py:93} INFO - Dữ liệu đã được lưu vào /opt/***/data/accounts.csv
[2024-08-26T04:52:15.912+0000] {subprocess.py:93} INFO - Dữ liệu đã được lưu vào /opt/***/data/transactions.csv
[2024-08-26T04:52:15.913+0000] {subprocess.py:93} INFO - Dữ liệu đã được lưu vào /opt/***/data/branches.csv
[2024-08-26T04:52:15.913+0000] {subprocess.py:93} INFO - Dữ liệu đã được lưu vào /opt/***/data/loans.csv
[2024-08-26T04:52:15.914+0000] {subprocess.py:93} INFO - Dữ liệu đã được lưu vào /opt/***/data/credit_cards.csv
[2024-08-26T04:52:15.915+0000] {subprocess.py:93} INFO - Dữ liệu đã được lưu vào /opt/***/data/transaction_history.csv
[2024-08-26T04:52:15.916+0000] {subprocess.py:93} INFO - Dữ liệu đã được lưu vào /opt/***/data/payment.csv
[2024-08-26T04:52:15.917+0000] {subprocess.py:93} INFO - Dữ liệu đã được lưu vào /opt/***/data/investments.csv
[2024-08-26T04:52:16.044+0000] {subprocess.py:97} INFO - Command exited with return code 0
[2024-08-26T04:52:16.088+0000] {taskinstance.py:340} INFO - ::group::Post task execution logs
[2024-08-26T04:52:16.089+0000] {taskinstance.py:352} INFO - Marking task as SUCCESS. dag_id=extract_and_transform_dag, task_id=run_python_script, run_id=manual__2024-08-26T04:52:11.974855+00:00, execution_date=20240826T045211, start_date=20240826T045213, end_date=20240826T045216
[2024-08-26T04:52:16.126+0000] {local_task_job_runner.py:261} INFO - Task exited with return code 0
[2024-08-26T04:52:16.186+0000] {taskinstance.py:3891} INFO - 1 downstream tasks scheduled from follow-on schedule check
[2024-08-26T04:52:16.189+0000] {local_task_job_runner.py:240} INFO - ::endgroup::
