[2024-08-26T01:42:15.376+0000] {local_task_job_runner.py:123} INFO - ::group::Pre task execution logs
[2024-08-26T01:42:15.401+0000] {taskinstance.py:2603} INFO - Dependencies all met for dep_context=non-requeueable deps ti=<TaskInstance: extract_and_transform_dag.run_python_script manual__2024-08-26T01:42:14.931368+00:00 [queued]>
[2024-08-26T01:42:15.420+0000] {taskinstance.py:2603} INFO - Dependencies all met for dep_context=requeueable deps ti=<TaskInstance: extract_and_transform_dag.run_python_script manual__2024-08-26T01:42:14.931368+00:00 [queued]>
[2024-08-26T01:42:15.421+0000] {taskinstance.py:2856} INFO - Starting attempt 1 of 2
[2024-08-26T01:42:15.444+0000] {taskinstance.py:2879} INFO - Executing <Task(BashOperator): run_python_script> on 2024-08-26 01:42:14.931368+00:00
[2024-08-26T01:42:15.457+0000] {logging_mixin.py:190} WARNING - /home/***/.local/lib/python3.12/site-packages/***/task/task_runner/standard_task_runner.py:70 DeprecationWarning: This process (pid=221) is multi-threaded, use of fork() may lead to deadlocks in the child.
[2024-08-26T01:42:15.460+0000] {standard_task_runner.py:72} INFO - Started process 222 to run task
[2024-08-26T01:42:15.457+0000] {standard_task_runner.py:104} INFO - Running: ['***', 'tasks', 'run', 'extract_and_transform_dag', 'run_python_script', 'manual__2024-08-26T01:42:14.931368+00:00', '--job-id', '150', '--raw', '--subdir', 'DAGS_FOLDER/test.py', '--cfg-path', '/tmp/tmpxdhg9tfi']
[2024-08-26T01:42:15.462+0000] {standard_task_runner.py:105} INFO - Job 150: Subtask run_python_script
[2024-08-26T01:42:15.545+0000] {task_command.py:467} INFO - Running <TaskInstance: extract_and_transform_dag.run_python_script manual__2024-08-26T01:42:14.931368+00:00 [running]> on host 1b531588a971
[2024-08-26T01:42:15.684+0000] {taskinstance.py:3122} INFO - Exporting env vars: AIRFLOW_CTX_DAG_OWNER='***' AIRFLOW_CTX_DAG_ID='extract_and_transform_dag' AIRFLOW_CTX_TASK_ID='run_python_script' AIRFLOW_CTX_EXECUTION_DATE='2024-08-26T01:42:14.931368+00:00' AIRFLOW_CTX_TRY_NUMBER='1' AIRFLOW_CTX_DAG_RUN_ID='manual__2024-08-26T01:42:14.931368+00:00'
[2024-08-26T01:42:15.687+0000] {taskinstance.py:731} INFO - ::endgroup::
[2024-08-26T01:42:15.773+0000] {subprocess.py:63} INFO - Tmp dir root location: /tmp
[2024-08-26T01:42:15.774+0000] {subprocess.py:75} INFO - Running command: ['/usr/bin/bash', '-c', 'python3 /spark/app/extract.py']
[2024-08-26T01:42:15.795+0000] {subprocess.py:86} INFO - Output:
[2024-08-26T01:42:19.085+0000] {subprocess.py:93} INFO - Dữ liệu đã được lưu vào /opt/***/data/customers.csv
[2024-08-26T01:42:19.085+0000] {subprocess.py:93} INFO - Dữ liệu đã được lưu vào /opt/***/data/accounts.csv
[2024-08-26T01:42:19.086+0000] {subprocess.py:93} INFO - Dữ liệu đã được lưu vào /opt/***/data/transactions.csv
[2024-08-26T01:42:19.086+0000] {subprocess.py:93} INFO - Dữ liệu đã được lưu vào /opt/***/data/branches.csv
[2024-08-26T01:42:19.087+0000] {subprocess.py:93} INFO - Dữ liệu đã được lưu vào /opt/***/data/loans.csv
[2024-08-26T01:42:19.088+0000] {subprocess.py:93} INFO - Dữ liệu đã được lưu vào /opt/***/data/credit_cards.csv
[2024-08-26T01:42:19.088+0000] {subprocess.py:93} INFO - Dữ liệu đã được lưu vào /opt/***/data/transaction_history.csv
[2024-08-26T01:42:19.089+0000] {subprocess.py:93} INFO - Dữ liệu đã được lưu vào /opt/***/data/payment.csv
[2024-08-26T01:42:19.090+0000] {subprocess.py:93} INFO - Dữ liệu đã được lưu vào /opt/***/data/investments.csv
[2024-08-26T01:42:19.270+0000] {subprocess.py:97} INFO - Command exited with return code 0
[2024-08-26T01:42:19.317+0000] {taskinstance.py:340} INFO - ::group::Post task execution logs
[2024-08-26T01:42:19.317+0000] {taskinstance.py:352} INFO - Marking task as SUCCESS. dag_id=extract_and_transform_dag, task_id=run_python_script, run_id=manual__2024-08-26T01:42:14.931368+00:00, execution_date=20240826T014214, start_date=20240826T014215, end_date=20240826T014219
[2024-08-26T01:42:19.377+0000] {local_task_job_runner.py:261} INFO - Task exited with return code 0
[2024-08-26T01:42:19.417+0000] {taskinstance.py:3891} INFO - 1 downstream tasks scheduled from follow-on schedule check
[2024-08-26T01:42:19.420+0000] {local_task_job_runner.py:240} INFO - ::endgroup::
