[2024-08-26T04:52:17.344+0000] {local_task_job_runner.py:123} INFO - ::group::Pre task execution logs
[2024-08-26T04:52:17.377+0000] {taskinstance.py:2603} INFO - Dependencies all met for dep_context=non-requeueable deps ti=<TaskInstance: extract_and_transform_dag.run_spark_job manual__2024-08-26T04:52:11.974855+00:00 [queued]>
[2024-08-26T04:52:17.398+0000] {taskinstance.py:2603} INFO - Dependencies all met for dep_context=requeueable deps ti=<TaskInstance: extract_and_transform_dag.run_spark_job manual__2024-08-26T04:52:11.974855+00:00 [queued]>
[2024-08-26T04:52:17.399+0000] {taskinstance.py:2856} INFO - Starting attempt 1 of 2
[2024-08-26T04:52:17.434+0000] {taskinstance.py:2879} INFO - Executing <Task(SparkSubmitOperator): run_spark_job> on 2024-08-26 04:52:11.974855+00:00
[2024-08-26T04:52:17.442+0000] {logging_mixin.py:190} WARNING - /home/***/.local/lib/python3.12/site-packages/***/task/task_runner/standard_task_runner.py:70 DeprecationWarning: This process (pid=880) is multi-threaded, use of fork() may lead to deadlocks in the child.
[2024-08-26T04:52:17.443+0000] {standard_task_runner.py:72} INFO - Started process 881 to run task
[2024-08-26T04:52:17.447+0000] {standard_task_runner.py:104} INFO - Running: ['***', 'tasks', 'run', 'extract_and_transform_dag', 'run_spark_job', 'manual__2024-08-26T04:52:11.974855+00:00', '--job-id', '173', '--raw', '--subdir', 'DAGS_FOLDER/ETL_Dags.py', '--cfg-path', '/tmp/tmp1v6e9dde']
[2024-08-26T04:52:17.452+0000] {standard_task_runner.py:105} INFO - Job 173: Subtask run_spark_job
[2024-08-26T04:52:17.551+0000] {task_command.py:467} INFO - Running <TaskInstance: extract_and_transform_dag.run_spark_job manual__2024-08-26T04:52:11.974855+00:00 [running]> on host f00445136288
[2024-08-26T04:52:17.699+0000] {taskinstance.py:3122} INFO - Exporting env vars: AIRFLOW_CTX_DAG_OWNER='***' AIRFLOW_CTX_DAG_ID='extract_and_transform_dag' AIRFLOW_CTX_TASK_ID='run_spark_job' AIRFLOW_CTX_EXECUTION_DATE='2024-08-26T04:52:11.974855+00:00' AIRFLOW_CTX_TRY_NUMBER='1' AIRFLOW_CTX_DAG_RUN_ID='manual__2024-08-26T04:52:11.974855+00:00'
[2024-08-26T04:52:17.700+0000] {taskinstance.py:731} INFO - ::endgroup::
[2024-08-26T04:52:17.738+0000] {base.py:84} INFO - Retrieving connection 'SPARK-PROJECT'
[2024-08-26T04:52:17.740+0000] {spark_submit.py:403} INFO - Spark-Submit cmd: spark-submit --master spark://172.18.0.3:7077 --conf spark.driver.extraClassPath=/opt/bitnami/spark/jars/spark-snowflake_2.12-2.16.0-spark_3.2.jar --conf spark.executor.extraClassPath=/opt/bitnami/spark/jars/spark-snowflake_2.12-2.16.0-spark_3.2.jar --name spark_transform_job --deploy-mode client /spark/app/transform.py
[2024-08-26T04:52:20.906+0000] {spark_submit.py:579} INFO - 24/08/26 04:52:20 INFO SparkContext: Running Spark version 3.5.2
[2024-08-26T04:52:20.909+0000] {spark_submit.py:579} INFO - 24/08/26 04:52:20 INFO SparkContext: OS info Linux, 6.6.26-linuxkit, amd64
[2024-08-26T04:52:20.910+0000] {spark_submit.py:579} INFO - 24/08/26 04:52:20 INFO SparkContext: Java version 17.0.12
[2024-08-26T04:52:20.970+0000] {spark_submit.py:579} INFO - 24/08/26 04:52:20 WARN NativeCodeLoader: Unable to load native-hadoop library for your platform... using builtin-java classes where applicable
[2024-08-26T04:52:21.061+0000] {spark_submit.py:579} INFO - 24/08/26 04:52:21 INFO ResourceUtils: ==============================================================
[2024-08-26T04:52:21.062+0000] {spark_submit.py:579} INFO - 24/08/26 04:52:21 INFO ResourceUtils: No custom resources configured for spark.driver.
[2024-08-26T04:52:21.063+0000] {spark_submit.py:579} INFO - 24/08/26 04:52:21 INFO ResourceUtils: ==============================================================
[2024-08-26T04:52:21.064+0000] {spark_submit.py:579} INFO - 24/08/26 04:52:21 INFO SparkContext: Submitted application: DataCleaning
[2024-08-26T04:52:21.087+0000] {spark_submit.py:579} INFO - 24/08/26 04:52:21 INFO ResourceProfile: Default ResourceProfile created, executor resources: Map(memory -> name: memory, amount: 1024, script: , vendor: , offHeap -> name: offHeap, amount: 0, script: , vendor: ), task resources: Map(cpus -> name: cpus, amount: 1.0)
[2024-08-26T04:52:21.095+0000] {spark_submit.py:579} INFO - 24/08/26 04:52:21 INFO ResourceProfile: Limiting resource is cpu
[2024-08-26T04:52:21.096+0000] {spark_submit.py:579} INFO - 24/08/26 04:52:21 INFO ResourceProfileManager: Added ResourceProfile id: 0
[2024-08-26T04:52:21.152+0000] {spark_submit.py:579} INFO - 24/08/26 04:52:21 INFO SecurityManager: Changing view acls to: ***
[2024-08-26T04:52:21.153+0000] {spark_submit.py:579} INFO - 24/08/26 04:52:21 INFO SecurityManager: Changing modify acls to: ***
[2024-08-26T04:52:21.154+0000] {spark_submit.py:579} INFO - 24/08/26 04:52:21 INFO SecurityManager: Changing view acls groups to:
[2024-08-26T04:52:21.156+0000] {spark_submit.py:579} INFO - 24/08/26 04:52:21 INFO SecurityManager: Changing modify acls groups to:
[2024-08-26T04:52:21.157+0000] {spark_submit.py:579} INFO - 24/08/26 04:52:21 INFO SecurityManager: SecurityManager: authentication disabled; ui acls disabled; users with view permissions: ***; groups with view permissions: EMPTY; users with modify permissions: ***; groups with modify permissions: EMPTY
[2024-08-26T04:52:21.380+0000] {spark_submit.py:579} INFO - 24/08/26 04:52:21 INFO Utils: Successfully started service 'sparkDriver' on port 44003.
[2024-08-26T04:52:21.421+0000] {spark_submit.py:579} INFO - 24/08/26 04:52:21 INFO SparkEnv: Registering MapOutputTracker
[2024-08-26T04:52:21.474+0000] {spark_submit.py:579} INFO - 24/08/26 04:52:21 INFO SparkEnv: Registering BlockManagerMaster
[2024-08-26T04:52:21.490+0000] {spark_submit.py:579} INFO - 24/08/26 04:52:21 INFO BlockManagerMasterEndpoint: Using org.apache.spark.storage.DefaultTopologyMapper for getting topology information
[2024-08-26T04:52:21.491+0000] {spark_submit.py:579} INFO - 24/08/26 04:52:21 INFO BlockManagerMasterEndpoint: BlockManagerMasterEndpoint up
[2024-08-26T04:52:21.496+0000] {spark_submit.py:579} INFO - 24/08/26 04:52:21 INFO SparkEnv: Registering BlockManagerMasterHeartbeat
[2024-08-26T04:52:21.514+0000] {spark_submit.py:579} INFO - 24/08/26 04:52:21 INFO DiskBlockManager: Created local directory at /tmp/blockmgr-cab7bad5-53fe-4d12-a7d5-21e8d4a4307b
[2024-08-26T04:52:21.528+0000] {spark_submit.py:579} INFO - 24/08/26 04:52:21 INFO MemoryStore: MemoryStore started with capacity 434.4 MiB
[2024-08-26T04:52:21.545+0000] {spark_submit.py:579} INFO - 24/08/26 04:52:21 INFO SparkEnv: Registering OutputCommitCoordinator
[2024-08-26T04:52:21.699+0000] {spark_submit.py:579} INFO - 24/08/26 04:52:21 INFO JettyUtils: Start Jetty 0.0.0.0:4040 for SparkUI
[2024-08-26T04:52:21.761+0000] {spark_submit.py:579} INFO - 24/08/26 04:52:21 INFO Utils: Successfully started service 'SparkUI' on port 4040.
[2024-08-26T04:52:21.932+0000] {spark_submit.py:579} INFO - 24/08/26 04:52:21 INFO StandaloneAppClient$ClientEndpoint: Connecting to master spark://172.18.0.3:7077...
[2024-08-26T04:52:22.012+0000] {spark_submit.py:579} INFO - 24/08/26 04:52:22 INFO TransportClientFactory: Successfully created connection to /172.18.0.3:7077 after 52 ms (0 ms spent in bootstraps)
[2024-08-26T04:52:41.934+0000] {spark_submit.py:579} INFO - 24/08/26 04:52:41 INFO StandaloneAppClient$ClientEndpoint: Connecting to master spark://172.18.0.3:7077...
[2024-08-26T04:53:01.935+0000] {spark_submit.py:579} INFO - 24/08/26 04:53:01 INFO StandaloneAppClient$ClientEndpoint: Connecting to master spark://172.18.0.3:7077...
[2024-08-26T04:53:21.938+0000] {spark_submit.py:579} INFO - 24/08/26 04:53:21 WARN StandaloneSchedulerBackend: Application ID is not initialized yet.
[2024-08-26T04:53:21.939+0000] {spark_submit.py:579} INFO - 24/08/26 04:53:21 ERROR StandaloneSchedulerBackend: Application has been killed. Reason: All masters are unresponsive! Giving up.
[2024-08-26T04:53:21.957+0000] {spark_submit.py:579} INFO - 24/08/26 04:53:21 INFO Utils: Successfully started service 'org.apache.spark.network.netty.NettyBlockTransferService' on port 34607.
[2024-08-26T04:53:21.961+0000] {spark_submit.py:579} INFO - 24/08/26 04:53:21 INFO NettyBlockTransferService: Server created on f00445136288:34607
[2024-08-26T04:53:21.972+0000] {spark_submit.py:579} INFO - 24/08/26 04:53:21 INFO BlockManager: Using org.apache.spark.storage.RandomBlockReplicationPolicy for block replication policy
[2024-08-26T04:53:21.987+0000] {spark_submit.py:579} INFO - 24/08/26 04:53:21 INFO BlockManagerMaster: Registering BlockManager BlockManagerId(driver, f00445136288, 34607, None)
[2024-08-26T04:53:21.993+0000] {spark_submit.py:579} INFO - 24/08/26 04:53:21 INFO BlockManagerMasterEndpoint: Registering block manager f00445136288:34607 with 434.4 MiB RAM, BlockManagerId(driver, f00445136288, 34607, None)
[2024-08-26T04:53:21.997+0000] {spark_submit.py:579} INFO - 24/08/26 04:53:21 INFO BlockManagerMaster: Registered BlockManager BlockManagerId(driver, f00445136288, 34607, None)
[2024-08-26T04:53:22.000+0000] {spark_submit.py:579} INFO - 24/08/26 04:53:22 INFO BlockManager: Initialized BlockManager: BlockManagerId(driver, f00445136288, 34607, None)
[2024-08-26T04:53:22.208+0000] {spark_submit.py:579} INFO - 24/08/26 04:53:22 INFO StandaloneSchedulerBackend: SchedulerBackend is ready for scheduling beginning after reached minRegisteredResourcesRatio: 0.0
[2024-08-26T04:53:22.570+0000] {spark_submit.py:579} INFO - 24/08/26 04:53:22 INFO SparkContext: SparkContext is stopping with exitCode 0.
[2024-08-26T04:53:22.586+0000] {spark_submit.py:579} INFO - 24/08/26 04:53:22 INFO SparkUI: Stopped Spark web UI at http://f00445136288:4040
[2024-08-26T04:53:22.594+0000] {spark_submit.py:579} INFO - 24/08/26 04:53:22 INFO StandaloneSchedulerBackend: Shutting down all executors
[2024-08-26T04:53:22.600+0000] {spark_submit.py:579} INFO - 24/08/26 04:53:22 INFO StandaloneSchedulerBackend$StandaloneDriverEndpoint: Asking each executor to shut down
[2024-08-26T04:53:22.608+0000] {spark_submit.py:579} INFO - 24/08/26 04:53:22 WARN StandaloneAppClient$ClientEndpoint: Drop UnregisterApplication(null) because has not yet connected to master
[2024-08-26T04:53:22.620+0000] {spark_submit.py:579} INFO - 24/08/26 04:53:22 INFO SharedState: Setting hive.metastore.warehouse.dir ('null') to the value of spark.sql.warehouse.dir.
[2024-08-26T04:53:22.627+0000] {spark_submit.py:579} INFO - 24/08/26 04:53:22 INFO MapOutputTrackerMasterEndpoint: MapOutputTrackerMasterEndpoint stopped!
[2024-08-26T04:53:22.633+0000] {spark_submit.py:579} INFO - 24/08/26 04:53:22 INFO SharedState: Warehouse path is 'file:/opt/***/spark-warehouse'.
[2024-08-26T04:53:22.642+0000] {spark_submit.py:579} INFO - 24/08/26 04:53:22 INFO MemoryStore: MemoryStore cleared
[2024-08-26T04:53:22.643+0000] {spark_submit.py:579} INFO - 24/08/26 04:53:22 INFO BlockManager: BlockManager stopped
[2024-08-26T04:53:22.656+0000] {spark_submit.py:579} INFO - 24/08/26 04:53:22 INFO BlockManagerMaster: BlockManagerMaster stopped
[2024-08-26T04:53:22.660+0000] {spark_submit.py:579} INFO - 24/08/26 04:53:22 INFO OutputCommitCoordinator$OutputCommitCoordinatorEndpoint: OutputCommitCoordinator stopped!
[2024-08-26T04:53:22.673+0000] {spark_submit.py:579} INFO - 24/08/26 04:53:22 INFO SparkContext: Successfully stopped SparkContext
[2024-08-26T04:53:22.699+0000] {spark_submit.py:579} INFO - Lỗi khi đọc file customers.csv: An error occurred while calling o25.read.
[2024-08-26T04:53:22.700+0000] {spark_submit.py:579} INFO - : java.lang.IllegalStateException: LiveListenerBus is stopped.
[2024-08-26T04:53:22.701+0000] {spark_submit.py:579} INFO - at org.apache.spark.scheduler.LiveListenerBus.addToQueue(LiveListenerBus.scala:92)
[2024-08-26T04:53:22.702+0000] {spark_submit.py:579} INFO - at org.apache.spark.scheduler.LiveListenerBus.addToStatusQueue(LiveListenerBus.scala:75)
[2024-08-26T04:53:22.704+0000] {spark_submit.py:579} INFO - at org.apache.spark.sql.internal.SharedState.<init>(SharedState.scala:115)
[2024-08-26T04:53:22.705+0000] {spark_submit.py:579} INFO - at org.apache.spark.sql.SparkSession.$anonfun$sharedState$1(SparkSession.scala:143)
[2024-08-26T04:53:22.706+0000] {spark_submit.py:579} INFO - at scala.Option.getOrElse(Option.scala:189)
[2024-08-26T04:53:22.707+0000] {spark_submit.py:579} INFO - at org.apache.spark.sql.SparkSession.sharedState$lzycompute(SparkSession.scala:143)
[2024-08-26T04:53:22.709+0000] {spark_submit.py:579} INFO - at org.apache.spark.sql.SparkSession.sharedState(SparkSession.scala:142)
[2024-08-26T04:53:22.710+0000] {spark_submit.py:579} INFO - at org.apache.spark.sql.SparkSession.$anonfun$sessionState$2(SparkSession.scala:162)
[2024-08-26T04:53:22.711+0000] {spark_submit.py:579} INFO - at scala.Option.getOrElse(Option.scala:189)
[2024-08-26T04:53:22.712+0000] {spark_submit.py:579} INFO - at org.apache.spark.sql.SparkSession.sessionState$lzycompute(SparkSession.scala:160)
[2024-08-26T04:53:22.713+0000] {spark_submit.py:579} INFO - at org.apache.spark.sql.SparkSession.sessionState(SparkSession.scala:157)
[2024-08-26T04:53:22.715+0000] {spark_submit.py:579} INFO - at org.apache.spark.sql.DataFrameReader.<init>(DataFrameReader.scala:699)
[2024-08-26T04:53:22.716+0000] {spark_submit.py:579} INFO - at org.apache.spark.sql.SparkSession.read(SparkSession.scala:783)
[2024-08-26T04:53:22.717+0000] {spark_submit.py:579} INFO - at java.base/jdk.internal.reflect.NativeMethodAccessorImpl.invoke0(Native Method)
[2024-08-26T04:53:22.718+0000] {spark_submit.py:579} INFO - at java.base/jdk.internal.reflect.NativeMethodAccessorImpl.invoke(NativeMethodAccessorImpl.java:77)
[2024-08-26T04:53:22.719+0000] {spark_submit.py:579} INFO - at java.base/jdk.internal.reflect.DelegatingMethodAccessorImpl.invoke(DelegatingMethodAccessorImpl.java:43)
[2024-08-26T04:53:22.719+0000] {spark_submit.py:579} INFO - at java.base/java.lang.reflect.Method.invoke(Method.java:569)
[2024-08-26T04:53:22.720+0000] {spark_submit.py:579} INFO - at py4j.reflection.MethodInvoker.invoke(MethodInvoker.java:244)
[2024-08-26T04:53:22.720+0000] {spark_submit.py:579} INFO - at py4j.reflection.ReflectionEngine.invoke(ReflectionEngine.java:374)
[2024-08-26T04:53:22.721+0000] {spark_submit.py:579} INFO - at py4j.Gateway.invoke(Gateway.java:282)
[2024-08-26T04:53:22.721+0000] {spark_submit.py:579} INFO - at py4j.commands.AbstractCommand.invokeMethod(AbstractCommand.java:132)
[2024-08-26T04:53:22.722+0000] {spark_submit.py:579} INFO - at py4j.commands.CallCommand.execute(CallCommand.java:79)
[2024-08-26T04:53:22.722+0000] {spark_submit.py:579} INFO - at py4j.ClientServerConnection.waitForCommands(ClientServerConnection.java:182)
[2024-08-26T04:53:22.722+0000] {spark_submit.py:579} INFO - at py4j.ClientServerConnection.run(ClientServerConnection.java:106)
[2024-08-26T04:53:22.723+0000] {spark_submit.py:579} INFO - at java.base/java.lang.Thread.run(Thread.java:840)
[2024-08-26T04:53:22.723+0000] {spark_submit.py:579} INFO - 
[2024-08-26T04:53:22.724+0000] {spark_submit.py:579} INFO - 24/08/26 04:53:22 INFO SharedState: Setting hive.metastore.warehouse.dir ('file:/opt/***/spark-warehouse') to the value of spark.sql.warehouse.dir.
[2024-08-26T04:53:22.725+0000] {spark_submit.py:579} INFO - 24/08/26 04:53:22 INFO SharedState: Warehouse path is 'file:/opt/***/spark-warehouse'.
[2024-08-26T04:53:22.751+0000] {spark_submit.py:579} INFO - Lỗi khi đọc file accounts.csv: An error occurred while calling o25.read.
[2024-08-26T04:53:22.751+0000] {spark_submit.py:579} INFO - : java.lang.IllegalStateException: LiveListenerBus is stopped.
[2024-08-26T04:53:22.754+0000] {spark_submit.py:579} INFO - at org.apache.spark.scheduler.LiveListenerBus.addToQueue(LiveListenerBus.scala:92)
[2024-08-26T04:53:22.754+0000] {spark_submit.py:579} INFO - at org.apache.spark.scheduler.LiveListenerBus.addToStatusQueue(LiveListenerBus.scala:75)
[2024-08-26T04:53:22.755+0000] {spark_submit.py:579} INFO - at org.apache.spark.sql.internal.SharedState.<init>(SharedState.scala:115)
[2024-08-26T04:53:22.756+0000] {spark_submit.py:579} INFO - at org.apache.spark.sql.SparkSession.$anonfun$sharedState$1(SparkSession.scala:143)
[2024-08-26T04:53:22.756+0000] {spark_submit.py:579} INFO - at scala.Option.getOrElse(Option.scala:189)
[2024-08-26T04:53:22.757+0000] {spark_submit.py:579} INFO - at org.apache.spark.sql.SparkSession.sharedState$lzycompute(SparkSession.scala:143)
[2024-08-26T04:53:22.758+0000] {spark_submit.py:579} INFO - at org.apache.spark.sql.SparkSession.sharedState(SparkSession.scala:142)
[2024-08-26T04:53:22.760+0000] {spark_submit.py:579} INFO - at org.apache.spark.sql.SparkSession.$anonfun$sessionState$2(SparkSession.scala:162)
[2024-08-26T04:53:22.760+0000] {spark_submit.py:579} INFO - at scala.Option.getOrElse(Option.scala:189)
[2024-08-26T04:53:22.761+0000] {spark_submit.py:579} INFO - at org.apache.spark.sql.SparkSession.sessionState$lzycompute(SparkSession.scala:160)
[2024-08-26T04:53:22.762+0000] {spark_submit.py:579} INFO - at org.apache.spark.sql.SparkSession.sessionState(SparkSession.scala:157)
[2024-08-26T04:53:22.765+0000] {spark_submit.py:579} INFO - at org.apache.spark.sql.DataFrameReader.<init>(DataFrameReader.scala:699)
[2024-08-26T04:53:22.766+0000] {spark_submit.py:579} INFO - at org.apache.spark.sql.SparkSession.read(SparkSession.scala:783)
[2024-08-26T04:53:22.767+0000] {spark_submit.py:579} INFO - at java.base/jdk.internal.reflect.NativeMethodAccessorImpl.invoke0(Native Method)
[2024-08-26T04:53:22.770+0000] {spark_submit.py:579} INFO - at java.base/jdk.internal.reflect.NativeMethodAccessorImpl.invoke(NativeMethodAccessorImpl.java:77)
[2024-08-26T04:53:22.771+0000] {spark_submit.py:579} INFO - at java.base/jdk.internal.reflect.DelegatingMethodAccessorImpl.invoke(DelegatingMethodAccessorImpl.java:43)
[2024-08-26T04:53:22.775+0000] {spark_submit.py:579} INFO - at java.base/java.lang.reflect.Method.invoke(Method.java:569)
[2024-08-26T04:53:22.776+0000] {spark_submit.py:579} INFO - at py4j.reflection.MethodInvoker.invoke(MethodInvoker.java:244)
[2024-08-26T04:53:22.776+0000] {spark_submit.py:579} INFO - at py4j.reflection.ReflectionEngine.invoke(ReflectionEngine.java:374)
[2024-08-26T04:53:22.777+0000] {spark_submit.py:579} INFO - at py4j.Gateway.invoke(Gateway.java:282)
[2024-08-26T04:53:22.777+0000] {spark_submit.py:579} INFO - at py4j.commands.AbstractCommand.invokeMethod(AbstractCommand.java:132)
[2024-08-26T04:53:22.778+0000] {spark_submit.py:579} INFO - at py4j.commands.CallCommand.execute(CallCommand.java:79)
[2024-08-26T04:53:22.779+0000] {spark_submit.py:579} INFO - at py4j.ClientServerConnection.waitForCommands(ClientServerConnection.java:182)
[2024-08-26T04:53:22.779+0000] {spark_submit.py:579} INFO - at py4j.ClientServerConnection.run(ClientServerConnection.java:106)
[2024-08-26T04:53:22.780+0000] {spark_submit.py:579} INFO - at java.base/java.lang.Thread.run(Thread.java:840)
[2024-08-26T04:53:22.781+0000] {spark_submit.py:579} INFO - 
[2024-08-26T04:53:22.782+0000] {spark_submit.py:579} INFO - 24/08/26 04:53:22 INFO SharedState: Setting hive.metastore.warehouse.dir ('file:/opt/***/spark-warehouse') to the value of spark.sql.warehouse.dir.
[2024-08-26T04:53:22.782+0000] {spark_submit.py:579} INFO - 24/08/26 04:53:22 INFO SharedState: Warehouse path is 'file:/opt/***/spark-warehouse'.
[2024-08-26T04:53:22.797+0000] {spark_submit.py:579} INFO - Lỗi khi đọc file transactions.csv: An error occurred while calling o25.read.
[2024-08-26T04:53:22.797+0000] {spark_submit.py:579} INFO - : java.lang.IllegalStateException: LiveListenerBus is stopped.
[2024-08-26T04:53:22.798+0000] {spark_submit.py:579} INFO - at org.apache.spark.scheduler.LiveListenerBus.addToQueue(LiveListenerBus.scala:92)
[2024-08-26T04:53:22.798+0000] {spark_submit.py:579} INFO - at org.apache.spark.scheduler.LiveListenerBus.addToStatusQueue(LiveListenerBus.scala:75)
[2024-08-26T04:53:22.799+0000] {spark_submit.py:579} INFO - at org.apache.spark.sql.internal.SharedState.<init>(SharedState.scala:115)
[2024-08-26T04:53:22.800+0000] {spark_submit.py:579} INFO - at org.apache.spark.sql.SparkSession.$anonfun$sharedState$1(SparkSession.scala:143)
[2024-08-26T04:53:22.801+0000] {spark_submit.py:579} INFO - at scala.Option.getOrElse(Option.scala:189)
[2024-08-26T04:53:22.802+0000] {spark_submit.py:579} INFO - at org.apache.spark.sql.SparkSession.sharedState$lzycompute(SparkSession.scala:143)
[2024-08-26T04:53:22.802+0000] {spark_submit.py:579} INFO - at org.apache.spark.sql.SparkSession.sharedState(SparkSession.scala:142)
[2024-08-26T04:53:22.803+0000] {spark_submit.py:579} INFO - at org.apache.spark.sql.SparkSession.$anonfun$sessionState$2(SparkSession.scala:162)
[2024-08-26T04:53:22.804+0000] {spark_submit.py:579} INFO - at scala.Option.getOrElse(Option.scala:189)
[2024-08-26T04:53:22.804+0000] {spark_submit.py:579} INFO - at org.apache.spark.sql.SparkSession.sessionState$lzycompute(SparkSession.scala:160)
[2024-08-26T04:53:22.805+0000] {spark_submit.py:579} INFO - at org.apache.spark.sql.SparkSession.sessionState(SparkSession.scala:157)
[2024-08-26T04:53:22.805+0000] {spark_submit.py:579} INFO - at org.apache.spark.sql.DataFrameReader.<init>(DataFrameReader.scala:699)
[2024-08-26T04:53:22.806+0000] {spark_submit.py:579} INFO - at org.apache.spark.sql.SparkSession.read(SparkSession.scala:783)
[2024-08-26T04:53:22.806+0000] {spark_submit.py:579} INFO - at java.base/jdk.internal.reflect.NativeMethodAccessorImpl.invoke0(Native Method)
[2024-08-26T04:53:22.807+0000] {spark_submit.py:579} INFO - at java.base/jdk.internal.reflect.NativeMethodAccessorImpl.invoke(NativeMethodAccessorImpl.java:77)
[2024-08-26T04:53:22.807+0000] {spark_submit.py:579} INFO - at java.base/jdk.internal.reflect.DelegatingMethodAccessorImpl.invoke(DelegatingMethodAccessorImpl.java:43)
[2024-08-26T04:53:22.808+0000] {spark_submit.py:579} INFO - at java.base/java.lang.reflect.Method.invoke(Method.java:569)
[2024-08-26T04:53:22.808+0000] {spark_submit.py:579} INFO - at py4j.reflection.MethodInvoker.invoke(MethodInvoker.java:244)
[2024-08-26T04:53:22.809+0000] {spark_submit.py:579} INFO - at py4j.reflection.ReflectionEngine.invoke(ReflectionEngine.java:374)
[2024-08-26T04:53:22.809+0000] {spark_submit.py:579} INFO - at py4j.Gateway.invoke(Gateway.java:282)
[2024-08-26T04:53:22.810+0000] {spark_submit.py:579} INFO - at py4j.commands.AbstractCommand.invokeMethod(AbstractCommand.java:132)
[2024-08-26T04:53:22.810+0000] {spark_submit.py:579} INFO - at py4j.commands.CallCommand.execute(CallCommand.java:79)
[2024-08-26T04:53:22.811+0000] {spark_submit.py:579} INFO - at py4j.ClientServerConnection.waitForCommands(ClientServerConnection.java:182)
[2024-08-26T04:53:22.811+0000] {spark_submit.py:579} INFO - at py4j.ClientServerConnection.run(ClientServerConnection.java:106)
[2024-08-26T04:53:22.812+0000] {spark_submit.py:579} INFO - at java.base/java.lang.Thread.run(Thread.java:840)
[2024-08-26T04:53:22.812+0000] {spark_submit.py:579} INFO - 
[2024-08-26T04:53:22.813+0000] {spark_submit.py:579} INFO - 24/08/26 04:53:22 INFO SharedState: Setting hive.metastore.warehouse.dir ('file:/opt/***/spark-warehouse') to the value of spark.sql.warehouse.dir.
[2024-08-26T04:53:22.814+0000] {spark_submit.py:579} INFO - 24/08/26 04:53:22 INFO SharedState: Warehouse path is 'file:/opt/***/spark-warehouse'.
[2024-08-26T04:53:22.840+0000] {spark_submit.py:579} INFO - Lỗi khi đọc file branches.csv: An error occurred while calling o25.read.
[2024-08-26T04:53:22.840+0000] {spark_submit.py:579} INFO - : java.lang.IllegalStateException: LiveListenerBus is stopped.
[2024-08-26T04:53:22.841+0000] {spark_submit.py:579} INFO - at org.apache.spark.scheduler.LiveListenerBus.addToQueue(LiveListenerBus.scala:92)
[2024-08-26T04:53:22.842+0000] {spark_submit.py:579} INFO - at org.apache.spark.scheduler.LiveListenerBus.addToStatusQueue(LiveListenerBus.scala:75)
[2024-08-26T04:53:22.844+0000] {spark_submit.py:579} INFO - at org.apache.spark.sql.internal.SharedState.<init>(SharedState.scala:115)
[2024-08-26T04:53:22.845+0000] {spark_submit.py:579} INFO - at org.apache.spark.sql.SparkSession.$anonfun$sharedState$1(SparkSession.scala:143)
[2024-08-26T04:53:22.846+0000] {spark_submit.py:579} INFO - at scala.Option.getOrElse(Option.scala:189)
[2024-08-26T04:53:22.846+0000] {spark_submit.py:579} INFO - at org.apache.spark.sql.SparkSession.sharedState$lzycompute(SparkSession.scala:143)
[2024-08-26T04:53:22.847+0000] {spark_submit.py:579} INFO - at org.apache.spark.sql.SparkSession.sharedState(SparkSession.scala:142)
[2024-08-26T04:53:22.848+0000] {spark_submit.py:579} INFO - at org.apache.spark.sql.SparkSession.$anonfun$sessionState$2(SparkSession.scala:162)
[2024-08-26T04:53:22.849+0000] {spark_submit.py:579} INFO - at scala.Option.getOrElse(Option.scala:189)
[2024-08-26T04:53:22.850+0000] {spark_submit.py:579} INFO - at org.apache.spark.sql.SparkSession.sessionState$lzycompute(SparkSession.scala:160)
[2024-08-26T04:53:22.851+0000] {spark_submit.py:579} INFO - at org.apache.spark.sql.SparkSession.sessionState(SparkSession.scala:157)
[2024-08-26T04:53:22.852+0000] {spark_submit.py:579} INFO - at org.apache.spark.sql.DataFrameReader.<init>(DataFrameReader.scala:699)
[2024-08-26T04:53:22.853+0000] {spark_submit.py:579} INFO - at org.apache.spark.sql.SparkSession.read(SparkSession.scala:783)
[2024-08-26T04:53:22.853+0000] {spark_submit.py:579} INFO - at java.base/jdk.internal.reflect.NativeMethodAccessorImpl.invoke0(Native Method)
[2024-08-26T04:53:22.854+0000] {spark_submit.py:579} INFO - at java.base/jdk.internal.reflect.NativeMethodAccessorImpl.invoke(NativeMethodAccessorImpl.java:77)
[2024-08-26T04:53:22.855+0000] {spark_submit.py:579} INFO - at java.base/jdk.internal.reflect.DelegatingMethodAccessorImpl.invoke(DelegatingMethodAccessorImpl.java:43)
[2024-08-26T04:53:22.856+0000] {spark_submit.py:579} INFO - at java.base/java.lang.reflect.Method.invoke(Method.java:569)
[2024-08-26T04:53:22.857+0000] {spark_submit.py:579} INFO - at py4j.reflection.MethodInvoker.invoke(MethodInvoker.java:244)
[2024-08-26T04:53:22.858+0000] {spark_submit.py:579} INFO - at py4j.reflection.ReflectionEngine.invoke(ReflectionEngine.java:374)
[2024-08-26T04:53:22.858+0000] {spark_submit.py:579} INFO - at py4j.Gateway.invoke(Gateway.java:282)
[2024-08-26T04:53:22.859+0000] {spark_submit.py:579} INFO - at py4j.commands.AbstractCommand.invokeMethod(AbstractCommand.java:132)
[2024-08-26T04:53:22.859+0000] {spark_submit.py:579} INFO - at py4j.commands.CallCommand.execute(CallCommand.java:79)
[2024-08-26T04:53:22.860+0000] {spark_submit.py:579} INFO - at py4j.ClientServerConnection.waitForCommands(ClientServerConnection.java:182)
[2024-08-26T04:53:22.861+0000] {spark_submit.py:579} INFO - at py4j.ClientServerConnection.run(ClientServerConnection.java:106)
[2024-08-26T04:53:22.862+0000] {spark_submit.py:579} INFO - at java.base/java.lang.Thread.run(Thread.java:840)
[2024-08-26T04:53:22.863+0000] {spark_submit.py:579} INFO - 
[2024-08-26T04:53:22.864+0000] {spark_submit.py:579} INFO - 24/08/26 04:53:22 INFO SharedState: Setting hive.metastore.warehouse.dir ('file:/opt/***/spark-warehouse') to the value of spark.sql.warehouse.dir.
[2024-08-26T04:53:22.864+0000] {spark_submit.py:579} INFO - 24/08/26 04:53:22 INFO SharedState: Warehouse path is 'file:/opt/***/spark-warehouse'.
[2024-08-26T04:53:22.882+0000] {spark_submit.py:579} INFO - Lỗi khi đọc file loans.csv: An error occurred while calling o25.read.
[2024-08-26T04:53:22.882+0000] {spark_submit.py:579} INFO - : java.lang.IllegalStateException: LiveListenerBus is stopped.
[2024-08-26T04:53:22.883+0000] {spark_submit.py:579} INFO - at org.apache.spark.scheduler.LiveListenerBus.addToQueue(LiveListenerBus.scala:92)
[2024-08-26T04:53:22.884+0000] {spark_submit.py:579} INFO - at org.apache.spark.scheduler.LiveListenerBus.addToStatusQueue(LiveListenerBus.scala:75)
[2024-08-26T04:53:22.885+0000] {spark_submit.py:579} INFO - at org.apache.spark.sql.internal.SharedState.<init>(SharedState.scala:115)
[2024-08-26T04:53:22.885+0000] {spark_submit.py:579} INFO - at org.apache.spark.sql.SparkSession.$anonfun$sharedState$1(SparkSession.scala:143)
[2024-08-26T04:53:22.886+0000] {spark_submit.py:579} INFO - at scala.Option.getOrElse(Option.scala:189)
[2024-08-26T04:53:22.886+0000] {spark_submit.py:579} INFO - at org.apache.spark.sql.SparkSession.sharedState$lzycompute(SparkSession.scala:143)
[2024-08-26T04:53:22.887+0000] {spark_submit.py:579} INFO - at org.apache.spark.sql.SparkSession.sharedState(SparkSession.scala:142)
[2024-08-26T04:53:22.888+0000] {spark_submit.py:579} INFO - at org.apache.spark.sql.SparkSession.$anonfun$sessionState$2(SparkSession.scala:162)
[2024-08-26T04:53:22.888+0000] {spark_submit.py:579} INFO - at scala.Option.getOrElse(Option.scala:189)
[2024-08-26T04:53:22.889+0000] {spark_submit.py:579} INFO - at org.apache.spark.sql.SparkSession.sessionState$lzycompute(SparkSession.scala:160)
[2024-08-26T04:53:22.890+0000] {spark_submit.py:579} INFO - at org.apache.spark.sql.SparkSession.sessionState(SparkSession.scala:157)
[2024-08-26T04:53:22.890+0000] {spark_submit.py:579} INFO - at org.apache.spark.sql.DataFrameReader.<init>(DataFrameReader.scala:699)
[2024-08-26T04:53:22.891+0000] {spark_submit.py:579} INFO - at org.apache.spark.sql.SparkSession.read(SparkSession.scala:783)
[2024-08-26T04:53:22.892+0000] {spark_submit.py:579} INFO - at java.base/jdk.internal.reflect.NativeMethodAccessorImpl.invoke0(Native Method)
[2024-08-26T04:53:22.892+0000] {spark_submit.py:579} INFO - at java.base/jdk.internal.reflect.NativeMethodAccessorImpl.invoke(NativeMethodAccessorImpl.java:77)
[2024-08-26T04:53:22.893+0000] {spark_submit.py:579} INFO - at java.base/jdk.internal.reflect.DelegatingMethodAccessorImpl.invoke(DelegatingMethodAccessorImpl.java:43)
[2024-08-26T04:53:22.893+0000] {spark_submit.py:579} INFO - at java.base/java.lang.reflect.Method.invoke(Method.java:569)
[2024-08-26T04:53:22.894+0000] {spark_submit.py:579} INFO - at py4j.reflection.MethodInvoker.invoke(MethodInvoker.java:244)
[2024-08-26T04:53:22.895+0000] {spark_submit.py:579} INFO - at py4j.reflection.ReflectionEngine.invoke(ReflectionEngine.java:374)
[2024-08-26T04:53:22.895+0000] {spark_submit.py:579} INFO - at py4j.Gateway.invoke(Gateway.java:282)
[2024-08-26T04:53:22.896+0000] {spark_submit.py:579} INFO - at py4j.commands.AbstractCommand.invokeMethod(AbstractCommand.java:132)
[2024-08-26T04:53:22.896+0000] {spark_submit.py:579} INFO - at py4j.commands.CallCommand.execute(CallCommand.java:79)
[2024-08-26T04:53:22.897+0000] {spark_submit.py:579} INFO - at py4j.ClientServerConnection.waitForCommands(ClientServerConnection.java:182)
[2024-08-26T04:53:22.898+0000] {spark_submit.py:579} INFO - at py4j.ClientServerConnection.run(ClientServerConnection.java:106)
[2024-08-26T04:53:22.899+0000] {spark_submit.py:579} INFO - at java.base/java.lang.Thread.run(Thread.java:840)
[2024-08-26T04:53:22.899+0000] {spark_submit.py:579} INFO - 
[2024-08-26T04:53:22.900+0000] {spark_submit.py:579} INFO - 24/08/26 04:53:22 INFO SharedState: Setting hive.metastore.warehouse.dir ('file:/opt/***/spark-warehouse') to the value of spark.sql.warehouse.dir.
[2024-08-26T04:53:22.901+0000] {spark_submit.py:579} INFO - 24/08/26 04:53:22 INFO SharedState: Warehouse path is 'file:/opt/***/spark-warehouse'.
[2024-08-26T04:53:22.920+0000] {spark_submit.py:579} INFO - Lỗi khi đọc file credit_cards.csv: An error occurred while calling o25.read.
[2024-08-26T04:53:22.921+0000] {spark_submit.py:579} INFO - : java.lang.IllegalStateException: LiveListenerBus is stopped.
[2024-08-26T04:53:22.923+0000] {spark_submit.py:579} INFO - at org.apache.spark.scheduler.LiveListenerBus.addToQueue(LiveListenerBus.scala:92)
[2024-08-26T04:53:22.924+0000] {spark_submit.py:579} INFO - at org.apache.spark.scheduler.LiveListenerBus.addToStatusQueue(LiveListenerBus.scala:75)
[2024-08-26T04:53:22.924+0000] {spark_submit.py:579} INFO - at org.apache.spark.sql.internal.SharedState.<init>(SharedState.scala:115)
[2024-08-26T04:53:22.925+0000] {spark_submit.py:579} INFO - at org.apache.spark.sql.SparkSession.$anonfun$sharedState$1(SparkSession.scala:143)
[2024-08-26T04:53:22.926+0000] {spark_submit.py:579} INFO - at scala.Option.getOrElse(Option.scala:189)
[2024-08-26T04:53:22.926+0000] {spark_submit.py:579} INFO - at org.apache.spark.sql.SparkSession.sharedState$lzycompute(SparkSession.scala:143)
[2024-08-26T04:53:22.927+0000] {spark_submit.py:579} INFO - at org.apache.spark.sql.SparkSession.sharedState(SparkSession.scala:142)
[2024-08-26T04:53:22.928+0000] {spark_submit.py:579} INFO - at org.apache.spark.sql.SparkSession.$anonfun$sessionState$2(SparkSession.scala:162)
[2024-08-26T04:53:22.928+0000] {spark_submit.py:579} INFO - at scala.Option.getOrElse(Option.scala:189)
[2024-08-26T04:53:22.929+0000] {spark_submit.py:579} INFO - at org.apache.spark.sql.SparkSession.sessionState$lzycompute(SparkSession.scala:160)
[2024-08-26T04:53:22.930+0000] {spark_submit.py:579} INFO - at org.apache.spark.sql.SparkSession.sessionState(SparkSession.scala:157)
[2024-08-26T04:53:22.930+0000] {spark_submit.py:579} INFO - at org.apache.spark.sql.DataFrameReader.<init>(DataFrameReader.scala:699)
[2024-08-26T04:53:22.931+0000] {spark_submit.py:579} INFO - at org.apache.spark.sql.SparkSession.read(SparkSession.scala:783)
[2024-08-26T04:53:22.931+0000] {spark_submit.py:579} INFO - at java.base/jdk.internal.reflect.NativeMethodAccessorImpl.invoke0(Native Method)
[2024-08-26T04:53:22.932+0000] {spark_submit.py:579} INFO - at java.base/jdk.internal.reflect.NativeMethodAccessorImpl.invoke(NativeMethodAccessorImpl.java:77)
[2024-08-26T04:53:22.933+0000] {spark_submit.py:579} INFO - at java.base/jdk.internal.reflect.DelegatingMethodAccessorImpl.invoke(DelegatingMethodAccessorImpl.java:43)
[2024-08-26T04:53:22.934+0000] {spark_submit.py:579} INFO - at java.base/java.lang.reflect.Method.invoke(Method.java:569)
[2024-08-26T04:53:22.935+0000] {spark_submit.py:579} INFO - at py4j.reflection.MethodInvoker.invoke(MethodInvoker.java:244)
[2024-08-26T04:53:22.936+0000] {spark_submit.py:579} INFO - at py4j.reflection.ReflectionEngine.invoke(ReflectionEngine.java:374)
[2024-08-26T04:53:22.936+0000] {spark_submit.py:579} INFO - at py4j.Gateway.invoke(Gateway.java:282)
[2024-08-26T04:53:22.937+0000] {spark_submit.py:579} INFO - at py4j.commands.AbstractCommand.invokeMethod(AbstractCommand.java:132)
[2024-08-26T04:53:22.937+0000] {spark_submit.py:579} INFO - at py4j.commands.CallCommand.execute(CallCommand.java:79)
[2024-08-26T04:53:22.938+0000] {spark_submit.py:579} INFO - at py4j.ClientServerConnection.waitForCommands(ClientServerConnection.java:182)
[2024-08-26T04:53:22.938+0000] {spark_submit.py:579} INFO - at py4j.ClientServerConnection.run(ClientServerConnection.java:106)
[2024-08-26T04:53:22.939+0000] {spark_submit.py:579} INFO - at java.base/java.lang.Thread.run(Thread.java:840)
[2024-08-26T04:53:22.940+0000] {spark_submit.py:579} INFO - 
[2024-08-26T04:53:22.941+0000] {spark_submit.py:579} INFO - 24/08/26 04:53:22 INFO SharedState: Setting hive.metastore.warehouse.dir ('file:/opt/***/spark-warehouse') to the value of spark.sql.warehouse.dir.
[2024-08-26T04:53:22.941+0000] {spark_submit.py:579} INFO - 24/08/26 04:53:22 INFO SharedState: Warehouse path is 'file:/opt/***/spark-warehouse'.
[2024-08-26T04:53:22.970+0000] {spark_submit.py:579} INFO - Lỗi khi đọc file investments.csv: An error occurred while calling o25.read.
[2024-08-26T04:53:22.971+0000] {spark_submit.py:579} INFO - : java.lang.IllegalStateException: LiveListenerBus is stopped.
[2024-08-26T04:53:22.971+0000] {spark_submit.py:579} INFO - at org.apache.spark.scheduler.LiveListenerBus.addToQueue(LiveListenerBus.scala:92)
[2024-08-26T04:53:22.972+0000] {spark_submit.py:579} INFO - at org.apache.spark.scheduler.LiveListenerBus.addToStatusQueue(LiveListenerBus.scala:75)
[2024-08-26T04:53:22.973+0000] {spark_submit.py:579} INFO - at org.apache.spark.sql.internal.SharedState.<init>(SharedState.scala:115)
[2024-08-26T04:53:22.973+0000] {spark_submit.py:579} INFO - at org.apache.spark.sql.SparkSession.$anonfun$sharedState$1(SparkSession.scala:143)
[2024-08-26T04:53:22.974+0000] {spark_submit.py:579} INFO - at scala.Option.getOrElse(Option.scala:189)
[2024-08-26T04:53:22.975+0000] {spark_submit.py:579} INFO - at org.apache.spark.sql.SparkSession.sharedState$lzycompute(SparkSession.scala:143)
[2024-08-26T04:53:22.975+0000] {spark_submit.py:579} INFO - at org.apache.spark.sql.SparkSession.sharedState(SparkSession.scala:142)
[2024-08-26T04:53:22.976+0000] {spark_submit.py:579} INFO - at org.apache.spark.sql.SparkSession.$anonfun$sessionState$2(SparkSession.scala:162)
[2024-08-26T04:53:22.976+0000] {spark_submit.py:579} INFO - at scala.Option.getOrElse(Option.scala:189)
[2024-08-26T04:53:22.977+0000] {spark_submit.py:579} INFO - at org.apache.spark.sql.SparkSession.sessionState$lzycompute(SparkSession.scala:160)
[2024-08-26T04:53:22.977+0000] {spark_submit.py:579} INFO - at org.apache.spark.sql.SparkSession.sessionState(SparkSession.scala:157)
[2024-08-26T04:53:22.977+0000] {spark_submit.py:579} INFO - at org.apache.spark.sql.DataFrameReader.<init>(DataFrameReader.scala:699)
[2024-08-26T04:53:22.978+0000] {spark_submit.py:579} INFO - at org.apache.spark.sql.SparkSession.read(SparkSession.scala:783)
[2024-08-26T04:53:22.978+0000] {spark_submit.py:579} INFO - at java.base/jdk.internal.reflect.NativeMethodAccessorImpl.invoke0(Native Method)
[2024-08-26T04:53:22.979+0000] {spark_submit.py:579} INFO - at java.base/jdk.internal.reflect.NativeMethodAccessorImpl.invoke(NativeMethodAccessorImpl.java:77)
[2024-08-26T04:53:22.979+0000] {spark_submit.py:579} INFO - at java.base/jdk.internal.reflect.DelegatingMethodAccessorImpl.invoke(DelegatingMethodAccessorImpl.java:43)
[2024-08-26T04:53:22.979+0000] {spark_submit.py:579} INFO - at java.base/java.lang.reflect.Method.invoke(Method.java:569)
[2024-08-26T04:53:22.980+0000] {spark_submit.py:579} INFO - at py4j.reflection.MethodInvoker.invoke(MethodInvoker.java:244)
[2024-08-26T04:53:22.980+0000] {spark_submit.py:579} INFO - at py4j.reflection.ReflectionEngine.invoke(ReflectionEngine.java:374)
[2024-08-26T04:53:22.981+0000] {spark_submit.py:579} INFO - at py4j.Gateway.invoke(Gateway.java:282)
[2024-08-26T04:53:22.981+0000] {spark_submit.py:579} INFO - at py4j.commands.AbstractCommand.invokeMethod(AbstractCommand.java:132)
[2024-08-26T04:53:22.982+0000] {spark_submit.py:579} INFO - at py4j.commands.CallCommand.execute(CallCommand.java:79)
[2024-08-26T04:53:22.982+0000] {spark_submit.py:579} INFO - at py4j.ClientServerConnection.waitForCommands(ClientServerConnection.java:182)
[2024-08-26T04:53:22.983+0000] {spark_submit.py:579} INFO - at py4j.ClientServerConnection.run(ClientServerConnection.java:106)
[2024-08-26T04:53:22.983+0000] {spark_submit.py:579} INFO - at java.base/java.lang.Thread.run(Thread.java:840)
[2024-08-26T04:53:22.984+0000] {spark_submit.py:579} INFO - 
[2024-08-26T04:53:22.984+0000] {spark_submit.py:579} INFO - 24/08/26 04:53:22 INFO SparkContext: SparkContext is stopping with exitCode 0.
[2024-08-26T04:53:22.985+0000] {spark_submit.py:579} INFO - 24/08/26 04:53:22 INFO SparkContext: SparkContext already stopped.
[2024-08-26T04:53:23.326+0000] {spark_submit.py:579} INFO - 24/08/26 04:53:23 INFO ShutdownHookManager: Shutdown hook called
[2024-08-26T04:53:23.327+0000] {spark_submit.py:579} INFO - 24/08/26 04:53:23 INFO ShutdownHookManager: Deleting directory /tmp/spark-e418e65b-c0c4-4607-bee1-211d6c1204a1
[2024-08-26T04:53:23.338+0000] {spark_submit.py:579} INFO - 24/08/26 04:53:23 INFO ShutdownHookManager: Deleting directory /tmp/spark-da6e6d01-674a-40f6-aa09-a5b3412e772e
[2024-08-26T04:53:23.345+0000] {spark_submit.py:579} INFO - 24/08/26 04:53:23 INFO ShutdownHookManager: Deleting directory /tmp/spark-da6e6d01-674a-40f6-aa09-a5b3412e772e/pyspark-64cbb7b2-22c3-430a-9d38-aa46108ef225
[2024-08-26T04:53:23.415+0000] {taskinstance.py:340} INFO - ::group::Post task execution logs
[2024-08-26T04:53:23.416+0000] {taskinstance.py:352} INFO - Marking task as SUCCESS. dag_id=extract_and_transform_dag, task_id=run_spark_job, run_id=manual__2024-08-26T04:52:11.974855+00:00, execution_date=20240826T045211, start_date=20240826T045217, end_date=20240826T045323
[2024-08-26T04:53:23.466+0000] {local_task_job_runner.py:261} INFO - Task exited with return code 0
[2024-08-26T04:53:23.503+0000] {taskinstance.py:3891} INFO - 0 downstream tasks scheduled from follow-on schedule check
[2024-08-26T04:53:23.506+0000] {local_task_job_runner.py:240} INFO - ::endgroup::
