[2024-08-26T05:11:53.007+0000] {local_task_job_runner.py:123} INFO - ::group::Pre task execution logs
[2024-08-26T05:11:53.031+0000] {taskinstance.py:2603} INFO - Dependencies all met for dep_context=non-requeueable deps ti=<TaskInstance: extract_and_transform_dag.run_spark_job manual__2024-08-26T05:06:44.584002+00:00 [queued]>
[2024-08-26T05:11:53.040+0000] {taskinstance.py:2603} INFO - Dependencies all met for dep_context=requeueable deps ti=<TaskInstance: extract_and_transform_dag.run_spark_job manual__2024-08-26T05:06:44.584002+00:00 [queued]>
[2024-08-26T05:11:53.041+0000] {taskinstance.py:2856} INFO - Starting attempt 2 of 2
[2024-08-26T05:11:53.057+0000] {taskinstance.py:2879} INFO - Executing <Task(SparkSubmitOperator): run_spark_job> on 2024-08-26 05:06:44.584002+00:00
[2024-08-26T05:11:53.066+0000] {logging_mixin.py:190} WARNING - /home/***/.local/lib/python3.12/site-packages/***/task/task_runner/standard_task_runner.py:70 DeprecationWarning: This process (pid=1804) is multi-threaded, use of fork() may lead to deadlocks in the child.
[2024-08-26T05:11:53.067+0000] {standard_task_runner.py:72} INFO - Started process 1805 to run task
[2024-08-26T05:11:53.067+0000] {standard_task_runner.py:104} INFO - Running: ['***', 'tasks', 'run', 'extract_and_transform_dag', 'run_spark_job', 'manual__2024-08-26T05:06:44.584002+00:00', '--job-id', '179', '--raw', '--subdir', 'DAGS_FOLDER/ETL_Dags.py', '--cfg-path', '/tmp/tmp6lhdsoko']
[2024-08-26T05:11:53.071+0000] {standard_task_runner.py:105} INFO - Job 179: Subtask run_spark_job
[2024-08-26T05:11:53.154+0000] {task_command.py:467} INFO - Running <TaskInstance: extract_and_transform_dag.run_spark_job manual__2024-08-26T05:06:44.584002+00:00 [running]> on host f00445136288
[2024-08-26T05:11:53.269+0000] {taskinstance.py:3122} INFO - Exporting env vars: AIRFLOW_CTX_DAG_OWNER='***' AIRFLOW_CTX_DAG_ID='extract_and_transform_dag' AIRFLOW_CTX_TASK_ID='run_spark_job' AIRFLOW_CTX_EXECUTION_DATE='2024-08-26T05:06:44.584002+00:00' AIRFLOW_CTX_TRY_NUMBER='2' AIRFLOW_CTX_DAG_RUN_ID='manual__2024-08-26T05:06:44.584002+00:00'
[2024-08-26T05:11:53.271+0000] {taskinstance.py:731} INFO - ::endgroup::
[2024-08-26T05:11:53.304+0000] {base.py:84} INFO - Retrieving connection 'SPARK-PROJECT'
[2024-08-26T05:11:53.306+0000] {spark_submit.py:403} INFO - Spark-Submit cmd: spark-submit --master spark://172.18.0.3:7077 --conf spark.driver.extraClassPath=/opt/bitnami/spark/jars/spark-snowflake_2.12-2.16.0-spark_3.2.jar --conf spark.executor.extraClassPath=/opt/bitnami/spark/jars/spark-snowflake_2.12-2.16.0-spark_3.2.jar --name spark_transform_job --deploy-mode client /spark/app/transform.py
[2024-08-26T05:11:56.413+0000] {spark_submit.py:579} INFO - 24/08/26 05:11:56 INFO SparkContext: Running Spark version 3.5.2
[2024-08-26T05:11:56.416+0000] {spark_submit.py:579} INFO - 24/08/26 05:11:56 INFO SparkContext: OS info Linux, 6.6.26-linuxkit, amd64
[2024-08-26T05:11:56.417+0000] {spark_submit.py:579} INFO - 24/08/26 05:11:56 INFO SparkContext: Java version 17.0.12
[2024-08-26T05:11:56.476+0000] {spark_submit.py:579} INFO - 24/08/26 05:11:56 WARN NativeCodeLoader: Unable to load native-hadoop library for your platform... using builtin-java classes where applicable
[2024-08-26T05:11:56.564+0000] {spark_submit.py:579} INFO - 24/08/26 05:11:56 INFO ResourceUtils: ==============================================================
[2024-08-26T05:11:56.565+0000] {spark_submit.py:579} INFO - 24/08/26 05:11:56 INFO ResourceUtils: No custom resources configured for spark.driver.
[2024-08-26T05:11:56.566+0000] {spark_submit.py:579} INFO - 24/08/26 05:11:56 INFO ResourceUtils: ==============================================================
[2024-08-26T05:11:56.567+0000] {spark_submit.py:579} INFO - 24/08/26 05:11:56 INFO SparkContext: Submitted application: DataCleaning
[2024-08-26T05:11:56.589+0000] {spark_submit.py:579} INFO - 24/08/26 05:11:56 INFO ResourceProfile: Default ResourceProfile created, executor resources: Map(memory -> name: memory, amount: 1024, script: , vendor: , offHeap -> name: offHeap, amount: 0, script: , vendor: ), task resources: Map(cpus -> name: cpus, amount: 1.0)
[2024-08-26T05:11:56.598+0000] {spark_submit.py:579} INFO - 24/08/26 05:11:56 INFO ResourceProfile: Limiting resource is cpu
[2024-08-26T05:11:56.599+0000] {spark_submit.py:579} INFO - 24/08/26 05:11:56 INFO ResourceProfileManager: Added ResourceProfile id: 0
[2024-08-26T05:11:56.661+0000] {spark_submit.py:579} INFO - 24/08/26 05:11:56 INFO SecurityManager: Changing view acls to: ***
[2024-08-26T05:11:56.662+0000] {spark_submit.py:579} INFO - 24/08/26 05:11:56 INFO SecurityManager: Changing modify acls to: ***
[2024-08-26T05:11:56.663+0000] {spark_submit.py:579} INFO - 24/08/26 05:11:56 INFO SecurityManager: Changing view acls groups to:
[2024-08-26T05:11:56.664+0000] {spark_submit.py:579} INFO - 24/08/26 05:11:56 INFO SecurityManager: Changing modify acls groups to:
[2024-08-26T05:11:56.665+0000] {spark_submit.py:579} INFO - 24/08/26 05:11:56 INFO SecurityManager: SecurityManager: authentication disabled; ui acls disabled; users with view permissions: ***; groups with view permissions: EMPTY; users with modify permissions: ***; groups with modify permissions: EMPTY
[2024-08-26T05:11:56.911+0000] {spark_submit.py:579} INFO - 24/08/26 05:11:56 INFO Utils: Successfully started service 'sparkDriver' on port 45687.
[2024-08-26T05:11:56.955+0000] {spark_submit.py:579} INFO - 24/08/26 05:11:56 INFO SparkEnv: Registering MapOutputTracker
[2024-08-26T05:11:56.998+0000] {spark_submit.py:579} INFO - 24/08/26 05:11:56 INFO SparkEnv: Registering BlockManagerMaster
[2024-08-26T05:11:57.016+0000] {spark_submit.py:579} INFO - 24/08/26 05:11:57 INFO BlockManagerMasterEndpoint: Using org.apache.spark.storage.DefaultTopologyMapper for getting topology information
[2024-08-26T05:11:57.017+0000] {spark_submit.py:579} INFO - 24/08/26 05:11:57 INFO BlockManagerMasterEndpoint: BlockManagerMasterEndpoint up
[2024-08-26T05:11:57.023+0000] {spark_submit.py:579} INFO - 24/08/26 05:11:57 INFO SparkEnv: Registering BlockManagerMasterHeartbeat
[2024-08-26T05:11:57.044+0000] {spark_submit.py:579} INFO - 24/08/26 05:11:57 INFO DiskBlockManager: Created local directory at /tmp/blockmgr-88bf520e-0c85-48b0-9f96-42fdae52f579
[2024-08-26T05:11:57.058+0000] {spark_submit.py:579} INFO - 24/08/26 05:11:57 INFO MemoryStore: MemoryStore started with capacity 434.4 MiB
[2024-08-26T05:11:57.074+0000] {spark_submit.py:579} INFO - 24/08/26 05:11:57 INFO SparkEnv: Registering OutputCommitCoordinator
[2024-08-26T05:11:57.185+0000] {spark_submit.py:579} INFO - 24/08/26 05:11:57 INFO JettyUtils: Start Jetty 0.0.0.0:4040 for SparkUI
[2024-08-26T05:11:57.255+0000] {spark_submit.py:579} INFO - 24/08/26 05:11:57 INFO Utils: Successfully started service 'SparkUI' on port 4040.
[2024-08-26T05:11:57.383+0000] {spark_submit.py:579} INFO - 24/08/26 05:11:57 INFO StandaloneAppClient$ClientEndpoint: Connecting to master spark://172.18.0.3:7077...
[2024-08-26T05:11:57.432+0000] {spark_submit.py:579} INFO - 24/08/26 05:11:57 INFO TransportClientFactory: Successfully created connection to /172.18.0.3:7077 after 26 ms (0 ms spent in bootstraps)
[2024-08-26T05:12:17.386+0000] {spark_submit.py:579} INFO - 24/08/26 05:12:17 INFO StandaloneAppClient$ClientEndpoint: Connecting to master spark://172.18.0.3:7077...
[2024-08-26T05:12:37.387+0000] {spark_submit.py:579} INFO - 24/08/26 05:12:37 INFO StandaloneAppClient$ClientEndpoint: Connecting to master spark://172.18.0.3:7077...
[2024-08-26T05:12:57.389+0000] {spark_submit.py:579} INFO - 24/08/26 05:12:57 WARN StandaloneSchedulerBackend: Application ID is not initialized yet.
[2024-08-26T05:12:57.393+0000] {spark_submit.py:579} INFO - 24/08/26 05:12:57 ERROR StandaloneSchedulerBackend: Application has been killed. Reason: All masters are unresponsive! Giving up.
[2024-08-26T05:12:57.415+0000] {spark_submit.py:579} INFO - 24/08/26 05:12:57 INFO Utils: Successfully started service 'org.apache.spark.network.netty.NettyBlockTransferService' on port 39365.
[2024-08-26T05:12:57.417+0000] {spark_submit.py:579} INFO - 24/08/26 05:12:57 INFO NettyBlockTransferService: Server created on f00445136288:39365
[2024-08-26T05:12:57.422+0000] {spark_submit.py:579} INFO - 24/08/26 05:12:57 INFO BlockManager: Using org.apache.spark.storage.RandomBlockReplicationPolicy for block replication policy
[2024-08-26T05:12:57.439+0000] {spark_submit.py:579} INFO - 24/08/26 05:12:57 INFO BlockManagerMaster: Registering BlockManager BlockManagerId(driver, f00445136288, 39365, None)
[2024-08-26T05:12:57.446+0000] {spark_submit.py:579} INFO - 24/08/26 05:12:57 INFO BlockManagerMasterEndpoint: Registering block manager f00445136288:39365 with 434.4 MiB RAM, BlockManagerId(driver, f00445136288, 39365, None)
[2024-08-26T05:12:57.451+0000] {spark_submit.py:579} INFO - 24/08/26 05:12:57 INFO BlockManagerMaster: Registered BlockManager BlockManagerId(driver, f00445136288, 39365, None)
[2024-08-26T05:12:57.454+0000] {spark_submit.py:579} INFO - 24/08/26 05:12:57 INFO BlockManager: Initialized BlockManager: BlockManagerId(driver, f00445136288, 39365, None)
[2024-08-26T05:12:57.714+0000] {spark_submit.py:579} INFO - 24/08/26 05:12:57 INFO StandaloneSchedulerBackend: SchedulerBackend is ready for scheduling beginning after reached minRegisteredResourcesRatio: 0.0
[2024-08-26T05:12:57.947+0000] {spark_submit.py:579} INFO - 24/08/26 05:12:57 INFO SparkContext: SparkContext is stopping with exitCode 0.
[2024-08-26T05:12:57.959+0000] {spark_submit.py:579} INFO - 24/08/26 05:12:57 INFO SparkUI: Stopped Spark web UI at http://f00445136288:4040
[2024-08-26T05:12:57.966+0000] {spark_submit.py:579} INFO - 24/08/26 05:12:57 INFO StandaloneSchedulerBackend: Shutting down all executors
[2024-08-26T05:12:57.971+0000] {spark_submit.py:579} INFO - 24/08/26 05:12:57 INFO StandaloneSchedulerBackend$StandaloneDriverEndpoint: Asking each executor to shut down
[2024-08-26T05:12:57.976+0000] {spark_submit.py:579} INFO - 24/08/26 05:12:57 WARN StandaloneAppClient$ClientEndpoint: Drop UnregisterApplication(null) because has not yet connected to master
[2024-08-26T05:12:57.984+0000] {spark_submit.py:579} INFO - 24/08/26 05:12:57 INFO MapOutputTrackerMasterEndpoint: MapOutputTrackerMasterEndpoint stopped!
[2024-08-26T05:12:57.997+0000] {spark_submit.py:579} INFO - 24/08/26 05:12:57 INFO SharedState: Setting hive.metastore.warehouse.dir ('null') to the value of spark.sql.warehouse.dir.
[2024-08-26T05:12:58.004+0000] {spark_submit.py:579} INFO - 24/08/26 05:12:58 INFO MemoryStore: MemoryStore cleared
[2024-08-26T05:12:58.005+0000] {spark_submit.py:579} INFO - 24/08/26 05:12:58 INFO BlockManager: BlockManager stopped
[2024-08-26T05:12:58.010+0000] {spark_submit.py:579} INFO - 24/08/26 05:12:58 INFO SharedState: Warehouse path is 'file:/opt/***/spark-warehouse'.
[2024-08-26T05:12:58.013+0000] {spark_submit.py:579} INFO - 24/08/26 05:12:58 INFO BlockManagerMaster: BlockManagerMaster stopped
[2024-08-26T05:12:58.016+0000] {spark_submit.py:579} INFO - 24/08/26 05:12:58 INFO OutputCommitCoordinator$OutputCommitCoordinatorEndpoint: OutputCommitCoordinator stopped!
[2024-08-26T05:12:58.031+0000] {spark_submit.py:579} INFO - 24/08/26 05:12:58 INFO SparkContext: Successfully stopped SparkContext
[2024-08-26T05:12:58.055+0000] {spark_submit.py:579} INFO - Lỗi khi đọc file customers.csv: An error occurred while calling o25.read.
[2024-08-26T05:12:58.056+0000] {spark_submit.py:579} INFO - : java.lang.IllegalStateException: LiveListenerBus is stopped.
[2024-08-26T05:12:58.057+0000] {spark_submit.py:579} INFO - at org.apache.spark.scheduler.LiveListenerBus.addToQueue(LiveListenerBus.scala:92)
[2024-08-26T05:12:58.057+0000] {spark_submit.py:579} INFO - at org.apache.spark.scheduler.LiveListenerBus.addToStatusQueue(LiveListenerBus.scala:75)
[2024-08-26T05:12:58.058+0000] {spark_submit.py:579} INFO - at org.apache.spark.sql.internal.SharedState.<init>(SharedState.scala:115)
[2024-08-26T05:12:58.058+0000] {spark_submit.py:579} INFO - at org.apache.spark.sql.SparkSession.$anonfun$sharedState$1(SparkSession.scala:143)
[2024-08-26T05:12:58.059+0000] {spark_submit.py:579} INFO - at scala.Option.getOrElse(Option.scala:189)
[2024-08-26T05:12:58.059+0000] {spark_submit.py:579} INFO - at org.apache.spark.sql.SparkSession.sharedState$lzycompute(SparkSession.scala:143)
[2024-08-26T05:12:58.059+0000] {spark_submit.py:579} INFO - at org.apache.spark.sql.SparkSession.sharedState(SparkSession.scala:142)
[2024-08-26T05:12:58.060+0000] {spark_submit.py:579} INFO - at org.apache.spark.sql.SparkSession.$anonfun$sessionState$2(SparkSession.scala:162)
[2024-08-26T05:12:58.060+0000] {spark_submit.py:579} INFO - at scala.Option.getOrElse(Option.scala:189)
[2024-08-26T05:12:58.061+0000] {spark_submit.py:579} INFO - at org.apache.spark.sql.SparkSession.sessionState$lzycompute(SparkSession.scala:160)
[2024-08-26T05:12:58.061+0000] {spark_submit.py:579} INFO - at org.apache.spark.sql.SparkSession.sessionState(SparkSession.scala:157)
[2024-08-26T05:12:58.062+0000] {spark_submit.py:579} INFO - at org.apache.spark.sql.DataFrameReader.<init>(DataFrameReader.scala:699)
[2024-08-26T05:12:58.062+0000] {spark_submit.py:579} INFO - at org.apache.spark.sql.SparkSession.read(SparkSession.scala:783)
[2024-08-26T05:12:58.063+0000] {spark_submit.py:579} INFO - at java.base/jdk.internal.reflect.NativeMethodAccessorImpl.invoke0(Native Method)
[2024-08-26T05:12:58.063+0000] {spark_submit.py:579} INFO - at java.base/jdk.internal.reflect.NativeMethodAccessorImpl.invoke(NativeMethodAccessorImpl.java:77)
[2024-08-26T05:12:58.064+0000] {spark_submit.py:579} INFO - at java.base/jdk.internal.reflect.DelegatingMethodAccessorImpl.invoke(DelegatingMethodAccessorImpl.java:43)
[2024-08-26T05:12:58.064+0000] {spark_submit.py:579} INFO - at java.base/java.lang.reflect.Method.invoke(Method.java:569)
[2024-08-26T05:12:58.064+0000] {spark_submit.py:579} INFO - at py4j.reflection.MethodInvoker.invoke(MethodInvoker.java:244)
[2024-08-26T05:12:58.065+0000] {spark_submit.py:579} INFO - at py4j.reflection.ReflectionEngine.invoke(ReflectionEngine.java:374)
[2024-08-26T05:12:58.065+0000] {spark_submit.py:579} INFO - at py4j.Gateway.invoke(Gateway.java:282)
[2024-08-26T05:12:58.066+0000] {spark_submit.py:579} INFO - at py4j.commands.AbstractCommand.invokeMethod(AbstractCommand.java:132)
[2024-08-26T05:12:58.066+0000] {spark_submit.py:579} INFO - at py4j.commands.CallCommand.execute(CallCommand.java:79)
[2024-08-26T05:12:58.066+0000] {spark_submit.py:579} INFO - at py4j.ClientServerConnection.waitForCommands(ClientServerConnection.java:182)
[2024-08-26T05:12:58.067+0000] {spark_submit.py:579} INFO - at py4j.ClientServerConnection.run(ClientServerConnection.java:106)
[2024-08-26T05:12:58.067+0000] {spark_submit.py:579} INFO - at java.base/java.lang.Thread.run(Thread.java:840)
[2024-08-26T05:12:58.068+0000] {spark_submit.py:579} INFO - 
[2024-08-26T05:12:58.068+0000] {spark_submit.py:579} INFO - 24/08/26 05:12:58 INFO SharedState: Setting hive.metastore.warehouse.dir ('file:/opt/***/spark-warehouse') to the value of spark.sql.warehouse.dir.
[2024-08-26T05:12:58.069+0000] {spark_submit.py:579} INFO - 24/08/26 05:12:58 INFO SharedState: Warehouse path is 'file:/opt/***/spark-warehouse'.
[2024-08-26T05:12:58.089+0000] {spark_submit.py:579} INFO - Lỗi khi đọc file accounts.csv: An error occurred while calling o25.read.
[2024-08-26T05:12:58.090+0000] {spark_submit.py:579} INFO - : java.lang.IllegalStateException: LiveListenerBus is stopped.
[2024-08-26T05:12:58.091+0000] {spark_submit.py:579} INFO - at org.apache.spark.scheduler.LiveListenerBus.addToQueue(LiveListenerBus.scala:92)
[2024-08-26T05:12:58.092+0000] {spark_submit.py:579} INFO - at org.apache.spark.scheduler.LiveListenerBus.addToStatusQueue(LiveListenerBus.scala:75)
[2024-08-26T05:12:58.092+0000] {spark_submit.py:579} INFO - at org.apache.spark.sql.internal.SharedState.<init>(SharedState.scala:115)
[2024-08-26T05:12:58.093+0000] {spark_submit.py:579} INFO - at org.apache.spark.sql.SparkSession.$anonfun$sharedState$1(SparkSession.scala:143)
[2024-08-26T05:12:58.094+0000] {spark_submit.py:579} INFO - at scala.Option.getOrElse(Option.scala:189)
[2024-08-26T05:12:58.094+0000] {spark_submit.py:579} INFO - at org.apache.spark.sql.SparkSession.sharedState$lzycompute(SparkSession.scala:143)
[2024-08-26T05:12:58.095+0000] {spark_submit.py:579} INFO - at org.apache.spark.sql.SparkSession.sharedState(SparkSession.scala:142)
[2024-08-26T05:12:58.096+0000] {spark_submit.py:579} INFO - at org.apache.spark.sql.SparkSession.$anonfun$sessionState$2(SparkSession.scala:162)
[2024-08-26T05:12:58.096+0000] {spark_submit.py:579} INFO - at scala.Option.getOrElse(Option.scala:189)
[2024-08-26T05:12:58.097+0000] {spark_submit.py:579} INFO - at org.apache.spark.sql.SparkSession.sessionState$lzycompute(SparkSession.scala:160)
[2024-08-26T05:12:58.098+0000] {spark_submit.py:579} INFO - at org.apache.spark.sql.SparkSession.sessionState(SparkSession.scala:157)
[2024-08-26T05:12:58.099+0000] {spark_submit.py:579} INFO - at org.apache.spark.sql.DataFrameReader.<init>(DataFrameReader.scala:699)
[2024-08-26T05:12:58.099+0000] {spark_submit.py:579} INFO - at org.apache.spark.sql.SparkSession.read(SparkSession.scala:783)
[2024-08-26T05:12:58.100+0000] {spark_submit.py:579} INFO - at java.base/jdk.internal.reflect.NativeMethodAccessorImpl.invoke0(Native Method)
[2024-08-26T05:12:58.103+0000] {spark_submit.py:579} INFO - at java.base/jdk.internal.reflect.NativeMethodAccessorImpl.invoke(NativeMethodAccessorImpl.java:77)
[2024-08-26T05:12:58.104+0000] {spark_submit.py:579} INFO - at java.base/jdk.internal.reflect.DelegatingMethodAccessorImpl.invoke(DelegatingMethodAccessorImpl.java:43)
[2024-08-26T05:12:58.105+0000] {spark_submit.py:579} INFO - at java.base/java.lang.reflect.Method.invoke(Method.java:569)
[2024-08-26T05:12:58.106+0000] {spark_submit.py:579} INFO - at py4j.reflection.MethodInvoker.invoke(MethodInvoker.java:244)
[2024-08-26T05:12:58.106+0000] {spark_submit.py:579} INFO - at py4j.reflection.ReflectionEngine.invoke(ReflectionEngine.java:374)
[2024-08-26T05:12:58.107+0000] {spark_submit.py:579} INFO - at py4j.Gateway.invoke(Gateway.java:282)
[2024-08-26T05:12:58.108+0000] {spark_submit.py:579} INFO - at py4j.commands.AbstractCommand.invokeMethod(AbstractCommand.java:132)
[2024-08-26T05:12:58.109+0000] {spark_submit.py:579} INFO - at py4j.commands.CallCommand.execute(CallCommand.java:79)
[2024-08-26T05:12:58.110+0000] {spark_submit.py:579} INFO - at py4j.ClientServerConnection.waitForCommands(ClientServerConnection.java:182)
[2024-08-26T05:12:58.110+0000] {spark_submit.py:579} INFO - at py4j.ClientServerConnection.run(ClientServerConnection.java:106)
[2024-08-26T05:12:58.111+0000] {spark_submit.py:579} INFO - at java.base/java.lang.Thread.run(Thread.java:840)
[2024-08-26T05:12:58.112+0000] {spark_submit.py:579} INFO - 
[2024-08-26T05:12:58.112+0000] {spark_submit.py:579} INFO - 24/08/26 05:12:58 INFO SharedState: Setting hive.metastore.warehouse.dir ('file:/opt/***/spark-warehouse') to the value of spark.sql.warehouse.dir.
[2024-08-26T05:12:58.113+0000] {spark_submit.py:579} INFO - 24/08/26 05:12:58 INFO SharedState: Warehouse path is 'file:/opt/***/spark-warehouse'.
[2024-08-26T05:12:58.130+0000] {spark_submit.py:579} INFO - Lỗi khi đọc file transactions.csv: An error occurred while calling o25.read.
[2024-08-26T05:12:58.131+0000] {spark_submit.py:579} INFO - : java.lang.IllegalStateException: LiveListenerBus is stopped.
[2024-08-26T05:12:58.131+0000] {spark_submit.py:579} INFO - at org.apache.spark.scheduler.LiveListenerBus.addToQueue(LiveListenerBus.scala:92)
[2024-08-26T05:12:58.132+0000] {spark_submit.py:579} INFO - at org.apache.spark.scheduler.LiveListenerBus.addToStatusQueue(LiveListenerBus.scala:75)
[2024-08-26T05:12:58.133+0000] {spark_submit.py:579} INFO - at org.apache.spark.sql.internal.SharedState.<init>(SharedState.scala:115)
[2024-08-26T05:12:58.134+0000] {spark_submit.py:579} INFO - at org.apache.spark.sql.SparkSession.$anonfun$sharedState$1(SparkSession.scala:143)
[2024-08-26T05:12:58.135+0000] {spark_submit.py:579} INFO - at scala.Option.getOrElse(Option.scala:189)
[2024-08-26T05:12:58.135+0000] {spark_submit.py:579} INFO - at org.apache.spark.sql.SparkSession.sharedState$lzycompute(SparkSession.scala:143)
[2024-08-26T05:12:58.136+0000] {spark_submit.py:579} INFO - at org.apache.spark.sql.SparkSession.sharedState(SparkSession.scala:142)
[2024-08-26T05:12:58.137+0000] {spark_submit.py:579} INFO - at org.apache.spark.sql.SparkSession.$anonfun$sessionState$2(SparkSession.scala:162)
[2024-08-26T05:12:58.138+0000] {spark_submit.py:579} INFO - at scala.Option.getOrElse(Option.scala:189)
[2024-08-26T05:12:58.138+0000] {spark_submit.py:579} INFO - at org.apache.spark.sql.SparkSession.sessionState$lzycompute(SparkSession.scala:160)
[2024-08-26T05:12:58.139+0000] {spark_submit.py:579} INFO - at org.apache.spark.sql.SparkSession.sessionState(SparkSession.scala:157)
[2024-08-26T05:12:58.139+0000] {spark_submit.py:579} INFO - at org.apache.spark.sql.DataFrameReader.<init>(DataFrameReader.scala:699)
[2024-08-26T05:12:58.140+0000] {spark_submit.py:579} INFO - at org.apache.spark.sql.SparkSession.read(SparkSession.scala:783)
[2024-08-26T05:12:58.140+0000] {spark_submit.py:579} INFO - at java.base/jdk.internal.reflect.NativeMethodAccessorImpl.invoke0(Native Method)
[2024-08-26T05:12:58.140+0000] {spark_submit.py:579} INFO - at java.base/jdk.internal.reflect.NativeMethodAccessorImpl.invoke(NativeMethodAccessorImpl.java:77)
[2024-08-26T05:12:58.141+0000] {spark_submit.py:579} INFO - at java.base/jdk.internal.reflect.DelegatingMethodAccessorImpl.invoke(DelegatingMethodAccessorImpl.java:43)
[2024-08-26T05:12:58.141+0000] {spark_submit.py:579} INFO - at java.base/java.lang.reflect.Method.invoke(Method.java:569)
[2024-08-26T05:12:58.143+0000] {spark_submit.py:579} INFO - at py4j.reflection.MethodInvoker.invoke(MethodInvoker.java:244)
[2024-08-26T05:12:58.144+0000] {spark_submit.py:579} INFO - at py4j.reflection.ReflectionEngine.invoke(ReflectionEngine.java:374)
[2024-08-26T05:12:58.144+0000] {spark_submit.py:579} INFO - at py4j.Gateway.invoke(Gateway.java:282)
[2024-08-26T05:12:58.145+0000] {spark_submit.py:579} INFO - at py4j.commands.AbstractCommand.invokeMethod(AbstractCommand.java:132)
[2024-08-26T05:12:58.145+0000] {spark_submit.py:579} INFO - at py4j.commands.CallCommand.execute(CallCommand.java:79)
[2024-08-26T05:12:58.146+0000] {spark_submit.py:579} INFO - at py4j.ClientServerConnection.waitForCommands(ClientServerConnection.java:182)
[2024-08-26T05:12:58.146+0000] {spark_submit.py:579} INFO - at py4j.ClientServerConnection.run(ClientServerConnection.java:106)
[2024-08-26T05:12:58.147+0000] {spark_submit.py:579} INFO - at java.base/java.lang.Thread.run(Thread.java:840)
[2024-08-26T05:12:58.147+0000] {spark_submit.py:579} INFO - 
[2024-08-26T05:12:58.148+0000] {spark_submit.py:579} INFO - 24/08/26 05:12:58 INFO SharedState: Setting hive.metastore.warehouse.dir ('file:/opt/***/spark-warehouse') to the value of spark.sql.warehouse.dir.
[2024-08-26T05:12:58.148+0000] {spark_submit.py:579} INFO - 24/08/26 05:12:58 INFO SharedState: Warehouse path is 'file:/opt/***/spark-warehouse'.
[2024-08-26T05:12:58.170+0000] {spark_submit.py:579} INFO - Lỗi khi đọc file branches.csv: An error occurred while calling o25.read.
[2024-08-26T05:12:58.171+0000] {spark_submit.py:579} INFO - : java.lang.IllegalStateException: LiveListenerBus is stopped.
[2024-08-26T05:12:58.172+0000] {spark_submit.py:579} INFO - at org.apache.spark.scheduler.LiveListenerBus.addToQueue(LiveListenerBus.scala:92)
[2024-08-26T05:12:58.172+0000] {spark_submit.py:579} INFO - at org.apache.spark.scheduler.LiveListenerBus.addToStatusQueue(LiveListenerBus.scala:75)
[2024-08-26T05:12:58.173+0000] {spark_submit.py:579} INFO - at org.apache.spark.sql.internal.SharedState.<init>(SharedState.scala:115)
[2024-08-26T05:12:58.174+0000] {spark_submit.py:579} INFO - at org.apache.spark.sql.SparkSession.$anonfun$sharedState$1(SparkSession.scala:143)
[2024-08-26T05:12:58.174+0000] {spark_submit.py:579} INFO - at scala.Option.getOrElse(Option.scala:189)
[2024-08-26T05:12:58.175+0000] {spark_submit.py:579} INFO - at org.apache.spark.sql.SparkSession.sharedState$lzycompute(SparkSession.scala:143)
[2024-08-26T05:12:58.175+0000] {spark_submit.py:579} INFO - at org.apache.spark.sql.SparkSession.sharedState(SparkSession.scala:142)
[2024-08-26T05:12:58.176+0000] {spark_submit.py:579} INFO - at org.apache.spark.sql.SparkSession.$anonfun$sessionState$2(SparkSession.scala:162)
[2024-08-26T05:12:58.176+0000] {spark_submit.py:579} INFO - at scala.Option.getOrElse(Option.scala:189)
[2024-08-26T05:12:58.180+0000] {spark_submit.py:579} INFO - at org.apache.spark.sql.SparkSession.sessionState$lzycompute(SparkSession.scala:160)
[2024-08-26T05:12:58.181+0000] {spark_submit.py:579} INFO - at org.apache.spark.sql.SparkSession.sessionState(SparkSession.scala:157)
[2024-08-26T05:12:58.184+0000] {spark_submit.py:579} INFO - at org.apache.spark.sql.DataFrameReader.<init>(DataFrameReader.scala:699)
[2024-08-26T05:12:58.185+0000] {spark_submit.py:579} INFO - at org.apache.spark.sql.SparkSession.read(SparkSession.scala:783)
[2024-08-26T05:12:58.185+0000] {spark_submit.py:579} INFO - at java.base/jdk.internal.reflect.NativeMethodAccessorImpl.invoke0(Native Method)
[2024-08-26T05:12:58.186+0000] {spark_submit.py:579} INFO - at java.base/jdk.internal.reflect.NativeMethodAccessorImpl.invoke(NativeMethodAccessorImpl.java:77)
[2024-08-26T05:12:58.186+0000] {spark_submit.py:579} INFO - at java.base/jdk.internal.reflect.DelegatingMethodAccessorImpl.invoke(DelegatingMethodAccessorImpl.java:43)
[2024-08-26T05:12:58.186+0000] {spark_submit.py:579} INFO - at java.base/java.lang.reflect.Method.invoke(Method.java:569)
[2024-08-26T05:12:58.187+0000] {spark_submit.py:579} INFO - at py4j.reflection.MethodInvoker.invoke(MethodInvoker.java:244)
[2024-08-26T05:12:58.187+0000] {spark_submit.py:579} INFO - at py4j.reflection.ReflectionEngine.invoke(ReflectionEngine.java:374)
[2024-08-26T05:12:58.187+0000] {spark_submit.py:579} INFO - at py4j.Gateway.invoke(Gateway.java:282)
[2024-08-26T05:12:58.187+0000] {spark_submit.py:579} INFO - at py4j.commands.AbstractCommand.invokeMethod(AbstractCommand.java:132)
[2024-08-26T05:12:58.188+0000] {spark_submit.py:579} INFO - at py4j.commands.CallCommand.execute(CallCommand.java:79)
[2024-08-26T05:12:58.188+0000] {spark_submit.py:579} INFO - at py4j.ClientServerConnection.waitForCommands(ClientServerConnection.java:182)
[2024-08-26T05:12:58.189+0000] {spark_submit.py:579} INFO - at py4j.ClientServerConnection.run(ClientServerConnection.java:106)
[2024-08-26T05:12:58.189+0000] {spark_submit.py:579} INFO - at java.base/java.lang.Thread.run(Thread.java:840)
[2024-08-26T05:12:58.190+0000] {spark_submit.py:579} INFO - 
[2024-08-26T05:12:58.190+0000] {spark_submit.py:579} INFO - 24/08/26 05:12:58 INFO SharedState: Setting hive.metastore.warehouse.dir ('file:/opt/***/spark-warehouse') to the value of spark.sql.warehouse.dir.
[2024-08-26T05:12:58.191+0000] {spark_submit.py:579} INFO - 24/08/26 05:12:58 INFO SharedState: Warehouse path is 'file:/opt/***/spark-warehouse'.
[2024-08-26T05:12:58.215+0000] {spark_submit.py:579} INFO - Lỗi khi đọc file loans.csv: An error occurred while calling o25.read.
[2024-08-26T05:12:58.216+0000] {spark_submit.py:579} INFO - : java.lang.IllegalStateException: LiveListenerBus is stopped.
[2024-08-26T05:12:58.217+0000] {spark_submit.py:579} INFO - at org.apache.spark.scheduler.LiveListenerBus.addToQueue(LiveListenerBus.scala:92)
[2024-08-26T05:12:58.217+0000] {spark_submit.py:579} INFO - at org.apache.spark.scheduler.LiveListenerBus.addToStatusQueue(LiveListenerBus.scala:75)
[2024-08-26T05:12:58.218+0000] {spark_submit.py:579} INFO - at org.apache.spark.sql.internal.SharedState.<init>(SharedState.scala:115)
[2024-08-26T05:12:58.218+0000] {spark_submit.py:579} INFO - at org.apache.spark.sql.SparkSession.$anonfun$sharedState$1(SparkSession.scala:143)
[2024-08-26T05:12:58.218+0000] {spark_submit.py:579} INFO - at scala.Option.getOrElse(Option.scala:189)
[2024-08-26T05:12:58.219+0000] {spark_submit.py:579} INFO - at org.apache.spark.sql.SparkSession.sharedState$lzycompute(SparkSession.scala:143)
[2024-08-26T05:12:58.219+0000] {spark_submit.py:579} INFO - at org.apache.spark.sql.SparkSession.sharedState(SparkSession.scala:142)
[2024-08-26T05:12:58.219+0000] {spark_submit.py:579} INFO - at org.apache.spark.sql.SparkSession.$anonfun$sessionState$2(SparkSession.scala:162)
[2024-08-26T05:12:58.220+0000] {spark_submit.py:579} INFO - at scala.Option.getOrElse(Option.scala:189)
[2024-08-26T05:12:58.220+0000] {spark_submit.py:579} INFO - at org.apache.spark.sql.SparkSession.sessionState$lzycompute(SparkSession.scala:160)
[2024-08-26T05:12:58.220+0000] {spark_submit.py:579} INFO - at org.apache.spark.sql.SparkSession.sessionState(SparkSession.scala:157)
[2024-08-26T05:12:58.221+0000] {spark_submit.py:579} INFO - at org.apache.spark.sql.DataFrameReader.<init>(DataFrameReader.scala:699)
[2024-08-26T05:12:58.221+0000] {spark_submit.py:579} INFO - at org.apache.spark.sql.SparkSession.read(SparkSession.scala:783)
[2024-08-26T05:12:58.221+0000] {spark_submit.py:579} INFO - at java.base/jdk.internal.reflect.NativeMethodAccessorImpl.invoke0(Native Method)
[2024-08-26T05:12:58.222+0000] {spark_submit.py:579} INFO - at java.base/jdk.internal.reflect.NativeMethodAccessorImpl.invoke(NativeMethodAccessorImpl.java:77)
[2024-08-26T05:12:58.222+0000] {spark_submit.py:579} INFO - at java.base/jdk.internal.reflect.DelegatingMethodAccessorImpl.invoke(DelegatingMethodAccessorImpl.java:43)
[2024-08-26T05:12:58.223+0000] {spark_submit.py:579} INFO - at java.base/java.lang.reflect.Method.invoke(Method.java:569)
[2024-08-26T05:12:58.223+0000] {spark_submit.py:579} INFO - at py4j.reflection.MethodInvoker.invoke(MethodInvoker.java:244)
[2024-08-26T05:12:58.223+0000] {spark_submit.py:579} INFO - at py4j.reflection.ReflectionEngine.invoke(ReflectionEngine.java:374)
[2024-08-26T05:12:58.224+0000] {spark_submit.py:579} INFO - at py4j.Gateway.invoke(Gateway.java:282)
[2024-08-26T05:12:58.224+0000] {spark_submit.py:579} INFO - at py4j.commands.AbstractCommand.invokeMethod(AbstractCommand.java:132)
[2024-08-26T05:12:58.225+0000] {spark_submit.py:579} INFO - at py4j.commands.CallCommand.execute(CallCommand.java:79)
[2024-08-26T05:12:58.225+0000] {spark_submit.py:579} INFO - at py4j.ClientServerConnection.waitForCommands(ClientServerConnection.java:182)
[2024-08-26T05:12:58.226+0000] {spark_submit.py:579} INFO - at py4j.ClientServerConnection.run(ClientServerConnection.java:106)
[2024-08-26T05:12:58.226+0000] {spark_submit.py:579} INFO - at java.base/java.lang.Thread.run(Thread.java:840)
[2024-08-26T05:12:58.227+0000] {spark_submit.py:579} INFO - 
[2024-08-26T05:12:58.228+0000] {spark_submit.py:579} INFO - 24/08/26 05:12:58 INFO SharedState: Setting hive.metastore.warehouse.dir ('file:/opt/***/spark-warehouse') to the value of spark.sql.warehouse.dir.
[2024-08-26T05:12:58.229+0000] {spark_submit.py:579} INFO - 24/08/26 05:12:58 INFO SharedState: Warehouse path is 'file:/opt/***/spark-warehouse'.
[2024-08-26T05:12:58.251+0000] {spark_submit.py:579} INFO - Lỗi khi đọc file credit_cards.csv: An error occurred while calling o25.read.
[2024-08-26T05:12:58.251+0000] {spark_submit.py:579} INFO - : java.lang.IllegalStateException: LiveListenerBus is stopped.
[2024-08-26T05:12:58.252+0000] {spark_submit.py:579} INFO - at org.apache.spark.scheduler.LiveListenerBus.addToQueue(LiveListenerBus.scala:92)
[2024-08-26T05:12:58.253+0000] {spark_submit.py:579} INFO - at org.apache.spark.scheduler.LiveListenerBus.addToStatusQueue(LiveListenerBus.scala:75)
[2024-08-26T05:12:58.254+0000] {spark_submit.py:579} INFO - at org.apache.spark.sql.internal.SharedState.<init>(SharedState.scala:115)
[2024-08-26T05:12:58.254+0000] {spark_submit.py:579} INFO - at org.apache.spark.sql.SparkSession.$anonfun$sharedState$1(SparkSession.scala:143)
[2024-08-26T05:12:58.255+0000] {spark_submit.py:579} INFO - at scala.Option.getOrElse(Option.scala:189)
[2024-08-26T05:12:58.256+0000] {spark_submit.py:579} INFO - at org.apache.spark.sql.SparkSession.sharedState$lzycompute(SparkSession.scala:143)
[2024-08-26T05:12:58.256+0000] {spark_submit.py:579} INFO - at org.apache.spark.sql.SparkSession.sharedState(SparkSession.scala:142)
[2024-08-26T05:12:58.257+0000] {spark_submit.py:579} INFO - at org.apache.spark.sql.SparkSession.$anonfun$sessionState$2(SparkSession.scala:162)
[2024-08-26T05:12:58.257+0000] {spark_submit.py:579} INFO - at scala.Option.getOrElse(Option.scala:189)
[2024-08-26T05:12:58.258+0000] {spark_submit.py:579} INFO - at org.apache.spark.sql.SparkSession.sessionState$lzycompute(SparkSession.scala:160)
[2024-08-26T05:12:58.259+0000] {spark_submit.py:579} INFO - at org.apache.spark.sql.SparkSession.sessionState(SparkSession.scala:157)
[2024-08-26T05:12:58.259+0000] {spark_submit.py:579} INFO - at org.apache.spark.sql.DataFrameReader.<init>(DataFrameReader.scala:699)
[2024-08-26T05:12:58.260+0000] {spark_submit.py:579} INFO - at org.apache.spark.sql.SparkSession.read(SparkSession.scala:783)
[2024-08-26T05:12:58.261+0000] {spark_submit.py:579} INFO - at java.base/jdk.internal.reflect.NativeMethodAccessorImpl.invoke0(Native Method)
[2024-08-26T05:12:58.261+0000] {spark_submit.py:579} INFO - at java.base/jdk.internal.reflect.NativeMethodAccessorImpl.invoke(NativeMethodAccessorImpl.java:77)
[2024-08-26T05:12:58.262+0000] {spark_submit.py:579} INFO - at java.base/jdk.internal.reflect.DelegatingMethodAccessorImpl.invoke(DelegatingMethodAccessorImpl.java:43)
[2024-08-26T05:12:58.262+0000] {spark_submit.py:579} INFO - at java.base/java.lang.reflect.Method.invoke(Method.java:569)
[2024-08-26T05:12:58.263+0000] {spark_submit.py:579} INFO - at py4j.reflection.MethodInvoker.invoke(MethodInvoker.java:244)
[2024-08-26T05:12:58.263+0000] {spark_submit.py:579} INFO - at py4j.reflection.ReflectionEngine.invoke(ReflectionEngine.java:374)
[2024-08-26T05:12:58.264+0000] {spark_submit.py:579} INFO - at py4j.Gateway.invoke(Gateway.java:282)
[2024-08-26T05:12:58.264+0000] {spark_submit.py:579} INFO - at py4j.commands.AbstractCommand.invokeMethod(AbstractCommand.java:132)
[2024-08-26T05:12:58.265+0000] {spark_submit.py:579} INFO - at py4j.commands.CallCommand.execute(CallCommand.java:79)
[2024-08-26T05:12:58.265+0000] {spark_submit.py:579} INFO - at py4j.ClientServerConnection.waitForCommands(ClientServerConnection.java:182)
[2024-08-26T05:12:58.266+0000] {spark_submit.py:579} INFO - at py4j.ClientServerConnection.run(ClientServerConnection.java:106)
[2024-08-26T05:12:58.267+0000] {spark_submit.py:579} INFO - at java.base/java.lang.Thread.run(Thread.java:840)
[2024-08-26T05:12:58.267+0000] {spark_submit.py:579} INFO - 
[2024-08-26T05:12:58.268+0000] {spark_submit.py:579} INFO - 24/08/26 05:12:58 INFO SharedState: Setting hive.metastore.warehouse.dir ('file:/opt/***/spark-warehouse') to the value of spark.sql.warehouse.dir.
[2024-08-26T05:12:58.269+0000] {spark_submit.py:579} INFO - 24/08/26 05:12:58 INFO SharedState: Warehouse path is 'file:/opt/***/spark-warehouse'.
[2024-08-26T05:12:58.289+0000] {spark_submit.py:579} INFO - Lỗi khi đọc file investments.csv: An error occurred while calling o25.read.
[2024-08-26T05:12:58.290+0000] {spark_submit.py:579} INFO - : java.lang.IllegalStateException: LiveListenerBus is stopped.
[2024-08-26T05:12:58.291+0000] {spark_submit.py:579} INFO - at org.apache.spark.scheduler.LiveListenerBus.addToQueue(LiveListenerBus.scala:92)
[2024-08-26T05:12:58.292+0000] {spark_submit.py:579} INFO - at org.apache.spark.scheduler.LiveListenerBus.addToStatusQueue(LiveListenerBus.scala:75)
[2024-08-26T05:12:58.292+0000] {spark_submit.py:579} INFO - at org.apache.spark.sql.internal.SharedState.<init>(SharedState.scala:115)
[2024-08-26T05:12:58.293+0000] {spark_submit.py:579} INFO - at org.apache.spark.sql.SparkSession.$anonfun$sharedState$1(SparkSession.scala:143)
[2024-08-26T05:12:58.293+0000] {spark_submit.py:579} INFO - at scala.Option.getOrElse(Option.scala:189)
[2024-08-26T05:12:58.293+0000] {spark_submit.py:579} INFO - at org.apache.spark.sql.SparkSession.sharedState$lzycompute(SparkSession.scala:143)
[2024-08-26T05:12:58.294+0000] {spark_submit.py:579} INFO - at org.apache.spark.sql.SparkSession.sharedState(SparkSession.scala:142)
[2024-08-26T05:12:58.294+0000] {spark_submit.py:579} INFO - at org.apache.spark.sql.SparkSession.$anonfun$sessionState$2(SparkSession.scala:162)
[2024-08-26T05:12:58.295+0000] {spark_submit.py:579} INFO - at scala.Option.getOrElse(Option.scala:189)
[2024-08-26T05:12:58.295+0000] {spark_submit.py:579} INFO - at org.apache.spark.sql.SparkSession.sessionState$lzycompute(SparkSession.scala:160)
[2024-08-26T05:12:58.295+0000] {spark_submit.py:579} INFO - at org.apache.spark.sql.SparkSession.sessionState(SparkSession.scala:157)
[2024-08-26T05:12:58.296+0000] {spark_submit.py:579} INFO - at org.apache.spark.sql.DataFrameReader.<init>(DataFrameReader.scala:699)
[2024-08-26T05:12:58.296+0000] {spark_submit.py:579} INFO - at org.apache.spark.sql.SparkSession.read(SparkSession.scala:783)
[2024-08-26T05:12:58.296+0000] {spark_submit.py:579} INFO - at java.base/jdk.internal.reflect.NativeMethodAccessorImpl.invoke0(Native Method)
[2024-08-26T05:12:58.297+0000] {spark_submit.py:579} INFO - at java.base/jdk.internal.reflect.NativeMethodAccessorImpl.invoke(NativeMethodAccessorImpl.java:77)
[2024-08-26T05:12:58.297+0000] {spark_submit.py:579} INFO - at java.base/jdk.internal.reflect.DelegatingMethodAccessorImpl.invoke(DelegatingMethodAccessorImpl.java:43)
[2024-08-26T05:12:58.297+0000] {spark_submit.py:579} INFO - at java.base/java.lang.reflect.Method.invoke(Method.java:569)
[2024-08-26T05:12:58.298+0000] {spark_submit.py:579} INFO - at py4j.reflection.MethodInvoker.invoke(MethodInvoker.java:244)
[2024-08-26T05:12:58.298+0000] {spark_submit.py:579} INFO - at py4j.reflection.ReflectionEngine.invoke(ReflectionEngine.java:374)
[2024-08-26T05:12:58.299+0000] {spark_submit.py:579} INFO - at py4j.Gateway.invoke(Gateway.java:282)
[2024-08-26T05:12:58.299+0000] {spark_submit.py:579} INFO - at py4j.commands.AbstractCommand.invokeMethod(AbstractCommand.java:132)
[2024-08-26T05:12:58.299+0000] {spark_submit.py:579} INFO - at py4j.commands.CallCommand.execute(CallCommand.java:79)
[2024-08-26T05:12:58.300+0000] {spark_submit.py:579} INFO - at py4j.ClientServerConnection.waitForCommands(ClientServerConnection.java:182)
[2024-08-26T05:12:58.300+0000] {spark_submit.py:579} INFO - at py4j.ClientServerConnection.run(ClientServerConnection.java:106)
[2024-08-26T05:12:58.300+0000] {spark_submit.py:579} INFO - at java.base/java.lang.Thread.run(Thread.java:840)
[2024-08-26T05:12:58.301+0000] {spark_submit.py:579} INFO - 
[2024-08-26T05:12:58.301+0000] {spark_submit.py:579} INFO - 24/08/26 05:12:58 INFO SparkContext: SparkContext is stopping with exitCode 0.
[2024-08-26T05:12:58.301+0000] {spark_submit.py:579} INFO - 24/08/26 05:12:58 INFO SparkContext: SparkContext already stopped.
[2024-08-26T05:12:58.826+0000] {spark_submit.py:579} INFO - 24/08/26 05:12:58 INFO ShutdownHookManager: Shutdown hook called
[2024-08-26T05:12:58.827+0000] {spark_submit.py:579} INFO - 24/08/26 05:12:58 INFO ShutdownHookManager: Deleting directory /tmp/spark-bf06552f-4810-4b68-bc4d-ade3f69827af/pyspark-f24f94f8-0d4f-43f1-afef-a9613fd40916
[2024-08-26T05:12:58.837+0000] {spark_submit.py:579} INFO - 24/08/26 05:12:58 INFO ShutdownHookManager: Deleting directory /tmp/spark-347fc902-56d2-41d2-a4c4-2226c99823cc
[2024-08-26T05:12:58.847+0000] {spark_submit.py:579} INFO - 24/08/26 05:12:58 INFO ShutdownHookManager: Deleting directory /tmp/spark-bf06552f-4810-4b68-bc4d-ade3f69827af
[2024-08-26T05:12:58.951+0000] {taskinstance.py:340} INFO - ::group::Post task execution logs
[2024-08-26T05:12:58.952+0000] {taskinstance.py:352} INFO - Marking task as SUCCESS. dag_id=extract_and_transform_dag, task_id=run_spark_job, run_id=manual__2024-08-26T05:06:44.584002+00:00, execution_date=20240826T050644, start_date=20240826T051153, end_date=20240826T051258
[2024-08-26T05:12:58.993+0000] {local_task_job_runner.py:261} INFO - Task exited with return code 0
[2024-08-26T05:12:59.024+0000] {taskinstance.py:3891} INFO - 0 downstream tasks scheduled from follow-on schedule check
[2024-08-26T05:12:59.028+0000] {local_task_job_runner.py:240} INFO - ::endgroup::
