[2024-08-25T08:32:41.766+0000] {local_task_job_runner.py:123} INFO - ::group::Pre task execution logs
[2024-08-25T08:32:41.801+0000] {taskinstance.py:2603} INFO - Dependencies all met for dep_context=non-requeueable deps ti=<TaskInstance: extract_data_dag.run_python_script manual__2024-08-25T08:32:40.617227+00:00 [queued]>
[2024-08-25T08:32:41.814+0000] {taskinstance.py:2603} INFO - Dependencies all met for dep_context=requeueable deps ti=<TaskInstance: extract_data_dag.run_python_script manual__2024-08-25T08:32:40.617227+00:00 [queued]>
[2024-08-25T08:32:41.815+0000] {taskinstance.py:2856} INFO - Starting attempt 1 of 2
[2024-08-25T08:32:41.835+0000] {taskinstance.py:2879} INFO - Executing <Task(BashOperator): run_python_script> on 2024-08-25 08:32:40.617227+00:00
[2024-08-25T08:32:41.846+0000] {logging_mixin.py:190} WARNING - /home/***/.local/lib/python3.12/site-packages/***/task/task_runner/standard_task_runner.py:70 DeprecationWarning: This process (pid=1191) is multi-threaded, use of fork() may lead to deadlocks in the child.
[2024-08-25T08:32:41.848+0000] {standard_task_runner.py:72} INFO - Started process 1192 to run task
[2024-08-25T08:32:41.850+0000] {standard_task_runner.py:104} INFO - Running: ['***', 'tasks', 'run', 'extract_data_dag', 'run_python_script', 'manual__2024-08-25T08:32:40.617227+00:00', '--job-id', '69', '--raw', '--subdir', 'DAGS_FOLDER/test.py', '--cfg-path', '/tmp/tmpmc_pdv3a']
[2024-08-25T08:32:41.855+0000] {standard_task_runner.py:105} INFO - Job 69: Subtask run_python_script
[2024-08-25T08:32:41.948+0000] {task_command.py:467} INFO - Running <TaskInstance: extract_data_dag.run_python_script manual__2024-08-25T08:32:40.617227+00:00 [running]> on host dcedb42d949a
[2024-08-25T08:32:42.074+0000] {taskinstance.py:3122} INFO - Exporting env vars: AIRFLOW_CTX_DAG_OWNER='***' AIRFLOW_CTX_DAG_ID='extract_data_dag' AIRFLOW_CTX_TASK_ID='run_python_script' AIRFLOW_CTX_EXECUTION_DATE='2024-08-25T08:32:40.617227+00:00' AIRFLOW_CTX_TRY_NUMBER='1' AIRFLOW_CTX_DAG_RUN_ID='manual__2024-08-25T08:32:40.617227+00:00'
[2024-08-25T08:32:42.075+0000] {taskinstance.py:731} INFO - ::endgroup::
[2024-08-25T08:32:42.098+0000] {subprocess.py:63} INFO - Tmp dir root location: /tmp
[2024-08-25T08:32:42.099+0000] {subprocess.py:75} INFO - Running command: ['/usr/bin/bash', '-c', 'python3 /spark/app/extract.py']
[2024-08-25T08:32:42.114+0000] {subprocess.py:86} INFO - Output:
[2024-08-25T08:32:44.512+0000] {subprocess.py:93} INFO - Dữ liệu đã được lưu vào /opt/***/data/customers.csv
[2024-08-25T08:32:44.514+0000] {subprocess.py:93} INFO - Dữ liệu đã được lưu vào /opt/***/data/accounts.csv
[2024-08-25T08:32:44.515+0000] {subprocess.py:93} INFO - Dữ liệu đã được lưu vào /opt/***/data/transactions.csv
[2024-08-25T08:32:44.516+0000] {subprocess.py:93} INFO - Dữ liệu đã được lưu vào /opt/***/data/branches.csv
[2024-08-25T08:32:44.517+0000] {subprocess.py:93} INFO - Dữ liệu đã được lưu vào /opt/***/data/loans.csv
[2024-08-25T08:32:44.518+0000] {subprocess.py:93} INFO - Dữ liệu đã được lưu vào /opt/***/data/credit_cards.csv
[2024-08-25T08:32:44.519+0000] {subprocess.py:93} INFO - Dữ liệu đã được lưu vào /opt/***/data/transaction_history.csv
[2024-08-25T08:32:44.519+0000] {subprocess.py:93} INFO - Dữ liệu đã được lưu vào /opt/***/data/payment.csv
[2024-08-25T08:32:44.520+0000] {subprocess.py:93} INFO - Dữ liệu đã được lưu vào /opt/***/data/investments.csv
[2024-08-25T08:32:44.745+0000] {subprocess.py:97} INFO - Command exited with return code 0
[2024-08-25T08:32:44.793+0000] {taskinstance.py:340} INFO - ::group::Post task execution logs
[2024-08-25T08:32:44.794+0000] {taskinstance.py:352} INFO - Marking task as SUCCESS. dag_id=extract_data_dag, task_id=run_python_script, run_id=manual__2024-08-25T08:32:40.617227+00:00, execution_date=20240825T083240, start_date=20240825T083241, end_date=20240825T083244
[2024-08-25T08:32:44.861+0000] {local_task_job_runner.py:261} INFO - Task exited with return code 0
[2024-08-25T08:32:44.890+0000] {taskinstance.py:3891} INFO - 0 downstream tasks scheduled from follow-on schedule check
[2024-08-25T08:32:44.893+0000] {local_task_job_runner.py:240} INFO - ::endgroup::
