[2024-08-25T08:15:54.678+0000] {local_task_job_runner.py:123} INFO - ::group::Pre task execution logs
[2024-08-25T08:15:54.706+0000] {taskinstance.py:2603} INFO - Dependencies all met for dep_context=non-requeueable deps ti=<TaskInstance: extract_data_dag.run_python_script manual__2024-08-25T07:00:04.469999+00:00 [queued]>
[2024-08-25T08:15:54.729+0000] {taskinstance.py:2603} INFO - Dependencies all met for dep_context=requeueable deps ti=<TaskInstance: extract_data_dag.run_python_script manual__2024-08-25T07:00:04.469999+00:00 [queued]>
[2024-08-25T08:15:54.730+0000] {taskinstance.py:2856} INFO - Starting attempt 2 of 3
[2024-08-25T08:15:54.748+0000] {taskinstance.py:2879} INFO - Executing <Task(BashOperator): run_python_script> on 2024-08-25 07:00:04.469999+00:00
[2024-08-25T08:15:54.755+0000] {logging_mixin.py:190} WARNING - /home/***/.local/lib/python3.12/site-packages/***/task/task_runner/standard_task_runner.py:70 DeprecationWarning: This process (pid=1016) is multi-threaded, use of fork() may lead to deadlocks in the child.
[2024-08-25T08:15:54.756+0000] {standard_task_runner.py:72} INFO - Started process 1017 to run task
[2024-08-25T08:15:54.755+0000] {standard_task_runner.py:104} INFO - Running: ['***', 'tasks', 'run', 'extract_data_dag', 'run_python_script', 'manual__2024-08-25T07:00:04.469999+00:00', '--job-id', '68', '--raw', '--subdir', 'DAGS_FOLDER/test.py', '--cfg-path', '/tmp/tmpatt6fh10']
[2024-08-25T08:15:54.757+0000] {standard_task_runner.py:105} INFO - Job 68: Subtask run_python_script
[2024-08-25T08:15:54.849+0000] {task_command.py:467} INFO - Running <TaskInstance: extract_data_dag.run_python_script manual__2024-08-25T07:00:04.469999+00:00 [running]> on host dcedb42d949a
[2024-08-25T08:15:55.027+0000] {taskinstance.py:3122} INFO - Exporting env vars: AIRFLOW_CTX_DAG_OWNER='***' AIRFLOW_CTX_DAG_ID='extract_data_dag' AIRFLOW_CTX_TASK_ID='run_python_script' AIRFLOW_CTX_EXECUTION_DATE='2024-08-25T07:00:04.469999+00:00' AIRFLOW_CTX_TRY_NUMBER='2' AIRFLOW_CTX_DAG_RUN_ID='manual__2024-08-25T07:00:04.469999+00:00'
[2024-08-25T08:15:55.028+0000] {taskinstance.py:731} INFO - ::endgroup::
[2024-08-25T08:15:55.042+0000] {subprocess.py:63} INFO - Tmp dir root location: /tmp
[2024-08-25T08:15:55.043+0000] {subprocess.py:75} INFO - Running command: ['/usr/bin/bash', '-c', 'python3 /spark/app/extract.py']
[2024-08-25T08:15:55.061+0000] {subprocess.py:86} INFO - Output:
[2024-08-25T08:15:56.911+0000] {subprocess.py:93} INFO - Dữ liệu đã được lưu vào /opt/***/data/customers.csv
[2024-08-25T08:15:56.912+0000] {subprocess.py:93} INFO - Dữ liệu đã được lưu vào /opt/***/data/accounts.csv
[2024-08-25T08:15:56.912+0000] {subprocess.py:93} INFO - Dữ liệu đã được lưu vào /opt/***/data/transactions.csv
[2024-08-25T08:15:56.913+0000] {subprocess.py:93} INFO - Dữ liệu đã được lưu vào /opt/***/data/branches.csv
[2024-08-25T08:15:56.914+0000] {subprocess.py:93} INFO - Dữ liệu đã được lưu vào /opt/***/data/loans.csv
[2024-08-25T08:15:56.915+0000] {subprocess.py:93} INFO - Dữ liệu đã được lưu vào /opt/***/data/credit_cards.csv
[2024-08-25T08:15:56.916+0000] {subprocess.py:93} INFO - Dữ liệu đã được lưu vào /opt/***/data/transaction_history.csv
[2024-08-25T08:15:56.916+0000] {subprocess.py:93} INFO - Dữ liệu đã được lưu vào /opt/***/data/payment.csv
[2024-08-25T08:15:56.917+0000] {subprocess.py:93} INFO - Dữ liệu đã được lưu vào /opt/***/data/investments.csv
[2024-08-25T08:15:57.134+0000] {subprocess.py:97} INFO - Command exited with return code 0
[2024-08-25T08:15:57.167+0000] {taskinstance.py:340} INFO - ::group::Post task execution logs
[2024-08-25T08:15:57.168+0000] {taskinstance.py:352} INFO - Marking task as SUCCESS. dag_id=extract_data_dag, task_id=run_python_script, run_id=manual__2024-08-25T07:00:04.469999+00:00, execution_date=20240825T070004, start_date=20240825T081554, end_date=20240825T081557
[2024-08-25T08:15:57.233+0000] {local_task_job_runner.py:261} INFO - Task exited with return code 0
[2024-08-25T08:15:57.269+0000] {taskinstance.py:3891} INFO - 0 downstream tasks scheduled from follow-on schedule check
[2024-08-25T08:15:57.273+0000] {local_task_job_runner.py:240} INFO - ::endgroup::
